  alt    sigma     delta    theta   temp    press      dens    a    visc  k.visc
  Km                                  K    N/sq.m   kg/cu.m   m/s  kg/m-s sq.m/s
   0 1.0000E+00 1.0000E+00 1.0000  288.1 1.013E+05 1.225E+00 340.3 17.89 1.46E-05
   5 6.0117E-01 5.3342E-01 0.8873  255.7 5.405E+04 7.364E-01 320.5 16.28 2.21E-05
  10 3.3756E-01 2.6153E-01 0.7748  223.3 2.650E+04 4.135E-01 299.5 14.58 3.53E-05
  15 1.5898E-01 1.1953E-01 0.7519  216.6 1.211E+04 1.948E-01 295.1 14.22 7.30E-05
  20 7.2580E-02 5.4570E-02 0.7519  216.6 5.529E+03 8.891E-02 295.1 14.22 1.60E-04
  25 3.2722E-02 2.5159E-02 0.7689  221.6 2.549E+03 4.008E-02 298.4 14.48 3.61E-04
  30 1.5029E-02 1.1814E-02 0.7861  226.5 1.197E+03 1.841E-02 301.7 14.75 8.01E-04
  35 6.9089E-03 5.6708E-03 0.8208  236.5 5.746E+02 8.463E-03 308.3 15.29 1.81E-03
  40 3.2618E-03 2.8339E-03 0.8688  250.3 2.871E+02 3.996E-03 317.2 16.01 4.01E-03
  45 1.6051E-03 1.4715E-03 0.9168  264.2 1.491E+02 1.966E-03 325.8 16.71 8.50E-03
  50 8.3827E-04 7.8736E-04 0.9393  270.6 7.978E+01 1.027E-03 329.8 17.04 1.66E-02
  55 4.6375E-04 4.1969E-04 0.9050  260.8 4.253E+01 5.681E-04 323.7 16.54 2.91E-02
  60 2.5280E-04 2.1672E-04 0.8573  247.0 2.196E+01 3.097E-04 315.1 15.84 5.11E-02
  65 1.3323E-04 1.0787E-04 0.8096  233.3 1.093E+01 1.632E-04 306.2 15.12 9.26E-02
  70 6.7615E-05 5.1526E-05 0.7621  219.6 5.221E+00 8.283E-05 297.1 14.38 1.74E-01
  75 3.2589E-05 2.3569E-05 0.7232  208.4 2.388E+00 3.992E-05 289.4 13.76 3.45E-01
  80 1.5068E-05 1.0387E-05 0.6894  198.6 1.052E+00 1.846E-05 282.5 13.21 7.16E-01
  85 6.7098E-06 4.3985E-06 0.6555  188.9 4.457E-01 8.220E-06 275.5 12.65 1.54E+00
  90 2.8082E-06 1.8194E-06 0.6485  186.9 1.844E-01 3.440E-06 274.0 12.53 3.64E+00
  95 1.1325E-06 7.4784E-07 0.6539  188.4 7.577E-02 1.387E-06 275.2 12.62 9.10E+00
 100 4.5750E-07 3.1593E-07 0.6770  195.1 3.201E-02 5.604E-07 280.0 13.00 2.32E+01
 105 1.9041E-07 1.4235E-07 0.7247  208.8 1.442E-02 2.332E-07 289.7 13.78 5.91E+01
 110 7.8967E-08 7.0559E-08 0.8329  240.0 7.149E-03 9.673E-08 310.6 15.47 1.60E+02
 115 3.4934E-08 3.9513E-08 1.0411  300.0 4.004E-03 4.279E-08 347.2 18.46 4.31E+02
 120 1.8121E-08 2.5034E-08 1.2493  360.0 2.537E-03 2.220E-08 380.4 21.17 9.54E+02
 125 1.0545E-08 1.7133E-08 1.4480  417.2 1.736E-03 1.292E-08 409.5 23.55 1.82E+03
 130 6.6525E-09 1.2340E-08 1.6286  469.3 1.250E-03 8.149E-09 434.3 25.57 3.14E+03
 135 4.4610E-09 9.2345E-09 1.7928  516.6 9.357E-04 5.465E-09 455.6 27.30 5.00E+03
 140 3.1276E-09 7.1087E-09 1.9421  559.6 7.203E-04 3.831E-09 474.2 28.81 7.52E+03
 145 2.2698E-09 5.5948E-09 2.0780  598.8 5.669E-04 2.780E-09 490.5 30.12 1.08E+04
 150 1.6940E-09 4.4828E-09 2.2016  634.4 4.542E-04 2.075E-09 504.9 31.28 1.51E+04
 155 1.2937E-09 3.6446E-09 2.3141  666.8 3.693E-04 1.585E-09 517.7 32.30 2.04E+04
 160 1.0070E-09 2.9997E-09 2.4164  696.3 3.039E-04 1.234E-09 529.0 33.21 2.69E+04
 165 7.9613E-10 2.4946E-09 2.5096  723.1 2.528E-04 9.753E-10 539.1 34.01 3.49E+04
 170 6.3800E-10 2.0933E-09 2.5944  747.6 2.121E-04 7.815E-10 548.1 34.73 4.44E+04
 175 5.1740E-10 1.7702E-09 2.6716  769.8 1.794E-04 6.338E-10 556.2 35.38 5.58E+04
 180 4.2400E-10 1.5072E-09 2.7419  790.1 1.527E-04 5.194E-10 563.5 35.96 6.92E+04
 185 3.5063E-10 1.2910E-09 2.8059  808.5 1.308E-04 4.295E-10 570.0 36.48 8.49E+04
 190 2.9230E-10 1.1118E-09 2.8642  825.3 1.127E-04 3.581E-10 575.9 36.94 1.03E+05
 195 2.4542E-10 9.6214E-10 2.9173  840.6 9.749E-05 3.006E-10 581.2 37.37 1.24E+05
 200 2.0740E-10 8.3628E-10 2.9657  854.6 8.474E-05 2.541E-10 586.0 37.75 1.49E+05
 205 1.7630E-10 7.2976E-10 3.0098  867.3 7.394E-05 2.160E-10 590.4 38.09 1.76E+05
 210 1.5066E-10 6.3911E-10 3.0499  878.8 6.476E-05 1.846E-10 594.3 38.40 2.08E+05
 215 1.2938E-10 5.6158E-10 3.0866  889.4 5.690E-05 1.585E-10 597.9 38.68 2.44E+05
 220 1.1160E-10 4.9494E-10 3.1200  899.0 5.015E-05 1.367E-10 601.1 38.93 2.85E+05
 225 9.6643E-11 4.3741E-10 3.1504  907.8 4.432E-05 1.184E-10 604.0 39.17 3.31E+05
 230 8.4002E-11 3.8756E-10 3.1781  915.8 3.927E-05 1.029E-10 606.7 39.38 3.83E+05
 235 7.3271E-11 3.4423E-10 3.2035  923.1 3.488E-05 8.976E-11 609.1 39.57 4.41E+05
 240 6.4122E-11 3.0644E-10 3.2265  929.7 3.105E-05 7.855E-11 611.3 39.74 5.06E+05
 245 5.6289E-11 2.7339E-10 3.2476  935.8 2.770E-05 6.895E-11 613.2 39.89 5.79E+05
 250 4.9555E-11 2.4439E-10 3.2668  941.3 2.476E-05 6.071E-11 615.1 40.04 6.60E+05
 255 4.3744E-11 2.1886E-10 3.2843  946.4 2.218E-05 5.359E-11 616.7 40.17 7.50E+05
 260 3.8710E-11 1.9634E-10 3.3003  951.0 1.989E-05 4.742E-11 618.2 40.29 8.50E+05
 265 3.4333E-11 1.7641E-10 3.3149  955.2 1.787E-05 4.206E-11 619.6 40.39 9.60E+05
 270 3.0516E-11 1.5874E-10 3.3283  959.0 1.608E-05 3.738E-11 620.8 40.49 1.08E+06
 275 2.7179E-11 1.4304E-10 3.3404  962.5 1.449E-05 3.329E-11 622.0 40.58 1.22E+06
 280 2.4253E-11 1.2906E-10 3.3515  965.7 1.308E-05 2.971E-11 623.0 40.66 1.37E+06
 285 2.1681E-11 1.1660E-10 3.3617  968.7 1.181E-05 2.656E-11 623.9 40.74 1.53E+06
 290 1.9415E-11 1.0546E-10 3.3710  971.3 1.069E-05 2.378E-11 624.8 40.80 1.72E+06
 295 1.7413E-11 9.5495E-11 3.3794  973.8 9.676E-06 2.133E-11 625.6 40.86 1.92E+06
 300 1.5640E-11 8.6557E-11 3.3872  976.0 8.770E-06 1.916E-11 626.3 40.92 2.14E+06
 305 1.4067E-11 7.8530E-11 3.3942  978.0 7.957E-06 1.723E-11 626.9 40.97 2.38E+06
 310 1.2668E-11 7.1314E-11 3.4007  979.9 7.226E-06 1.552E-11 627.5 41.02 2.64E+06
 315 1.1423E-11 6.4819E-11 3.4066  981.6 6.568E-06 1.399E-11 628.1 41.06 2.93E+06
 320 1.0313E-11 5.8967E-11 3.4120  983.2 5.975E-06 1.263E-11 628.6 41.10 3.25E+06
 325 9.3218E-12 5.3689E-11 3.4169  984.6 5.440E-06 1.142E-11 629.0 41.14 3.60E+06
 330 8.4353E-12 4.8923E-11 3.4214  985.9 4.957E-06 1.033E-11 629.4 41.17 3.98E+06
 335 7.6414E-12 4.4617E-11 3.4255  987.1 4.521E-06 9.361E-12 629.8 41.20 4.40E+06
 340 6.9295E-12 4.0721E-11 3.4293  988.2 4.126E-06 8.489E-12 630.2 41.23 4.86E+06
 345 6.2901E-12 3.7193E-11 3.4328  989.1 3.769E-06 7.705E-12 630.5 41.25 5.35E+06
 350 5.7152E-12 3.3996E-11 3.4359  990.1 3.445E-06 7.001E-12 630.8 41.27 5.90E+06
 355 5.1976E-12 3.1095E-11 3.4388  990.9 3.151E-06 6.367E-12 631.0 41.29 6.49E+06
 360 4.7310E-12 2.8462E-11 3.4414  991.7 2.884E-06 5.795E-12 631.3 41.31 7.13E+06
 365 4.3098E-12 2.6068E-11 3.4439  992.3 2.641E-06 5.279E-12 631.5 41.33 7.83E+06
 370 3.9292E-12 2.3891E-11 3.4461  993.0 2.421E-06 4.813E-12 631.7 41.35 8.59E+06
 375 3.5848E-12 2.1909E-11 3.4481  993.6 2.220E-06 4.391E-12 631.9 41.36 9.42E+06
 380 3.2729E-12 2.0104E-11 3.4499  994.1 2.037E-06 4.009E-12 632.1 41.37 1.03E+07
 385 2.9901E-12 1.8457E-11 3.4516  994.6 1.870E-06 3.663E-12 632.2 41.39 1.13E+07
 390 2.7334E-12 1.6954E-11 3.4532  995.0 1.718E-06 3.348E-12 632.4 41.40 1.24E+07
 395 2.5002E-12 1.5582E-11 3.4546  995.4 1.579E-06 3.063E-12 632.5 41.41 1.35E+07
 400 2.2880E-12 1.4328E-11 3.4559  995.8 1.452E-06 2.803E-12 632.6 41.42 1.48E+07
 405 2.0949E-12 1.3181E-11 3.4571  996.2 1.336E-06 2.566E-12 632.7 41.43 1.61E+07
 410 1.9189E-12 1.2132E-11 3.4582  996.5 1.229E-06 2.351E-12 632.8 41.43 1.76E+07
 415 1.7586E-12 1.1171E-11 3.4592  996.8 1.132E-06 2.154E-12 632.9 41.44 1.92E+07
 420 1.6124E-12 1.0292E-11 3.4601  997.0 1.043E-06 1.975E-12 633.0 41.45 2.10E+07
 425 1.4790E-12 9.4862E-12 3.4610  997.3 9.612E-07 1.812E-12 633.1 41.45 2.29E+07
 430 1.3573E-12 8.7483E-12 3.4618  997.5 8.864E-07 1.663E-12 633.1 41.46 2.49E+07
 435 1.2461E-12 8.0719E-12 3.4625  997.7 8.179E-07 1.526E-12 633.2 41.46 2.72E+07
 440 1.1445E-12 7.4518E-12 3.4631  997.9 7.550E-07 1.402E-12 633.3 41.47 2.96E+07
 445 1.0517E-12 6.8829E-12 3.4637  998.1 6.974E-07 1.288E-12 633.3 41.47 3.22E+07
 450 9.6676E-13 6.3609E-12 3.4643  998.2 6.445E-07 1.184E-12 633.4 41.48 3.50E+07
 455 8.8907E-13 5.8818E-12 3.4648  998.4 5.960E-07 1.089E-12 633.4 41.48 3.81E+07
 460 8.1796E-13 5.4418E-12 3.4652  998.5 5.514E-07 1.002E-12 633.5 41.48 4.14E+07
 465 7.5283E-13 5.0376E-12 3.4656  998.6 5.104E-07 9.222E-13 633.5 41.49 4.50E+07
 470 6.9317E-13 4.6661E-12 3.4660  998.7 4.728E-07 8.491E-13 633.5 41.49 4.89E+07
 475 6.3848E-13 4.3245E-12 3.4664  998.8 4.382E-07 7.821E-13 633.6 41.49 5.31E+07
 480 5.8833E-13 4.0103E-12 3.4667  998.9 4.063E-07 7.207E-13 633.6 41.50 5.76E+07
 485 5.4232E-13 3.7212E-12 3.4670  999.0 3.770E-07 6.643E-13 633.6 41.50 6.25E+07
 490 5.0009E-13 3.4550E-12 3.4673  999.1 3.501E-07 6.126E-13 633.6 41.50 6.77E+07
 495 4.6132E-13 3.2099E-12 3.4675  999.2 3.252E-07 5.651E-13 633.7 41.50 7.34E+07
 500 4.2570E-13 2.9840E-12 3.4678  999.2 3.024E-07 5.215E-13 633.7 41.50 7.96E+07
 505 3.9297E-13 2.7758E-12 3.4680  999.3 2.813E-07 4.814E-13 633.7 41.50 8.62E+07
 510 3.6289E-13 2.5838E-12 3.4682  999.4 2.618E-07 4.445E-13 633.7 41.51 9.34E+07
 515 3.3523E-13 2.4067E-12 3.4683  999.4 2.439E-07 4.107E-13 633.7 41.51 1.01E+08
 520 3.0979E-13 2.2433E-12 3.4685  999.5 2.273E-07 3.795E-13 633.8 41.51 1.09E+08
 525 2.8639E-13 2.0924E-12 3.4687  999.5 2.120E-07 3.508E-13 633.8 41.51 1.18E+08
 530 2.6487E-13 1.9531E-12 3.4688  999.5 1.979E-07 3.245E-13 633.8 41.51 1.28E+08
 535 2.4505E-13 1.8245E-12 3.4689  999.6 1.849E-07 3.002E-13 633.8 41.51 1.38E+08
 540 2.2681E-13 1.7055E-12 3.4691  999.6 1.728E-07 2.778E-13 633.8 41.51 1.49E+08
 545 2.1002E-13 1.5956E-12 3.4692  999.6 1.617E-07 2.573E-13 633.8 41.51 1.61E+08
 550 1.9455E-13 1.4939E-12 3.4693  999.7 1.514E-07 2.383E-13 633.8 41.51 1.74E+08
 555 1.8030E-13 1.3999E-12 3.4694  999.7 1.418E-07 2.209E-13 633.8 41.51 1.88E+08
 560 1.6716E-13 1.3128E-12 3.4694  999.7 1.330E-07 2.048E-13 633.8 41.51 2.03E+08
 565 1.5505E-13 1.2322E-12 3.4695  999.7 1.249E-07 1.899E-13 633.9 41.52 2.19E+08
 570 1.4388E-13 1.1575E-12 3.4696  999.8 1.173E-07 1.763E-13 633.9 41.52 2.36E+08
 575 1.3358E-13 1.0883E-12 3.4696  999.8 1.103E-07 1.636E-13 633.9 41.52 2.54E+08
 580 1.2407E-13 1.0241E-12 3.4697  999.8 1.038E-07 1.520E-13 633.9 41.52 2.73E+08
 585 1.1529E-13 9.6461E-13 3.4698  999.8 9.774E-08 1.412E-13 633.9 41.52 2.94E+08
 590 1.0719E-13 9.0940E-13 3.4698  999.8 9.214E-08 1.313E-13 633.9 41.52 3.16E+08
 595 9.9706E-14 8.5815E-13 3.4699  999.8 8.695E-08 1.221E-13 633.9 41.52 3.40E+08
 600 9.2790E-14 8.1056E-13 3.4699  999.9 8.213E-08 1.137E-13 633.9 41.52 3.65E+08
 605 8.6398E-14 7.6635E-13 3.4699  999.9 7.765E-08 1.058E-13 633.9 41.52 3.92E+08
 610 8.0488E-14 7.2525E-13 3.4700  999.9 7.349E-08 9.860E-14 633.9 41.52 4.21E+08
 615 7.5022E-14 6.8702E-13 3.4700  999.9 6.961E-08 9.190E-14 633.9 41.52 4.52E+08
 620 6.9967E-14 6.5142E-13 3.4700  999.9 6.600E-08 8.571E-14 633.9 41.52 4.84E+08
 625 6.5290E-14 6.1824E-13 3.4701  999.9 6.264E-08 7.998E-14 633.9 41.52 5.19E+08
 630 6.0962E-14 5.8731E-13 3.4701  999.9 5.951E-08 7.468E-14 633.9 41.52 5.56E+08
 635 5.6955E-14 5.5845E-13 3.4701  999.9 5.659E-08 6.977E-14 633.9 41.52 5.95E+08
 640 5.3245E-14 5.3150E-13 3.4701  999.9 5.385E-08 6.522E-14 633.9 41.52 6.37E+08
 645 4.9808E-14 5.0632E-13 3.4702  999.9 5.130E-08 6.101E-14 633.9 41.52 6.80E+08
 650 4.6624E-14 4.8277E-13 3.4702  999.9 4.892E-08 5.711E-14 633.9 41.52 7.27E+08
 655 4.3672E-14 4.6074E-13 3.4702  999.9 4.668E-08 5.350E-14 633.9 41.52 7.76E+08
 660 4.0936E-14 4.4011E-13 3.4702  999.9 4.459E-08 5.015E-14 633.9 41.52 8.28E+08
 665 3.8398E-14 4.2078E-13 3.4702  999.9 4.264E-08 4.704E-14 633.9 41.52 8.83E+08
 670 3.6044E-14 4.0265E-13 3.4702 1000.0 4.080E-08 4.415E-14 633.9 41.52 9.40E+08
 675 3.3859E-14 3.8565E-13 3.4703 1000.0 3.908E-08 4.148E-14 633.9 41.52 1.00E+09
 680 3.1831E-14 3.6969E-13 3.4703 1000.0 3.746E-08 3.899E-14 633.9 41.52 1.06E+09
 685 2.9948E-14 3.5470E-13 3.4703 1000.0 3.594E-08 3.669E-14 633.9 41.52 1.13E+09
 690 2.8198E-14 3.4062E-13 3.4703 1000.0 3.451E-08 3.454E-14 633.9 41.52 1.20E+09
 695 2.6572E-14 3.2737E-13 3.4703 1000.0 3.317E-08 3.255E-14 633.9 41.52 1.28E+09
 700 2.5060E-14 3.1491E-13 3.4703 1000.0 3.191E-08 3.070E-14 633.9 41.52 1.35E+09
 705 2.3654E-14 3.0318E-13 3.4703 1000.0 3.072E-08 2.898E-14 633.9 41.52 1.43E+09
 710 2.2346E-14 2.9213E-13 3.4703 1000.0 2.960E-08 2.737E-14 633.9 41.52 1.52E+09
 715 2.1128E-14 2.8170E-13 3.4703 1000.0 2.854E-08 2.588E-14 633.9 41.52 1.60E+09
 720 1.9993E-14 2.7186E-13 3.4703 1000.0 2.755E-08 2.449E-14 633.9 41.52 1.70E+09
 725 1.8935E-14 2.6257E-13 3.4703 1000.0 2.660E-08 2.320E-14 633.9 41.52 1.79E+09
 730 1.7948E-14 2.5378E-13 3.4704 1000.0 2.571E-08 2.199E-14 633.9 41.52 1.89E+09
 735 1.7027E-14 2.4545E-13 3.4704 1000.0 2.487E-08 2.086E-14 633.9 41.52 1.99E+09
 740 1.6167E-14 2.3757E-13 3.4704 1000.0 2.407E-08 1.980E-14 633.9 41.52 2.10E+09
 745 1.5363E-14 2.3009E-13 3.4704 1000.0 2.331E-08 1.882E-14 633.9 41.52 2.21E+09
 750 1.4612E-14 2.2300E-13 3.4704 1000.0 2.260E-08 1.790E-14 633.9 41.52 2.32E+09
 755 1.3909E-14 2.1626E-13 3.4704 1000.0 2.191E-08 1.704E-14 633.9 41.52 2.44E+09
 760 1.3251E-14 2.0984E-13 3.4704 1000.0 2.126E-08 1.623E-14 633.9 41.52 2.56E+09
 765 1.2635E-14 2.0374E-13 3.4704 1000.0 2.064E-08 1.548E-14 633.9 41.52 2.68E+09
 770 1.2058E-14 1.9793E-13 3.4704 1000.0 2.006E-08 1.477E-14 633.9 41.52 2.81E+09
 775 1.1517E-14 1.9238E-13 3.4704 1000.0 1.949E-08 1.411E-14 633.9 41.52 2.94E+09
 780 1.1009E-14 1.8709E-13 3.4704 1000.0 1.896E-08 1.349E-14 633.9 41.52 3.08E+09
 785 1.0533E-14 1.8203E-13 3.4704 1000.0 1.844E-08 1.290E-14 633.9 41.52 3.22E+09
 790 1.0086E-14 1.7720E-13 3.4704 1000.0 1.795E-08 1.236E-14 633.9 41.52 3.36E+09
 795 9.6665E-15 1.7257E-13 3.4704 1000.0 1.749E-08 1.184E-14 633.9 41.52 3.51E+09
 800 9.2720E-15 1.6813E-13 3.4704 1000.0 1.704E-08 1.136E-14 633.9 41.52 3.66E+09
 805 8.9011E-15 1.6387E-13 3.4704 1000.0 1.660E-08 1.090E-14 633.9 41.52 3.81E+09
 810 8.5523E-15 1.5979E-13 3.4704 1000.0 1.619E-08 1.048E-14 633.9 41.52 3.96E+09
 815 8.2237E-15 1.5586E-13 3.4704 1000.0 1.579E-08 1.007E-14 633.9 41.52 4.12E+09
 820 7.9140E-15 1.5209E-13 3.4704 1000.0 1.541E-08 9.695E-15 633.9 41.52 4.28E+09
 825 7.6220E-15 1.4847E-13 3.4704 1000.0 1.504E-08 9.337E-15 633.9 41.52 4.45E+09
 830 7.3463E-15 1.4498E-13 3.4704 1000.0 1.469E-08 8.999E-15 633.9 41.52 4.61E+09
 835 7.0858E-15 1.4163E-13 3.4704 1000.0 1.435E-08 8.680E-15 633.9 41.52 4.78E+09
 840 6.8394E-15 1.3839E-13 3.4704 1000.0 1.402E-08 8.378E-15 633.9 41.52 4.96E+09
 845 6.6063E-15 1.3528E-13 3.4704 1000.0 1.371E-08 8.093E-15 633.9 41.52 5.13E+09
 850 6.3855E-15 1.3228E-13 3.4704 1000.0 1.340E-08 7.822E-15 633.9 41.52 5.31E+09
 855 6.1762E-15 1.2938E-13 3.4704 1000.0 1.311E-08 7.566E-15 633.9 41.52 5.49E+09
 860 5.9777E-15 1.2659E-13 3.4704 1000.0 1.283E-08 7.323E-15 633.9 41.52 5.67E+09
 865 5.7891E-15 1.2389E-13 3.4704 1000.0 1.255E-08 7.092E-15 633.9 41.52 5.85E+09
 870 5.6100E-15 1.2128E-13 3.4704 1000.0 1.229E-08 6.872E-15 633.9 41.52 6.04E+09
 875 5.4396E-15 1.1876E-13 3.4704 1000.0 1.203E-08 6.664E-15 633.9 41.52 6.23E+09
 880 5.2775E-15 1.1632E-13 3.4704 1000.0 1.179E-08 6.465E-15 633.9 41.52 6.42E+09
 885 5.1230E-15 1.1396E-13 3.4704 1000.0 1.155E-08 6.276E-15 633.9 41.52 6.62E+09
 890 4.9757E-15 1.1167E-13 3.4704 1000.0 1.132E-08 6.095E-15 633.9 41.52 6.81E+09
 895 4.8352E-15 1.0946E-13 3.4704 1000.0 1.109E-08 5.923E-15 633.9 41.52 7.01E+09
 900 4.7010E-15 1.0731E-13 3.4704 1000.0 1.087E-08 5.759E-15 633.9 41.52 7.21E+09
 905 4.5728E-15 1.0523E-13 3.4704 1000.0 1.066E-08 5.602E-15 633.9 41.52 7.41E+09
 910 4.4501E-15 1.0320E-13 3.4704 1000.0 1.046E-08 5.451E-15 633.9 41.52 7.62E+09
 915 4.3327E-15 1.0123E-13 3.4704 1000.0 1.026E-08 5.308E-15 633.9 41.52 7.82E+09
 920 4.2202E-15 9.9321E-14 3.4704 1000.0 1.006E-08 5.170E-15 633.9 41.52 8.03E+09
 925 4.1125E-15 9.7460E-14 3.4704 1000.0 9.875E-09 5.038E-15 633.9 41.52 8.24E+09
 930 4.0091E-15 9.5648E-14 3.4704 1000.0 9.692E-09 4.911E-15 633.9 41.52 8.45E+09
 935 3.9098E-15 9.3882E-14 3.4704 1000.0 9.513E-09 4.790E-15 633.9 41.52 8.67E+09
 940 3.8145E-15 9.2159E-14 3.4704 1000.0 9.338E-09 4.673E-15 633.9 41.52 8.89E+09
 945 3.7229E-15 9.0478E-14 3.4704 1000.0 9.168E-09 4.561E-15 633.9 41.52 9.10E+09
 950 3.6347E-15 8.8836E-14 3.4704 1000.0 9.001E-09 4.453E-15 633.9 41.52 9.33E+09
 955 3.5499E-15 8.7231E-14 3.4704 1000.0 8.839E-09 4.349E-15 633.9 41.52 9.55E+09
 960 3.4681E-15 8.5661E-14 3.4704 1000.0 8.680E-09 4.248E-15 633.9 41.52 9.77E+09
 965 3.3893E-15 8.4124E-14 3.4704 1000.0 8.524E-09 4.152E-15 633.9 41.52 1.00E+10
 970 3.3132E-15 8.2618E-14 3.4704 1000.0 8.371E-09 4.059E-15 633.9 41.52 1.02E+10
 975 3.2398E-15 8.1143E-14 3.4704 1000.0 8.222E-09 3.969E-15 633.9 41.52 1.05E+10
 980 3.1688E-15 7.9695E-14 3.4704 1000.0 8.075E-09 3.882E-15 633.9 41.52 1.07E+10
 985 3.1002E-15 7.8274E-14 3.4704 1000.0 7.931E-09 3.798E-15 633.9 41.52 1.09E+10
 990 3.0337E-15 7.6877E-14 3.4704 1000.0 7.790E-09 3.716E-15 633.9 41.52 1.12E+10
 995 2.9694E-15 7.5505E-14 3.4704 1000.0 7.651E-09 3.638E-15 633.9 41.52 1.14E+10
1000 2.9070E-15 7.4200E-14 3.4704 1000.0 7.518E-09 3.561E-15 633.9 41.52 1.17E+10
