1
0TRANSCENDENTAL EQUATION RESULTS   AIRFOIL  991   ITERATION 0   MODE 6
    NU   ALPHA*  OMEGA'  OMEGA     K       MU     K H   LAMBDA LAMBDA*
  15.000    .00    .799   .063   -.999   -.400-7.752465  15.00   4.00
  30.000   2.56
  45.000  -2.56
  60.000    .00    .799   .063   -.999   -.400-7.752465  15.00   4.00
0ITERATION 1   K S =-6.925609   DELTA =   .08072445   ROUNDED =   .081
 ITERATION 2   K S =-4.379755   DELTA =   .13934820   ROUNDED =   .139
 ITERATION 3   K S =-1.502537   DELTA =   .07258837   ROUNDED =   .073
 ITERATION 4   K S = -.361967   DELTA =   .02316702   ROUNDED =   .023
 ITERATION 5   K S = -.036846   DELTA =   .00260661   ROUNDED =   .003
 ITERATION 6   K S =  .004517   DELTA =  -.00032764   ROUNDED =   .000
0TRANSCENDENTAL EQUATION RESULTS   AIRFOIL  991   ITERATION 6   MODE 6
    NU   ALPHA*  OMEGA'  OMEGA     K       MU     K H   LAMBDA LAMBDA*
  15.000    .00    .464   .707   -.580   -.400  .002259  15.00   4.00
  30.000   2.56
  45.000  -2.56
  60.000    .00    .464   .707   -.580   -.400  .002259  15.00   4.00
0THICKNESS 13.99%, CM0= .0000, ALFA0=  .000 DEG.
1AIRFOIL  991   13.99%      -8.00  -4.00    .00   2.00   4.00   6.00   7.00   8.00   9.00  10.00  11.00  12.00  13.00  14.00
   N       X          Y      V-DISTRIBUTIONS FOR THE ABOVE ANGLES OF ATTACK RELATIVE TO THE CHORD LINE     
   0  1.0000000   .0000000   .840   .846   .848   .847   .846   .843   .842   .840   .837   .835   .832   .829   .826   .823
   1   .9964800   .0001081   .836   .845   .851   .852   .852   .851   .850   .849   .847   .845   .843   .841   .839   .836
   2   .9860323   .0006387   .838   .850   .859   .861   .863   .863   .863   .863   .862   .861   .860   .859   .857   .855
   3   .9689778   .0019503   .843   .859   .871   .875   .879   .881   .881   .882   .882   .882   .881   .881   .880   .879
   4   .9458055   .0043038   .853   .873   .888   .894   .899   .903   .904   .906   .907   .907   .908   .908   .908   .907
   5   .9171206   .0078216   .866   .889   .908   .916   .923   .929   .931   .933   .935   .937   .938   .939   .940   .940
   6   .8836030   .0125166   .881   .909   .932   .942   .951   .959   .962   .965   .968   .971   .973   .975   .976   .978
   7   .8459583   .0182639   .898   .930   .958   .971   .982   .992   .996  1.000  1.004  1.008  1.011  1.014  1.017  1.019
   8   .8048921   .0248689   .916   .954   .987  1.001  1.015  1.027  1.033  1.038  1.043  1.048  1.052  1.056  1.060  1.064
   9   .7610798   .0320434   .934   .978  1.016  1.034  1.050  1.065  1.072  1.079  1.085  1.091  1.097  1.102  1.107  1.112
  10   .7151671   .0394883   .953  1.002  1.047  1.068  1.087  1.105  1.113  1.121  1.129  1.136  1.143  1.150  1.156  1.162
  11   .6677552   .0468492   .970  1.027  1.078  1.102  1.125  1.146  1.156  1.165  1.175  1.184  1.192  1.200  1.208  1.216
  12   .6194126   .0538064   .987  1.051  1.110  1.137  1.163  1.188  1.200  1.211  1.222  1.233  1.243  1.253  1.263  1.272
  13   .5706690   .0599870  1.001  1.073  1.141  1.172  1.202  1.231  1.245  1.258  1.271  1.284  1.296  1.308  1.319  1.330
  14   .5220281   .0650827  1.013  1.095  1.171  1.207  1.242  1.275  1.291  1.307  1.322  1.337  1.351  1.365  1.378  1.392
  15   .4739638   .0685329  1.022  1.114  1.201  1.242  1.282  1.320  1.338  1.356  1.374  1.391  1.408  1.424  1.440  1.456
  16   .4262819   .0698881   .999  1.100  1.195  1.241  1.285  1.327  1.348  1.368  1.388  1.408  1.427  1.445  1.463  1.481
  17   .3788635   .0695643   .973  1.084  1.189  1.239  1.288  1.336  1.359  1.382  1.404  1.426  1.447  1.468  1.489  1.509
  18   .3322538   .0679723   .944  1.065  1.182  1.238  1.292  1.345  1.371  1.397  1.422  1.446  1.471  1.494  1.517  1.540
  19   .2869733   .0652275   .911  1.045  1.174  1.236  1.297  1.356  1.385  1.414  1.442  1.470  1.497  1.524  1.550  1.576
  20   .2435154   .0614940   .872  1.021  1.164  1.234  1.302  1.369  1.402  1.434  1.466  1.497  1.528  1.558  1.588  1.618
  21   .2023610   .0568709   .827   .993  1.153  1.232  1.308  1.384  1.421  1.457  1.493  1.529  1.564  1.599  1.633  1.667
  22   .1639538   .0515004   .773   .959  1.140  1.229  1.316  1.401  1.444  1.485  1.527  1.567  1.608  1.648  1.687  1.726
  23   .1287211   .0454936   .705   .917  1.124  1.225  1.325  1.424  1.472  1.520  1.568  1.615  1.662  1.708  1.753  1.798
  24   .0970425   .0390000   .620   .863  1.103  1.221  1.337  1.452  1.508  1.564  1.620  1.675  1.730  1.784  1.838  1.891
  25   .0692803   .0321543   .506   .793  1.075  1.215  1.352  1.489  1.556  1.623  1.690  1.756  1.821  1.886  1.950  2.014
  26   .0457389   .0251278   .348   .694  1.037  1.206  1.374  1.541  1.623  1.705  1.787  1.868  1.948  2.028  2.107  2.185
  27   .0267168   .0180985   .109   .545   .978  1.193  1.407  1.619  1.724  1.829  1.933  2.036  2.139  2.241  2.343  2.444
  28   .0124550   .0112912   .294   .294   .880  1.172  1.462  1.751  1.894  2.037  2.179  2.321  2.462  2.602  2.741  2.880
  29   .0032616   .0050357  1.127   .226   .677  1.127  1.576  2.024  2.246  2.468  2.689  2.910  3.129  3.348  3.566  3.782
  30   .0000000   .0000000  3.905  1.957   .000   .979  1.957  2.933  3.420  3.905  4.390  4.873  5.354  5.834  6.312  6.788
  31   .0032616  -.0050357  2.468  1.576   .677   .226   .226   .677   .902  1.127  1.352  1.576  1.800  2.024  2.246  2.468
  32   .0124550  -.0112912  2.037  1.462   .880   .587   .294   .000   .147   .294   .441   .587   .734   .880  1.026  1.172
  33   .0267168  -.0180985  1.829  1.407   .978   .762   .545   .327   .218   .109   .000   .109   .218   .327   .436   .545
  34   .0457389  -.0251278  1.705  1.374  1.037   .866   .694   .521   .435   .348   .261   .174   .087   .000   .087   .174
  35   .0692803  -.0321543  1.623  1.352  1.075   .934   .793   .650   .578   .506   .434   .362   .290   .217   .145   .072
  36   .0970425  -.0390000  1.564  1.337  1.103   .984   .863   .742   .681   .620   .558   .497   .435   .373   .311   .249
  37   .1287211  -.0454936  1.520  1.325  1.124  1.021   .917   .812   .759   .705   .652   .598   .544   .491   .436   .382
  38   .1639538  -.0515004  1.485  1.316  1.140  1.050   .959   .866   .820   .773   .725   .678   .631   .583   .535   .487
  39   .2023610  -.0568709  1.457  1.308  1.153  1.074   .993   .910   .869   .827   .785   .743   .700   .658   .615   .571
  40   .2435154  -.0614940  1.434  1.302  1.164  1.093  1.021   .947   .910   .872   .835   .796   .758   .720   .681   .642
  41   .2869733  -.0652275  1.414  1.297  1.174  1.110  1.045   .978   .945   .911   .877   .842   .807   .772   .737   .702
  42   .3322538  -.0679723  1.397  1.292  1.182  1.124  1.065  1.005   .975   .944   .913   .881   .850   .818   .786   .753
  43   .3788635  -.0695643  1.382  1.288  1.189  1.137  1.084  1.029  1.001   .973   .945   .916   .887   .858   .828   .798
  44   .4262819  -.0698881  1.368  1.285  1.195  1.148  1.100  1.050  1.025   .999   .973   .947   .920   .893   .866   .839
  45   .4739638  -.0685329  1.356  1.282  1.201  1.158  1.114  1.069  1.046  1.022   .998   .974   .950   .925   .900   .875
  46   .5220281  -.0650827  1.307  1.242  1.171  1.134  1.095  1.055  1.034  1.013   .992   .970   .948   .926   .904   .881
  47   .5706690  -.0599870  1.258  1.202  1.141  1.108  1.073  1.038  1.020  1.001   .982   .963   .943   .924   .904   .883
  48   .6194126  -.0538064  1.211  1.163  1.110  1.081  1.051  1.019  1.003   .987   .970   .953   .935   .918   .900   .882
  49   .6677552  -.0468492  1.165  1.125  1.078  1.053  1.027   .999   .985   .970   .956   .940   .925   .909   .893   .877
  50   .7151671  -.0394883  1.121  1.087  1.047  1.025  1.002   .978   .966   .953   .940   .926   .913   .899   .884   .870
  51   .7610798  -.0320434  1.079  1.050  1.016   .998   .978   .957   .946   .934   .923   .911   .899   .887   .874   .861
  52   .8048921  -.0248689  1.038  1.015   .987   .971   .954   .935   .926   .916   .906   .895   .885   .874   .863   .851
  53   .8459583  -.0182639  1.000   .982   .958   .945   .930   .915   .906   .898   .889   .880   .871   .861   .851   .841
  54   .8836030  -.0125166   .965   .951   .932   .921   .909   .895   .888   .881   .873   .865   .857   .849   .840   .831
  55   .9171206  -.0078216   .933   .923   .908   .899   .889   .878   .872   .866   .859   .852   .845   .838   .830   .823
  56   .9458055  -.0043038   .906   .899   .888   .881   .873   .863   .858   .853   .847   .842   .836   .829   .823   .816
  57   .9689778  -.0019503   .882   .879   .871   .866   .859   .852   .848   .843   .839   .834   .829   .823   .818   .812
1AIRFOIL  991   13.99%      -8.00  -4.00    .00   2.00   4.00   6.00   7.00   8.00   9.00  10.00  11.00  12.00  13.00  14.00
   N       X          Y      V-DISTRIBUTIONS FOR THE ABOVE ANGLES OF ATTACK RELATIVE TO THE CHORD LINE     
  58   .9860323  -.0006387   .863   .863   .859   .855   .850   .844   .841   .838   .834   .830   .826   .821   .816   .811
  59   .9964800  -.0001082   .849   .852   .851   .849   .845   .841   .839   .836   .833   .830   .826   .823   .819   .815
  60  1.0000000   .0000000   .840   .846   .848   .847   .846   .843   .842   .840   .837   .835   .832   .829   .826   .823
 ALPHA0 =  .00 DEGREES   CM0 =  .0000   ETA = 1.095
0WARNING - SUBROUTINE SMOOTH HAS SLOPES -.341 AND -.648 BETWEEN POINTS 30 AND 31
0WARNING - SUBROUTINE SMOOTH HAS SLOPES -.648 AND -.341 BETWEEN POINTS 31 AND 32
1SUMMARY AIRFOIL     991      ALPHA0=  .00 DEG., ALPHA REL.  CHORD LINE     
 MACH= .000  * INDICATES BUBBLE U RED. BELOW  .958
0         R =  1500000   MU= 0    R =  3000000   MU= 0    R =  6000000   MU= 0    R =  9000000   MU= 0
0 ALPHA = -8.00 DEGREES
         1 S TURB S SEP    CD    2 S TURB S SEP    CD    3 S TURB S SEP    CD    4 S TURB S SEP    CD
  UPPER    .3193  .0000  .0016     .3193  .0000  .0013     .3193  .0000  .0011     .3193  .0000  .0010 
  LOWER   1.0155 1.0125  .0067*   1.0155 1.0112  .0052*   1.0155 1.0102  .0041*   1.0155  .9870  .0043*
  TOTAL   CL= -.181 CD=  .0083    CL= -.182 CD=  .0065    CL= -.183 CD=  .0052    CL= -.199 CD=  .0054
       CM=  .0216 AC= -8.0000  CM=  .0217 AC= -8.0000  CM=  .0217 AC= -8.0000  CM=  .0216 AC= -8.0000
0 ALPHA = -4.00 DEGREES
         1 S TURB S SEP    CD    2 S TURB S SEP    CD    3 S TURB S SEP    CD    4 S TURB S SEP    CD
  UPPER    .4148  .0000  .0022     .4148  .0000  .0019     .4148  .0000  .0016     .4148  .0000  .0015 
  LOWER   1.0137  .0000  .0077*   1.0137  .0000  .0069*   1.0137  .0000  .0062    1.0137  .0000  .0059 
  TOTAL   CL= -.440 CD=  .0099    CL= -.440 CD=  .0088    CL= -.440 CD=  .0079    CL= -.440 CD=  .0074
       CM=  .0110 AC= -4.0000  CM=  .0110 AC= -4.0000  CM=  .0110 AC= -4.0000  CM=  .0110 AC= -4.0000
0 ALPHA =   .00 DEGREES
         1 S TURB S SEP    CD    2 S TURB S SEP    CD    3 S TURB S SEP    CD    4 S TURB S SEP    CD
  UPPER    .4682  .0000  .0029     .4682  .0000  .0025     .4682  .0000  .0022     .4682  .0000  .0020 
  LOWER    .4682  .0000  .0029     .4682  .0000  .0025     .4682  .0000  .0022     .4682  .0000  .0020 
  TOTAL   CL=  .000 CD=  .0058    CL=  .000 CD=  .0050    CL=  .000 CD=  .0043    CL=  .000 CD=  .0040
       CM=  .0000 AC=   .0000  CM=  .0000 AC=   .0000  CM=  .0000 AC=   .0000  CM=  .0000 AC=   .0000
0 ALPHA =  2.00 DEGREES
         1 S TURB S SEP    CD    2 S TURB S SEP    CD    3 S TURB S SEP    CD    4 S TURB S SEP    CD
  UPPER    .4851  .0000  .0033     .4851  .0000  .0028     .4851  .0000  .0024     .4851  .0000  .0022 
  LOWER    .4463  .0000  .0026     .4463  .0000  .0022     .4463  .0000  .0019     .4463  .0000  .0018 
  TOTAL   CL=  .220 CD=  .0059    CL=  .220 CD=  .0050    CL=  .220 CD=  .0043    CL=  .220 CD=  .0040
       CM= -.0055 AC=  2.0000  CM= -.0055 AC=  2.0000  CM= -.0055 AC=  2.0000  CM= -.0055 AC=  2.0000
0 ALPHA =  4.00 DEGREES
         1 S TURB S SEP    CD    2 S TURB S SEP    CD    3 S TURB S SEP    CD    4 S TURB S SEP    CD
  UPPER   1.0137  .0000  .0077*   1.0137  .0000  .0069*   1.0137  .0000  .0062    1.0137  .0000  .0059 
  LOWER    .4148  .0000  .0022     .4148  .0000  .0019     .4148  .0000  .0016     .4148  .0000  .0015 
  TOTAL   CL=  .440 CD=  .0099    CL=  .440 CD=  .0088    CL=  .440 CD=  .0079    CL=  .440 CD=  .0074
       CM= -.0110 AC=  4.0000  CM= -.0110 AC=  4.0000  CM= -.0110 AC=  4.0000  CM= -.0110 AC=  4.0000
0 ALPHA =  6.00 DEGREES
         1 S TURB S SEP    CD    2 S TURB S SEP    CD    3 S TURB S SEP    CD    4 S TURB S SEP    CD
  UPPER   1.0152 1.0117  .0026*   1.0152  .0141  .0085*   1.0152  .0000  .0076*   1.0152  .0000  .0071*
  LOWER    .3709  .0000  .0019     .3709  .0000  .0016     .3709  .0000  .0014     .3709  .0000  .0013 
  TOTAL   CL=  .073 CD=  .0044    CL=  .652 CD=  .0101    CL=  .660 CD=  .0090    CL=  .660 CD=  .0084
       CM= -.0163 AC=  6.0000  CM= -.0145 AC=  6.0000  CM= -.0165 AC=  6.0000  CM= -.0165 AC=  6.0000
0 ALPHA =  7.00 DEGREES
         1 S TURB S SEP    CD    2 S TURB S SEP    CD    3 S TURB S SEP    CD    4 S TURB S SEP    CD
  UPPER   1.0154 1.0122  .0043*   1.0154 1.0108  .0033*   1.0154  .0129  .0085*   1.0154  .0022  .0080*
  LOWER    .3455  .0000  .0017     .3455  .0000  .0015     .3455  .0000  .0012     .3455  .0000  .0011 
  TOTAL   CL=  .127 CD=  .0060    CL=  .128 CD=  .0047    CL=  .762 CD=  .0097    CL=  .769 CD=  .0091
       CM= -.0190 AC=  7.0000  CM= -.0190 AC=  7.0000  CM= -.0172 AC=  7.0000  CM= -.0188 AC=  7.0000
0 ALPHA =  8.00 DEGREES
         1 S TURB S SEP    CD    2 S TURB S SEP    CD    3 S TURB S SEP    CD    4 S TURB S SEP    CD
  UPPER   1.0155 1.0125  .0067*   1.0155 1.0112  .0052*   1.0155 1.0102  .0041*   1.0155  .9870  .0043*
  LOWER    .3193  .0000  .0016     .3193  .0000  .0013     .3193  .0000  .0011     .3193  .0000  .0010 
  TOTAL   CL=  .181 CD=  .0083    CL=  .182 CD=  .0065    CL=  .183 CD=  .0052    CL=  .199 CD=  .0054
       CM= -.0216 AC=  8.0000  CM= -.0217 AC=  8.0000  CM= -.0217 AC=  8.0000  CM= -.0216 AC=  8.0000
1SUMMARY AIRFOIL     991      ALPHA0=  .00 DEG., ALPHA REL.  CHORD LINE     
 MACH= .000  * INDICATES BUBBLE U RED. BELOW  .958
0         R =  1500000   MU= 0    R =  3000000   MU= 0    R =  6000000   MU= 0    R =  9000000   MU= 0
0 ALPHA =  9.00 DEGREES
         1 S TURB S SEP    CD    2 S TURB S SEP    CD    3 S TURB S SEP    CD    4 S TURB S SEP    CD
  UPPER   1.0156 1.0126  .0100*   1.0156 1.0114  .0077*   1.0156 1.0105  .0061*   1.0156 1.0082  .0055*
  LOWER    .2906  .0000  .0014     .2906  .0000  .0012     .2906  .0000  .0010     .2906  .0000  .0009 
  TOTAL   CL=  .235 CD=  .0114    CL=  .236 CD=  .0089    CL=  .237 CD=  .0071    CL=  .239 CD=  .0065
       CM= -.0242 AC=  9.0000  CM= -.0243 AC=  9.0000  CM= -.0243 AC=  9.0000  CM= -.0244 AC=  9.0000
0 ALPHA = 10.00 DEGREES
         1 S TURB S SEP    CD    2 S TURB S SEP    CD    3 S TURB S SEP    CD    4 S TURB S SEP    CD
  UPPER   1.0156 1.0127  .0144*   1.0156 1.0116  .0111*   1.0156 1.0107  .0087*   1.0156 1.0104  .0077*
  LOWER    .2638  .0000  .0013     .2638  .0000  .0011     .2638  .0000  .0009     .2638  .0000  .0008 
  TOTAL   CL=  .290 CD=  .0157    CL=  .290 CD=  .0121    CL=  .291 CD=  .0096    CL=  .291 CD=  .0085
       CM= -.0268 AC= 10.0000  CM= -.0269 AC= 10.0000  CM= -.0269 AC= 10.0000  CM= -.0269 AC= 10.0000
0 ALPHA = 11.00 DEGREES
         1 S TURB S SEP    CD    2 S TURB S SEP    CD    3 S TURB S SEP    CD    4 S TURB S SEP    CD
  UPPER   1.0156 1.0128  .0199*   1.0156 1.0117  .0153*   1.0156 1.0109  .0121*   1.0156 1.0105  .0107*
  LOWER    .2340  .0000  .0011     .2340  .0000  .0009     .2340  .0000  .0008     .2340  .0000  .0007 
  TOTAL   CL=  .344 CD=  .0211    CL=  .345 CD=  .0163    CL=  .345 CD=  .0129    CL=  .346 CD=  .0114
       CM= -.0294 AC= 11.0000  CM= -.0294 AC= 11.0000  CM= -.0295 AC= 11.0000  CM= -.0295 AC= 11.0000
0 ALPHA = 12.00 DEGREES
         1 S TURB S SEP    CD    2 S TURB S SEP    CD    3 S TURB S SEP    CD    4 S TURB S SEP    CD
  UPPER   1.0157 1.0129  .0268*   1.0157 1.0118  .0207*   1.0157 1.0110  .0163*   1.0157 1.0107  .0144*
  LOWER    .2040  .0000  .0010     .2040  .0000  .0008     .2040  .0000  .0007     .2040  .0000  .0006 
  TOTAL   CL=  .398 CD=  .0279    CL=  .399 CD=  .0215    CL=  .400 CD=  .0170    CL=  .400 CD=  .0150
       CM= -.0319 AC= 12.0000  CM= -.0320 AC= 12.0000  CM= -.0320 AC= 12.0000  CM= -.0320 AC= 12.0000
0 ALPHA = 13.00 DEGREES
         1 S TURB S SEP    CD    2 S TURB S SEP    CD    3 S TURB S SEP    CD    4 S TURB S SEP    CD
  UPPER   1.0157 1.0129  .0353*   1.0157 1.0118  .0272*   1.0157 1.0111  .0215*   1.0157 1.0108  .0190*
  LOWER    .1726  .0000  .0009     .1726  .0000  .0007     .1726  .0000  .0006     .1726  .0000  .0006 
  TOTAL   CL=  .452 CD=  .0362    CL=  .453 CD=  .0280    CL=  .454 CD=  .0221    CL=  .454 CD=  .0195
       CM= -.0344 AC= 13.0000  CM= -.0345 AC= 13.0000  CM= -.0345 AC= 13.0000  CM= -.0345 AC= 13.0000
0 ALPHA = 14.00 DEGREES
         1 S TURB S SEP    CD    2 S TURB S SEP    CD    3 S TURB S SEP    CD    4 S TURB S SEP    CD
  UPPER   1.0157 1.0129  .0455*   1.0157 1.0118  .0351*   1.0157 1.0111  .0278*   1.0157 1.0108  .0245*
  LOWER    .1370  .0000  .0008     .1370  .0000  .0006     .1370  .0000  .0005     .1370  .0000  .0005 
  TOTAL   CL=  .507 CD=  .0463    CL=  .508 CD=  .0357    CL=  .508 CD=  .0283    CL=  .509 CD=  .0250
       CM= -.0369 AC= 14.0000  CM= -.0369 AC= 14.0000  CM= -.0369 AC= 14.0000  CM= -.0369 AC= 14.0000
