1
0TRANSCENDENTAL EQUATION RESULTS   AIRFOIL  102   ITERATION 0   MODE 6
    NU   ALPHA*  OMEGA'  OMEGA     K       MU     K H   LAMBDA LAMBDA*
  10.000    .00    .799   .063   -.999   -.400-8.189321  15.00   4.00
  30.558   3.50
  50.000    .00
  60.000    .00    .799   .063   -.999   -.400-8.310025  15.00   4.00
0ITERATION 1   K S =-7.920024   DELTA =   .09231528   ROUNDED =   .092
 ITERATION 2   K S =-5.095974   DELTA =   .16601320   ROUNDED =   .166
 ITERATION 3   K S =-1.880766   DELTA =   .09710326   ROUNDED =   .097
 ITERATION 4   K S = -.510836   DELTA =   .03617050   ROUNDED =   .036
 ITERATION 5   K S = -.060835   DELTA =   .00486675   ROUNDED =   .005
 ITERATION 6   K S = -.000424   DELTA =   .00003513   ROUNDED =   .000
0TRANSCENDENTAL EQUATION RESULTS   AIRFOIL  102   ITERATION 6   MODE 6
    NU   ALPHA*  OMEGA'  OMEGA     K       MU     K H   LAMBDA LAMBDA*
  10.000    .00    .402   .756   -.503   -.400  .060140  15.00   4.00
  30.558   3.50
  50.000    .00
  60.000    .00    .402   .756   -.503   -.400 -.060565  15.00   4.00
0WARNING - SX =  .007   SY =  .061
0THICKNESS 10.69%, CM0=-.0402, ALFA0= 1.516 DEG.
1AIRFOIL  102   10.69%      -4.00  -2.00    .00   2.00   4.00   6.00   8.00  10.00  12.00  14.00  16.00
   N       X          Y      V-DISTRIBUTIONS FOR THE ABOVE ANGLES OF ATTACK RELATIVE TO THE CHORD LINE     
   0  1.0000000   .0000000   .884   .885   .885   .883   .881   .877   .873   .867   .860   .853   .844
   1   .9967000   .0002686   .888   .890   .891   .892   .891   .889   .886   .882   .877   .870   .863
   2   .9869545   .0012191   .900   .904   .907   .909   .910   .909   .908   .905   .902   .897   .891
   3   .9711344   .0030401   .916   .922   .926   .930   .933   .934   .934   .933   .931   .928   .924
   4   .9496614   .0057732   .930   .938   .945   .950   .955   .958   .960   .961   .961   .959   .956
   5   .9229642   .0094269   .944   .954   .963   .970   .977   .982   .986   .988   .990   .990   .989
   6   .8915600   .0139963   .961   .973   .984   .993  1.001  1.009  1.014  1.019  1.023  1.025  1.026
   7   .8560488   .0193911   .979   .994  1.007  1.019  1.029  1.038  1.046  1.053  1.059  1.063  1.066
   8   .8170457   .0254304  1.000  1.016  1.032  1.046  1.059  1.071  1.081  1.090  1.098  1.105  1.110
   9   .7751662   .0318784  1.021  1.040  1.059  1.076  1.091  1.106  1.119  1.130  1.140  1.149  1.157
  10   .7310066   .0384196  1.043  1.065  1.087  1.107  1.125  1.142  1.158  1.173  1.186  1.197  1.207
  11   .6850452   .0447210  1.061  1.086  1.111  1.134  1.156  1.176  1.195  1.212  1.228  1.242  1.255
  12   .6377450   .0505683  1.078  1.107  1.135  1.161  1.186  1.210  1.232  1.253  1.272  1.290  1.306
  13   .5896344   .0557214  1.094  1.127  1.159  1.189  1.218  1.245  1.271  1.295  1.318  1.339  1.359
  14   .5412173   .0599290  1.108  1.146  1.182  1.216  1.249  1.281  1.310  1.339  1.365  1.391  1.414
  15   .4929735   .0627787  1.121  1.163  1.204  1.243  1.280  1.316  1.351  1.383  1.415  1.444  1.472
  16   .4448889   .0639148  1.108  1.155  1.199  1.243  1.285  1.325  1.363  1.400  1.436  1.469  1.501
  17   .3969933   .0636538  1.094  1.145  1.195  1.243  1.289  1.334  1.378  1.419  1.459  1.497  1.534
  18   .3498186   .0622909  1.078  1.135  1.189  1.243  1.295  1.345  1.393  1.440  1.486  1.529  1.570
  19   .3038714   .0599299  1.061  1.123  1.183  1.243  1.301  1.357  1.411  1.464  1.515  1.565  1.612
  20   .2596445   .0566890  1.040  1.109  1.177  1.243  1.308  1.371  1.432  1.492  1.550  1.606  1.660
  21   .2176078   .0526627  1.016  1.093  1.169  1.243  1.316  1.387  1.457  1.524  1.590  1.654  1.716
  22   .1782087   .0479608   .987  1.074  1.159  1.243  1.326  1.406  1.486  1.563  1.639  1.712  1.783
  23   .1418638   .0426880   .951  1.050  1.147  1.243  1.337  1.430  1.521  1.610  1.698  1.783  1.866
  24   .1089587   .0369692   .907  1.020  1.132  1.243  1.353  1.460  1.566  1.670  1.772  1.872  1.969
  25   .0798423   .0309255   .848   .981  1.113  1.243  1.372  1.499  1.625  1.748  1.869  1.988  2.105
  26   .0548244   .0247111   .769   .928  1.087  1.244  1.399  1.553  1.705  1.855  2.003  2.148  2.290
  27   .0341798   .0184706   .651   .850  1.048  1.244  1.439  1.632  1.823  2.012  2.198  2.382  2.563
  28   .0181350   .0124208   .462   .724   .985  1.244  1.503  1.759  2.014  2.265  2.515  2.761  3.003
  29   .0069244   .0067654   .099   .482   .864  1.245  1.625  2.003  2.378  2.751  3.120  3.485  3.846
  30   .0007350   .0019675   .882   .172   .538  1.248  1.956  2.662  3.364  4.063  4.756  5.444  6.125
  31   .0008404  -.0018516  2.080  1.323   .564   .196   .955  1.714  2.470  3.223  3.973  4.717  5.456
  32   .0074115  -.0058079  1.608  1.231   .852   .472   .092   .288   .668  1.048  1.426  1.802  2.176
  33   .0193838  -.0102224  1.450  1.200   .949   .696   .443   .189   .066   .320   .573   .826  1.078
  34   .0365044  -.0147655  1.370  1.184   .997   .808   .619   .428   .237   .046   .145   .336   .527
  35   .0584750  -.0193162  1.322  1.175  1.026   .876   .725   .573   .421   .267   .114   .040   .193
  36   .0850379  -.0237204  1.290  1.169  1.046   .922   .797   .671   .544   .416   .288   .160   .031
  37   .1158663  -.0278949  1.267  1.164  1.060   .955   .849   .741   .633   .524   .414   .304   .193
  38   .1506139  -.0317298  1.249  1.161  1.071   .980   .888   .795   .701   .605   .510   .413   .316
  39   .1888809  -.0351498  1.235  1.158  1.080  1.000   .919   .837   .754   .670   .585   .500   .413
  40   .2302415  -.0380625  1.224  1.156  1.087  1.016   .944   .871   .797   .722   .646   .570   .493
  41   .2742289  -.0403919  1.214  1.154  1.092  1.029   .965   .900   .834   .766   .698   .628   .558
  42   .3203542  -.0420510  1.206  1.152  1.097  1.041   .983   .924   .864   .803   .741   .678   .614
  43   .3680983  -.0429407  1.199  1.151  1.102  1.051   .999   .945   .891   .835   .779   .721   .663
  44   .4169278  -.0429563  1.193  1.150  1.105  1.059  1.012   .964   .914   .864   .812   .759   .706
  45   .4662796  -.0418020  1.187  1.149  1.109  1.067  1.024   .980   .935   .889   .841   .793   .744
  46   .5161131  -.0391462  1.157  1.123  1.088  1.051  1.013   .974   .934   .892   .849   .806   .761
  47   .5664309  -.0353608  1.127  1.097  1.066  1.034  1.000   .965   .929   .892   .853   .814   .774
  48   .6167243  -.0308764  1.097  1.071  1.044  1.015   .985   .954   .922   .889   .854   .819   .783
  49   .6664506  -.0259618  1.068  1.045  1.021   .996   .970   .942   .914   .884   .853   .821   .788
  50   .7150394  -.0209001  1.039  1.019   .999   .977   .954   .929   .904   .877   .850   .821   .791
  51   .7618891  -.0159547  1.011   .994   .976   .957   .937   .916   .893   .870   .845   .819   .792
  52   .8063695  -.0113747   .984   .970   .955   .939   .921   .902   .882   .861   .839   .816   .792
  53   .8478270  -.0073802   .959   .948   .935   .921   .905   .889   .872   .853   .834   .813   .792
  54   .8855920  -.0041417   .936   .927   .916   .904   .891   .877   .862   .846   .829   .810   .791
  55   .9189960  -.0017689   .916   .908   .899   .890   .879   .867   .854   .839   .824   .808   .791
  56   .9473915  -.0002965   .898   .892   .885   .877   .868   .858   .847   .835   .822   .808   .792
  57   .9701393   .0003297   .887   .883   .878   .872   .864   .856   .847   .836   .825   .812   .799
1AIRFOIL  102   10.69%      -4.00  -2.00    .00   2.00   4.00   6.00   8.00  10.00  12.00  14.00  16.00
   N       X          Y      V-DISTRIBUTIONS FOR THE ABOVE ANGLES OF ATTACK RELATIVE TO THE CHORD LINE     
  58   .9866755   .0003497   .884   .881   .878   .873   .868   .861   .853   .845   .835   .824   .812
  59   .9966657   .0001249   .884   .884   .882   .879   .875   .870   .863   .856   .848   .839   .828
  60  1.0000000   .0000000   .884   .885   .885   .883   .881   .877   .873   .867   .860   .853   .844
 ALPHA0 = 1.52 DEGREES   CM0 = -.0402   ETA = 1.077
0WARNING - SUBROUTINE SMOOTH HAS SLOPES -.241 AND -.547 BETWEEN POINTS 30 AND 31
0WARNING - SUBROUTINE SMOOTH HAS SLOPES -.468 AND -.493 BETWEEN POINTS 31 AND 32
0WARNING - SUBROUTINE SMOOTH HAS SLOPES -.604 AND -.261 BETWEEN POINTS 32 AND 33
0SUMMARY AIRFOIL     102      ALPHA0= 1.52 DEG., ALPHA REL.  CHORD LINE     
 MACH= .000  * INDICATES BUBBLE U RED. BELOW  .958
0         R =  1500000   MU= 0    R =  3000000   MU= 0    R =  6000000   MU= 0    R =  9000000   MU= 0
0 ALPHA = -4.00 DEGREES
         1 S TURB S SEP    CD    2 S TURB S SEP    CD    3 S TURB S SEP    CD    4 S TURB S SEP    CD
  UPPER    .3313  .0000  .0022     .3313  .0000  .0018     .3313  .0000  .0015     .3313  .0000  .0014 
  LOWER   1.0025  .0000  .0064*   1.0025  .0000  .0058*   1.0025  .0000  .0052*   1.0025  .0000  .0049 
  TOTAL   CL= -.273 CD=  .0086    CL= -.273 CD=  .0076    CL= -.273 CD=  .0068    CL= -.273 CD=  .0064
       CM= -.0353 AC= -2.4842  CM= -.0353 AC= -2.4842  CM= -.0353 AC= -2.4842  CM= -.0353 AC= -2.4842
0 ALPHA = -2.00 DEGREES
         1 S TURB S SEP    CD    2 S TURB S SEP    CD    3 S TURB S SEP    CD    4 S TURB S SEP    CD
  UPPER    .3832  .0000  .0026     .3832  .0000  .0022     .3832  .0000  .0019     .3832  .0000  .0017 
  LOWER    .4759  .0000  .0028     .4759  .0000  .0024     .4759  .0000  .0021     .4759  .0000  .0019 
  TOTAL   CL= -.053 CD=  .0054    CL= -.053 CD=  .0046    CL= -.053 CD=  .0039    CL= -.053 CD=  .0036
       CM= -.0392 AC=  -.4842  CM= -.0392 AC=  -.4842  CM= -.0392 AC=  -.4842  CM= -.0392 AC=  -.4842
0 ALPHA =   .00 DEGREES
         1 S TURB S SEP    CD    2 S TURB S SEP    CD    3 S TURB S SEP    CD    4 S TURB S SEP    CD
  UPPER    .4212  .0000  .0030     .4212  .0000  .0025     .4212  .0000  .0022     .4212  .0000  .0020 
  LOWER    .4432  .0000  .0024     .4432  .0000  .0021     .4432  .0000  .0018     .4432  .0000  .0017 
  TOTAL   CL=  .167 CD=  .0054    CL=  .167 CD=  .0046    CL=  .167 CD=  .0040    CL=  .167 CD=  .0037
       CM= -.0433 AC=  1.5158  CM= -.0433 AC=  1.5158  CM= -.0433 AC=  1.5158  CM= -.0433 AC=  1.5158
0 ALPHA =  2.00 DEGREES
         1 S TURB S SEP    CD    2 S TURB S SEP    CD    3 S TURB S SEP    CD    4 S TURB S SEP    CD
  UPPER    .4497  .0000  .0034     .4497  .0000  .0029     .4497  .0000  .0025     .4497  .0000  .0023 
  LOWER    .3983  .0000  .0021     .3983  .0000  .0018     .3983  .0000  .0015     .3983  .0000  .0014 
  TOTAL   CL=  .387 CD=  .0055    CL=  .387 CD=  .0047    CL=  .387 CD=  .0040    CL=  .387 CD=  .0037
       CM= -.0474 AC=  3.5158  CM= -.0474 AC=  3.5158  CM= -.0474 AC=  3.5158  CM= -.0474 AC=  3.5158
0 ALPHA =  4.00 DEGREES
         1 S TURB S SEP    CD    2 S TURB S SEP    CD    3 S TURB S SEP    CD    4 S TURB S SEP    CD
  UPPER   1.0073  .0000  .0082*   1.0073  .0000  .0074    1.0073  .0000  .0066    1.0073  .0000  .0063 
  LOWER    .3365  .0000  .0017     .3365  .0000  .0014     .3365  .0000  .0012     .3365  .0000  .0011 
  TOTAL   CL=  .607 CD=  .0099    CL=  .607 CD=  .0088    CL=  .607 CD=  .0079    CL=  .607 CD=  .0074
       CM= -.0516 AC=  5.5158  CM= -.0516 AC=  5.5158  CM= -.0516 AC=  5.5158  CM= -.0516 AC=  5.5158
0 ALPHA =  6.00 DEGREES
         1 S TURB S SEP    CD    2 S TURB S SEP    CD    3 S TURB S SEP    CD    4 S TURB S SEP    CD
  UPPER   1.0095  .0027  .0100*   1.0095  .0000  .0089*   1.0095  .0000  .0080*   1.0095  .0000  .0075*
  LOWER    .2674  .0000  .0014     .2674  .0000  .0011     .2674  .0000  .0010     .2674  .0000  .0009 
  TOTAL   CL=  .825 CD=  .0114    CL=  .827 CD=  .0100    CL=  .827 CD=  .0090    CL=  .827 CD=  .0084
       CM= -.0553 AC=  7.5158  CM= -.0558 AC=  7.5158  CM= -.0558 AC=  7.5158  CM= -.0558 AC=  7.5158
1SUMMARY AIRFOIL     102      ALPHA0= 1.52 DEG., ALPHA REL.  CHORD LINE     
 MACH= .000  * INDICATES BUBBLE U RED. BELOW  .958
0         R =  1500000   MU= 0    R =  3000000   MU= 0    R =  6000000   MU= 0    R =  9000000   MU= 0
0 ALPHA =  8.00 DEGREES
         1 S TURB S SEP    CD    2 S TURB S SEP    CD    3 S TURB S SEP    CD    4 S TURB S SEP    CD
  UPPER   1.0102 1.0045  .0055*   1.0102  .0129  .0109*   1.0102  .0024  .0098*   1.0102  .0000  .0091*
  LOWER    .1886  .0000  .0011     .1886  .0000  .0009     .1886  .0000  .0007     .1886  .0000  .0006 
  TOTAL   CL=  .242 CD=  .0066    CL= 1.036 CD=  .0118    CL= 1.045 CD=  .0105    CL= 1.047 CD=  .0098
       CM= -.0600 AC=  9.5158  CM= -.0575 AC=  9.5158  CM= -.0596 AC=  9.5158  CM= -.0600 AC=  9.5158
0 ALPHA = 10.00 DEGREES
         1 S TURB S SEP    CD    2 S TURB S SEP    CD    3 S TURB S SEP    CD    4 S TURB S SEP    CD
  UPPER   1.0104 1.0055  .0109*   1.0104 1.0037  .0084*   1.0104  .9333  .0086*   1.0104  .0237  .0113*
  LOWER    .0701  .0000  .0007     .0701  .0000  .0006     .0701  .0000  .0004     .0701  .0000  .0004 
  TOTAL   CL=  .350 CD=  .0116    CL=  .352 CD=  .0089    CL=  .416 CD=  .0090    CL= 1.245 CD=  .0116
       CM= -.0642 AC= 11.5158  CM= -.0642 AC= 11.5158  CM= -.0606 AC= 11.5158  CM= -.0591 AC= 11.5158
0 ALPHA = 12.00 DEGREES
         1 S TURB S SEP    CD    2 S TURB S SEP    CD    3 S TURB S SEP    CD    4 S TURB S SEP    CD
  UPPER   1.0105 1.0061  .0193*   1.0105 1.0043  .0148*   1.0105  .9956  .0125*   1.0105  .9870  .0115*
  LOWER    .0000  .0000  .0005     .0000  .0000  .0004     .0000  .0000  .0003     .0000  .0000  .0002 
  TOTAL   CL=  .459 CD=  .0198    CL=  .461 CD=  .0152    CL=  .470 CD=  .0128    CL=  .479 CD=  .0117
       CM= -.0684 AC= 13.5158  CM= -.0684 AC= 13.5158  CM= -.0684 AC= 13.5158  CM= -.0681 AC= 13.5158
0 ALPHA = 14.00 DEGREES
         1 S TURB S SEP    CD    2 S TURB S SEP    CD    3 S TURB S SEP    CD    4 S TURB S SEP    CD
  UPPER   1.0106 1.0065  .0315*   1.0106 1.0047  .0242*   1.0106 1.0015  .0194*   1.0106  .9953  .0179*
  LOWER    .0000  .0000  .0005     .0000  .0000  .0003     .0000  .0000  .0002     .0000  .0000  .0002 
  TOTAL   CL=  .568 CD=  .0320    CL=  .570 CD=  .0245    CL=  .574 CD=  .0197    CL=  .581 CD=  .0181
       CM= -.0725 AC= 15.5158  CM= -.0726 AC= 15.5158  CM= -.0727 AC= 15.5158  CM= -.0726 AC= 15.5158
0 ALPHA = 16.00 DEGREES
         1 S TURB S SEP    CD    2 S TURB S SEP    CD    3 S TURB S SEP    CD    4 S TURB S SEP    CD
  UPPER   1.0107 1.0067  .0485*   1.0107 1.0050  .0371*   1.0107 1.0037  .0291*   1.0107  .9990  .0267*
  LOWER    .0000  .0000  .0004     .0000  .0000  .0003     .0000  .0000  .0002     .0000  .0000  .0002 
  TOTAL   CL=  .677 CD=  .0489    CL=  .679 CD=  .0374    CL=  .681 CD=  .0293    CL=  .687 CD=  .0269
       CM= -.0766 AC= 17.5158  CM= -.0767 AC= 17.5158  CM= -.0767 AC= 17.5158  CM= -.0768 AC= 17.5158
