1
0TRANSCENDENTAL EQUATION RESULTS   AIRFOIL  102   ITERATION 0   MODE 6
    NU   ALPHA*  OMEGA'  OMEGA     K       MU     K H   LAMBDA LAMBDA*
  10.000    .00   1.598   .063  -2.997   -.400-5.529226  10.00   4.00
  30.558   3.50
  50.000    .00
  60.000    .00   1.598   .063  -2.997   -.400-5.649930  10.00   4.00
0ITERATION 1   K S =-7.577350   DELTA =   .21037640   ROUNDED =   .210
 ITERATION 2   K S =-4.863600   DELTA =   .37636340   ROUNDED =   .376
 ITERATION 3   K S =-2.218005   DELTA =   .31522960   ROUNDED =   .315
 ITERATION 4   K S = -.724954   DELTA =   .15294880   ROUNDED =   .153
 ITERATION 5   K S = -.123205   DELTA =   .03132588   ROUNDED =   .031
 ITERATION 6   K S = -.008659   DELTA =   .00234341   ROUNDED =   .002
 ITERATION 7   K S = -.001346   DELTA =   .00036800   ROUNDED =   .000
0TRANSCENDENTAL EQUATION RESULTS   AIRFOIL  102   ITERATION 7   MODE 6
    NU   ALPHA*  OMEGA'  OMEGA     K       MU     K H   LAMBDA LAMBDA*
  10.000    .00    .965   .691  -1.810   -.400  .059680  10.00   4.00
  30.558   3.50
  50.000    .00
  60.000    .00    .965   .691  -1.810   -.400 -.061025  10.00   4.00
0THICKNESS 12.06%, CM0=-.0414, ALFA0= 1.551 DEG.
1AIRFOIL  102   12.06%      -4.00  -2.00    .00   2.00   4.00   6.00   8.00  10.00  12.00  14.00  16.00
   N       X          Y      V-DISTRIBUTIONS FOR THE ABOVE ANGLES OF ATTACK RELATIVE TO THE CHORD LINE     
   0  1.0000000   .0000000   .800   .801   .801   .799   .797   .794   .790   .785   .779   .772   .764
   1   .9963263   .0004089   .807   .809   .810   .811   .810   .808   .805   .802   .797   .791   .785
   2   .9855976   .0019557   .828   .832   .835   .837   .837   .837   .836   .834   .830   .826   .820
   3   .9685237   .0050842   .859   .865   .869   .873   .875   .876   .877   .876   .874   .871   .867
   4   .9459220   .0098784   .894   .902   .908   .913   .917   .921   .922   .923   .923   .922   .919
   5   .9185854   .0162306   .931   .941   .950   .957   .963   .968   .972   .975   .976   .976   .975
   6   .8873001   .0238660   .973   .985   .996  1.006  1.014  1.022  1.028  1.032  1.036  1.038  1.039
   7   .8528247   .0323789  1.018  1.033  1.047  1.059  1.070  1.080  1.088  1.095  1.101  1.105  1.108
   8   .8158074   .0411959  1.065  1.083  1.100  1.115  1.129  1.141  1.152  1.162  1.170  1.177  1.182
   9   .7768260   .0497484  1.113  1.134  1.154  1.172  1.189  1.205  1.219  1.232  1.243  1.252  1.261
  10   .7363405   .0570687  1.160  1.185  1.209  1.231  1.252  1.271  1.288  1.304  1.319  1.331  1.343
  11   .6938128   .0623657  1.152  1.180  1.206  1.231  1.255  1.277  1.297  1.316  1.333  1.349  1.363
  12   .6488551   .0661227  1.143  1.174  1.203  1.231  1.258  1.283  1.306  1.328  1.348  1.367  1.384
  13   .6020320   .0687434  1.133  1.167  1.200  1.231  1.261  1.289  1.316  1.341  1.365  1.387  1.407
  14   .5538578   .0702641  1.122  1.160  1.197  1.231  1.265  1.297  1.327  1.355  1.382  1.408  1.431
  15   .5048597   .0707742  1.111  1.153  1.193  1.231  1.269  1.304  1.338  1.371  1.402  1.431  1.458
  16   .4555636   .0702962  1.099  1.144  1.189  1.232  1.273  1.313  1.351  1.388  1.423  1.456  1.487
  17   .4064973   .0688927  1.085  1.135  1.184  1.232  1.278  1.322  1.365  1.406  1.446  1.484  1.520
  18   .3581839   .0665994  1.069  1.125  1.179  1.232  1.283  1.333  1.381  1.427  1.472  1.515  1.556
  19   .3111365   .0634856  1.052  1.113  1.173  1.232  1.289  1.345  1.399  1.451  1.502  1.551  1.597
  20   .2658551   .0596074  1.031  1.100  1.167  1.232  1.296  1.359  1.420  1.479  1.536  1.592  1.645
  21   .2228184   .0550490  1.007  1.084  1.159  1.232  1.304  1.375  1.444  1.511  1.576  1.640  1.701
  22   .1824828   .0498903   .979  1.065  1.149  1.233  1.314  1.394  1.473  1.549  1.624  1.697  1.768
  23   .1452737   .0442321   .944  1.042  1.138  1.233  1.326  1.418  1.508  1.597  1.683  1.767  1.849
  24   .1115853   .0381811   .900  1.012  1.124  1.233  1.342  1.448  1.553  1.656  1.757  1.856  1.952
  25   .0817741   .0318565   .843   .974  1.105  1.234  1.361  1.487  1.611  1.733  1.853  1.971  2.087
  26   .0561575   .0254004   .764   .922  1.079  1.234  1.389  1.541  1.691  1.840  1.986  2.130  2.271
  27   .0350162   .0189558   .649   .845  1.041  1.235  1.428  1.620  1.809  1.996  2.180  2.362  2.541
  28   .0185831   .0127318   .462   .721   .980  1.237  1.493  1.747  1.999  2.248  2.495  2.739  2.979
  29   .0070981   .0069311   .105   .484   .862  1.240  1.616  1.990  2.362  2.731  3.097  3.458  3.816
  30   .0007547   .0020175   .861   .158   .546  1.248  1.950  2.649  3.344  4.036  4.723  5.404  6.078
  31   .0008588  -.0018946  2.047  1.297   .545   .207   .960  1.711  2.460  3.206  3.948  4.685  5.417
  32   .0075854  -.0059591  1.586  1.212   .837   .461   .085   .292   .669  1.044  1.418  1.791  2.161
  33   .0198422  -.0105157  1.432  1.184   .935   .685   .434   .182   .069   .321   .572   .823  1.072
  34   .0373707  -.0152335  1.354  1.170   .984   .797   .610   .421   .232   .043   .147   .336   .525
  35   .0598649  -.0200016  1.307  1.161  1.014   .865   .716   .565   .414   .262   .110   .042   .194
  36   .0870613  -.0246677  1.276  1.156  1.034   .911   .787   .662   .536   .410   .283   .156   .029
  37   .1186252  -.0291629  1.253  1.151  1.048   .944   .839   .732   .625   .517   .408   .299   .189
  38   .1542025  -.0333799  1.236  1.148  1.059   .969   .878   .786   .692   .598   .503   .408   .312
  39   .1933843  -.0372634  1.222  1.146  1.068   .989   .909   .828   .745   .662   .578   .493   .408
  40   .2357356  -.0407257  1.211  1.144  1.075  1.005   .934   .862   .788   .714   .639   .563   .486
  41   .2807796  -.0437225  1.202  1.142  1.081  1.019   .955   .890   .824   .758   .690   .621   .552
  42   .3280172  -.0461778  1.194  1.140  1.086  1.030   .973   .914   .855   .794   .733   .671   .607
  43   .3769208  -.0480577  1.187  1.139  1.090  1.040   .988   .935   .881   .826   .770   .713   .656
  44   .4269482  -.0492937  1.181  1.138  1.094  1.049  1.002   .954   .905   .855   .803   .751   .698
  45   .4775416  -.0498599  1.176  1.137  1.097  1.056  1.014   .970   .925   .880   .833   .785   .736
  46   .5281377  -.0496858  1.171  1.136  1.100  1.063  1.025   .985   .944   .902   .859   .815   .769
  47   .5781707  -.0487474  1.166  1.135  1.103  1.070  1.035   .998   .961   .923   .883   .842   .800
  48   .6270752  -.0469388  1.162  1.135  1.106  1.075  1.044  1.011   .977   .941   .905   .867   .829
  49   .6742953  -.0442107  1.159  1.134  1.108  1.081  1.052  1.022   .991   .959   .925   .891   .855
  50   .7192439  -.0401389  1.155  1.133  1.110  1.086  1.060  1.033  1.005   .975   .944   .912   .879
  51   .7622657  -.0342637  1.101  1.083  1.064  1.043  1.021   .997   .973   .947   .920   .892   .863
  52   .8038130  -.0273649  1.049  1.033  1.017   .999   .981   .961   .940   .917   .894   .869   .844
  53   .8433570  -.0203734   .997   .985   .971   .957   .941   .924   .906   .887   .866   .845   .823
  54   .8802544  -.0138273   .948   .939   .928   .916   .902   .888   .873   .856   .839   .820   .801
  55   .9137782  -.0082616   .903   .896   .887   .877   .866   .854   .842   .828   .813   .797   .780
  56   .9430904  -.0040471   .863   .857   .851   .843   .834   .824   .814   .802   .789   .776   .761
  57   .9672341  -.0014137   .832   .829   .824   .818   .811   .803   .794   .785   .774   .762   .749
1AIRFOIL  102   12.06%      -4.00  -2.00    .00   2.00   4.00   6.00   8.00  10.00  12.00  14.00  16.00
   N       X          Y      V-DISTRIBUTIONS FOR THE ABOVE ANGLES OF ATTACK RELATIVE TO THE CHORD LINE     
  58   .9852163  -.0002135   .814   .811   .808   .804   .799   .793   .785   .777   .768   .758   .747
  59   .9962749   .0000336   .804   .803   .802   .799   .795   .791   .785   .778   .771   .762   .753
  60  1.0000000   .0000000   .800   .801   .801   .799   .797   .794   .790   .785   .779   .772   .764
 ALPHA0 = 1.55 DEGREES   CM0 = -.0414   ETA = 1.093
0WARNING - SUBROUTINE SMOOTH HAS SLOPES -.241 AND -.547 BETWEEN POINTS 30 AND 31
0WARNING - SUBROUTINE SMOOTH HAS SLOPES -.468 AND -.493 BETWEEN POINTS 31 AND 32
0WARNING - SUBROUTINE SMOOTH HAS SLOPES -.603 AND -.261 BETWEEN POINTS 32 AND 33
0SUMMARY AIRFOIL     102      ALPHA0= 1.55 DEG., ALPHA REL.  CHORD LINE     
 MACH= .000  * INDICATES BUBBLE U RED. BELOW  .958
0         R =  1500000   MU= 0    R =  3000000   MU= 0    R =  6000000   MU= 0    R =  9000000   MU= 0
0 ALPHA = -4.00 DEGREES
         1 S TURB S SEP    CD    2 S TURB S SEP    CD    3 S TURB S SEP    CD    4 S TURB S SEP    CD
  UPPER    .2396  .0000  .0019     .2396  .0000  .0015     .2396  .0000  .0013     .2396  .0000  .0012 
  LOWER   1.0043  .0258  .0068*   1.0043  .0041  .0060*   1.0043  .0000  .0054*   1.0043  .0000  .0051 
  TOTAL   CL= -.258 CD=  .0086    CL= -.268 CD=  .0076    CL= -.269 CD=  .0067    CL= -.269 CD=  .0063
       CM= -.0365 AC= -2.4490  CM= -.0342 AC= -2.4490  CM= -.0338 AC= -2.4490  CM= -.0338 AC= -2.4490
0 ALPHA = -2.00 DEGREES
         1 S TURB S SEP    CD    2 S TURB S SEP    CD    3 S TURB S SEP    CD    4 S TURB S SEP    CD
  UPPER    .2436  .0000  .0020     .2436  .0000  .0017     .2436  .0000  .0014     .2436  .0000  .0012 
  LOWER    .2645  .0000  .0020*    .2645  .0000  .0016     .2645  .0000  .0013     .2645  .0000  .0012 
  TOTAL   CL= -.049 CD=  .0040    CL= -.049 CD=  .0033    CL= -.049 CD=  .0027    CL= -.049 CD=  .0025
       CM= -.0400 AC=  -.4490  CM= -.0400 AC=  -.4490  CM= -.0400 AC=  -.4490  CM= -.0400 AC=  -.4490
0 ALPHA =   .00 DEGREES
         1 S TURB S SEP    CD    2 S TURB S SEP    CD    3 S TURB S SEP    CD    4 S TURB S SEP    CD
  UPPER    .2477  .0074  .0023*    .2477  .0000  .0018     .2477  .0000  .0015     .2477  .0000  .0013 
  LOWER    .2588  .0000  .0018     .2588  .0000  .0015     .2588  .0000  .0012     .2588  .0000  .0011 
  TOTAL   CL=  .166 CD=  .0041    CL=  .171 CD=  .0033    CL=  .171 CD=  .0027    CL=  .171 CD=  .0024
       CM= -.0453 AC=  1.5510  CM= -.0463 AC=  1.5510  CM= -.0463 AC=  1.5510  CM= -.0463 AC=  1.5510
0 ALPHA =  2.00 DEGREES
         1 S TURB S SEP    CD    2 S TURB S SEP    CD    3 S TURB S SEP    CD    4 S TURB S SEP    CD
  UPPER    .2523  .0254  .0025*    .2523  .0000  .0019     .2523  .0000  .0016     .2523  .0000  .0015 
  LOWER    .2536  .0000  .0017     .2536  .0000  .0013     .2536  .0000  .0011     .2536  .0000  .0010 
  TOTAL   CL=  .373 CD=  .0042    CL=  .391 CD=  .0033    CL=  .391 CD=  .0027    CL=  .391 CD=  .0025
       CM= -.0486 AC=  3.5510  CM= -.0528 AC=  3.5510  CM= -.0528 AC=  3.5510  CM= -.0528 AC=  3.5510
0 ALPHA =  4.00 DEGREES
         1 S TURB S SEP    CD    2 S TURB S SEP    CD    3 S TURB S SEP    CD    4 S TURB S SEP    CD
  UPPER   1.0106  .0430  .0089*   1.0106  .0314  .0080    1.0106  .0209  .0071    1.0106  .0145  .0067 
  LOWER    .2484  .0000  .0015     .2484  .0000  .0012     .2484  .0000  .0010     .2484  .0000  .0009 
  TOTAL   CL=  .576 CD=  .0104    CL=  .586 CD=  .0092    CL=  .594 CD=  .0082    CL=  .599 CD=  .0076
       CM= -.0512 AC=  5.5510  CM= -.0533 AC=  5.5510  CM= -.0552 AC=  5.5510  CM= -.0564 AC=  5.5510
0 ALPHA =  6.00 DEGREES
         1 S TURB S SEP    CD    2 S TURB S SEP    CD    3 S TURB S SEP    CD    4 S TURB S SEP    CD
  UPPER   1.0128  .0558  .0108*   1.0128  .0441  .0097*   1.0128  .0317  .0086*   1.0128  .0253  .0080*
  LOWER    .2429  .0000  .0014     .2429  .0000  .0011     .2429  .0000  .0009     .2429  .0000  .0009 
  TOTAL   CL=  .780 CD=  .0122    CL=  .791 CD=  .0108    CL=  .802 CD=  .0096    CL=  .808 CD=  .0089
       CM= -.0541 AC=  7.5510  CM= -.0563 AC=  7.5510  CM= -.0588 AC=  7.5510  CM= -.0602 AC=  7.5510
1SUMMARY AIRFOIL     102      ALPHA0= 1.55 DEG., ALPHA REL.  CHORD LINE     
 MACH= .000  * INDICATES BUBBLE U RED. BELOW  .958
0         R =  1500000   MU= 0    R =  3000000   MU= 0    R =  6000000   MU= 0    R =  9000000   MU= 0
0 ALPHA =  8.00 DEGREES
         1 S TURB S SEP    CD    2 S TURB S SEP    CD    3 S TURB S SEP    CD    4 S TURB S SEP    CD
  UPPER   1.0134 1.0076  .0056*   1.0134  .0592  .0117*   1.0134  .0462  .0105*   1.0134  .0384  .0098*
  LOWER    .2369  .0000  .0012     .2369  .0000  .0010     .2369  .0000  .0009     .2369  .0000  .0008 
  TOTAL   CL=  .027 CD=  .0068    CL=  .990 CD=  .0127    CL= 1.004 CD=  .0113    CL= 1.012 CD=  .0105
       CM= -.0719 AC=  9.5510  CM= -.0584 AC=  9.5510  CM= -.0612 AC=  9.5510  CM= -.0629 AC=  9.5510
0 ALPHA = 10.00 DEGREES
         1 S TURB S SEP    CD    2 S TURB S SEP    CD    3 S TURB S SEP    CD    4 S TURB S SEP    CD
  UPPER   1.0136 1.0086  .0110*   1.0136 1.0067  .0084*   1.0136  .9355  .0087*   1.0136  .0595  .0118*
  LOWER    .2301  .0000  .0011     .2301  .0000  .0009     .2301  .0000  .0008     .2301  .0000  .0007 
  TOTAL   CL=  .135 CD=  .0121    CL=  .137 CD=  .0094    CL=  .218 CD=  .0094    CL= 1.204 CD=  .0125
       CM= -.0783 AC= 11.5510  CM= -.0783 AC= 11.5510  CM= -.0742 AC= 11.5510  CM= -.0632 AC= 11.5510
0 ALPHA = 12.00 DEGREES
         1 S TURB S SEP    CD    2 S TURB S SEP    CD    3 S TURB S SEP    CD    4 S TURB S SEP    CD
  UPPER   1.0137 1.0092  .0194*   1.0137 1.0074  .0149*   1.0137  .9984  .0126*   1.0137  .9894  .0115*
  LOWER    .2214  .0000  .0010     .2214  .0000  .0008     .2214  .0000  .0007     .2214  .0000  .0006 
  TOTAL   CL=  .244 CD=  .0204    CL=  .246 CD=  .0157    CL=  .257 CD=  .0133    CL=  .268 CD=  .0122
       CM= -.0845 AC= 13.5510  CM= -.0846 AC= 13.5510  CM= -.0848 AC= 13.5510  CM= -.0845 AC= 13.5510
0 ALPHA = 14.00 DEGREES
         1 S TURB S SEP    CD    2 S TURB S SEP    CD    3 S TURB S SEP    CD    4 S TURB S SEP    CD
  UPPER   1.0138 1.0096  .0317*   1.0138 1.0078  .0243*   1.0138 1.0043  .0196*   1.0138  .9981  .0180*
  LOWER    .2095  .0000  .0009     .2095  .0000  .0007     .2095  .0000  .0006     .2095  .0000  .0006 
  TOTAL   CL=  .352 CD=  .0325    CL=  .355 CD=  .0250    CL=  .359 CD=  .0202    CL=  .368 CD=  .0185
       CM= -.0907 AC= 15.5510  CM= -.0908 AC= 15.5510  CM= -.0909 AC= 15.5510  CM= -.0910 AC= 15.5510
0 ALPHA = 16.00 DEGREES
         1 S TURB S SEP    CD    2 S TURB S SEP    CD    3 S TURB S SEP    CD    4 S TURB S SEP    CD
  UPPER   1.0139 1.0098  .0486*   1.0139 1.0080  .0373*   1.0139 1.0067  .0292*   1.0139 1.0018  .0269*
  LOWER    .1933  .0000  .0008     .1933  .0000  .0006     .1933  .0000  .0005     .1933  .0000  .0005 
  TOTAL   CL=  .461 CD=  .0494    CL=  .463 CD=  .0379    CL=  .465 CD=  .0297    CL=  .472 CD=  .0273
       CM= -.0967 AC= 17.5510  CM= -.0968 AC= 17.5510  CM= -.0968 AC= 17.5510  CM= -.0970 AC= 17.5510
