1
0TRANSCENDENTAL EQUATION RESULTS   AIRFOIL  102   ITERATION 0   MODE 6
    NU   ALPHA*  OMEGA'  OMEGA     K       MU     K H   LAMBDA LAMBDA*
  10.000    .00   1.598   .063  -2.997   -.400-5.493832  10.00   4.00
  30.877   4.50
  50.000   1.00
  60.000    .00   1.598   .063  -2.997   -.400-5.683582  10.00   4.00
0ITERATION 1   K S =-7.575608   DELTA =   .21032800   ROUNDED =   .210
 ITERATION 2   K S =-4.861856   DELTA =   .37622810   ROUNDED =   .376
 ITERATION 3   K S =-2.216262   DELTA =   .31498200   ROUNDED =   .315
 ITERATION 4   K S = -.723210   DELTA =   .15258100   ROUNDED =   .153
 ITERATION 5   K S = -.121461   DELTA =   .03088250   ROUNDED =   .031
 ITERATION 6   K S = -.006916   DELTA =   .00187158   ROUNDED =   .002
 ITERATION 7   K S =  .000398   DELTA =  -.00010886   ROUNDED =   .000
0TRANSCENDENTAL EQUATION RESULTS   AIRFOIL  102   ITERATION 7   MODE 6
    NU   ALPHA*  OMEGA'  OMEGA     K       MU     K H   LAMBDA LAMBDA*
  10.000    .00    .965   .691  -1.810   -.400  .095074  10.00   4.00
  30.877   4.50
  50.000   1.00
  60.000    .00    .965   .691  -1.810   -.400 -.094676  10.00   4.00
0WARNING - SX =  .038   SY = -.086
0THICKNESS 12.08%, CM0=-.0660, ALFA0= 2.421 DEG.
1AIRFOIL  102   12.08%      -4.00  -2.00    .00   2.00   4.00   6.00   8.00  10.00  12.00  14.00  16.00
   N       X          Y      V-DISTRIBUTIONS FOR THE ABOVE ANGLES OF ATTACK RELATIVE TO THE CHORD LINE     
   0  1.0000000   .0000000   .797   .798   .797   .795   .793   .789   .784   .779   .772   .765   .757
   1   .9963445   .0005451   .807   .808   .809   .809   .808   .806   .802   .798   .793   .787   .780
   2   .9857217   .0024726   .833   .836   .839   .840   .840   .840   .838   .835   .831   .827   .821
   3   .9689209   .0061467   .870   .875   .879   .882   .884   .885   .884   .883   .881   .877   .873
   4   .9467607   .0115339   .908   .915   .921   .926   .930   .932   .934   .934   .933   .931   .928
   5   .9199755   .0184733   .947   .956   .964   .971   .977   .981   .985   .987   .988   .987   .986
   6   .8893041   .0266723   .990  1.002  1.012  1.022  1.030  1.036  1.042  1.046  1.049  1.051  1.051
   7   .8554878   .0357281  1.037  1.051  1.064  1.076  1.087  1.096  1.104  1.110  1.116  1.119  1.122
   8   .8191510   .0450454  1.086  1.103  1.119  1.134  1.147  1.159  1.170  1.179  1.187  1.193  1.198
   9   .7808564   .0540607  1.135  1.156  1.176  1.194  1.210  1.225  1.239  1.251  1.262  1.271  1.278
  10   .7410451   .0617840  1.185  1.210  1.233  1.255  1.275  1.293  1.311  1.326  1.340  1.352  1.363
  11   .6991550   .0674379  1.176  1.204  1.230  1.255  1.278  1.299  1.319  1.337  1.354  1.369  1.383
  12   .6547925   .0714937  1.167  1.198  1.227  1.254  1.281  1.305  1.328  1.350  1.369  1.387  1.404
  13   .6085147   .0743689  1.157  1.191  1.223  1.254  1.284  1.312  1.338  1.362  1.385  1.407  1.426
  14   .5608285   .0760744  1.146  1.184  1.220  1.254  1.287  1.318  1.348  1.376  1.403  1.427  1.450
  15   .5122488   .0767163  1.135  1.176  1.216  1.254  1.291  1.326  1.359  1.391  1.421  1.450  1.477
  16   .4632953   .0762932  1.122  1.168  1.211  1.254  1.295  1.334  1.372  1.408  1.442  1.474  1.505
  17   .4144830   .0748875  1.108  1.158  1.207  1.254  1.299  1.343  1.385  1.426  1.465  1.502  1.537
  18   .3663318   .0725132  1.093  1.148  1.201  1.253  1.304  1.353  1.400  1.446  1.490  1.532  1.572
  19   .3193415   .0692620  1.075  1.136  1.195  1.253  1.310  1.364  1.418  1.469  1.519  1.566  1.612
  20   .2740129   .0651710  1.055  1.122  1.188  1.253  1.316  1.377  1.437  1.495  1.551  1.606  1.658
  21   .2308114   .0603487  1.031  1.107  1.180  1.253  1.323  1.393  1.460  1.526  1.590  1.652  1.711
  22   .1901986   .0548590  1.004  1.088  1.171  1.252  1.332  1.411  1.487  1.562  1.635  1.706  1.775
  23   .1525861   .0488288   .970  1.065  1.159  1.252  1.343  1.433  1.520  1.606  1.690  1.772  1.852
  24   .1183789   .0423515   .927  1.037  1.145  1.251  1.356  1.460  1.561  1.661  1.759  1.854  1.948
  25   .0879174   .0355736   .873  1.000  1.126  1.251  1.374  1.495  1.615  1.732  1.848  1.961  2.072
  26   .0615376   .0286255   .800   .951  1.101  1.250  1.397  1.542  1.686  1.828  1.967  2.104  2.238
  27   .0394960   .0216790   .695   .880  1.065  1.248  1.430  1.610  1.788  1.964  2.138  2.309  2.477
  28   .0220587   .0149276   .531   .771  1.009  1.246  1.482  1.716  1.948  2.177  2.404  2.628  2.848
  29   .0094044   .0085954   .239   .574   .909  1.242  1.575  1.905  2.233  2.558  2.880  3.198  3.513
  30   .0017779   .0031046   .441   .118   .676  1.234  1.790  2.343  2.894  3.442  3.985  4.524  5.057
  31   .0002138  -.0010215  2.506  1.412   .317   .779  1.873  2.966  4.054  5.138  6.216  7.286  8.347
  32   .0050997  -.0047143  1.658  1.222   .785   .346   .092   .531   .969  1.406  1.841  2.274  2.704
  33   .0159540  -.0088209  1.445  1.174   .902   .628   .354   .079   .195   .470   .744  1.017  1.289
  34   .0322772  -.0130967  1.348  1.152   .955   .757   .558   .358   .158   .042   .243   .443   .642
  35   .0537293  -.0173843  1.292  1.140   .986   .831   .675   .519   .361   .204   .046   .112   .270
  36   .0800543  -.0215654  1.256  1.132  1.006   .880   .752   .623   .494   .364   .234   .103   .028
  37   .1109042  -.0255831  1.230  1.126  1.020   .914   .806   .698   .588   .478   .367   .256   .144
  38   .1459311  -.0293405  1.210  1.121  1.031   .940   .847   .753   .658   .563   .467   .370   .273
  39   .1847153  -.0328042  1.195  1.118  1.039   .959   .878   .796   .713   .629   .544   .459   .373
  40   .2268232  -.0358855  1.183  1.115  1.046   .976   .904   .831   .757   .682   .607   .531   .454
  41   .2717665  -.0385642  1.173  1.113  1.052   .989   .925   .860   .794   .727   .659   .590   .520
  42   .3190432  -.0407561  1.165  1.111  1.056  1.000   .943   .884   .825   .764   .702   .640   .577
  43   .3681128  -.0424509  1.157  1.110  1.060  1.010   .958   .905   .851   .796   .740   .683   .625
  44   .4184266  -.0435656  1.151  1.108  1.064  1.018   .972   .924   .874   .824   .773   .721   .668
  45   .4694122  -.0440971  1.145  1.107  1.067  1.026   .983   .940   .895   .849   .802   .754   .706
  46   .5204970  -.0439555  1.140  1.106  1.070  1.033   .994   .954   .913   .871   .828   .784   .739
  47   .5710995  -.0431365  1.136  1.105  1.072  1.039  1.004   .968   .930   .892   .852   .812   .770
  48   .6206434  -.0415117  1.132  1.104  1.075  1.044  1.013   .980   .946   .910   .874   .837   .798
  49   .6685572  -.0390477  1.128  1.103  1.077  1.049  1.021   .991   .960   .927   .894   .860   .824
  50   .7142470  -.0352975  1.124  1.102  1.079  1.054  1.028  1.001   .973   .943   .913   .881   .848
  51   .7580387  -.0298252  1.073  1.054  1.035  1.014   .991   .968   .943   .918   .891   .863   .834
  52   .8003590  -.0233900  1.022  1.007   .990   .973   .954   .933   .912   .890   .866   .842   .816
  53   .8406593  -.0169245   .973   .961   .947   .932   .916   .899   .880   .861   .841   .819   .797
  54   .8782743  -.0109445   .926   .916   .905   .893   .879   .865   .849   .833   .815   .797   .777
  55   .9124554  -.0059845   .883   .875   .866   .856   .845   .833   .820   .806   .791   .774   .757
  56   .9423372  -.0023931   .844   .838   .831   .823   .814   .804   .793   .781   .769   .755   .740
  57   .9669123  -.0003921   .817   .813   .807   .801   .794   .786   .777   .767   .756   .744   .731
1AIRFOIL  102   12.08%      -4.00  -2.00    .00   2.00   4.00   6.00   8.00  10.00  12.00  14.00  16.00
   N       X          Y      V-DISTRIBUTIONS FOR THE ABOVE ANGLES OF ATTACK RELATIVE TO THE CHORD LINE     
  58   .9851327   .0002588   .803   .801   .797   .793   .787   .780   .773   .765   .755   .745   .734
  59   .9962668   .0001492   .799   .798   .795   .792   .788   .783   .777   .770   .762   .753   .744
  60   .9999997   .0000000   .797   .798   .797   .795   .793   .789   .784   .779   .772   .765   .757
 ALPHA0 = 2.42 DEGREES   CM0 = -.0660   ETA = 1.090
0WARNING - SUBROUTINE SMOOTH HAS SLOPES -.408 AND -.698 BETWEEN POINTS 31 AND 32
0WARNING - SUBROUTINE SMOOTH HAS SLOPES -.803 AND -.367 BETWEEN POINTS 32 AND 33
0SUMMARY AIRFOIL     102      ALPHA0= 2.42 DEG., ALPHA REL.  CHORD LINE     
 MACH= .000  * INDICATES BUBBLE U RED. BELOW  .958
0         R =  1500000   MU= 0    R =  3000000   MU= 0    R =  6000000   MU= 0    R =  9000000   MU= 0
0 ALPHA = -4.00 DEGREES
         1 S TURB S SEP    CD    2 S TURB S SEP    CD    3 S TURB S SEP    CD    4 S TURB S SEP    CD
  UPPER    .2373  .0000  .0019     .2373  .0000  .0016     .2373  .0000  .0013     .2373  .0000  .0012 
  LOWER   1.0054 1.0027  .0013*   1.0054 1.0012  .0010*   1.0054  .0000  .0051*   1.0054  .0000  .0049*
  TOTAL   CL=  .178 CD=  .0033    CL=  .178 CD=  .0026    CL= -.174 CD=  .0065    CL= -.174 CD=  .0061
       CM= -.0603 AC= -1.5786  CM= -.0603 AC= -1.5786  CM= -.0602 AC= -1.5786  CM= -.0602 AC= -1.5786
0 ALPHA = -2.00 DEGREES
         1 S TURB S SEP    CD    2 S TURB S SEP    CD    3 S TURB S SEP    CD    4 S TURB S SEP    CD
  UPPER    .2410  .0035  .0022*    .2410  .0000  .0017     .2410  .0000  .0014     .2410  .0000  .0013 
  LOWER   1.0019  .0000  .0051*   1.0019  .0000  .0047    1.0019  .0000  .0043    1.0019  .0000  .0040 
  TOTAL   CL=  .044 CD=  .0073    CL=  .046 CD=  .0064    CL=  .046 CD=  .0057    CL=  .046 CD=  .0053
       CM= -.0654 AC=   .4214  CM= -.0659 AC=   .4214  CM= -.0659 AC=   .4214  CM= -.0659 AC=   .4214
0 ALPHA =   .00 DEGREES
         1 S TURB S SEP    CD    2 S TURB S SEP    CD    3 S TURB S SEP    CD    4 S TURB S SEP    CD
  UPPER    .2449  .0155  .0024*    .2449  .0000  .0019     .2449  .0000  .0016     .2449  .0000  .0014 
  LOWER    .2623  .0000  .0017     .2623  .0000  .0014     .2623  .0000  .0011     .2623  .0000  .0010 
  TOTAL   CL=  .256 CD=  .0041    CL=  .266 CD=  .0032    CL=  .266 CD=  .0027    CL=  .266 CD=  .0024
       CM= -.0696 AC=  2.4214  CM= -.0722 AC=  2.4214  CM= -.0722 AC=  2.4214  CM= -.0722 AC=  2.4214
0 ALPHA =  2.00 DEGREES
         1 S TURB S SEP    CD    2 S TURB S SEP    CD    3 S TURB S SEP    CD    4 S TURB S SEP    CD
  UPPER    .2492  .0317  .0027*    .2492  .0022  .0021     .2492  .0000  .0017     .2492  .0000  .0015 
  LOWER    .2566  .0000  .0015     .2566  .0000  .0013     .2566  .0000  .0010     .2566  .0000  .0009 
  TOTAL   CL=  .461 CD=  .0042    CL=  .485 CD=  .0033    CL=  .486 CD=  .0027    CL=  .486 CD=  .0025
       CM= -.0730 AC=  4.4214  CM= -.0785 AC=  4.4214  CM= -.0790 AC=  4.4214  CM= -.0790 AC=  4.4214
0 ALPHA =  4.00 DEGREES
         1 S TURB S SEP    CD    2 S TURB S SEP    CD    3 S TURB S SEP    CD    4 S TURB S SEP    CD
  UPPER   1.0116  .0459  .0095*   1.0116  .0350  .0085    1.0116  .0251  .0076    1.0116  .0195  .0071 
  LOWER    .2510  .0000  .0014     .2510  .0000  .0011     .2510  .0000  .0010     .2510  .0000  .0009 
  TOTAL   CL=  .665 CD=  .0109    CL=  .675 CD=  .0096    CL=  .684 CD=  .0085    CL=  .689 CD=  .0080
       CM= -.0766 AC=  6.4214  CM= -.0787 AC=  6.4214  CM= -.0808 AC=  6.4214  CM= -.0820 AC=  6.4214
0 ALPHA =  6.00 DEGREES
         1 S TURB S SEP    CD    2 S TURB S SEP    CD    3 S TURB S SEP    CD    4 S TURB S SEP    CD
  UPPER   1.0191  .0583  .0117*   1.0191  .0469  .0105*   1.0191  .0353  .0093*   1.0191  .0289  .0087*
  LOWER    .2449  .0000  .0013     .2449  .0000  .0010     .2449  .0000  .0009     .2449  .0000  .0008 
  TOTAL   CL=  .867 CD=  .0129    CL=  .879 CD=  .0115    CL=  .891 CD=  .0102    CL=  .897 CD=  .0095
       CM= -.0805 AC=  8.4214  CM= -.0829 AC=  8.4214  CM= -.0855 AC=  8.4214  CM= -.0869 AC=  8.4214
1SUMMARY AIRFOIL     102      ALPHA0= 2.42 DEG., ALPHA REL.  CHORD LINE     
 MACH= .000  * INDICATES BUBBLE U RED. BELOW  .958
0         R =  1500000   MU= 0    R =  3000000   MU= 0    R =  6000000   MU= 0    R =  9000000   MU= 0
0 ALPHA =  8.00 DEGREES
         1 S TURB S SEP    CD    2 S TURB S SEP    CD    3 S TURB S SEP    CD    4 S TURB S SEP    CD
  UPPER   1.0197 1.0167  .0076*   1.0197 1.0097  .0064*   1.0197  .9742  .0060*   1.0197  .0426  .0107*
  LOWER    .2384  .0000  .0011     .2384  .0000  .0009     .2384  .0000  .0008     .2384  .0000  .0007 
  TOTAL   CL=  .005 CD=  .0087    CL=  .013 CD=  .0074    CL=  .053 CD=  .0068    CL= 1.099 CD=  .0114
       CM= -.1015 AC= 10.4214  CM= -.1018 AC= 10.4214  CM= -.1009 AC= 10.4214  CM= -.0909 AC= 10.4214
0 ALPHA = 10.00 DEGREES
         1 S TURB S SEP    CD    2 S TURB S SEP    CD    3 S TURB S SEP    CD    4 S TURB S SEP    CD
  UPPER   1.0199 1.0172  .0168*   1.0199 1.0161  .0129*   1.0199 1.0101  .0111*   1.0199 1.0077  .0099*
  LOWER    .2307  .0000  .0010     .2307  .0000  .0008     .2307  .0000  .0007     .2307  .0000  .0006 
  TOTAL   CL=  .112 CD=  .0178    CL=  .114 CD=  .0138    CL=  .121 CD=  .0118    CL=  .124 CD=  .0106
       CM= -.1099 AC= 12.4214  CM= -.1100 AC= 12.4214  CM= -.1103 AC= 12.4214  CM= -.1104 AC= 12.4214
0 ALPHA = 12.00 DEGREES
         1 S TURB S SEP    CD    2 S TURB S SEP    CD    3 S TURB S SEP    CD    4 S TURB S SEP    CD
  UPPER   1.0200 1.0175  .0322*   1.0200 1.0165  .0248*   1.0200 1.0144  .0201*   1.0200 1.0113  .0184*
  LOWER    .2207  .0000  .0009     .2207  .0000  .0008     .2207  .0000  .0006     .2207  .0000  .0006 
  TOTAL   CL=  .220 CD=  .0331    CL=  .222 CD=  .0255    CL=  .224 CD=  .0207    CL=  .228 CD=  .0190
       CM= -.1187 AC= 14.4214  CM= -.1187 AC= 14.4214  CM= -.1189 AC= 14.4214  CM= -.1191 AC= 14.4214
0 ALPHA = 14.00 DEGREES
         1 S TURB S SEP    CD    2 S TURB S SEP    CD    3 S TURB S SEP    CD    4 S TURB S SEP    CD
  UPPER   1.0200 1.0176  .0557*   1.0200 1.0166  .0429*   1.0200 1.0160  .0338*   1.0200 1.0139  .0309*
  LOWER    .2066  .0000  .0008     .2066  .0000  .0007     .2066  .0000  .0006     .2066  .0000  .0005 
  TOTAL   CL=  .328 CD=  .0565    CL=  .329 CD=  .0435    CL=  .330 CD=  .0344    CL=  .333 CD=  .0314
       CM= -.1278 AC= 16.4214  CM= -.1278 AC= 16.4214  CM= -.1279 AC= 16.4214  CM= -.1280 AC= 16.4214
0 ALPHA = 16.00 DEGREES
         1 S TURB S SEP    CD    2 S TURB S SEP    CD    3 S TURB S SEP    CD    4 S TURB S SEP    CD
  UPPER   1.0200 1.0176  .0892*   1.0200 1.0167  .0688*   1.0200 1.0161  .0544*   1.0200 1.0156  .0482*
  LOWER    .1890  .0000  .0007     .1890  .0000  .0006     .1890  .0000  .0005     .1890  .0000  .0004 
  TOTAL   CL=  .436 CD=  .0899    CL=  .438 CD=  .0694    CL=  .438 CD=  .0548    CL=  .439 CD=  .0487
       CM= -.1371 AC= 18.4214  CM= -.1372 AC= 18.4214  CM= -.1372 AC= 18.4214  CM= -.1373 AC= 18.4214
