1
0TRANSCENDENTAL EQUATION RESULTS   AIRFOIL  105   ITERATION 0   MODE 6
    NU   ALPHA*  OMEGA'  OMEGA     K       MU     K H   LAMBDA LAMBDA*
  10.000    .00   1.598   .063  -2.997   -.400-5.078492  10.00   4.00
  30.709   4.50
  50.000    .00
  60.000    .00   1.598   .063  -2.997   -.400-5.227985  10.00   4.00
0ITERATION 1   K S =-6.704671   DELTA =   .18614750   ROUNDED =   .186
 ITERATION 2   K S =-4.223295   DELTA =   .31657150   ROUNDED =   .317
 ITERATION 3   K S =-1.819819   DELTA =   .24002020   ROUNDED =   .240
 ITERATION 4   K S = -.550067   DELTA =   .10396990   ROUNDED =   .104
 ITERATION 5   K S = -.081002   DELTA =   .01795947   ROUNDED =   .018
 ITERATION 6   K S = -.003713   DELTA =   .00086469   ROUNDED =   .001
 ITERATION 7   K S =  .000549   DELTA =  -.00012891   ROUNDED =   .000
0TRANSCENDENTAL EQUATION RESULTS   AIRFOIL  105   ITERATION 7   MODE 6
    NU   ALPHA*  OMEGA'  OMEGA     K       MU     K H   LAMBDA LAMBDA*
  10.000    .00   1.083   .636  -2.031   -.400  .075022  10.00   4.00
  30.709   4.50
  50.000    .00
  60.000    .00   1.083   .636  -2.031   -.400 -.074472  10.00   4.00
0THICKNESS 14.57%, CM0=-.0530, ALFA0= 1.966 DEG.
1AIRFOIL  105   14.57%      -4.00  -2.00    .00   2.00   4.00   6.00   8.00  10.00  12.00  14.00  16.00
   N       X          Y      V-DISTRIBUTIONS FOR THE ABOVE ANGLES OF ATTACK RELATIVE TO THE CHORD LINE     
   0  1.0000000   .0000000   .758   .758   .758   .756   .754   .751   .747   .742   .736   .729   .721
   1   .9960798   .0005610   .767   .769   .770   .770   .769   .767   .764   .760   .756   .750   .744
   2   .9847318   .0026515   .795   .798   .801   .802   .803   .802   .801   .798   .795   .791   .785
   3   .9669212   .0068012   .835   .840   .844   .847   .849   .851   .851   .850   .847   .844   .840
   4   .9436848   .0130233   .880   .887   .893   .898   .902   .905   .906   .907   .906   .905   .902
   5   .9159468   .0210818   .927   .937   .945   .952   .958   .963   .966   .969   .970   .970   .969
   6   .8845542   .0305553   .980   .992  1.002  1.012  1.020  1.027  1.033  1.037  1.040  1.042  1.043
   7   .8502768   .0409031  1.035  1.050  1.063  1.075  1.086  1.096  1.104  1.111  1.116  1.120  1.123
   8   .8137257   .0514294  1.092  1.110  1.126  1.142  1.156  1.168  1.179  1.189  1.197  1.203  1.209
   9   .7754290   .0614858  1.149  1.171  1.191  1.210  1.227  1.242  1.257  1.269  1.280  1.290  1.298
  10   .7357784   .0700059  1.206  1.231  1.256  1.278  1.299  1.319  1.336  1.353  1.367  1.380  1.391
  11   .6940820   .0761672  1.196  1.225  1.252  1.277  1.301  1.324  1.344  1.364  1.381  1.397  1.411
  12   .6498721   .0805454  1.186  1.218  1.248  1.277  1.304  1.329  1.353  1.375  1.396  1.415  1.432
  13   .6037330   .0835934  1.175  1.210  1.244  1.276  1.306  1.335  1.362  1.388  1.412  1.434  1.454
  14   .5561774   .0853459  1.163  1.202  1.239  1.275  1.309  1.341  1.372  1.401  1.428  1.454  1.478
  15   .5077291   .0859071  1.151  1.193  1.234  1.274  1.312  1.348  1.383  1.416  1.447  1.476  1.504
  16   .4589091   .0852972  1.137  1.184  1.229  1.272  1.315  1.355  1.394  1.431  1.467  1.500  1.532
  17   .4102388   .0835924  1.122  1.173  1.223  1.271  1.318  1.363  1.407  1.449  1.489  1.527  1.564
  18   .3622374   .0808287  1.105  1.161  1.216  1.270  1.322  1.372  1.421  1.468  1.514  1.557  1.599
  19   .3154112   .0770917  1.085  1.148  1.209  1.268  1.326  1.383  1.437  1.490  1.542  1.591  1.638
  20   .2702581   .0724416  1.063  1.132  1.200  1.266  1.331  1.394  1.456  1.516  1.574  1.630  1.684
  21   .2272510   .0669825  1.037  1.114  1.190  1.264  1.337  1.408  1.478  1.545  1.611  1.675  1.736
  22   .1868471   .0608018  1.006  1.093  1.178  1.262  1.344  1.425  1.503  1.580  1.655  1.728  1.799
  23   .1494668   .0540246   .969  1.067  1.164  1.259  1.352  1.444  1.534  1.623  1.709  1.793  1.875
  24   .1155092   .0467682   .923  1.035  1.146  1.255  1.363  1.469  1.573  1.676  1.776  1.874  1.970
  25   .0853268   .0391811   .863   .993  1.122  1.250  1.376  1.501  1.623  1.744  1.863  1.979  2.093
  26   .0592477   .0314177   .782   .937  1.091  1.243  1.394  1.544  1.691  1.836  1.979  2.120  2.258
  27   .0375484   .0236574   .667   .857  1.046  1.234  1.420  1.605  1.787  1.968  2.146  2.321  2.494
  28   .0204848   .0161202   .487   .732   .976  1.219  1.461  1.700  1.938  2.173  2.406  2.635  2.862
  29   .0082822   .0090566   .166   .509   .851  1.193  1.533  1.871  2.207  2.540  2.870  3.197  3.520
  30   .0011931   .0029279   .581   .010   .561  1.132  1.701  2.268  2.832  3.393  3.949  4.501  5.048
  31   .0005508  -.0019686  1.932  1.165   .397   .371  1.139  1.906  2.671  3.432  4.189  4.941  5.686
  32   .0066394  -.0067614  1.541  1.159   .776   .391   .007   .378   .763  1.146  1.528  1.908  2.286
  33   .0184722  -.0121421  1.410  1.157   .902   .646   .390   .133   .124   .381   .638   .893  1.148
  34   .0356396  -.0177597  1.344  1.156   .966   .775   .583   .390   .197   .003   .190   .383   .576
  35   .0578077  -.0234399  1.304  1.155  1.004   .852   .699   .545   .391   .236   .080   .075   .230
  36   .0847018  -.0290209  1.278  1.154  1.030   .904   .778   .650   .521   .392   .262   .132   .002
  37   .1159780  -.0344065  1.258  1.154  1.049   .942   .834   .725   .615   .505   .394   .282   .170
  38   .1512807  -.0394765  1.244  1.154  1.063   .971   .877   .783   .687   .591   .494   .396   .298
  39   .1901965  -.0441589  1.232  1.154  1.074   .993   .911   .828   .744   .658   .572   .486   .399
  40   .2322908  -.0483518  1.223  1.154  1.083  1.012   .939   .865   .790   .714   .637   .559   .481
  41   .2770842  -.0519997  1.215  1.153  1.091  1.027   .962   .895   .828   .759   .690   .620   .549
  42   .3240786  -.0550126  1.208  1.153  1.097  1.040   .981   .921   .860   .798   .736   .672   .607
  43   .3727443  -.0573489  1.202  1.153  1.103  1.051   .998   .944   .889   .832   .775   .716   .657
  44   .4225398  -.0589261  1.197  1.153  1.108  1.061  1.013   .964   .913   .862   .809   .756   .701
  45   .4729054  -.0597137  1.193  1.153  1.112  1.070  1.026   .982   .936   .888   .840   .791   .741
  46   .5232774  -.0596270  1.188  1.153  1.116  1.078  1.038   .997   .955   .912   .868   .823   .776
  47   .5730872  -.0586382  1.185  1.153  1.120  1.085  1.049  1.012   .973   .934   .893   .851   .808
  48   .6217663  -.0566230  1.181  1.153  1.123  1.092  1.059  1.025   .990   .954   .916   .878   .838
  49   .6687531  -.0535252  1.178  1.153  1.126  1.098  1.068  1.038  1.005   .972   .938   .902   .865
  50   .7134404  -.0488629  1.175  1.153  1.129  1.104  1.077  1.049  1.020   .989   .958   .925   .891
  51   .7562584  -.0420879  1.115  1.096  1.076  1.054  1.032  1.008   .982   .956   .928   .900   .870
  52   .7978019  -.0340237  1.054  1.039  1.022  1.004   .985   .964   .943   .920   .896   .871   .845
  53   .8375934  -.0257022   .995   .982   .969   .954   .938   .921   .902   .883   .862   .841   .818
  54   .8750228  -.0177483   .938   .928   .917   .905   .891   .877   .862   .845   .828   .809   .790
  55   .9093737  -.0108225   .884   .877   .868   .858   .847   .835   .823   .809   .794   .778   .761
  56   .9397646  -.0054384   .836   .830   .823   .816   .807   .797   .787   .775   .763   .749   .735
  57   .9651085  -.0019738   .798   .794   .789   .784   .777   .769   .761   .751   .740   .729   .717
1AIRFOIL  105   14.57%      -4.00  -2.00    .00   2.00   4.00   6.00   8.00  10.00  12.00  14.00  16.00
   N       X          Y      V-DISTRIBUTIONS FOR THE ABOVE ANGLES OF ATTACK RELATIVE TO THE CHORD LINE     
  58   .9841872  -.0003374   .775   .772   .769   .765   .760   .754   .747   .739   .730   .720   .710
  59   .9960057   .0000315   .762   .761   .759   .757   .753   .748   .743   .736   .729   .721   .712
  60  1.0000000   .0000000   .758   .758   .758   .756   .754   .751   .747   .742   .736   .729   .721
 ALPHA0 = 1.97 DEGREES   CM0 = -.0530   ETA = 1.112
0WARNING - SUBROUTINE SMOOTH HAS SLOPES -.402 AND -.526 BETWEEN POINTS 31 AND 32
0WARNING - SUBROUTINE SMOOTH HAS SLOPES -.613 AND -.281 BETWEEN POINTS 32 AND 33
0SUMMARY AIRFOIL     105      ALPHA0= 1.97 DEG., ALPHA REL.  CHORD LINE     
 MACH= .000  * INDICATES BUBBLE U RED. BELOW  .958
0         R =  1500000   MU= 0    R =  3000000   MU= 0    R =  6000000   MU= 0    R =  9000000   MU= 0
0 ALPHA = -4.00 DEGREES
         1 S TURB S SEP    CD    2 S TURB S SEP    CD    3 S TURB S SEP    CD    4 S TURB S SEP    CD
  UPPER    .2474  .0181  .0020*    .2474  .0000  .0016     .2474  .0000  .0013     .2474  .0000  .0012 
  LOWER   1.0076  .0648  .0070*   1.0076  .0513  .0062*   1.0076  .0365  .0056    1.0076  .0258  .0052 
  TOTAL   CL= -.200 CD=  .0090    CL= -.198 CD=  .0078    CL= -.205 CD=  .0069    CL= -.211 CD=  .0064
       CM= -.0499 AC= -2.0339  CM= -.0507 AC= -2.0339  CM= -.0491 AC= -2.0339  CM= -.0479 AC= -2.0339
0 ALPHA = -2.00 DEGREES
         1 S TURB S SEP    CD    2 S TURB S SEP    CD    3 S TURB S SEP    CD    4 S TURB S SEP    CD
  UPPER    .2505  .0315  .0022*    .2505  .0035  .0017     .2505  .0000  .0014     .2505  .0000  .0013 
  LOWER    .2730  .0437  .0020*    .2730  .0000  .0016     .2730  .0000  .0013     .2730  .0000  .0012 
  TOTAL   CL= -.006 CD=  .0042    CL= -.006 CD=  .0033    CL= -.004 CD=  .0028    CL= -.004 CD=  .0025
       CM= -.0518 AC=  -.0339  CM= -.0518 AC=  -.0339  CM= -.0523 AC=  -.0339  CM= -.0523 AC=  -.0339
0 ALPHA =   .00 DEGREES
         1 S TURB S SEP    CD    2 S TURB S SEP    CD    3 S TURB S SEP    CD    4 S TURB S SEP    CD
  UPPER    .2537  .0488  .0025*    .2537  .0131  .0019     .2537  .0000  .0015     .2537  .0000  .0014 
  LOWER    .2683  .0023  .0018*    .2683  .0000  .0015     .2683  .0000  .0012     .2683  .0000  .0011 
  TOTAL   CL=  .181 CD=  .0043    CL=  .207 CD=  .0034    CL=  .216 CD=  .0027    CL=  .216 CD=  .0025
       CM= -.0521 AC=  1.9661  CM= -.0578 AC=  1.9661  CM= -.0602 AC=  1.9661  CM= -.0602 AC=  1.9661
0 ALPHA =  2.00 DEGREES
         1 S TURB S SEP    CD    2 S TURB S SEP    CD    3 S TURB S SEP    CD    4 S TURB S SEP    CD
  UPPER    .2574  .0707  .0028*    .2574  .0253  .0021     .2574  .0026  .0017     .2574  .0000  .0015 
  LOWER    .2640  .0000  .0016     .2640  .0000  .0014     .2640  .0000  .0011     .2640  .0000  .0010 
  TOTAL   CL=  .377 CD=  .0044    CL=  .415 CD=  .0035    CL=  .434 CD=  .0028    CL=  .436 CD=  .0025
       CM= -.0549 AC=  3.9661  CM= -.0631 AC=  3.9661  CM= -.0677 AC=  3.9661  CM= -.0682 AC=  3.9661
0 ALPHA =  4.00 DEGREES
         1 S TURB S SEP    CD    2 S TURB S SEP    CD    3 S TURB S SEP    CD    4 S TURB S SEP    CD
  UPPER   1.0123  .0729  .0099    1.0123  .0614  .0088    1.0123  .0501  .0079    1.0123  .0434  .0074 
  LOWER    .2599  .0000  .0015     .2599  .0000  .0012     .2599  .0000  .0010     .2599  .0000  .0009 
  TOTAL   CL=  .587 CD=  .0114    CL=  .598 CD=  .0100    CL=  .609 CD=  .0089    CL=  .615 CD=  .0083
       CM= -.0610 AC=  5.9661  CM= -.0632 AC=  5.9661  CM= -.0654 AC=  5.9661  CM= -.0668 AC=  5.9661
0 ALPHA =  6.00 DEGREES
         1 S TURB S SEP    CD    2 S TURB S SEP    CD    3 S TURB S SEP    CD    4 S TURB S SEP    CD
  UPPER   1.0181  .0837  .0119*   1.0181  .0722  .0106*   1.0181  .0599  .0094    1.0181  .0530  .0088 
  LOWER    .2555  .0000  .0014     .2555  .0000  .0011     .2555  .0000  .0009     .2555  .0000  .0009 
  TOTAL   CL=  .788 CD=  .0132    CL=  .800 CD=  .0117    CL=  .813 CD=  .0104    CL=  .820 CD=  .0097
       CM= -.0654 AC=  7.9661  CM= -.0677 AC=  7.9661  CM= -.0703 AC=  7.9661  CM= -.0719 AC=  7.9661
1SUMMARY AIRFOIL     105      ALPHA0= 1.97 DEG., ALPHA REL.  CHORD LINE     
 MACH= .000  * INDICATES BUBBLE U RED. BELOW  .958
0         R =  1500000   MU= 0    R =  3000000   MU= 0    R =  6000000   MU= 0    R =  9000000   MU= 0
0 ALPHA =  8.00 DEGREES
         1 S TURB S SEP    CD    2 S TURB S SEP    CD    3 S TURB S SEP    CD    4 S TURB S SEP    CD
  UPPER   1.0194  .0960  .0143*   1.0194  .0842  .0128*   1.0194  .0718  .0113*   1.0194  .0642  .0106*
  LOWER    .2506  .0000  .0012     .2506  .0000  .0010     .2506  .0000  .0009     .2506  .0000  .0008 
  TOTAL   CL=  .984 CD=  .0156    CL=  .998 CD=  .0138    CL= 1.012 CD=  .0122    CL= 1.021 CD=  .0114
       CM= -.0692 AC=  9.9661  CM= -.0717 AC=  9.9661  CM= -.0745 AC=  9.9661  CM= -.0763 AC=  9.9661
0 ALPHA = 10.00 DEGREES
         1 S TURB S SEP    CD    2 S TURB S SEP    CD    3 S TURB S SEP    CD    4 S TURB S SEP    CD
  UPPER   1.0200 1.0116  .0085*   1.0200  .0998  .0154*   1.0200  .0865  .0137*   1.0200  .0786  .0128*
  LOWER    .2453  .0000  .0011     .2453  .0000  .0009     .2453  .0000  .0008     .2453  .0000  .0007 
  TOTAL   CL=  .023 CD=  .0096    CL= 1.189 CD=  .0163    CL= 1.206 CD=  .0145    CL= 1.216 CD=  .0135
       CM= -.1014 AC= 11.9661  CM= -.0746 AC= 11.9661  CM= -.0777 AC= 11.9661  CM= -.0796 AC= 11.9661
0 ALPHA = 12.00 DEGREES
         1 S TURB S SEP    CD    2 S TURB S SEP    CD    3 S TURB S SEP    CD    4 S TURB S SEP    CD
  UPPER   1.0206 1.0129  .0150*   1.0206  .9960  .0128*   1.0206  .1120  .0166*   1.0206  .1008  .0155*
  LOWER    .2391  .0000  .0010     .2391  .0000  .0008     .2391  .0000  .0007     .2391  .0000  .0006 
  TOTAL   CL=  .130 CD=  .0161    CL=  .153 CD=  .0136    CL= 1.381 CD=  .0173    CL= 1.396 CD=  .0161
       CM= -.1098 AC= 13.9661  CM= -.1103 AC= 13.9661  CM= -.0778 AC= 13.9661  CM= -.0805 AC= 13.9661
0 ALPHA = 14.00 DEGREES
         1 S TURB S SEP    CD    2 S TURB S SEP    CD    3 S TURB S SEP    CD    4 S TURB S SEP    CD
  UPPER   1.0213 1.0131  .0250*   1.0213 1.0047  .0204*   1.0213  .9826  .0175*   1.0213  .9374  .0168*
  LOWER    .2312  .0000  .0009     .2312  .0000  .0007     .2312  .0000  .0006     .2312  .0000  .0006 
  TOTAL   CL=  .238 CD=  .0259    CL=  .250 CD=  .0211    CL=  .284 CD=  .0182    CL=  .351 CD=  .0174
       CM= -.1183 AC= 15.9661  CM= -.1187 AC= 15.9661  CM= -.1180 AC= 15.9661  CM= -.1134 AC= 15.9661
0 ALPHA = 16.00 DEGREES
         1 S TURB S SEP    CD    2 S TURB S SEP    CD    3 S TURB S SEP    CD    4 S TURB S SEP    CD
  UPPER   1.0228 1.0127  .0406    1.0228 1.0087  .0329    1.0228 1.0010  .0278    1.0228  .9977  .0251 
  LOWER    .2206  .0000  .0008     .2206  .0000  .0007     .2206  .0000  .0006     .2206  .0000  .0005 
  TOTAL   CL=  .347 CD=  .0414    CL=  .354 CD=  .0336    CL=  .366 CD=  .0283    CL=  .371 CD=  .0256
       CM= -.1267 AC= 17.9661  CM= -.1270 AC= 17.9661  CM= -.1273 AC= 17.9661  CM= -.1273 AC= 17.9661
