1
0TRANSCENDENTAL EQUATION RESULTS   AIRFOIL  106   ITERATION 0   MODE 6
    NU   ALPHA*  OMEGA'  OMEGA     K       MU     K H   LAMBDA LAMBDA*
  10.000    .00   1.598   .063  -2.997   -.400-4.867966  10.00   4.00
  30.784   5.00
  50.000    .00
  60.000    .00   1.598   .063  -2.997   -.400-5.031168  10.00   4.00
0ITERATION 1   K S =-6.297327   DELTA =   .17483800   ROUNDED =   .175
 ITERATION 2   K S =-3.926749   DELTA =   .28987910   ROUNDED =   .290
 ITERATION 3   K S =-1.645248   DELTA =   .20912640   ROUNDED =   .209
 ITERATION 4   K S = -.477780   DELTA =   .08553221   ROUNDED =   .086
 ITERATION 5   K S = -.063256   DELTA =   .01312361   ROUNDED =   .013
 ITERATION 6   K S = -.003255   DELTA =   .00070533   ROUNDED =   .001
 ITERATION 7   K S =  .001331   DELTA =  -.00029019   ROUNDED =   .000
0TRANSCENDENTAL EQUATION RESULTS   AIRFOIL  106   ITERATION 7   MODE 6
    NU   ALPHA*  OMEGA'  OMEGA     K       MU     K H   LAMBDA LAMBDA*
  10.000    .00   1.132   .611  -2.123   -.400  .082266  10.00   4.00
  30.784   5.00
  50.000    .00
  60.000    .00   1.132   .611  -2.123   -.400 -.080935  10.00   4.00
0WARNING - SX =  .036   SY = -.040
0THICKNESS 15.75%, CM0=-.0587, ALFA0= 2.179 DEG.
1AIRFOIL  106   15.75%      -4.00  -2.00    .00   2.00   4.00   6.00   8.00  10.00  12.00  14.00  16.00
   N       X          Y      V-DISTRIBUTIONS FOR THE ABOVE ANGLES OF ATTACK RELATIVE TO THE CHORD LINE     
   0  1.0000000   .0000000   .737   .738   .737   .736   .733   .730   .726   .721   .715   .708   .701
   1   .9959557   .0006420   .748   .750   .750   .750   .749   .747   .745   .741   .736   .731   .724
   2   .9843044   .0030219   .779   .782   .785   .786   .786   .786   .784   .782   .778   .774   .769
   3   .9661533   .0077063   .824   .829   .833   .836   .838   .839   .838   .837   .835   .832   .828
   4   .9426517   .0146572   .874   .881   .886   .891   .895   .898   .899   .900   .899   .897   .894
   5   .9147793   .0235604   .926   .935   .943   .950   .956   .961   .964   .966   .967   .967   .966
   6   .8833995   .0339186   .983   .995  1.006  1.015  1.023  1.030  1.036  1.040  1.043  1.045  1.045
   7   .8492742   .0451262  1.044  1.058  1.072  1.084  1.095  1.104  1.112  1.119  1.124  1.128  1.131
   8   .8129877   .0564373  1.105  1.123  1.140  1.155  1.169  1.181  1.192  1.202  1.210  1.216  1.221
   9   .7750397   .0671723  1.167  1.189  1.209  1.228  1.245  1.261  1.275  1.288  1.299  1.308  1.316
  10   .7357886   .0762300  1.228  1.254  1.278  1.301  1.322  1.341  1.359  1.376  1.390  1.403  1.414
  11   .6944779   .0827807  1.218  1.246  1.274  1.299  1.324  1.346  1.367  1.386  1.404  1.420  1.434
  12   .6506104   .0874429  1.207  1.239  1.269  1.298  1.326  1.351  1.375  1.398  1.418  1.437  1.455
  13   .6047812   .0906871  1.195  1.231  1.265  1.297  1.328  1.357  1.384  1.410  1.434  1.456  1.477
  14   .5575025   .0925489  1.183  1.222  1.259  1.295  1.330  1.362  1.393  1.423  1.450  1.476  1.500
  15   .5092972   .0931364  1.170  1.213  1.254  1.294  1.332  1.369  1.403  1.437  1.468  1.498  1.526
  16   .4606844   .0924704  1.155  1.202  1.248  1.292  1.334  1.375  1.414  1.452  1.488  1.522  1.554
  17   .4121834   .0906307  1.139  1.191  1.241  1.290  1.337  1.383  1.427  1.469  1.509  1.548  1.584
  18   .3643111   .0876554  1.121  1.178  1.234  1.288  1.340  1.391  1.440  1.488  1.533  1.577  1.619
  19   .3175718   .0836349  1.101  1.164  1.226  1.285  1.344  1.401  1.456  1.509  1.560  1.610  1.657
  20   .2724623   .0786333  1.078  1.148  1.216  1.283  1.348  1.411  1.473  1.533  1.591  1.647  1.702
  21   .2294535   .0727613  1.051  1.129  1.205  1.279  1.352  1.424  1.493  1.561  1.627  1.691  1.753
  22   .1890027   .0661115  1.020  1.106  1.192  1.276  1.358  1.439  1.518  1.595  1.670  1.743  1.814
  23   .1515292   .0588178   .981  1.079  1.176  1.271  1.365  1.456  1.547  1.635  1.721  1.805  1.887
  24   .1174334   .0510041   .934  1.046  1.156  1.265  1.373  1.479  1.583  1.685  1.785  1.883  1.979
  25   .0870676   .0428298   .873  1.003  1.131  1.258  1.383  1.507  1.629  1.749  1.867  1.982  2.095
  26   .0607634   .0344565   .792   .945  1.097  1.248  1.397  1.545  1.691  1.835  1.976  2.115  2.252
  27   .0387974   .0260777   .676   .864  1.049  1.234  1.417  1.599  1.778  1.956  2.131  2.303  2.473
  28   .0214331   .0179195   .500   .739   .976  1.213  1.448  1.681  1.912  2.141  2.368  2.591  2.811
  29   .0088935   .0102509   .194   .522   .849  1.176  1.501  1.824  2.145  2.464  2.779  3.091  3.400
  30   .0014511   .0035262   .478   .047   .571  1.095  1.617  2.138  2.655  3.170  3.681  4.187  4.688
  31   .0004059  -.0018239  1.869  1.094   .319   .457  1.233  2.007  2.778  3.546  4.310  5.068  5.821
  32   .0061446  -.0069344  1.515  1.129   .742   .354   .035   .423   .811  1.198  1.583  1.967  2.348
  33   .0177610  -.0126980  1.396  1.141   .883   .625   .366   .107   .153   .412   .671   .929  1.186
  34   .0347460  -.0187354  1.337  1.146   .955   .762   .568   .373   .178   .017   .213   .408   .602
  35   .0567537  -.0248444  1.301  1.150   .998   .844   .689   .534   .378   .221   .064   .092   .249
  36   .0835011  -.0308579  1.277  1.152  1.027   .899   .771   .642   .512   .382   .251   .120   .012
  37   .1146410  -.0366666  1.259  1.154  1.047   .940   .831   .720   .610   .498   .386   .273   .160
  38   .1498156  -.0421445  1.246  1.155  1.063   .970   .875   .780   .683   .586   .488   .389   .290
  39   .1886100  -.0472108  1.235  1.156  1.076   .994   .911   .827   .742   .656   .569   .481   .393
  40   .2305889  -.0517582  1.227  1.157  1.086  1.014   .940   .865   .789   .712   .634   .556   .477
  41   .2752720  -.0557243  1.220  1.158  1.095  1.030   .964   .897   .829   .759   .689   .618   .546
  42   .3221608  -.0590141  1.214  1.158  1.102  1.044   .984   .924   .862   .799   .736   .671   .606
  43   .3707251  -.0615804  1.209  1.159  1.108  1.056  1.002   .947   .891   .834   .776   .717   .657
  44   .4204230  -.0633363  1.204  1.159  1.114  1.066  1.018   .968   .917   .865   .812   .757   .702
  45   .4706940  -.0642466  1.200  1.160  1.118  1.076  1.032   .986   .940   .892   .843   .793   .742
  46   .5209734  -.0642223  1.196  1.160  1.123  1.084  1.044  1.003   .960   .916   .871   .826   .779
  47   .5706917  -.0632313  1.193  1.161  1.127  1.092  1.055  1.018   .979   .939   .897   .855   .811
  48   .6192780  -.0611435  1.190  1.161  1.131  1.099  1.066  1.031   .996   .959   .921   .882   .842
  49   .6661679  -.0578972  1.187  1.161  1.134  1.105  1.075  1.044  1.012   .978   .943   .907   .870
  50   .7107442  -.0529881  1.184  1.161  1.137  1.111  1.084  1.056  1.026   .996   .964   .930   .896
  51   .7534704  -.0458265  1.121  1.102  1.081  1.059  1.036  1.012   .987   .960   .932   .903   .873
  52   .7950011  -.0372500  1.057  1.041  1.024  1.006   .987   .966   .944   .921   .897   .872   .846
  53   .8348850  -.0283272   .994   .982   .968   .953   .937   .919   .901   .881   .861   .839   .816
  54   .8725331  -.0197182   .933   .923   .912   .900   .887   .872   .857   .840   .823   .804   .785
  55   .9072434  -.0121375   .876   .868   .859   .850   .839   .827   .814   .800   .785   .770   .753
  56   .9381263  -.0061703   .823   .818   .811   .803   .795   .785   .775   .763   .751   .737   .723
  57   .9640419  -.0022749   .783   .779   .774   .768   .761   .754   .745   .735   .725   .714   .702
1AIRFOIL  106   15.75%      -4.00  -2.00    .00   2.00   4.00   6.00   8.00  10.00  12.00  14.00  16.00
   N       X          Y      V-DISTRIBUTIONS FOR THE ABOVE ANGLES OF ATTACK RELATIVE TO THE CHORD LINE     
  58   .9836624  -.0004049   .756   .754   .751   .746   .741   .735   .728   .720   .712   .702   .692
  59   .9958666   .0000308   .742   .741   .739   .737   .733   .728   .723   .716   .709   .701   .692
  60   .9999999   .0000000   .737   .738   .737   .736   .733   .730   .726   .721   .715   .708   .701
 ALPHA0 = 2.18 DEGREES   CM0 = -.0587   ETA = 1.121
0WARNING - SUBROUTINE SMOOTH HAS SLOPES -.378 AND -.536 BETWEEN POINTS 31 AND 32
0WARNING - SUBROUTINE SMOOTH HAS SLOPES -.605 AND -.286 BETWEEN POINTS 32 AND 33
0SUMMARY AIRFOIL     106      ALPHA0= 2.18 DEG., ALPHA REL.  CHORD LINE     
 MACH= .000  * INDICATES BUBBLE U RED. BELOW  .958
0         R =  6000000   MU= 0
0 ALPHA = -4.00 DEGREES
         1 S TURB S SEP    CD
  UPPER    .2505  .0000  .0013 
  LOWER   1.0094  .0521  .0057 
  TOTAL   CL= -.173 CD=  .0070
       CM= -.0568 AC= -1.8213
0 ALPHA = -2.00 DEGREES
         1 S TURB S SEP    CD
  UPPER    .2533  .0000  .0014 
  LOWER    .2768  .0000  .0013 
  TOTAL   CL=  .020 CD=  .0028
       CM= -.0586 AC=   .1787
0 ALPHA =   .00 DEGREES
         1 S TURB S SEP    CD
  UPPER    .2562  .0066  .0016 
  LOWER    .2724  .0000  .0012 
  TOTAL   CL=  .234 CD=  .0028
       CM= -.0659 AC=  2.1787
0 ALPHA =  2.00 DEGREES
         1 S TURB S SEP    CD
  UPPER    .2595  .0143  .0017 
  LOWER    .2685  .0000  .0011 
  TOTAL   CL=  .447 CD=  .0029
       CM= -.0729 AC=  4.1787
0 ALPHA =  4.00 DEGREES
         1 S TURB S SEP    CD
  UPPER    .2634  .0242  .0019 
  LOWER    .2647  .0000  .0010 
  TOTAL   CL=  .655 CD=  .0030
       CM= -.0791 AC=  6.1787
0 ALPHA =  6.00 DEGREES
         1 S TURB S SEP    CD
  UPPER   1.0208  .0717  .0099 
  LOWER    .2607  .0000  .0009 
  TOTAL   CL=  .818 CD=  .0108
       CM= -.0761 AC=  8.1787
1SUMMARY AIRFOIL     106      ALPHA0= 2.18 DEG., ALPHA REL.  CHORD LINE     
 MACH= .000  * INDICATES BUBBLE U RED. BELOW  .958
0         R =  6000000   MU= 0
0 ALPHA =  8.00 DEGREES
         1 S TURB S SEP    CD
  UPPER   1.0230  .0823  .0118*
  LOWER    .2563  .0000  .0009 
  TOTAL   CL= 1.017 CD=  .0127
       CM= -.0811 AC= 10.1787
0 ALPHA = 10.00 DEGREES
         1 S TURB S SEP    CD
  UPPER   1.0255  .0957  .0144 
  LOWER    .2511  .0000  .0008 
  TOTAL   CL= 1.210 CD=  .0152
       CM= -.0851 AC= 12.1787
0 ALPHA = 12.00 DEGREES
         1 S TURB S SEP    CD
  UPPER   1.0273  .1221  .0177 
  LOWER    .2457  .0000  .0007 
  TOTAL   CL= 1.381 CD=  .0184
       CM= -.0855 AC= 14.1787
0 ALPHA = 14.00 DEGREES
         1 S TURB S SEP    CD
  UPPER   1.0281  .9896  .0194 
  LOWER    .2388  .0000  .0006 
  TOTAL   CL=  .221 CD=  .0201
       CM= -.1313 AC= 16.1787
0 ALPHA = 16.00 DEGREES
         1 S TURB S SEP    CD
  UPPER   1.0284 1.0035  .0293 
  LOWER    .2299  .0000  .0006 
  TOTAL   CL=  .308 CD=  .0299
       CM= -.1409 AC= 18.1787
