1
0TRANSCENDENTAL EQUATION RESULTS   AIRFOIL  107   ITERATION 0   MODE 6
    NU   ALPHA*  OMEGA'  OMEGA     K       MU     K H   LAMBDA LAMBDA*
  10.000    .00   1.598   .063  -2.997   -.400-4.784156  10.00   4.00
  12.500  10.00
  30.786   5.00
  50.000    .00
  62.500    .00   1.598   .063  -2.997   -.400-4.969653  10.00   4.00
0ITERATION 1   K S =-6.152002   DELTA =   .17080320   ROUNDED =   .171
 ITERATION 2   K S =-3.822430   DELTA =   .28058180   ROUNDED =   .281
 ITERATION 3   K S =-1.582075   DELTA =   .19843430   ROUNDED =   .198
 ITERATION 4   K S = -.454068   DELTA =   .07970287   ROUNDED =   .080
 ITERATION 5   K S = -.058961   DELTA =   .01193821   ROUNDED =   .012
 ITERATION 6   K S = -.002111   DELTA =   .00044568   ROUNDED =   .000
0TRANSCENDENTAL EQUATION RESULTS   AIRFOIL  107   ITERATION 6   MODE 6
    NU   ALPHA*  OMEGA'  OMEGA     K       MU     K H   LAMBDA LAMBDA*
  10.000    .00   1.149   .602  -2.155   -.400  .091693  10.00   4.00
  12.500  10.00
  30.786   5.00
  50.000    .00
  62.500    .00   1.149   .602  -2.155   -.400 -.093804  10.00   4.00
0WARNING - SX =  .040   SY = -.042
0THICKNESS 15.82%, CM0=-.0625, ALFA0= 2.275 DEG.
1AIRFOIL  107   15.82%      -4.00  -2.00    .00   2.00   4.00   6.00   8.00  10.00  12.00  14.00  16.00
   N       X          Y      V-DISTRIBUTIONS FOR THE ABOVE ANGLES OF ATTACK RELATIVE TO THE CHORD LINE     
   0  1.0000000   .0000000   .732   .732   .732   .730   .728   .725   .720   .715   .710   .703   .695
   1   .9959334   .0006852   .743   .745   .746   .746   .745   .743   .740   .736   .731   .726   .720
   2   .9842495   .0032032   .777   .780   .782   .783   .784   .783   .782   .779   .776   .771   .766
   3   .9661182   .0081101   .824   .829   .833   .836   .838   .839   .839   .838   .835   .832   .828
   4   .9427207   .0153197   .877   .884   .890   .894   .898   .901   .902   .903   .902   .900   .897
   5   .9150353   .0244765   .931   .941   .949   .956   .961   .966   .969   .971   .973   .972   .971
   6   .8839141   .0350543   .991  1.003  1.013  1.023  1.031  1.038  1.043  1.048  1.051  1.052  1.053
   7   .8501070   .0464257  1.053  1.068  1.082  1.094  1.105  1.114  1.122  1.129  1.134  1.138  1.141
   8   .8141808   .0578228  1.117  1.135  1.152  1.167  1.181  1.194  1.205  1.214  1.222  1.229  1.234
   9   .7766212   .0685527  1.181  1.203  1.223  1.242  1.259  1.275  1.290  1.302  1.313  1.323  1.331
  10   .7377713   .0774627  1.244  1.270  1.294  1.317  1.339  1.358  1.376  1.393  1.407  1.420  1.432
  11   .6967537   .0836815  1.227  1.256  1.283  1.309  1.333  1.356  1.377  1.396  1.414  1.429  1.444
  12   .6529555   .0879503  1.209  1.241  1.271  1.300  1.327  1.353  1.377  1.399  1.420  1.439  1.456
  13   .6070189   .0908898  1.194  1.229  1.263  1.295  1.326  1.355  1.382  1.407  1.431  1.453  1.474
  14   .5595744   .0925694  1.182  1.221  1.258  1.294  1.328  1.360  1.391  1.420  1.448  1.474  1.497
  15   .5112066   .0930465  1.169  1.212  1.253  1.292  1.330  1.367  1.402  1.435  1.466  1.495  1.523
  16   .4624322   .0923070  1.155  1.202  1.247  1.291  1.333  1.374  1.413  1.450  1.486  1.519  1.551
  17   .4137704   .0904229  1.139  1.190  1.241  1.289  1.336  1.381  1.425  1.467  1.507  1.546  1.582
  18   .3657389   .0874237  1.121  1.178  1.233  1.287  1.339  1.390  1.439  1.486  1.531  1.575  1.617
  19   .3188429   .0833966  1.102  1.164  1.225  1.285  1.343  1.400  1.455  1.508  1.559  1.608  1.655
  20   .2735800   .0784010  1.079  1.148  1.216  1.283  1.348  1.411  1.472  1.532  1.590  1.646  1.700
  21   .2304225   .0725458  1.053  1.130  1.205  1.280  1.353  1.424  1.493  1.561  1.626  1.690  1.751
  22   .1898287   .0659202  1.021  1.108  1.193  1.276  1.358  1.439  1.517  1.594  1.669  1.742  1.813
  23   .1522193   .0586566   .984  1.081  1.178  1.272  1.366  1.457  1.547  1.635  1.721  1.805  1.886
  24   .1179959   .0508762   .937  1.048  1.159  1.267  1.374  1.480  1.584  1.686  1.785  1.883  1.978
  25   .0875118   .0427369   .877  1.006  1.134  1.261  1.386  1.509  1.631  1.750  1.868  1.983  2.096
  26   .0610996   .0343979   .797   .950  1.102  1.252  1.401  1.548  1.694  1.837  1.978  2.117  2.253
  27   .0390370   .0260513   .684   .870  1.056  1.240  1.423  1.604  1.782  1.959  2.134  2.306  2.475
  28   .0215887   .0179206   .510   .748   .985  1.221  1.456  1.688  1.919  2.147  2.372  2.595  2.815
  29   .0089782   .0102729   .209   .536   .863  1.189  1.513  1.835  2.155  2.473  2.787  3.098  3.406
  30   .0014796   .0035592   .451   .072   .595  1.117  1.638  2.157  2.673  3.187  3.696  4.200  4.700
  31   .0003922  -.0017956  1.835  1.059   .282   .495  1.272  2.047  2.820  3.589  4.354  5.114  5.867
  32   .0060952  -.0069306  1.499  1.112   .725   .336   .053   .443   .831  1.219  1.605  1.989  2.371
  33   .0176751  -.0127363  1.387  1.130   .873   .614   .354   .094   .166   .426   .685   .943  1.201
  34   .0346210  -.0188279  1.330  1.139   .947   .754   .559   .364   .169   .027   .222   .418   .613
  35   .0565871  -.0249998  1.296  1.145   .992   .838   .683   .527   .371   .214   .057   .100   .257
  36   .0832906  -.0310822  1.273  1.148  1.022   .895   .767   .637   .507   .376   .245   .114   .018
  37   .1143845  -.0369639  1.257  1.151  1.044   .936   .827   .716   .605   .493   .381   .268   .155
  38   .1495112  -.0425169  1.244  1.153  1.061   .967   .873   .777   .680   .582   .484   .385   .286
  39   .1882564  -.0476586  1.234  1.155  1.074   .992   .909   .824   .739   .653   .566   .478   .389
  40   .2301849  -.0522798  1.226  1.156  1.085  1.012   .938   .863   .787   .710   .632   .553   .474
  41   .2748169  -.0563165  1.219  1.157  1.093  1.029   .962   .895   .827   .757   .687   .616   .544
  42   .3216543  -.0596720  1.213  1.158  1.101  1.043   .983   .923   .861   .798   .734   .669   .604
  43   .3701671  -.0622973  1.208  1.159  1.108  1.055  1.001   .946   .890   .833   .775   .716   .655
  44   .4198138  -.0641040  1.204  1.159  1.113  1.066  1.017   .967   .916   .864   .810   .756   .701
  45   .4700342  -.0650553  1.200  1.160  1.118  1.075  1.031   .986   .939   .891   .842   .792   .741
  46   .5202637  -.0650602  1.197  1.161  1.123  1.084  1.044  1.002   .960   .916   .871   .825   .778
  47   .5699329  -.0640852  1.194  1.161  1.127  1.092  1.055  1.018   .979   .938   .897   .854   .811
  48   .6184708  -.0619971  1.191  1.162  1.131  1.099  1.066  1.032   .996   .959   .921   .882   .841
  49   .6653126  -.0587323  1.188  1.162  1.135  1.106  1.076  1.045  1.012   .978   .943   .907   .869
  50   .7098386  -.0537774  1.185  1.162  1.138  1.112  1.085  1.057  1.027   .996   .964   .930   .896
  51   .7525246  -.0465288  1.121  1.102  1.081  1.059  1.036  1.012   .986   .960   .932   .902   .872
  52   .7940460  -.0378287  1.056  1.041  1.024  1.005   .986   .965   .943   .920   .896   .871   .845
  53   .8339607  -.0287574   .992   .980   .966   .951   .934   .917   .899   .879   .858   .837   .814
  54   .8716877  -.0199866   .930   .920   .909   .897   .883   .869   .854   .837   .819   .801   .781
  55   .9065307  -.0122495   .871   .864   .855   .845   .834   .822   .810   .796   .781   .765   .749
  56   .9375982  -.0061590   .817   .812   .805   .798   .789   .779   .769   .757   .745   .732   .718
  57   .9637219  -.0022063   .776   .772   .767   .761   .755   .747   .738   .729   .719   .707   .695
1AIRFOIL  107   15.82%      -4.00  -2.00    .00   2.00   4.00   6.00   8.00  10.00  12.00  14.00  16.00
   N       X          Y      V-DISTRIBUTIONS FOR THE ABOVE ANGLES OF ATTACK RELATIVE TO THE CHORD LINE     
  58   .9835196  -.0003464   .750   .748   .744   .740   .735   .729   .722   .714   .706   .696   .686
  59   .9958320   .0000509   .737   .736   .734   .731   .727   .722   .717   .711   .703   .695   .687
  60   .9999998   .0000000   .732   .732   .732   .730   .728   .725   .720   .715   .710   .703   .695
 ALPHA0 = 2.27 DEGREES   CM0 = -.0625   ETA = 1.121
0WARNING - SUBROUTINE SMOOTH HAS SLOPES -.378 AND -.538 BETWEEN POINTS 31 AND 32
0WARNING - SUBROUTINE SMOOTH HAS SLOPES -.606 AND -.287 BETWEEN POINTS 32 AND 33
0SUMMARY AIRFOIL     107      ALPHA0= 2.27 DEG., ALPHA REL.  CHORD LINE     
 MACH= .000  * INDICATES BUBBLE U RED. BELOW  .958
0         R =  6000000   MU= 0
0 ALPHA = -4.00 DEGREES
         1 S TURB S SEP    CD
  UPPER    .2467  .0000  .0013 
  LOWER   1.0095  .0570  .0056 
  TOTAL   CL= -.160 CD=  .0070
       CM= -.0613 AC= -1.7255
0 ALPHA = -2.00 DEGREES
         1 S TURB S SEP    CD
  UPPER    .2489  .0040  .0015 
  LOWER    .2780  .0000  .0013 
  TOTAL   CL=  .027 CD=  .0028
       CM= -.0621 AC=   .2745
0 ALPHA =   .00 DEGREES
         1 S TURB S SEP    CD
  UPPER    .2513  .0107  .0016 
  LOWER    .2737  .0000  .0012 
  TOTAL   CL=  .241 CD=  .0028
       CM= -.0694 AC=  2.2745
0 ALPHA =  2.00 DEGREES
         1 S TURB S SEP    CD
  UPPER    .2539  .0183  .0017 
  LOWER    .2699  .0000  .0011 
  TOTAL   CL=  .453 CD=  .0029
       CM= -.0763 AC=  4.2745
0 ALPHA =  4.00 DEGREES
         1 S TURB S SEP    CD
  UPPER    .2570  .0281  .0019 
  LOWER    .2662  .0000  .0010 
  TOTAL   CL=  .660 CD=  .0030
       CM= -.0825 AC=  6.2745
0 ALPHA =  6.00 DEGREES
         1 S TURB S SEP    CD
  UPPER   1.0212  .0715  .0100 
  LOWER    .2623  .0000  .0009 
  TOTAL   CL=  .826 CD=  .0109
       CM= -.0802 AC=  8.2745
1SUMMARY AIRFOIL     107      ALPHA0= 2.27 DEG., ALPHA REL.  CHORD LINE     
 MACH= .000  * INDICATES BUBBLE U RED. BELOW  .958
0         R =  6000000   MU= 0
0 ALPHA =  8.00 DEGREES
         1 S TURB S SEP    CD
  UPPER   1.0234  .0813  .0120*
  LOWER    .2580  .0000  .0009 
  TOTAL   CL= 1.026 CD=  .0128
       CM= -.0854 AC= 10.2745
0 ALPHA = 10.00 DEGREES
         1 S TURB S SEP    CD
  UPPER   1.0261  .0940  .0146 
  LOWER    .2531  .0000  .0008 
  TOTAL   CL= 1.219 CD=  .0154
       CM= -.0896 AC= 12.2745
0 ALPHA = 12.00 DEGREES
         1 S TURB S SEP    CD
  UPPER   1.0277  .1215  .0179 
  LOWER    .2477  .0000  .0007 
  TOTAL   CL= 1.388 CD=  .0186
       CM= -.0897 AC= 14.2745
0 ALPHA = 14.00 DEGREES
         1 S TURB S SEP    CD
  UPPER   1.0283  .9923  .0198 
  LOWER    .2411  .0000  .0006 
  TOTAL   CL=  .190 CD=  .0204
       CM= -.1364 AC= 16.2745
0 ALPHA = 16.00 DEGREES
         1 S TURB S SEP    CD
  UPPER   1.0287 1.0042  .0299 
  LOWER    .2326  .0000  .0006 
  TOTAL   CL=  .280 CD=  .0305
       CM= -.1458 AC= 18.2745
