0PANEL METHOD AIRFOIL NACA  23012  CL= 0.10480, 6.94184 ALPHA0= 0.86 DEG.
1AIRFOIL NACA  23012   MOMENTS, CM REL. X=0.250 Y=0.000
  ALPHA      CM         CR    BETA=  0.00 DEG., HINGE AT X=0.000 Y=0.000
   0.86  -0.010172  -0.036439
   2.86  -0.013141  -0.099810
   4.86  -0.016222  -0.162935
   6.86  -0.019399  -0.225505
   8.86  -0.022658  -0.287216
  10.86  -0.025981  -0.347768
  11.86  -0.027663  -0.377516
  12.36  -0.028507  -0.392243
  12.86  -0.029354  -0.406864
  13.36  -0.030203  -0.421377
  13.86  -0.031054  -0.435777
  14.36  -0.031906  -0.450059
  14.86  -0.032759  -0.464218
  15.36  -0.033614  -0.478252
1AIRFOIL NACA  23012  12.00% THICKNESS,     0.00% FLAP   0.00DEGREES DEFLECTION
 MACH=0.000                  0.00   2.00   4.00   6.00   8.00  10.00  11.00  11.50  12.00  12.50  13.00  13.50  14.00  14.50
   N       X          Y     CP-DISTRIBUTIONS FOR THE ABOVE ANGLES OF ATTACK RELATIVE TO THE CHORD LINE     
   0  1.0000000  0.0012590  0.504  0.506  0.508  0.511  0.516  0.522  0.525  0.527  0.529  0.531  0.533  0.535  0.537  0.539
   1  0.9992914  0.0013736  0.350  0.350  0.351  0.354  0.358  0.364  0.367  0.369  0.371  0.373  0.375  0.378  0.380  0.382
   2  0.9971674  0.0017067  0.297  0.295  0.295  0.297  0.301  0.307  0.310  0.312  0.314  0.316  0.318  0.320  0.322  0.325
   3  0.9936342  0.0022591  0.256  0.253  0.252  0.254  0.256  0.261  0.264  0.266  0.268  0.270  0.272  0.274  0.276  0.278
   4  0.9887017  0.0030265  0.220  0.216  0.214  0.214  0.216  0.220  0.222  0.224  0.225  0.227  0.229  0.231  0.233  0.235
   5  0.9823840  0.0040036  0.188  0.183  0.179  0.178  0.178  0.181  0.183  0.184  0.186  0.187  0.189  0.190  0.192  0.194
   6  0.9746988  0.0051830  0.160  0.153  0.148  0.145  0.144  0.145  0.147  0.148  0.149  0.150  0.151  0.153  0.154  0.156
   7  0.9656681  0.0065563  0.134  0.125  0.118  0.114  0.112  0.112  0.112  0.113  0.114  0.114  0.115  0.116  0.118  0.119
   8  0.9553174  0.0081141  0.110  0.099  0.091  0.085  0.081  0.079  0.079  0.079  0.080  0.080  0.081  0.081  0.082  0.083
   9  0.9436761  0.0098456  0.088  0.075  0.065  0.057  0.051  0.048  0.047  0.047  0.047  0.047  0.047  0.047  0.048  0.049
  10  0.9307771  0.0117395  0.067  0.052  0.040  0.030  0.022  0.017  0.015  0.015  0.014  0.014  0.014  0.014  0.014  0.014
  11  0.9166570  0.0137835  0.047  0.030  0.016  0.004 -0.006 -0.013 -0.016 -0.017 -0.018 -0.018 -0.019 -0.019 -0.020 -0.020
  12  0.9013559  0.0159647  0.028  0.009 -0.007 -0.021 -0.033 -0.042 -0.046 -0.048 -0.049 -0.050 -0.052 -0.053 -0.053 -0.054
  13  0.8849170  0.0182701  0.010 -0.011 -0.030 -0.047 -0.060 -0.072 -0.077 -0.079 -0.081 -0.083 -0.084 -0.086 -0.087 -0.088
  14  0.8673871  0.0206859 -0.008 -0.031 -0.052 -0.071 -0.087 -0.101 -0.107 -0.110 -0.112 -0.115 -0.117 -0.119 -0.121 -0.122
  15  0.8488158  0.0231984 -0.025 -0.051 -0.074 -0.096 -0.114 -0.131 -0.138 -0.141 -0.144 -0.147 -0.150 -0.152 -0.155 -0.157
  16  0.8292558  0.0257934 -0.042 -0.070 -0.096 -0.120 -0.141 -0.160 -0.169 -0.173 -0.176 -0.180 -0.183 -0.186 -0.190 -0.192
  17  0.8087624  0.0284564 -0.058 -0.089 -0.118 -0.145 -0.169 -0.190 -0.200 -0.204 -0.209 -0.213 -0.217 -0.221 -0.225 -0.228
  18  0.7873937  0.0311733 -0.074 -0.108 -0.140 -0.169 -0.196 -0.221 -0.232 -0.237 -0.242 -0.247 -0.252 -0.256 -0.261 -0.265
  19  0.7652105  0.0339290 -0.090 -0.127 -0.162 -0.194 -0.224 -0.252 -0.264 -0.270 -0.276 -0.282 -0.287 -0.293 -0.298 -0.303
  20  0.7422755  0.0367088 -0.105 -0.146 -0.184 -0.219 -0.253 -0.283 -0.298 -0.305 -0.311 -0.318 -0.324 -0.330 -0.336 -0.342
  21  0.7186537  0.0394974 -0.121 -0.165 -0.206 -0.245 -0.282 -0.316 -0.332 -0.340 -0.347 -0.355 -0.362 -0.369 -0.376 -0.382
  22  0.6944122  0.0422791 -0.137 -0.184 -0.229 -0.272 -0.312 -0.350 -0.368 -0.376 -0.385 -0.393 -0.401 -0.409 -0.417 -0.424
  23  0.6696195  0.0450381 -0.153 -0.204 -0.252 -0.299 -0.343 -0.385 -0.405 -0.414 -0.424 -0.433 -0.442 -0.451 -0.460 -0.468
  24  0.6443460  0.0477577 -0.169 -0.224 -0.277 -0.327 -0.376 -0.421 -0.443 -0.454 -0.464 -0.475 -0.485 -0.495 -0.504 -0.514
  25  0.6186634  0.0504212 -0.186 -0.245 -0.301 -0.356 -0.409 -0.459 -0.483 -0.495 -0.507 -0.518 -0.529 -0.540 -0.551 -0.562
  26  0.5926444  0.0530112 -0.203 -0.266 -0.327 -0.387 -0.444 -0.499 -0.526 -0.539 -0.551 -0.564 -0.576 -0.589 -0.601 -0.613
  27  0.5663628  0.0555097 -0.220 -0.288 -0.354 -0.418 -0.481 -0.541 -0.570 -0.584 -0.598 -0.612 -0.626 -0.640 -0.653 -0.666
  28  0.5398931  0.0578987 -0.238 -0.310 -0.381 -0.451 -0.519 -0.585 -0.617 -0.632 -0.648 -0.663 -0.678 -0.693 -0.708 -0.723
  29  0.5133103  0.0601594 -0.255 -0.333 -0.410 -0.486 -0.559 -0.631 -0.666 -0.683 -0.700 -0.717 -0.734 -0.750 -0.767 -0.783
  30  0.4866898  0.0622733 -0.274 -0.357 -0.440 -0.522 -0.602 -0.680 -0.718 -0.737 -0.756 -0.774 -0.793 -0.811 -0.829 -0.847
  31  0.4601070  0.0642218 -0.293 -0.382 -0.471 -0.560 -0.646 -0.732 -0.773 -0.794 -0.815 -0.835 -0.855 -0.875 -0.895 -0.915
  32  0.4336373  0.0659860 -0.312 -0.408 -0.504 -0.599 -0.694 -0.786 -0.832 -0.855 -0.877 -0.900 -0.922 -0.944 -0.966 -0.987
  33  0.4073557  0.0675481 -0.331 -0.434 -0.538 -0.641 -0.744 -0.845 -0.895 -0.920 -0.944 -0.969 -0.993 -1.017 -1.041 -1.065
  34  0.3813367  0.0688905 -0.351 -0.462 -0.574 -0.685 -0.797 -0.907 -0.962 -0.989 -1.016 -1.043 -1.070 -1.096 -1.123 -1.149
  35  0.3556541  0.0699968 -0.371 -0.491 -0.611 -0.732 -0.853 -0.973 -1.033 -1.063 -1.093 -1.122 -1.152 -1.181 -1.210 -1.239
  36  0.3303806  0.0708518 -0.392 -0.520 -0.650 -0.781 -0.913 -1.045 -1.110 -1.143 -1.176 -1.208 -1.241 -1.273 -1.305 -1.337
  37  0.3055879  0.0714417 -0.413 -0.551 -0.692 -0.834 -0.978 -1.122 -1.194 -1.230 -1.266 -1.302 -1.337 -1.373 -1.408 -1.444
  38  0.2813464  0.0717545 -0.434 -0.583 -0.736 -0.891 -1.048 -1.206 -1.285 -1.324 -1.364 -1.403 -1.443 -1.482 -1.522 -1.561
  39  0.2577246  0.0717803 -0.456 -0.617 -0.783 -0.952 -1.124 -1.297 -1.384 -1.428 -1.472 -1.515 -1.559 -1.603 -1.646 -1.690
  40  0.2347896  0.0715113 -0.480 -0.654 -0.835 -1.019 -1.208 -1.399 -1.496 -1.544 -1.592 -1.641 -1.689 -1.738 -1.786 -1.835
  41  0.2126063  0.0709421 -0.505 -0.695 -0.892 -1.095 -1.303 -1.515 -1.622 -1.675 -1.729 -1.783 -1.837 -1.892 -1.946 -2.000
  42  0.1912377  0.0700692 -0.539 -0.747 -0.964 -1.188 -1.419 -1.656 -1.776 -1.836 -1.897 -1.957 -2.018 -2.079 -2.141 -2.202
  43  0.1707443  0.0688385 -0.578 -0.808 -1.049 -1.299 -1.558 -1.825 -1.960 -2.028 -2.097 -2.166 -2.235 -2.304 -2.374 -2.443
  44  0.1511843  0.0671562 -0.612 -0.865 -1.133 -1.412 -1.703 -2.003 -2.156 -2.234 -2.311 -2.390 -2.468 -2.547 -2.626 -2.706
  45  0.1326129  0.0649628 -0.634 -0.913 -1.210 -1.522 -1.847 -2.186 -2.359 -2.447 -2.535 -2.624 -2.713 -2.803 -2.893 -2.984
  46  0.1150830  0.0622319 -0.641 -0.948 -1.275 -1.622 -1.987 -2.368 -2.564 -2.663 -2.763 -2.864 -2.965 -3.068 -3.170 -3.274
  47  0.0986442  0.0589647 -0.630 -0.965 -1.326 -1.711 -2.119 -2.547 -2.768 -2.881 -2.994 -3.108 -3.223 -3.339 -3.456 -3.574
  48  0.0833431  0.0551861 -0.599 -0.963 -1.360 -1.786 -2.241 -2.722 -2.971 -3.098 -3.226 -3.356 -3.487 -3.619 -3.752 -3.886
  49  0.0692230  0.0509404 -0.545 -0.940 -1.374 -1.846 -2.353 -2.893 -3.175 -3.318 -3.463 -3.610 -3.759 -3.909 -4.060 -4.214
  50  0.0563240  0.0462869 -0.469 -0.895 -1.369 -1.891 -2.456 -3.063 -3.381 -3.543 -3.708 -3.875 -4.044 -4.215 -4.388 -4.563
  51  0.0446826  0.0412970 -0.369 -0.826 -1.343 -1.919 -2.551 -3.234 -3.595 -3.780 -3.967 -4.157 -4.351 -4.547 -4.745 -4.946
  52  0.0343319  0.0360501 -0.243 -0.731 -1.296 -1.933 -2.640 -3.414 -3.825 -4.036 -4.251 -4.470 -4.692 -4.918 -5.147 -5.379
  53  0.0253012  0.0306308 -0.091 -0.609 -1.224 -1.931 -2.728 -3.610 -4.082 -4.325 -4.573 -4.826 -5.084 -5.347 -5.613 -5.885
  54  0.0176161  0.0251254  0.090 -0.455 -1.123 -1.910 -2.813 -3.828 -4.375 -4.659 -4.948 -5.245 -5.547 -5.856 -6.170 -6.491
  55  0.0112983  0.0196185  0.300 -0.261 -0.982 -1.859 -2.890 -4.067 -4.709 -5.043 -5.386 -5.737 -6.097 -6.464 -6.840 -7.224
  56  0.0063658  0.0141919  0.538 -0.015 -0.781 -1.755 -2.932 -4.308 -5.068 -5.465 -5.874 -6.295 -6.727 -7.170 -7.624 -8.090
1AIRFOIL NACA  23012  12.00% THICKNESS,     0.00% FLAP   0.00DEGREES DEFLECTION
 MACH=0.000                  0.00   2.00   4.00   6.00   8.00  10.00  11.00  11.50  12.00  12.50  13.00  13.50  14.00  14.50
   N       X          Y     CP-DISTRIBUTIONS FOR THE ABOVE ANGLES OF ATTACK RELATIVE TO THE CHORD LINE     
  57  0.0028326  0.0089192  0.784  0.290 -0.487 -1.542 -2.872 -4.468 -5.364 -5.836 -6.324 -6.828 -7.347 -7.881 -8.431 -8.995
  58  0.0007087  0.0038830  0.969  0.635 -0.066 -1.130 -2.552 -4.324 -5.339 -5.878 -6.438 -7.019 -7.621 -8.242 -8.884 -9.546
  59  0.0000000  0.0000000  0.987  0.878  0.340 -0.625 -2.012 -3.816 -4.871 -5.436 -6.026 -6.641 -7.281 -7.945 -8.633 -9.345
  60  0.0007087 -0.0057630  0.638  0.983  0.882  0.335 -0.656 -2.086 -2.964 -3.443 -3.948 -4.480 -5.038 -5.622 -6.233 -6.869
  61  0.0028326 -0.0099854  0.150  0.769  0.999  0.837  0.285 -0.653 -1.267 -1.609 -1.975 -2.364 -2.777 -3.213 -3.673 -4.155
  62  0.0063658 -0.0137656 -0.222  0.477  0.884  0.998  0.818  0.345 -0.001 -0.201 -0.419 -0.655 -0.909 -1.181 -1.471 -1.778
  63  0.0112983 -0.0171056 -0.397  0.258  0.709  0.953  0.989  0.817  0.653  0.552  0.438  0.311  0.172  0.019 -0.146 -0.324
  64  0.0176161 -0.0200312 -0.435  0.135  0.563  0.847  0.985  0.978  0.919  0.876  0.824  0.763  0.692  0.613  0.525  0.427
  65  0.0253012 -0.0225923 -0.408  0.078  0.462  0.745  0.923  0.998  0.996  0.985  0.967  0.943  0.912  0.875  0.832  0.782
  66  0.0343319 -0.0248534 -0.358  0.055  0.396  0.662  0.851  0.964  0.992  0.998  1.000  0.997  0.989  0.976  0.958  0.935
  67  0.0446826 -0.0268863 -0.307  0.050  0.351  0.597  0.785  0.915  0.957  0.973  0.986  0.994  0.999  1.000  0.997  0.991
  68  0.0563240 -0.0287662 -0.262  0.049  0.319  0.545  0.726  0.862  0.913  0.934  0.952  0.967  0.980  0.989  0.996  0.999
  69  0.0692230 -0.0305643 -0.227  0.049  0.292  0.501  0.674  0.811  0.866  0.890  0.912  0.931  0.948  0.962  0.974  0.984
  70  0.0833431 -0.0323420 -0.204  0.045  0.267  0.462  0.627  0.763  0.820  0.845  0.869  0.890  0.910  0.928  0.944  0.958
  71  0.0986442 -0.0341449 -0.192  0.035  0.241  0.424  0.583  0.717  0.774  0.801  0.825  0.849  0.870  0.890  0.908  0.925
  72  0.1150830 -0.0359982 -0.191  0.020  0.213  0.386  0.539  0.671  0.729  0.756  0.782  0.806  0.829  0.850  0.870  0.889
  73  0.1326129 -0.0379024 -0.198 -0.001  0.181  0.347  0.495  0.625  0.684  0.711  0.737  0.762  0.786  0.808  0.830  0.850
  74  0.1511843 -0.0398300 -0.213 -0.027  0.147  0.306  0.451  0.579  0.638  0.665  0.692  0.717  0.742  0.765  0.787  0.809
  75  0.1707443 -0.0417250 -0.233 -0.055  0.111  0.265  0.406  0.533  0.591  0.619  0.646  0.672  0.697  0.721  0.744  0.766
  76  0.1912377 -0.0435015 -0.254 -0.084  0.075  0.224  0.361  0.487  0.545  0.573  0.600  0.626  0.651  0.676  0.700  0.722
  77  0.2126063 -0.0450514 -0.265 -0.105  0.047  0.190  0.324  0.446  0.503  0.531  0.558  0.584  0.609  0.634  0.658  0.681
  78  0.2347896 -0.0463258 -0.268 -0.117  0.028  0.164  0.292  0.411  0.467  0.494  0.520  0.546  0.571  0.596  0.620  0.643
  79  0.2577246 -0.0473262 -0.267 -0.124  0.012  0.142  0.265  0.380  0.434  0.461  0.487  0.512  0.537  0.561  0.584  0.607
  80  0.2813464 -0.0480560 -0.262 -0.128  0.001  0.124  0.242  0.352  0.405  0.431  0.456  0.480  0.505  0.528  0.551  0.574
  81  0.3055879 -0.0485208 -0.256 -0.130 -0.008  0.109  0.222  0.328  0.379  0.404  0.428  0.452  0.475  0.499  0.521  0.543
  82  0.3303806 -0.0487286 -0.248 -0.130 -0.014  0.097  0.204  0.306  0.355  0.379  0.403  0.426  0.449  0.471  0.494  0.515
  83  0.3556541 -0.0486890 -0.239 -0.128 -0.019  0.087  0.189  0.287  0.334  0.357  0.380  0.403  0.425  0.447  0.468  0.489
  84  0.3813367 -0.0484137 -0.229 -0.124 -0.021  0.079  0.176  0.270  0.315  0.337  0.359  0.381  0.403  0.424  0.445  0.465
  85  0.4073557 -0.0479154 -0.218 -0.120 -0.023  0.072  0.165  0.255  0.298  0.320  0.341  0.362  0.383  0.403  0.423  0.443
  86  0.4336373 -0.0472081 -0.207 -0.114 -0.023  0.068  0.156  0.241  0.283  0.304  0.324  0.344  0.364  0.384  0.404  0.423
  87  0.4601070 -0.0463069 -0.195 -0.108 -0.022  0.064  0.148  0.230  0.270  0.289  0.309  0.329  0.348  0.367  0.386  0.405
  88  0.4866898 -0.0452272 -0.183 -0.101 -0.020  0.061  0.141  0.219  0.258  0.277  0.295  0.314  0.333  0.351  0.369  0.388
  89  0.5133103 -0.0439850 -0.171 -0.094 -0.017  0.060  0.135  0.210  0.247  0.265  0.283  0.301  0.319  0.337  0.354  0.372
  90  0.5398931 -0.0425966 -0.159 -0.087 -0.014  0.059  0.131  0.202  0.237  0.255  0.272  0.289  0.307  0.324  0.341  0.357
  91  0.5663628 -0.0410778 -0.147 -0.079 -0.010  0.059  0.127  0.195  0.229  0.245  0.262  0.279  0.295  0.312  0.328  0.344
  92  0.5926444 -0.0394447 -0.135 -0.071 -0.006  0.059  0.124  0.189  0.221  0.237  0.253  0.269  0.285  0.301  0.316  0.332
  93  0.6186634 -0.0377130 -0.122 -0.062 -0.001  0.060  0.122  0.184  0.214  0.230  0.245  0.260  0.275  0.291  0.306  0.321
  94  0.6443460 -0.0358978 -0.110 -0.054  0.004  0.062  0.120  0.179  0.208  0.223  0.238  0.252  0.267  0.281  0.296  0.310
  95  0.6696195 -0.0340141 -0.098 -0.045  0.009  0.064  0.119  0.175  0.203  0.217  0.231  0.245  0.259  0.273  0.287  0.301
  96  0.6944122 -0.0320762 -0.086 -0.036  0.015  0.066  0.119  0.172  0.199  0.212  0.226  0.239  0.252  0.266  0.279  0.292
  97  0.7186537 -0.0300981 -0.073 -0.027  0.021  0.069  0.119  0.170  0.195  0.208  0.221  0.233  0.246  0.259  0.272  0.285
  98  0.7422755 -0.0280936 -0.061 -0.018  0.027  0.073  0.120  0.168  0.192  0.204  0.216  0.229  0.241  0.253  0.265  0.278
  99  0.7652105 -0.0260757 -0.048 -0.008  0.034  0.077  0.121  0.167  0.190  0.201  0.213  0.225  0.236  0.248  0.260  0.271
 100  0.7873937 -0.0240577 -0.035  0.002  0.041  0.082  0.123  0.166  0.188  0.199  0.210  0.221  0.232  0.244  0.255  0.266
 101  0.8087624 -0.0220522 -0.022  0.012  0.049  0.087  0.126  0.167  0.187  0.198  0.208  0.219  0.229  0.240  0.251  0.261
 102  0.8292558 -0.0200719 -0.009  0.023  0.057  0.093  0.130  0.168  0.187  0.197  0.207  0.217  0.227  0.237  0.248  0.258
 103  0.8488158 -0.0181292  0.005  0.035  0.066  0.099  0.134  0.170  0.188  0.198  0.207  0.217  0.226  0.236  0.245  0.255
 104  0.8673871 -0.0162366  0.020  0.047  0.076  0.107  0.139  0.173  0.190  0.199  0.208  0.217  0.226  0.235  0.244  0.253
 105  0.8849170 -0.0144063  0.035  0.060  0.086  0.115  0.145  0.177  0.193  0.201  0.210  0.218  0.227  0.235  0.244  0.253
 106  0.9013559 -0.0126505  0.051  0.073  0.098  0.124  0.152  0.182  0.197  0.205  0.213  0.220  0.229  0.237  0.245  0.253
 107  0.9166570 -0.0109812  0.068  0.088  0.110  0.134  0.160  0.188  0.202  0.209  0.217  0.224  0.232  0.239  0.247  0.255
 108  0.9307771 -0.0094101  0.086  0.104  0.124  0.146  0.170  0.195  0.209  0.215  0.222  0.229  0.236  0.243  0.251  0.258
 109  0.9436761 -0.0079484  0.105  0.121  0.139  0.159  0.181  0.204  0.217  0.223  0.229  0.236  0.242  0.249  0.256  0.263
 110  0.9553174 -0.0066073  0.125  0.139  0.155  0.174  0.193  0.215  0.226  0.232  0.238  0.244  0.250  0.256  0.263  0.269
 111  0.9656681 -0.0053968  0.147  0.160  0.174  0.190  0.208  0.228  0.238  0.244  0.249  0.255  0.260  0.266  0.272  0.278
 112  0.9746988 -0.0043267  0.172  0.182  0.195  0.209  0.225  0.243  0.253  0.258  0.263  0.268  0.273  0.278  0.283  0.289
 113  0.9823840 -0.0034055  0.199  0.208  0.218  0.231  0.245  0.261  0.270  0.274  0.279  0.284  0.288  0.293  0.298  0.303
1AIRFOIL NACA  23012  12.00% THICKNESS,     0.00% FLAP   0.00DEGREES DEFLECTION
 MACH=0.000                  0.00   2.00   4.00   6.00   8.00  10.00  11.00  11.50  12.00  12.50  13.00  13.50  14.00  14.50
   N       X          Y     CP-DISTRIBUTIONS FOR THE ABOVE ANGLES OF ATTACK RELATIVE TO THE CHORD LINE     
 114  0.9887017 -0.0026408  0.229  0.237  0.246  0.257  0.269  0.284  0.291  0.295  0.299  0.304  0.308  0.312  0.317  0.321
 115  0.9936342 -0.0020391  0.265  0.271  0.278  0.288  0.299  0.311  0.318  0.322  0.325  0.329  0.333  0.337  0.341  0.345
 116  0.9971674 -0.0016056  0.304  0.309  0.315  0.323  0.332  0.343  0.349  0.352  0.355  0.359  0.362  0.366  0.369  0.373
 117  0.9992914 -0.0013439  0.363  0.366  0.371  0.378  0.385  0.395  0.400  0.403  0.405  0.408  0.411  0.414  0.417  0.421
 118  1.0000000 -0.0012590  0.504  0.506  0.508  0.511  0.516  0.522  0.525  0.527  0.529  0.531  0.533  0.535  0.537  0.539
1SUMMARY AIRFOIL NACA  23012  ALPHA0= 0.86 DEG., ALPHA REL.  CHORD LINE     
 MACH=0.000  * INDICATES BUBBLE U RED. BELOW 0.958
0         R =  1500000   MU= 0    R =  3000000   MU= 0    R =  6000000   MU= 0    R =  9000000   MU= 0    
0 ALPHA =  0.00 DEGREES
         1 S TURB S SEP    CD    2 S TURB S SEP    CD    3 S TURB S SEP    CD    4 S TURB S SEP    CD
  UPPER   0.5149 0.0004 0.0033    0.5149 0.0003 0.0028    0.5149 0.0001 0.0024    0.5149 0.0001 0.0022 
  LOWER   0.3218 0.0003 0.0022    0.3218 0.0001 0.0018    0.3218 0.0000 0.0015    0.3218 0.0000 0.0013 
  TOTAL   CL= 0.095 CD= 0.0054    CL= 0.095 CD= 0.0045    CL= 0.095 CD= 0.0039    CL= 0.095 CD= 0.0035
       CM=-0.0102 AC=  0.8650  CM=-0.0102 AC=  0.8650  CM=-0.0102 AC=  0.8650  CM=-0.0102 AC=  0.8650 
0 ALPHA =  2.00 DEGREES
         1 S TURB S SEP    CD    2 S TURB S SEP    CD    3 S TURB S SEP    CD    4 S TURB S SEP    CD
  UPPER   0.8066 0.0006 0.0055    0.8066 0.0005 0.0048    0.8066 0.0003 0.0042    0.8066 0.0003 0.0039 
  LOWER   0.2010 0.0003 0.0015    0.2010 0.0001 0.0012    0.2010 0.0000 0.0010    0.2010 0.0000 0.0009 
  TOTAL   CL= 0.315 CD= 0.0071    CL= 0.315 CD= 0.0060    CL= 0.315 CD= 0.0052    CL= 0.315 CD= 0.0048
       CM=-0.0131 AC=  2.8650  CM=-0.0131 AC=  2.8650  CM=-0.0131 AC=  2.8650  CM=-0.0131 AC=  2.8650 
0 ALPHA =  4.00 DEGREES
         1 S TURB S SEP    CD    2 S TURB S SEP    CD    3 S TURB S SEP    CD    4 S TURB S SEP    CD
  UPPER   0.8471 0.0010 0.0066    0.8471 0.0006 0.0058    0.8471 0.0005 0.0051    0.8471 0.0004 0.0047 
  LOWER   0.1320 0.0004 0.0012    0.1320 0.0001 0.0009    0.1320 0.0000 0.0007    0.1320 0.0000 0.0006 
  TOTAL   CL= 0.534 CD= 0.0079    CL= 0.535 CD= 0.0067    CL= 0.535 CD= 0.0058    CL= 0.535 CD= 0.0054
       CM=-0.0161 AC=  4.8650  CM=-0.0161 AC=  4.8650  CM=-0.0161 AC=  4.8650  CM=-0.0162 AC=  4.8650 
0 ALPHA =  6.00 DEGREES
         1 S TURB S SEP    CD    2 S TURB S SEP    CD    3 S TURB S SEP    CD    4 S TURB S SEP    CD
  UPPER   0.8783 0.0030 0.0080    0.8783 0.0016 0.0070    0.8783 0.0007 0.0061    0.8783 0.0006 0.0057 
  LOWER   0.0914 0.0005 0.0010    0.0914 0.0003 0.0008    0.0914 0.0000 0.0006    0.0914 0.0000 0.0005 
  TOTAL   CL= 0.753 CD= 0.0090    CL= 0.754 CD= 0.0077    CL= 0.755 CD= 0.0067    CL= 0.755 CD= 0.0062
       CM=-0.0188 AC=  6.8650  CM=-0.0191 AC=  6.8650  CM=-0.0193 AC=  6.8650  CM=-0.0193 AC=  6.8650 
0 ALPHA =  8.00 DEGREES
         1 S TURB S SEP    CD    2 S TURB S SEP    CD    3 S TURB S SEP    CD    4 S TURB S SEP    CD
  UPPER   0.9118 0.0100 0.0099    0.9118 0.0054 0.0086    0.9118 0.0025 0.0075    0.9118 0.0016 0.0070 
  LOWER   0.0650 0.0007 0.0009    0.0650 0.0004 0.0006    0.0650 0.0001 0.0005    0.0650 0.0000 0.0004 
  TOTAL   CL= 0.966 CD= 0.0108    CL= 0.970 CD= 0.0093    CL= 0.973 CD= 0.0080    CL= 0.974 CD= 0.0074
       CM=-0.0204 AC=  8.8650  CM=-0.0214 AC=  8.8650  CM=-0.0221 AC=  8.8650  CM=-0.0223 AC=  8.8650 
0 ALPHA = 10.00 DEGREES
         1 S TURB S SEP    CD    2 S TURB S SEP    CD    3 S TURB S SEP    CD    4 S TURB S SEP    CD
  UPPER   0.9604 0.0399 0.0132    0.9604 0.0235 0.0115    0.9604 0.0133 0.0101    0.9604 0.0092 0.0093 
  LOWER   0.0470 0.0012 0.0008*   0.0470 0.0005 0.0006    0.0470 0.0003 0.0004    0.0470 0.0001 0.0003 
  TOTAL   CL= 1.154 CD= 0.0139    CL= 1.171 CD= 0.0120    CL= 1.181 CD= 0.0105    CL= 1.186 CD= 0.0097
       CM=-0.0163 AC= 10.8650  CM=-0.0201 AC= 10.8650  CM=-0.0226 AC= 10.8650  CM=-0.0236 AC= 10.8650 
0 ALPHA = 11.00 DEGREES
         1 S TURB S SEP    CD    2 S TURB S SEP    CD    3 S TURB S SEP    CD    4 S TURB S SEP    CD
  UPPER   0.9908 0.0986 0.0160    0.9908 0.0616 0.0140    0.9908 0.0371 0.0123    0.9908 0.0268 0.0114 
  LOWER   0.0406 0.0015 0.0007*   0.0406 0.0006 0.0005*   0.0406 0.0003 0.0004    0.0406 0.0002 0.0003 
  TOTAL   CL= 1.198 CD= 0.0167    CL= 1.238 CD= 0.0145    CL= 1.265 CD= 0.0126    CL= 1.276 CD= 0.0117
       CM=-0.0048 AC= 11.8650  CM=-0.0125 AC= 11.8650  CM=-0.0182 AC= 11.8650  CM=-0.0207 AC= 11.8650 
0 ALPHA = 11.50 DEGREES
         1 S TURB S SEP    CD    2 S TURB S SEP    CD    3 S TURB S SEP    CD    4 S TURB S SEP    CD
  UPPER   0.9982 0.1429 0.0173    0.9982 0.0913 0.0151    0.9982 0.0564 0.0133    0.9982 0.0417 0.0123 
  LOWER   0.0376 0.0016 0.0007*   0.0376 0.0006 0.0005*   0.0376 0.0004 0.0004    0.0376 0.0002 0.0003 
  TOTAL   CL= 1.201 CD= 0.0180    CL= 1.258 CD= 0.0156    CL= 1.297 CD= 0.0136    CL= 1.314 CD= 0.0126
       CM= 0.0030 AC= 12.3650  CM=-0.0065 AC= 12.3650  CM=-0.0141 AC= 12.3650  CM=-0.0176 AC= 12.3650 
1SUMMARY AIRFOIL NACA  23012  ALPHA0= 0.86 DEG., ALPHA REL.  CHORD LINE     
 MACH=0.000  * INDICATES BUBBLE U RED. BELOW 0.958
0         R =  1500000   MU= 0    R =  3000000   MU= 0    R =  6000000   MU= 0    R =  9000000   MU= 0    
0 ALPHA = 12.00 DEGREES
         1 S TURB S SEP    CD    2 S TURB S SEP    CD    3 S TURB S SEP    CD    4 S TURB S SEP    CD
  UPPER   1.0036 0.1990 0.0186    1.0036 0.1309 0.0163    1.0036 0.0831 0.0143    1.0036 0.0625 0.0133 
  LOWER   0.0345 0.0018 0.0007*   0.0345 0.0007 0.0005*   0.0345 0.0004 0.0003    0.0345 0.0003 0.0003 
  TOTAL   CL= 1.188 CD= 0.0193    CL= 1.266 CD= 0.0168    CL= 1.320 CD= 0.0147    CL= 1.344 CD= 0.0136
       CM= 0.0112 AC= 12.8650  CM= 0.0008 AC= 12.8650  CM=-0.0086 AC= 12.8650  CM=-0.0132 AC= 12.8650 
0 ALPHA = 12.50 DEGREES
         1 S TURB S SEP    CD    2 S TURB S SEP    CD    3 S TURB S SEP    CD    4 S TURB S SEP    CD
  UPPER   1.0059 0.2566 0.0198    1.0059 0.1739 0.0174    1.0059 0.1133 0.0153    1.0059 0.0863 0.0142 
  LOWER   0.0324 0.0018 0.0006*   0.0324 0.0007 0.0005*   0.0324 0.0004 0.0003    0.0324 0.0003 0.0003 
  TOTAL   CL= 1.171 CD= 0.0205    CL= 1.267 CD= 0.0178    CL= 1.338 CD= 0.0156    CL= 1.369 CD= 0.0145
       CM= 0.0176 AC= 13.3650  CM= 0.0079 AC= 13.3650  CM=-0.0026 AC= 13.3650  CM=-0.0082 AC= 13.3650 
0 ALPHA = 13.00 DEGREES
         1 S TURB S SEP    CD    2 S TURB S SEP    CD    3 S TURB S SEP    CD    4 S TURB S SEP    CD
  UPPER   1.0080 0.3215 0.0211    1.0080 0.2263 0.0185    1.0080 0.1520 0.0163    1.0080 0.1175 0.0151 
  LOWER   0.0303 0.0019 0.0006*   0.0303 0.0007 0.0004*   0.0303 0.0005 0.0003    0.0303 0.0003 0.0003 
  TOTAL   CL= 1.141 CD= 0.0218    CL= 1.255 CD= 0.0190    CL= 1.343 CD= 0.0166    CL= 1.385 CD= 0.0154
       CM= 0.0224 AC= 13.8650  CM= 0.0149 AC= 13.8650  CM= 0.0044 AC= 13.8650  CM=-0.0019 AC= 13.8650 
0 ALPHA = 13.50 DEGREES
         1 S TURB S SEP    CD    2 S TURB S SEP    CD    3 S TURB S SEP    CD    4 S TURB S SEP    CD
  UPPER   1.0101 0.3911 0.0226    1.0101 0.2880 0.0198    1.0101 0.2008 0.0174    1.0101 0.1585 0.0162 
  LOWER   0.0282 0.0020 0.0006*   0.0282 0.0007 0.0004*   0.0282 0.0005 0.0003*   0.0282 0.0003 0.0003 
  TOTAL   CL= 1.102 CD= 0.0232    CL= 1.228 CD= 0.0202    CL= 1.335 CD= 0.0177    CL= 1.386 CD= 0.0164
       CM= 0.0246 AC= 14.3650  CM= 0.0209 AC= 14.3650  CM= 0.0119 AC= 14.3650  CM= 0.0055 AC= 14.3650 
0 ALPHA = 14.00 DEGREES
         1 S TURB S SEP    CD    2 S TURB S SEP    CD    3 S TURB S SEP    CD    4 S TURB S SEP    CD
  UPPER   1.0114 0.4545 0.0240    1.0114 0.3501 0.0211    1.0114 0.2534 0.0186    1.0114 0.2045 0.0172 
  LOWER   0.0259 0.0021 0.0006*   0.0259 0.0008 0.0004*   0.0259 0.0005 0.0003*   0.0259 0.0004 0.0002 
  TOTAL   CL= 1.067 CD= 0.0246    CL= 1.197 CD= 0.0215    CL= 1.318 CD= 0.0189    CL= 1.379 CD= 0.0175
       CM= 0.0242 AC= 14.8650  CM= 0.0245 AC= 14.8650  CM= 0.0183 AC= 14.8650  CM= 0.0126 AC= 14.8650 
0 ALPHA = 14.50 DEGREES
         1 S TURB S SEP    CD    2 S TURB S SEP    CD    3 S TURB S SEP    CD    4 S TURB S SEP    CD
  UPPER   1.0125 0.5128 0.0255    1.0125 0.4100 0.0224    1.0125 0.3093 0.0197    1.0125 0.2549 0.0183 
  LOWER   0.0244 0.0021 0.0006*   0.0244 0.0009 0.0004*   0.0244 0.0005 0.0003*   0.0244 0.0004 0.0002 
  TOTAL   CL= 1.035 CD= 0.0261    CL= 1.166 CD= 0.0228    CL= 1.295 CD= 0.0200    CL= 1.364 CD= 0.0186
       CM= 0.0217 AC= 15.3650  CM= 0.0256 AC= 15.3650  CM= 0.0230 AC= 15.3650  CM= 0.0187 AC= 15.3650 
