0PANEL METHOD AIRFOIL NEMESIS      CL=  .08303, 7.00931 ALPHA0=  .68 DEG.
1AIRFOIL NEMESIS      14.20% THICKNESS,      .00% FLAP    .00DEGREES DEFLECTION
 MACH= .000                 -4.00  -2.00    .00   2.00   4.00   6.00   8.00  10.00  12.00  14.00  16.00
   N       X          Y      V-DISTRIBUTIONS FOR THE ABOVE ANGLES OF ATTACK RELATIVE TO THE CHORD LINE     
   0  1.0000000   .0001960   .807   .808   .808   .807   .805   .803   .799   .794   .788   .782   .774
   1   .9750000   .0020660   .858   .864   .869   .873   .877   .879   .880   .880   .879   .876   .873
   2   .9500000   .0046250   .864   .873   .880   .886   .891   .895   .898   .900   .901   .900   .899
   3   .9250000   .0076680   .863   .873   .882   .889   .895   .901   .905   .908   .910   .911   .911
   4   .9000000   .0113580   .868   .879   .889   .898   .906   .912   .918   .922   .925   .928   .929
   5   .8750000   .0157310   .878   .890   .901   .911   .920   .928   .935   .940   .945   .948   .950
   6   .8500000   .0208090   .893   .907   .919   .931   .941   .950   .958   .965   .970   .975   .978
   7   .8250000   .0266020   .918   .933   .947   .960   .972   .983   .992  1.000  1.007  1.013  1.017
   8   .8000000   .0329620   .949   .966   .982   .996  1.010  1.022  1.033  1.042  1.051  1.058  1.064
   9   .7750000   .0397720   .988  1.007  1.025  1.042  1.057  1.071  1.083  1.095  1.105  1.113  1.121
  10   .7500000   .0468750  1.041  1.063  1.083  1.102  1.119  1.136  1.150  1.164  1.176  1.186  1.195
  11   .7250000   .0538270  1.117  1.142  1.165  1.187  1.207  1.226  1.244  1.260  1.274  1.287  1.298
  12   .7000000   .0595030  1.154  1.182  1.207  1.232  1.255  1.276  1.296  1.314  1.331  1.346  1.359
  13   .6500000   .0670080  1.148  1.178  1.208  1.236  1.262  1.287  1.310  1.332  1.352  1.370  1.387
  14   .6000000   .0718320  1.139  1.173  1.206  1.238  1.268  1.296  1.323  1.348  1.372  1.394  1.414
  15   .5500000   .0748750  1.128  1.166  1.203  1.238  1.272  1.304  1.335  1.363  1.391  1.416  1.440
  16   .5000000   .0764750  1.115  1.157  1.197  1.236  1.274  1.310  1.344  1.377  1.408  1.437  1.465
  17   .4500000   .0769480  1.106  1.152  1.197  1.241  1.283  1.323  1.362  1.399  1.435  1.468  1.500
  18   .4000000   .0761720  1.090  1.141  1.190  1.238  1.285  1.330  1.374  1.416  1.456  1.494  1.530
  19   .3500000   .0743310  1.075  1.131  1.186  1.240  1.292  1.343  1.392  1.439  1.485  1.528  1.570
  20   .3000000   .0713590  1.055  1.118  1.180  1.240  1.298  1.355  1.411  1.465  1.516  1.566  1.615
  21   .2500000   .0672250  1.032  1.103  1.173  1.241  1.307  1.372  1.436  1.497  1.557  1.615  1.671
  22   .2000000   .0617770  1.002  1.083  1.163  1.241  1.318  1.393  1.466  1.538  1.607  1.675  1.741
  23   .1500000   .0548440   .962  1.056  1.150  1.242  1.333  1.422  1.509  1.595  1.678  1.760  1.839
  24   .1000000   .0460710   .906  1.023  1.140  1.255  1.369  1.481  1.591  1.699  1.805  1.909  2.011
  25   .0750000   .0405800   .860   .996  1.131  1.264  1.396  1.527  1.655  1.782  1.906  2.028  2.147
  26   .0500000   .0338750   .785   .950  1.114  1.277  1.438  1.597  1.755  1.910  2.063  2.213  2.361
  27   .0375000   .0298250   .724   .912  1.099  1.285  1.469  1.651  1.832  2.010  2.186  2.359  2.529
  28   .0250000   .0250280   .630   .855  1.079  1.302  1.523  1.743  1.960  2.175  2.387  2.596  2.802
  29   .0187500   .0221610   .554   .808  1.062  1.314  1.564  1.812  2.059  2.302  2.543  2.781  3.016
  30   .0125000   .0187370   .433   .732  1.030  1.327  1.622  1.915  2.206  2.494  2.780  3.061  3.340
  31   .0062500   .0140280   .177   .555   .932  1.308  1.683  2.055  2.425  2.792  3.155  3.515  3.870
  32   .0000000   .0000000  1.031   .540   .049   .442   .933  1.422  1.910  2.396  2.878  3.357  3.832
  33   .0062500  -.0124640  1.760  1.370   .978   .586   .192   .201   .595   .987  1.379  1.769  2.156
  34   .0125000  -.0165070  1.623  1.327  1.030   .732   .432   .133   .167   .467   .766  1.065  1.362
  35   .0187500  -.0194560  1.555  1.305  1.054   .801   .547   .292   .037   .218   .473   .727   .980
  36   .0250000  -.0219230  1.506  1.286  1.064   .841   .617   .392   .167   .058   .284   .509   .733
  37   .0375000  -.0260290  1.444  1.261  1.077   .891   .705   .518   .330   .141   .047   .236   .424
  38   .0500000  -.0294740  1.406  1.247  1.086   .924   .761   .597   .432   .267   .101   .065   .231
  39   .0750000  -.0351740  1.360  1.230  1.098   .965   .831   .696   .560   .423   .286   .148   .010
  40   .1000000  -.0398360  1.331  1.219  1.105   .990   .874   .757   .639   .521   .401   .281   .161
  41   .1500000  -.0472320  1.294  1.205  1.114  1.022   .928   .834   .738   .642   .544   .446   .348
  42   .2000000  -.0529870  1.276  1.200  1.123  1.045   .966   .885   .803   .720   .637   .552   .467
  43   .2500000  -.0574570  1.263  1.198  1.131  1.063   .993   .922   .850   .778   .704   .629   .553
  44   .3000000  -.0608130  1.253  1.195  1.136  1.076  1.014   .951   .887   .822   .755   .688   .620
  45   .3500000  -.0631880  1.246  1.195  1.142  1.088  1.032   .975   .918   .858   .798   .737   .675
  46   .4000000  -.0645830  1.238  1.193  1.145  1.096  1.046   .995   .942   .889   .834   .778   .721
  47   .4500000  -.0650460  1.235  1.193  1.151  1.106  1.061  1.014   .966   .917   .867   .815   .763
  48   .5000000  -.0644240  1.225  1.188  1.150  1.110  1.069  1.026   .982   .937   .891   .844   .796
  49   .5500000  -.0628470  1.223  1.190  1.155  1.119  1.081  1.043  1.003   .961   .919   .875   .831
  50   .6000000  -.0599880  1.218  1.189  1.158  1.125  1.091  1.056  1.019   .982   .943   .903   .861
  51   .6500000  -.0555200  1.213  1.186  1.159  1.130  1.099  1.067  1.034  1.000   .964   .928   .890
  52   .7000000  -.0485010  1.206  1.183  1.159  1.133  1.106  1.077  1.048  1.017   .984   .951   .916
  53   .7250000  -.0430170  1.151  1.131  1.109  1.086  1.062  1.036  1.009   .981   .952   .921   .889
  54   .7500000  -.0364080  1.056  1.039  1.021  1.001   .980   .957   .934   .909   .884   .857   .829
  55   .7750000  -.0301150  1.007   .991   .975   .957   .938   .918   .897   .875   .852   .827   .802
  56   .8000000  -.0243380   .970   .956   .941   .925   .908   .890   .871   .851   .829   .807   .783
1AIRFOIL NEMESIS      14.20% THICKNESS,      .00% FLAP    .00DEGREES DEFLECTION
 MACH= .000                 -4.00  -2.00    .00   2.00   4.00   6.00   8.00  10.00  12.00  14.00  16.00
   N       X          Y      V-DISTRIBUTIONS FOR THE ABOVE ANGLES OF ATTACK RELATIVE TO THE CHORD LINE     
  57   .8250000  -.0191120   .942   .930   .916   .902   .886   .870   .852   .833   .814   .793   .771
  58   .8500000  -.0144690   .917   .906   .894   .881   .867   .852   .836   .819   .801   .782   .761
  59   .8750000  -.0105340   .902   .892   .882   .870   .857   .843   .828   .813   .796   .778   .759
  60   .9000000  -.0072870   .891   .883   .873   .863   .851   .839   .825   .811   .795   .779   .761
  61   .9250000  -.0047130   .887   .880   .872   .862   .852   .841   .828   .815   .801   .785   .769
  62   .9500000  -.0026980   .883   .878   .871   .863   .854   .844   .833   .821   .808   .793   .778
  63   .9750000  -.0011670   .876   .872   .867   .861   .854   .846   .837   .826   .815   .803   .790
  64  1.0000000  -.0001960   .807   .808   .808   .807   .805   .803   .799   .794   .788   .782   .774
0WARNING - SUBROUTINE SMOOTH HAS SLOPES -.390 AND -.482 BETWEEN POINTS 32 AND 33
0WARNING - SUBROUTINE SMOOTH HAS SLOPES -.465 AND -.402 BETWEEN POINTS 33 AND 34
1SUMMARY AIRFOIL NEMESIS      ALPHA0=  .68 DEG., ALPHA REL.  CHORD LINE     
 MACH= .000  * INDICATES BUBBLE U RED. BELOW  .958
0         R =  1500000   MU= 0    R =  3000000   MU= 0    R =  6000000   MU= 0    R =  9000000   MU= 0
0 ALPHA = -4.00 DEGREES
         1 S TURB S SEP    CD    2 S TURB S SEP    CD    3 S TURB S SEP    CD    4 S TURB S SEP    CD
  UPPER    .2845  .0000  .0017*    .2845  .0000  .0014*    .2845  .0000  .0012*    .2845  .0000  .0011 
  LOWER    .9987  .0205  .0076     .9987  .0122  .0068     .9987  .0037  .0060     .9987  .0000  .0056 
  TOTAL   CL= -.358 CD=  .0094    CL= -.361 CD=  .0082    CL= -.364 CD=  .0072    CL= -.365 CD=  .0067
       CM= -.0089 AC= -3.3213  CM= -.0081 AC= -3.3213  CM= -.0073 AC= -3.3213  CM= -.0070 AC= -3.3213
0 ALPHA = -2.00 DEGREES
         1 S TURB S SEP    CD    2 S TURB S SEP    CD    3 S TURB S SEP    CD    4 S TURB S SEP    CD
  UPPER    .2875  .1948  .0018*    .2875  .0000  .0016*    .2875  .0000  .0013*    .2875  .0000  .0012 
  LOWER    .2950  .2564  .0019*    .2950  .0000  .0017*    .2950  .0000  .0014*    .2950  .0000  .0013 
  TOTAL   CL= -.110 CD=  .0037    CL= -.145 CD=  .0033    CL= -.145 CD=  .0027    CL= -.145 CD=  .0025
       CM= -.0166 AC= -1.3213  CM= -.0130 AC= -1.3213  CM= -.0130 AC= -1.3213  CM= -.0130 AC= -1.3213
0 ALPHA =   .00 DEGREES
         1 S TURB S SEP    CD    2 S TURB S SEP    CD    3 S TURB S SEP    CD    4 S TURB S SEP    CD
  UPPER    .2906  .2224  .0020*    .2906  .0000  .0017*    .2906  .0000  .0014*    .2906  .0000  .0013 
  LOWER    .2919  .2492  .0017*    .2919  .0000  .0016*    .2919  .0000  .0013*    .2919  .0000  .0012 
  TOTAL   CL=  .052 CD=  .0036    CL=  .075 CD=  .0033    CL=  .075 CD=  .0027    CL=  .075 CD=  .0025
       CM= -.0168 AC=   .6787  CM= -.0190 AC=   .6787  CM= -.0190 AC=   .6787  CM= -.0190 AC=   .6787
0 ALPHA =  2.00 DEGREES
         1 S TURB S SEP    CD    2 S TURB S SEP    CD    3 S TURB S SEP    CD    4 S TURB S SEP    CD
  UPPER    .2943  .2364  .0022*    .2943  .0000  .0019*    .2943  .0000  .0016*    .2943  .0000  .0014 
  LOWER    .2894  .2293  .0015*    .2894  .0000  .0014*    .2894  .0000  .0012*    .2894  .0000  .0011 
  TOTAL   CL=  .214 CD=  .0038    CL=  .295 CD=  .0033    CL=  .295 CD=  .0028    CL=  .295 CD=  .0025
       CM= -.0172 AC=  2.6787  CM= -.0251 AC=  2.6787  CM= -.0251 AC=  2.6787  CM= -.0251 AC=  2.6787
0 ALPHA =  4.00 DEGREES
         1 S TURB S SEP    CD    2 S TURB S SEP    CD    3 S TURB S SEP    CD    4 S TURB S SEP    CD
  UPPER    .2989  .2468  .0026*    .2989  .1609  .0020*    .2989  .0000  .0017     .2989  .0000  .0015 
  LOWER    .2872  .0000  .0016*    .2872  .0000  .0013*    .2872  .0000  .0011*    .2872  .0000  .0010 
  TOTAL   CL=  .391 CD=  .0042    CL=  .434 CD=  .0033    CL=  .515 CD=  .0028    CL=  .515 CD=  .0025
       CM= -.0110 AC=  4.6787  CM= -.0157 AC=  4.6787  CM= -.0311 AC=  4.6787  CM= -.0311 AC=  4.6787
0 ALPHA =  6.00 DEGREES
         1 S TURB S SEP    CD    2 S TURB S SEP    CD    3 S TURB S SEP    CD    4 S TURB S SEP    CD
  UPPER   1.0021  .1393  .0103    1.0021  .1029  .0091    1.0021  .0313  .0082    1.0021  .0210  .0076 
  LOWER    .2851  .0000  .0015*    .2851  .0000  .0012*    .2851  .0000  .0010*    .2851  .0000  .0009 
  TOTAL   CL=  .650 CD=  .0117    CL=  .672 CD=  .0104    CL=  .716 CD=  .0092    CL=  .722 CD=  .0086
       CM= -.0202 AC=  6.6787  CM= -.0238 AC=  6.6787  CM= -.0326 AC=  6.6787  CM= -.0340 AC=  6.6787
0 ALPHA =  8.00 DEGREES
         1 S TURB S SEP    CD    2 S TURB S SEP    CD    3 S TURB S SEP    CD    4 S TURB S SEP    CD
  UPPER   1.0052  .1615  .0124    1.0052  .1385  .0110    1.0052  .1010  .0098    1.0052  .0530  .0091 
  LOWER    .2830  .0000  .0013*    .2830  .0000  .0011*    .2830  .0000  .0009*    .2830  .0000  .0009 
  TOTAL   CL=  .839 CD=  .0137    CL=  .855 CD=  .0121    CL=  .882 CD=  .0107    CL=  .917 CD=  .0100
       CM= -.0207 AC=  8.6787  CM= -.0231 AC=  8.6787  CM= -.0275 AC=  8.6787  CM= -.0342 AC=  8.6787
0 ALPHA = 10.00 DEGREES
         1 S TURB S SEP    CD    2 S TURB S SEP    CD    3 S TURB S SEP    CD    4 S TURB S SEP    CD
  UPPER   1.0063  .1821  .0149*   1.0063  .1638  .0132    1.0063  .1399  .0117    1.0063  .1199  .0109 
  LOWER    .2809  .0000  .0012*    .2809  .0000  .0010*    .2809  .0000  .0009*    .2809  .0000  .0008 
  TOTAL   CL= 1.024 CD=  .0161    CL= 1.039 CD=  .0142    CL= 1.059 CD=  .0125    CL= 1.075 CD=  .0117
       CM= -.0209 AC= 10.6787  CM= -.0228 AC= 10.6787  CM= -.0256 AC= 10.6787  CM= -.0283 AC= 10.6787
1SUMMARY AIRFOIL NEMESIS      ALPHA0=  .68 DEG., ALPHA REL.  CHORD LINE     
 MACH= .000  * INDICATES BUBBLE U RED. BELOW  .958
0         R =  1500000   MU= 0    R =  3000000   MU= 0    R =  6000000   MU= 0    R =  9000000   MU= 0
0 ALPHA = 12.00 DEGREES
         1 S TURB S SEP    CD    2 S TURB S SEP    CD    3 S TURB S SEP    CD    4 S TURB S SEP    CD
  UPPER   1.0069  .2081  .0179*   1.0069  .1890  .0158*   1.0069  .1692  .0140    1.0069  .1562  .0130 
  LOWER    .2789  .0000  .0011*    .2789  .0000  .0009*    .2789  .0000  .0008*    .2789  .0000  .0007*
  TOTAL   CL= 1.199 CD=  .0190    CL= 1.217 CD=  .0168    CL= 1.236 CD=  .0148    CL= 1.248 CD=  .0137
       CM= -.0200 AC= 12.6787  CM= -.0220 AC= 12.6787  CM= -.0243 AC= 12.6787  CM= -.0260 AC= 12.6787
0 ALPHA = 14.00 DEGREES
         1 S TURB S SEP    CD    2 S TURB S SEP    CD    3 S TURB S SEP    CD    4 S TURB S SEP    CD
  UPPER   1.0073  .8689  .0189*   1.0073  .2222  .0192*   1.0073  .2007  .0168    1.0073  .1876  .0156 
  LOWER    .2778  .0000  .0010*    .2778  .0000  .0009*    .2778  .0000  .0007*    .2778  .0000  .0007 
  TOTAL   CL=  .703 CD=  .0199    CL= 1.382 CD=  .0200    CL= 1.404 CD=  .0175    CL= 1.418 CD=  .0163
       CM= -.0491 AC= 14.6787  CM= -.0199 AC= 14.6787  CM= -.0223 AC= 14.6787  CM= -.0239 AC= 14.6787
0 ALPHA = 16.00 DEGREES
         1 S TURB S SEP    CD    2 S TURB S SEP    CD    3 S TURB S SEP    CD    4 S TURB S SEP    CD
  UPPER   1.0077  .9747  .0231*   1.0077  .2955  .0247*   1.0077  .2394  .0205*   1.0077  .2255  .0189 
  LOWER    .2768  .0000  .0009*    .2768  .0000  .0008*    .2768  .0000  .0007     .2768  .0000  .0006 
  TOTAL   CL=  .705 CD=  .0241    CL= 1.492 CD=  .0255    CL= 1.557 CD=  .0212    CL= 1.573 CD=  .0195
       CM= -.0641 AC= 16.6787  CM= -.0146 AC= 16.6787  CM= -.0192 AC= 16.6787  CM= -.0207 AC= 16.6787
