0PANEL METHOD AIRFOIL PB232        CL=  .14174, 6.89499 ALPHA0= 1.18 DEG.
1AIRFOIL PB232        13.36% THICKNESS,      .00% FLAP    .00DEGREES DEFLECTION
 MACH= .000                 -4.00  -2.00    .00   2.00   4.00   6.00   8.00  10.00  12.00  14.00  16.00
   N       X          Y      V-DISTRIBUTIONS FOR THE ABOVE ANGLES OF ATTACK RELATIVE TO THE CHORD LINE     
   0  1.0000000   .0000000   .863   .864   .864   .863   .860   .857   .853   .848   .841   .834   .825
   1   .9970690   .0002020   .866   .869   .871   .871   .871   .870   .868   .864   .860   .854   .848
   2   .9883100   .0008550   .872   .877   .880   .883   .884   .884   .883   .881   .878   .874   .868
   3   .9738270   .0021250   .878   .884   .888   .892   .894   .895   .895   .895   .893   .889   .885
   4   .9537880   .0041680   .882   .889   .895   .899   .903   .906   .908   .908   .907   .906   .903
   5   .9284290   .0071860   .884   .893   .901   .907   .912   .917   .920   .922   .923   .923   .921
   6   .8980470   .0114850   .890   .900   .909   .918   .925   .931   .935   .939   .942   .943   .943
   7   .8629980   .0174630   .903   .916   .927   .937   .946   .954   .961   .966   .970   .974   .975
   8   .8236930   .0254810   .929   .944   .958   .970   .981   .991  1.000  1.008  1.014  1.019  1.023
   9   .7805940   .0357750   .983  1.000  1.017  1.032  1.046  1.059  1.071  1.081  1.090  1.098  1.104
  10   .7342040   .0474240  1.067  1.089  1.110  1.130  1.148  1.165  1.180  1.194  1.206  1.217  1.227
  11   .6850690   .0576270  1.112  1.138  1.163  1.187  1.209  1.230  1.249  1.267  1.283  1.297  1.310
  12   .6337640   .0656940  1.130  1.161  1.190  1.217  1.244  1.268  1.291  1.313  1.333  1.351  1.368
  13   .5808910   .0718130  1.141  1.176  1.209  1.241  1.272  1.301  1.328  1.354  1.378  1.400  1.421
  14   .5270690   .0758860  1.142  1.181  1.219  1.256  1.291  1.324  1.356  1.386  1.414  1.441  1.466
  15   .4729310   .0779130  1.133  1.177  1.220  1.261  1.300  1.339  1.375  1.410  1.443  1.474  1.503
  16   .4191090   .0781180  1.117  1.166  1.214  1.260  1.304  1.347  1.389  1.428  1.466  1.503  1.537
  17   .3662360   .0768480  1.100  1.155  1.208  1.260  1.310  1.359  1.406  1.451  1.495  1.536  1.576
  18   .3149310   .0742790  1.082  1.143  1.203  1.261  1.317  1.372  1.426  1.477  1.527  1.575  1.621
  19   .2657960   .0705360  1.060  1.129  1.196  1.261  1.326  1.388  1.449  1.508  1.565  1.620  1.674
  20   .2194060   .0657510  1.035  1.112  1.188  1.263  1.335  1.407  1.476  1.544  1.610  1.674  1.736
  21   .1763070   .0600590  1.005  1.093  1.180  1.265  1.348  1.430  1.510  1.589  1.665  1.739  1.812
  22   .1370020   .0535570   .967  1.068  1.168  1.267  1.363  1.459  1.552  1.643  1.733  1.820  1.906
  23   .1019530   .0463740   .917  1.035  1.152  1.267  1.381  1.493  1.603  1.711  1.818  1.922  2.024
  24   .0715710   .0386690   .850   .991  1.131  1.270  1.407  1.542  1.675  1.807  1.936  2.062  2.187
  25   .0462120   .0304660   .744   .916  1.087  1.256  1.424  1.590  1.754  1.916  2.075  2.232  2.387
  26   .0261730   .0222590   .587   .805  1.022  1.237  1.452  1.664  1.874  2.082  2.288  2.490  2.690
  27   .0116900   .0143670   .326   .628   .930  1.230  1.529  1.826  2.121  2.413  2.702  2.988  3.271
  28   .0029310   .0065140   .224   .209   .641  1.073  1.504  1.932  2.358  2.782  3.202  3.618  4.029
  29   .0000000   .0000000  1.184   .581   .023   .626  1.229  1.831  2.430  3.026  3.618  4.206  4.789
  30   .0029310  -.0073060  1.634  1.182   .729   .274   .181   .635  1.089  1.541  1.992  2.440  2.885
  31   .0116900  -.0143910  1.728  1.402  1.075   .747   .418   .088   .242   .571   .900  1.228  1.554
  32   .0261730  -.0194360  1.445  1.236  1.026   .815   .603   .390   .177   .037   .250   .463   .676
  33   .0462120  -.0247920  1.387  1.224  1.060   .895   .729   .561   .393   .225   .056   .113   .282
  34   .0715710  -.0302330  1.352  1.220  1.086   .951   .815   .678   .540   .402   .263   .123   .016
  35   .1019530  -.0350840  1.301  1.193  1.083   .972   .860   .746   .632   .517   .401   .285   .168
  36   .1370020  -.0397730  1.281  1.188  1.094   .999   .903   .805   .706   .607   .507   .406   .305
  37   .1763070  -.0440700  1.264  1.184  1.102  1.020   .936   .851   .764   .677   .589   .501   .412
  38   .2194060  -.0478060  1.249  1.179  1.108  1.035   .961   .886   .810   .733   .655   .576   .497
  39   .2657960  -.0509260  1.238  1.177  1.114  1.049   .984   .917   .849   .780   .710   .640   .568
  40   .3149310  -.0533030  1.229  1.174  1.119  1.061  1.003   .943   .882   .820   .757   .693   .628
  41   .3662360  -.0548290  1.221  1.173  1.123  1.072  1.019   .965   .910   .854   .797   .739   .680
  42   .4191090  -.0553950  1.214  1.171  1.127  1.081  1.034   .985   .936   .885   .833   .780   .726
  43   .4729310  -.0548360  1.209  1.171  1.131  1.090  1.047  1.003   .958   .912   .865   .817   .767
  44   .5270690  -.0528410  1.198  1.164  1.128  1.092  1.054  1.014   .974   .932   .889   .845   .800
  45   .5808910  -.0492850  1.179  1.149  1.118  1.085  1.052  1.016   .980   .943   .904   .864   .823
  46   .6337640  -.0442330  1.156  1.130  1.103  1.074  1.044  1.013   .981   .947   .913   .877   .840
  47   .6850690  -.0376130  1.119  1.097  1.074  1.049  1.023   .996   .968   .938   .907   .876   .843
  48   .7342040  -.0296530  1.065  1.047  1.027  1.006   .984   .961   .937   .911   .884   .856   .828
  49   .7805940  -.0212640   .995   .981   .964   .947   .929   .909   .889   .867   .844   .820   .796
  50   .8236930  -.0141560   .949   .937   .923   .909   .893   .877   .859   .840   .820   .799   .778
  51   .8629980  -.0088620   .923   .912   .901   .889   .875   .861   .845   .829   .811   .793   .773
  52   .8980470  -.0051940   .907   .899   .890   .879   .868   .855   .841   .827   .811   .794   .777
  53   .9284290  -.0028190   .899   .893   .885   .876   .866   .855   .843   .830   .816   .801   .786
  54   .9537880  -.0013790   .894   .889   .883   .876   .867   .858   .848   .836   .824   .811   .796
  55   .9738270  -.0005730   .889   .886   .881   .875   .868   .860   .852   .842   .831   .819   .806
  56   .9883100  -.0001790   .883   .880   .877   .872   .866   .860   .852   .843   .833   .822   .810
1AIRFOIL PB232        13.36% THICKNESS,      .00% FLAP    .00DEGREES DEFLECTION
 MACH= .000                 -4.00  -2.00    .00   2.00   4.00   6.00   8.00  10.00  12.00  14.00  16.00
   N       X          Y      V-DISTRIBUTIONS FOR THE ABOVE ANGLES OF ATTACK RELATIVE TO THE CHORD LINE     
  57   .9970690  -.0000350   .872   .871   .869   .865   .861   .856   .850   .842   .834   .825   .814
  58  1.0000000   .0000000   .863   .864   .864   .863   .860   .857   .853   .848   .841   .834   .825
0WARNING - SUBROUTINE SMOOTH HAS SLOPES -.260 AND -.405 BETWEEN POINTS 29 AND 30
0WARNING - SUBROUTINE SMOOTH HAS SLOPES -.446 AND -.304 BETWEEN POINTS 30 AND 31
0SUMMARY AIRFOIL PB232        ALPHA0= 1.18 DEG., ALPHA REL.  CHORD LINE     
 MACH= .000  * INDICATES BUBBLE U RED. BELOW  .958
0         R =  1500000   MU= 0    R =  3000000   MU= 0    R =  6000000   MU= 0    R =  9000000   MU= 0
0 ALPHA = -4.00 DEGREES
         1 S TURB S SEP    CD    2 S TURB S SEP    CD    3 S TURB S SEP    CD    4 S TURB S SEP    CD
  UPPER    .3122  .0000  .0020     .3122  .0000  .0016     .3122  .0000  .0014     .3122  .0000  .0013 
  LOWER    .9916  .0000  .0069*    .9916  .0000  .0062*    .9916  .0000  .0056     .9916  .0000  .0052 
  TOTAL   CL= -.310 CD=  .0088    CL= -.310 CD=  .0078    CL= -.310 CD=  .0069    CL= -.310 CD=  .0065
       CM= -.0211 AC= -2.8224  CM= -.0211 AC= -2.8224  CM= -.0211 AC= -2.8224  CM= -.0211 AC= -2.8224
0 ALPHA = -2.00 DEGREES
         1 S TURB S SEP    CD    2 S TURB S SEP    CD    3 S TURB S SEP    CD    4 S TURB S SEP    CD
  UPPER    .3223  .0000  .0022     .3223  .0000  .0018     .3223  .0000  .0015     .3223  .0000  .0014 
  LOWER    .9872  .0000  .0058     .9872  .0000  .0052     .9872  .0000  .0047     .9872  .0000  .0044 
  TOTAL   CL= -.090 CD=  .0080    CL= -.090 CD=  .0070    CL= -.090 CD=  .0062    CL= -.090 CD=  .0058
       CM= -.0259 AC=  -.8224  CM= -.0259 AC=  -.8224  CM= -.0259 AC=  -.8224  CM= -.0259 AC=  -.8224
0 ALPHA =   .00 DEGREES
         1 S TURB S SEP    CD    2 S TURB S SEP    CD    3 S TURB S SEP    CD    4 S TURB S SEP    CD
  UPPER    .3520  .0000  .0026     .3520  .0000  .0021     .3520  .0000  .0018     .3520  .0000  .0016 
  LOWER    .3511  .0000  .0022     .3511  .0000  .0018     .3511  .0000  .0015     .3511  .0000  .0014 
  TOTAL   CL=  .130 CD=  .0047    CL=  .130 CD=  .0039    CL=  .130 CD=  .0033    CL=  .130 CD=  .0030
       CM= -.0308 AC=  1.1776  CM= -.0308 AC=  1.1776  CM= -.0308 AC=  1.1776  CM= -.0308 AC=  1.1776
0 ALPHA =  2.00 DEGREES
         1 S TURB S SEP    CD    2 S TURB S SEP    CD    3 S TURB S SEP    CD    4 S TURB S SEP    CD
  UPPER    .3777  .0000  .0030     .3777  .0000  .0024     .3777  .0000  .0021     .3777  .0000  .0019 
  LOWER    .3296  .0000  .0019     .3296  .0000  .0016     .3296  .0000  .0013     .3296  .0000  .0012 
  TOTAL   CL=  .350 CD=  .0048    CL=  .350 CD=  .0040    CL=  .350 CD=  .0034    CL=  .350 CD=  .0031
       CM= -.0358 AC=  3.1776  CM= -.0358 AC=  3.1776  CM= -.0358 AC=  3.1776  CM= -.0358 AC=  3.1776
0 ALPHA =  4.00 DEGREES
         1 S TURB S SEP    CD    2 S TURB S SEP    CD    3 S TURB S SEP    CD    4 S TURB S SEP    CD
  UPPER    .4105  .0000  .0035     .4105  .0000  .0029     .4105  .0000  .0024     .4105  .0000  .0022 
  LOWER    .3126  .0000  .0017     .3126  .0000  .0014     .3126  .0000  .0012     .3126  .0000  .0011 
  TOTAL   CL=  .570 CD=  .0052    CL=  .570 CD=  .0043    CL=  .570 CD=  .0036    CL=  .570 CD=  .0033
       CM= -.0408 AC=  5.1776  CM= -.0408 AC=  5.1776  CM= -.0408 AC=  5.1776  CM= -.0408 AC=  5.1776
0 ALPHA =  6.00 DEGREES
         1 S TURB S SEP    CD    2 S TURB S SEP    CD    3 S TURB S SEP    CD    4 S TURB S SEP    CD
  UPPER    .9977  .1006  .0101     .9977  .0359  .0090     .9977  .0046  .0080     .9977  .0000  .0075 
  LOWER    .3028  .0000  .0015     .3028  .0000  .0013     .3028  .0000  .0011     .3028  .0000  .0010 
  TOTAL   CL=  .728 CD=  .0116    CL=  .767 CD=  .0103    CL=  .787 CD=  .0091    CL=  .790 CD=  .0085
       CM= -.0326 AC=  7.1776  CM= -.0405 AC=  7.1776  CM= -.0450 AC=  7.1776  CM= -.0457 AC=  7.1776
1SUMMARY AIRFOIL PB232        ALPHA0= 1.18 DEG., ALPHA REL.  CHORD LINE     
 MACH= .000  * INDICATES BUBBLE U RED. BELOW  .958
0         R =  1500000   MU= 0    R =  3000000   MU= 0    R =  6000000   MU= 0    R =  9000000   MU= 0
0 ALPHA =  8.00 DEGREES
         1 S TURB S SEP    CD    2 S TURB S SEP    CD    3 S TURB S SEP    CD    4 S TURB S SEP    CD
  UPPER   1.0090  .1475  .0124    1.0090  .1134  .0110    1.0090  .0580  .0098    1.0090  .0252  .0092 
  LOWER    .2920  .0000  .0014     .2920  .0000  .0011     .2920  .0000  .0010     .2920  .0000  .0009 
  TOTAL   CL=  .903 CD=  .0138    CL=  .927 CD=  .0122    CL=  .968 CD=  .0108    CL=  .991 CD=  .0101
       CM= -.0297 AC=  9.1777  CM= -.0335 AC=  9.1777  CM= -.0411 AC=  9.1777  CM= -.0463 AC=  9.1777
0 ALPHA = 10.00 DEGREES
         1 S TURB S SEP    CD    2 S TURB S SEP    CD    3 S TURB S SEP    CD    4 S TURB S SEP    CD
  UPPER   1.0140  .1831  .0154*   1.0140  .1594  .0136*   1.0140  .1286  .0121*   1.0140  .1043  .0113*
  LOWER    .2791  .0000  .0012     .2791  .0000  .0010     .2791  .0000  .0009     .2791  .0000  .0008 
  TOTAL   CL= 1.077 CD=  .0166    CL= 1.097 CD=  .0146    CL= 1.122 CD=  .0129    CL= 1.143 CD=  .0120
       CM= -.0274 AC= 11.1777  CM= -.0300 AC= 11.1777  CM= -.0338 AC= 11.1777  CM= -.0371 AC= 11.1777
0 ALPHA = 12.00 DEGREES
         1 S TURB S SEP    CD    2 S TURB S SEP    CD    3 S TURB S SEP    CD    4 S TURB S SEP    CD
  UPPER   1.0176  .2237  .0193    1.0176  .2013  .0170    1.0176  .1814  .0151    1.0176  .1647  .0140 
  LOWER    .2657  .0000  .0011     .2657  .0000  .0009     .2657  .0000  .0008     .2657  .0000  .0007 
  TOTAL   CL= 1.238 CD=  .0204    CL= 1.259 CD=  .0179    CL= 1.278 CD=  .0158    CL= 1.294 CD=  .0147
       CM= -.0243 AC= 13.1777  CM= -.0265 AC= 13.1777  CM= -.0287 AC= 13.1777  CM= -.0307 AC= 13.1777
0 ALPHA = 14.00 DEGREES
         1 S TURB S SEP    CD    2 S TURB S SEP    CD    3 S TURB S SEP    CD    4 S TURB S SEP    CD
  UPPER   1.0190  .9361  .0217    1.0190  .3062  .0225    1.0190  .2398  .0192    1.0190  .2252  .0178 
  LOWER    .2586  .0000  .0010     .2586  .0000  .0008     .2586  .0000  .0007     .2586  .0000  .0006 
  TOTAL   CL=  .683 CD=  .0227    CL= 1.347 CD=  .0233    CL= 1.417 CD=  .0199    CL= 1.432 CD=  .0184
       CM= -.0611 AC= 15.1777  CM= -.0185 AC= 15.1777  CM= -.0232 AC= 15.1777  CM= -.0247 AC= 15.1777
0 ALPHA = 16.00 DEGREES
         1 S TURB S SEP    CD    2 S TURB S SEP    CD    3 S TURB S SEP    CD    4 S TURB S SEP    CD
  UPPER   1.0197  .9801  .0304*   1.0197  .9508  .0265    1.0197  .8860  .0238    1.0197  .7774  .0228 
  LOWER    .2506  .0000  .0009     .2506  .0000  .0007     .2506  .0000  .0006     .2506  .0000  .0006 
  TOTAL   CL=  .748 CD=  .0313    CL=  .783 CD=  .0272    CL=  .858 CD=  .0244    CL=  .985 CD=  .0234
       CM= -.0689 AC= 17.1777  CM= -.0667 AC= 17.1777  CM= -.0598 AC= 17.1777  CM= -.0460 AC= 17.1777
