0PANEL METHOD AIRFOIL PB231        CL=  .15756, 7.13778 ALPHA0= 1.26 DEG.
1AIRFOIL PB231        18.12% THICKNESS,      .00% FLAP    .00DEGREES DEFLECTION
 MACH= .000                 -4.00  -2.00    .00   2.00   4.00   6.00   8.00  10.00  12.00  14.00  16.00
   N       X          Y      V-DISTRIBUTIONS FOR THE ABOVE ANGLES OF ATTACK RELATIVE TO THE CHORD LINE     
   0  1.0000000   .0000000   .814   .815   .815   .814   .812   .808   .804   .799   .793   .786   .778
   1   .9970690   .0002550   .819   .822   .824   .824   .824   .822   .820   .817   .812   .807   .800
   2   .9883100   .0010720   .829   .833   .836   .838   .839   .838   .837   .835   .832   .828   .822
   3   .9738270   .0026600   .834   .839   .843   .846   .848   .849   .849   .848   .845   .842   .838
   4   .9537880   .0052970   .839   .846   .851   .855   .859   .861   .862   .862   .861   .859   .856
   5   .9284290   .0092730   .845   .853   .859   .865   .870   .874   .877   .878   .879   .878   .877
   6   .8980470   .0149860   .854   .863   .872   .879   .886   .891   .895   .898   .900   .901   .901
   7   .8629980   .0229600   .874   .885   .896   .905   .913   .920   .926   .931   .935   .938   .939
   8   .8236930   .0336250   .911   .925   .937   .949   .959   .969   .977   .984   .989   .994   .997
   9   .7805940   .0471090   .976   .993  1.009  1.023  1.037  1.049  1.060  1.069  1.078  1.085  1.090
  10   .7342040   .0624400  1.074  1.095  1.115  1.134  1.152  1.168  1.183  1.196  1.208  1.218  1.227
  11   .6850690   .0769160  1.162  1.189  1.214  1.238  1.260  1.281  1.300  1.318  1.334  1.349  1.362
  12   .6337640   .0883030  1.211  1.243  1.273  1.302  1.330  1.355  1.379  1.402  1.422  1.441  1.458
  13   .5808910   .0958840  1.214  1.250  1.285  1.318  1.350  1.380  1.409  1.435  1.460  1.484  1.505
  14   .5270690   .1004470  1.204  1.245  1.285  1.322  1.359  1.393  1.426  1.457  1.487  1.514  1.540
  15   .4729310   .1025710  1.189  1.235  1.279  1.322  1.363  1.402  1.440  1.476  1.510  1.542  1.572
  16   .4191090   .1026450  1.172  1.223  1.272  1.320  1.366  1.411  1.454  1.495  1.534  1.572  1.607
  17   .3662360   .1009240  1.153  1.210  1.265  1.319  1.371  1.421  1.470  1.517  1.562  1.605  1.646
  18   .3149310   .0975880  1.132  1.196  1.258  1.318  1.377  1.434  1.489  1.543  1.594  1.644  1.692
  19   .2657960   .0927810  1.108  1.179  1.249  1.317  1.383  1.448  1.511  1.572  1.631  1.688  1.743
  20   .2194060   .0866510  1.079  1.159  1.238  1.315  1.390  1.464  1.536  1.606  1.674  1.740  1.804
  21   .1763070   .0793620  1.045  1.136  1.225  1.313  1.399  1.484  1.567  1.647  1.726  1.803  1.877
  22   .1370020   .0710520  1.002  1.106  1.209  1.310  1.410  1.508  1.604  1.698  1.790  1.880  1.967
  23   .1019530   .0618740   .946  1.066  1.186  1.304  1.421  1.535  1.648  1.759  1.868  1.974  2.078
  24   .0715710   .0520070   .870  1.013  1.155  1.296  1.434  1.572  1.707  1.840  1.971  2.100  2.225
  25   .0462120   .0415430   .755   .927  1.098  1.268  1.436  1.602  1.767  1.929  2.089  2.247  2.402
  26   .0261730   .0309930   .586   .799  1.011  1.222  1.432  1.640  1.845  2.049  2.250  2.448  2.644
  27   .0116900   .0208090   .324   .610   .895  1.178  1.461  1.741  2.020  2.296  2.569  2.839  3.105
  28   .0029310   .0102370   .185   .187   .558   .928  1.297  1.665  2.031  2.394  2.754  3.111  3.464
  29   .0000000   .0000000   .976   .519   .063   .394   .851  1.306  1.760  2.212  2.661  3.107  3.549
  30   .0029310  -.0089430  1.425  1.034   .641   .248   .146   .540   .933  1.325  1.715  2.103  2.489
  31   .0116900  -.0180800  1.594  1.292   .990   .686   .381   .075   .230   .535   .840  1.143  1.445
  32   .0261730  -.0255660  1.437  1.229  1.018   .807   .594   .381   .167   .047   .261   .475   .688
  33   .0462120  -.0332630  1.402  1.237  1.070   .902   .733   .563   .392   .221   .050   .122   .293
  34   .0715710  -.0408730  1.372  1.238  1.101   .964   .825   .685   .545   .403   .262   .120   .023
  35   .1019530  -.0479650  1.338  1.226  1.112   .998   .882   .765   .647   .528   .408   .289   .168
  36   .1370020  -.0547070  1.321  1.225  1.128  1.030   .930   .829   .727   .624   .521   .416   .312
  37   .1763070  -.0608870  1.308  1.225  1.140  1.055   .968   .879   .790   .700   .609   .517   .424
  38   .2194060  -.0663300  1.296  1.224  1.150  1.074   .998   .920   .841   .761   .680   .598   .515
  39   .2657960  -.0709260  1.288  1.224  1.158  1.091  1.023   .954   .883   .812   .739   .665   .591
  40   .3149310  -.0745310  1.280  1.223  1.165  1.106  1.045   .983   .919   .855   .789   .723   .655
  41   .3662360  -.0770200  1.274  1.223  1.171  1.118  1.063  1.008   .950   .892   .833   .772   .711
  42   .4191090  -.0782780  1.268  1.223  1.177  1.129  1.080  1.030   .978   .925   .871   .816   .760
  43   .4729310  -.0781770  1.264  1.224  1.183  1.140  1.096  1.050  1.003   .955   .906   .856   .804
  44   .5270690  -.0765220  1.263  1.227  1.190  1.152  1.112  1.071  1.028   .984   .939   .893   .846
  45   .5808910  -.0728780  1.259  1.228  1.195  1.161  1.125  1.088  1.049  1.009   .968   .926   .883
  46   .6337640  -.0665450  1.243  1.215  1.187  1.156  1.125  1.092  1.057  1.022   .985   .947   .908
  47   .6850690  -.0567110  1.177  1.155  1.131  1.105  1.079  1.051  1.021   .991   .959   .926   .892
  48   .7342040  -.0442600  1.076  1.058  1.039  1.019   .997   .974   .950   .925   .898   .871   .842
  49   .7805940  -.0315560   .975   .961   .946   .930   .912   .894   .874   .853   .831   .808   .785
  50   .8236930  -.0210800   .915   .903   .891   .877   .863   .847   .830   .813   .794   .774   .754
  51   .8629980  -.0133650   .883   .874   .863   .852   .839   .826   .811   .796   .779   .762   .744
  52   .8980470  -.0079900   .865   .857   .848   .839   .828   .816   .804   .790   .775   .760   .743
  53   .9284290  -.0044690   .856   .850   .843   .835   .826   .815   .804   .792   .779   .765   .750
  54   .9537880  -.0022710   .850   .845   .840   .833   .826   .817   .807   .797   .785   .772   .759
  55   .9738270  -.0009930   .844   .841   .836   .831   .825   .818   .809   .800   .790   .778   .766
  56   .9883100  -.0003450   .837   .835   .832   .828   .823   .816   .809   .801   .792   .782   .771
1AIRFOIL PB231        18.12% THICKNESS,      .00% FLAP    .00DEGREES DEFLECTION
 MACH= .000                 -4.00  -2.00    .00   2.00   4.00   6.00   8.00  10.00  12.00  14.00  16.00
   N       X          Y      V-DISTRIBUTIONS FOR THE ABOVE ANGLES OF ATTACK RELATIVE TO THE CHORD LINE     
  57   .9970690  -.0000750   .824   .823   .821   .818   .815   .810   .804   .797   .789   .780   .771
  58  1.0000000   .0000000   .814   .815   .815   .814   .812   .808   .804   .799   .793   .786   .778
0SUMMARY AIRFOIL PB231        ALPHA0= 1.26 DEG., ALPHA REL.  CHORD LINE     
 MACH= .000  * INDICATES BUBBLE U RED. BELOW  .958
0         R =  1500000   MU= 0    R =  3000000   MU= 0    R =  6000000   MU= 0    R =  9000000   MU= 0
0 ALPHA = -4.00 DEGREES
         1 S TURB S SEP    CD    2 S TURB S SEP    CD    3 S TURB S SEP    CD    4 S TURB S SEP    CD
  UPPER    .3457  .0000  .0022     .3457  .0000  .0018     .3457  .0000  .0015     .3457  .0000  .0014 
  LOWER    .9932  .1545  .0077     .9932  .1147  .0069     .9932  .0132  .0062     .9932  .0023  .0058 
  TOTAL   CL= -.243 CD=  .0099    CL= -.258 CD=  .0087    CL= -.296 CD=  .0077    CL= -.300 CD=  .0072
       CM= -.0298 AC= -2.7355  CM= -.0275 AC= -2.7355  CM= -.0197 AC= -2.7355  CM= -.0187 AC= -2.7355
0 ALPHA = -2.00 DEGREES
         1 S TURB S SEP    CD    2 S TURB S SEP    CD    3 S TURB S SEP    CD    4 S TURB S SEP    CD
  UPPER    .3525  .0000  .0024     .3525  .0000  .0020     .3525  .0000  .0017     .3525  .0000  .0015 
  LOWER    .3583  .0000  .0024     .3583  .0000  .0020     .3583  .0000  .0017     .3583  .0000  .0015 
  TOTAL   CL= -.081 CD=  .0049    CL= -.081 CD=  .0040    CL= -.081 CD=  .0034    CL= -.081 CD=  .0031
       CM= -.0255 AC=  -.7355  CM= -.0255 AC=  -.7355  CM= -.0255 AC=  -.7355  CM= -.0255 AC=  -.7355
0 ALPHA =   .00 DEGREES
         1 S TURB S SEP    CD    2 S TURB S SEP    CD    3 S TURB S SEP    CD    4 S TURB S SEP    CD
  UPPER    .3590  .0013  .0027     .3590  .0000  .0022     .3590  .0000  .0018     .3590  .0000  .0017 
  LOWER    .3521  .0000  .0022     .3521  .0000  .0018     .3521  .0000  .0015     .3521  .0000  .0014 
  TOTAL   CL=  .139 CD=  .0049    CL=  .139 CD=  .0040    CL=  .139 CD=  .0034    CL=  .139 CD=  .0031
       CM= -.0325 AC=  1.2645  CM= -.0326 AC=  1.2645  CM= -.0326 AC=  1.2645  CM= -.0326 AC=  1.2645
0 ALPHA =  2.00 DEGREES
         1 S TURB S SEP    CD    2 S TURB S SEP    CD    3 S TURB S SEP    CD    4 S TURB S SEP    CD
  UPPER    .3657  .1382  .0030     .3657  .0000  .0024     .3657  .0000  .0020     .3657  .0000  .0018 
  LOWER    .3460  .0000  .0020     .3460  .0000  .0017     .3460  .0000  .0014     .3460  .0000  .0013 
  TOTAL   CL=  .294 CD=  .0050    CL=  .359 CD=  .0041    CL=  .359 CD=  .0034    CL=  .359 CD=  .0031
       CM= -.0268 AC=  3.2645  CM= -.0398 AC=  3.2645  CM= -.0398 AC=  3.2645  CM= -.0398 AC=  3.2645
0 ALPHA =  4.00 DEGREES
         1 S TURB S SEP    CD    2 S TURB S SEP    CD    3 S TURB S SEP    CD    4 S TURB S SEP    CD
  UPPER    .3729  .1786  .0034     .3729  .0002  .0027     .3729  .0000  .0022     .3729  .0000  .0020 
  LOWER    .3396  .0000  .0018     .3396  .0000  .0015     .3396  .0000  .0013     .3396  .0000  .0012 
  TOTAL   CL=  .475 CD=  .0052    CL=  .579 CD=  .0042    CL=  .579 CD=  .0035    CL=  .579 CD=  .0032
       CM= -.0277 AC=  5.2645  CM= -.0470 AC=  5.2645  CM= -.0470 AC=  5.2645  CM= -.0470 AC=  5.2645
0 ALPHA =  6.00 DEGREES
         1 S TURB S SEP    CD    2 S TURB S SEP    CD    3 S TURB S SEP    CD    4 S TURB S SEP    CD
  UPPER    .3987  .1799  .0040     .3987  .0434  .0032     .3987  .0000  .0026     .3987  .0000  .0024 
  LOWER    .3323  .0000  .0016     .3323  .0000  .0014     .3323  .0000  .0011     .3323  .0000  .0011 
  TOTAL   CL=  .675 CD=  .0056    CL=  .769 CD=  .0046    CL=  .799 CD=  .0037    CL=  .799 CD=  .0034
       CM= -.0311 AC=  7.2645  CM= -.0472 AC=  7.2645  CM= -.0542 AC=  7.2645  CM= -.0542 AC=  7.2645
0 ALPHA =  8.00 DEGREES
         1 S TURB S SEP    CD    2 S TURB S SEP    CD    3 S TURB S SEP    CD    4 S TURB S SEP    CD
  UPPER   1.0050  .2054  .0138    1.0050  .1917  .0122    1.0050  .1757  .0108    1.0050  .1620  .0101 
  LOWER    .3233  .0000  .0014*    .3233  .0000  .0012     .3233  .0000  .0010     .3233  .0000  .0009 
  TOTAL   CL=  .855 CD=  .0152    CL=  .865 CD=  .0134    CL=  .878 CD=  .0119    CL=  .889 CD=  .0111
       CM= -.0322 AC=  9.2645  CM= -.0334 AC=  9.2645  CM= -.0350 AC=  9.2645  CM= -.0365 AC=  9.2645
1SUMMARY AIRFOIL PB231        ALPHA0= 1.26 DEG., ALPHA REL.  CHORD LINE     
 MACH= .000  * INDICATES BUBBLE U RED. BELOW  .958
0         R =  1500000   MU= 0    R =  3000000   MU= 0    R =  6000000   MU= 0    R =  9000000   MU= 0
0 ALPHA = 10.00 DEGREES
         1 S TURB S SEP    CD    2 S TURB S SEP    CD    3 S TURB S SEP    CD    4 S TURB S SEP    CD
  UPPER   1.0100  .2192  .0165    1.0100  .2052  .0145    1.0100  .1904  .0129    1.0100  .1814  .0120 
  LOWER    .3181  .0000  .0013*    .3181  .0000  .0011     .3181  .0000  .0009     .3181  .0000  .0009 
  TOTAL   CL= 1.039 CD=  .0178    CL= 1.052 CD=  .0156    CL= 1.066 CD=  .0138    CL= 1.074 CD=  .0129
       CM= -.0340 AC= 11.2645  CM= -.0353 AC= 11.2645  CM= -.0368 AC= 11.2645  CM= -.0378 AC= 11.2645
0 ALPHA = 12.00 DEGREES
         1 S TURB S SEP    CD    2 S TURB S SEP    CD    3 S TURB S SEP    CD    4 S TURB S SEP    CD
  UPPER   1.0141  .2328  .0197*   1.0141  .2211  .0174*   1.0141  .2059  .0154    1.0141  .1966  .0143 
  LOWER    .3142  .0000  .0012     .3142  .0000  .0010     .3142  .0000  .0009     .3142  .0000  .0008 
  TOTAL   CL= 1.221 CD=  .0209    CL= 1.233 CD=  .0184    CL= 1.249 CD=  .0162    CL= 1.258 CD=  .0151
       CM= -.0355 AC= 13.2645  CM= -.0366 AC= 13.2645  CM= -.0382 AC= 13.2645  CM= -.0393 AC= 13.2645
0 ALPHA = 14.00 DEGREES
         1 S TURB S SEP    CD    2 S TURB S SEP    CD    3 S TURB S SEP    CD    4 S TURB S SEP    CD
  UPPER   1.0199  .2498  .0241    1.0199  .2378  .0212    1.0199  .2259  .0187    1.0199  .2164  .0174 
  LOWER    .3100  .0000  .0011     .3100  .0000  .0009     .3100  .0000  .0008     .3100  .0000  .0007 
  TOTAL   CL= 1.396 CD=  .0252    CL= 1.410 CD=  .0221    CL= 1.424 CD=  .0194    CL= 1.434 CD=  .0181
       CM= -.0363 AC= 15.2645  CM= -.0375 AC= 15.2645  CM= -.0387 AC= 15.2645  CM= -.0398 AC= 15.2645
0 ALPHA = 16.00 DEGREES
         1 S TURB S SEP    CD    2 S TURB S SEP    CD    3 S TURB S SEP    CD    4 S TURB S SEP    CD
  UPPER   1.0227  .2758  .0294    1.0227  .2598  .0257    1.0227  .2455  .0226    1.0227  .2374  .0210 
  LOWER    .3052  .0000  .0010     .3052  .0000  .0008     .3052  .0000  .0007     .3052  .0000  .0006 
  TOTAL   CL= 1.557 CD=  .0304    CL= 1.577 CD=  .0265    CL= 1.594 CD=  .0233    CL= 1.604 CD=  .0216
       CM= -.0361 AC= 17.2645  CM= -.0376 AC= 17.2645  CM= -.0390 AC= 17.2645  CM= -.0398 AC= 17.2645
