1
0TRANSCENDENTAL EQUATION RESULTS   AIRFOIL 1157   ITERATION 0   MODE 5
    NU   ALPHA*  OMEGA'  OMEGA     K       MU     K H   LAMBDA LAMBDA*
   3.500   0.00   0.283  0.930   0.355   0.580 3.060272  10.50   1.50
   8.500 -15.80
  10.500 -35.40
  12.500   4.60
  13.500   4.35
  21.500   4.25
  24.500   4.15
  27.500   4.00
  28.500   6.80
  29.500  12.80
  31.962  18.80
  32.500   2.10
  33.500   1.90
  35.500   1.70
  37.500   1.50
  38.500   1.45
  44.500   1.40
  50.500   1.80
  53.500   8.00
  55.500   4.00
  60.000   0.00   0.230  0.950   0.142   1.250 3.291486   9.50   1.50
0ITERATION 1   K S = 5.785707   DELTA =  0.98678422   ROUNDED =  0.987
 ITERATION 2   K S = 0.803912   DELTA =  0.11964779   ROUNDED =  0.120
 ITERATION 3   K S = 0.261230   DELTA =  0.01353953   ROUNDED =  0.014
 ITERATION 4   K S = 0.198677   DELTA = -0.00029602   ROUNDED =  0.000
0TRANSCENDENTAL EQUATION RESULTS   AIRFOIL 1157   ITERATION 4   MODE 5
    NU   ALPHA*  OMEGA'  OMEGA     K       MU     K H   LAMBDA LAMBDA*
   3.500   0.00   0.283  0.930   0.355   0.580 0.349177  10.50   1.50
   8.500 -15.80
  10.500 -35.40
  12.500   4.60
  13.500   4.35
  21.500   4.25
  24.500   4.15
  27.500   4.00
  28.500   6.80
  29.500  12.80
  32.007  18.80
  32.500   2.10
  33.500   1.90
  35.500   1.70
  37.500   1.50
  38.500   1.45
  44.500   1.40
  50.500   1.80
  53.500   8.00
  55.500   4.00
  60.000   0.00   2.206  0.656   1.363   1.250-0.150500   9.50   1.50
0THICKNESS 15.98%, CM0=-.0756, ALFA0= 3.120 DEG.
0PANEL METHOD AIRFOIL    1157      CL= 0.29592, 6.91279 ALPHA0= 2.45 DEG.
1AIRFOIL    1157      13.00% THICKNESS,     0.00% FLAP   0.00DEGREES DEFLECTION
 MACH=0.000                  0.00   1.00   2.00   3.00   4.00   5.00   6.00   8.00  10.00  12.00  14.00  16.00  18.00
   N       X          Y      V-DISTRIBUTIONS FOR THE ABOVE ANGLES OF ATTACK RELATIVE TO THE ZERO-LIFT LINE 
   0  1.0000000  0.0000000  0.835  0.835  0.834  0.833  0.832  0.831  0.830  0.826  0.821  0.815  0.808  0.801  0.792
   1  0.9965761  0.0007237  0.896  0.896  0.897  0.898  0.898  0.897  0.897  0.895  0.893  0.889  0.884  0.878  0.871
   2  0.9865575  0.0025891  0.934  0.936  0.937  0.939  0.940  0.940  0.941  0.941  0.940  0.937  0.934  0.929  0.924
   3  0.9701889  0.0054079  0.932  0.935  0.937  0.939  0.940  0.942  0.943  0.944  0.944  0.943  0.941  0.937  0.933
   4  0.9477466  0.0093831  0.937  0.941  0.944  0.946  0.949  0.951  0.953  0.956  0.958  0.958  0.957  0.956  0.953
   5  0.9199134  0.0146430  0.955  0.959  0.963  0.967  0.970  0.973  0.976  0.981  0.985  0.987  0.988  0.988  0.987
   6  0.8873987  0.0211254  0.975  0.981  0.986  0.991  0.995  0.999  1.003  1.010  1.016  1.020  1.023  1.025  1.026
   7  0.8508863  0.0287365  0.998  1.004  1.010  1.016  1.022  1.027  1.032  1.041  1.049  1.056  1.061  1.065  1.068
   8  0.8111397  0.0374730  1.024  1.032  1.040  1.047  1.054  1.061  1.067  1.078  1.088  1.097  1.105  1.111  1.116
   9  0.7695342  0.0473069  1.076  1.085  1.094  1.103  1.111  1.120  1.127  1.142  1.155  1.167  1.177  1.186  1.193
  10  0.7278106  0.0571392  1.153  1.164  1.175  1.186  1.196  1.207  1.216  1.234  1.251  1.266  1.280  1.292  1.302
  11  0.6858839  0.0650728  1.198  1.211  1.224  1.237  1.249  1.261  1.272  1.294  1.314  1.333  1.350  1.366  1.379
  12  0.6422123  0.0706706  1.196  1.211  1.226  1.240  1.254  1.267  1.280  1.305  1.328  1.350  1.370  1.389  1.405
  13  0.5964448  0.0746796  1.189  1.205  1.221  1.237  1.253  1.268  1.283  1.311  1.337  1.362  1.386  1.407  1.427
  14  0.5492032  0.0774688  1.183  1.201  1.219  1.237  1.254  1.271  1.287  1.319  1.349  1.378  1.404  1.429  1.453
  15  0.5010337  0.0791131  1.176  1.196  1.216  1.236  1.255  1.274  1.292  1.327  1.361  1.393  1.424  1.453  1.480
  16  0.4524760  0.0796882  1.169  1.191  1.213  1.235  1.256  1.277  1.298  1.337  1.375  1.412  1.446  1.479  1.510
  17  0.4040604  0.0792327  1.161  1.186  1.210  1.234  1.258  1.281  1.304  1.348  1.391  1.432  1.471  1.508  1.544
  18  0.3563122  0.0778021  1.153  1.180  1.207  1.233  1.259  1.285  1.311  1.360  1.408  1.454  1.499  1.541  1.582
  19  0.3097470  0.0754416  1.143  1.173  1.203  1.232  1.261  1.290  1.318  1.374  1.428  1.480  1.530  1.578  1.625
  20  0.2648663  0.0722155  1.132  1.165  1.199  1.231  1.264  1.296  1.328  1.390  1.451  1.509  1.566  1.621  1.674
  21  0.2221538  0.0681865  1.119  1.156  1.193  1.230  1.267  1.303  1.339  1.409  1.477  1.544  1.609  1.672  1.732
  22  0.1820732  0.0634380  1.103  1.146  1.188  1.230  1.271  1.312  1.352  1.432  1.510  1.586  1.660  1.732  1.802
  23  0.1450691  0.0580496  1.085  1.133  1.181  1.229  1.276  1.322  1.369  1.460  1.550  1.637  1.723  1.807  1.888
  24  0.1115515  0.0521161  1.062  1.118  1.173  1.228  1.282  1.337  1.390  1.496  1.601  1.703  1.803  1.901  1.997
  25  0.0819108  0.0457349  1.033  1.098  1.163  1.228  1.292  1.356  1.419  1.544  1.668  1.789  1.909  2.026  2.140
  26  0.0565208  0.0390105  0.994  1.073  1.151  1.229  1.306  1.384  1.460  1.612  1.762  1.910  2.056  2.199  2.340
  27  0.0357737  0.0319995  0.936  1.034  1.132  1.230  1.327  1.424  1.520  1.712  1.901  2.088  2.272  2.454  2.633
  28  0.0199583  0.0246151  0.822  0.950  1.076  1.203  1.329  1.455  1.580  1.829  2.076  2.321  2.562  2.801  3.036
  29  0.0090031  0.0167220  0.573  0.738  0.904  1.069  1.233  1.398  1.561  1.888  2.212  2.533  2.851  3.166  3.477
  30  0.0024678  0.0084706  0.105  0.314  0.523  0.731  0.940  1.148  1.356  1.770  2.182  2.591  2.998  3.400  3.799
  31  0.0000103  0.0004809  0.664  0.399  0.134  0.131  0.396  0.662  0.927  1.455  1.983  2.507  3.029  3.547  4.061
  32  0.0018710 -0.0059531  1.448  1.177  0.906  0.634  0.362  0.090  0.182  0.726  1.269  1.810  2.349  2.885  3.418
  33  0.0098146 -0.0110280  1.335  1.178  1.020  0.862  0.703  0.544  0.386  0.068  0.251  0.568  0.885  1.201  1.516
  34  0.0244063 -0.0159681  1.255  1.147  1.038  0.929  0.820  0.711  0.601  0.381  0.161  0.060  0.280  0.500  0.720
  35  0.0444957 -0.0208571  1.211  1.129  1.047  0.964  0.882  0.799  0.715  0.548  0.380  0.212  0.043  0.125  0.294
  36  0.0696505 -0.0255965  1.190  1.124  1.058  0.991  0.924  0.857  0.790  0.654  0.518  0.381  0.244  0.106  0.031
  37  0.0994707 -0.0301170  1.175  1.120  1.065  1.010  0.954  0.898  0.841  0.728  0.613  0.498  0.382  0.266  0.150
  38  0.1335535 -0.0343396  1.165  1.118  1.071  1.024  0.976  0.928  0.880  0.782  0.684  0.585  0.485  0.384  0.283
  39  0.1714754 -0.0381963  1.158  1.117  1.076  1.035  0.993  0.952  0.910  0.824  0.738  0.651  0.564  0.475  0.386
  40  0.2127770 -0.0416244  1.152  1.116  1.081  1.044  1.008  0.971  0.934  0.858  0.782  0.705  0.627  0.548  0.469
  41  0.2569740 -0.0445605  1.147  1.116  1.084  1.052  1.019  0.987  0.953  0.886  0.818  0.749  0.679  0.608  0.536
  42  0.3035533 -0.0469513  1.144  1.116  1.087  1.058  1.029  1.000  0.970  0.910  0.849  0.786  0.723  0.659  0.594
  43  0.3519781 -0.0487418  1.140  1.115  1.090  1.064  1.038  1.011  0.985  0.930  0.875  0.818  0.761  0.702  0.643
  44  0.4016905 -0.0498810  1.138  1.115  1.092  1.069  1.045  1.021  0.997  0.948  0.897  0.846  0.793  0.740  0.685
  45  0.4521289 -0.0503116  1.135  1.115  1.094  1.073  1.052  1.030  1.008  0.963  0.917  0.870  0.822  0.773  0.723
  46  0.5027294 -0.0499870  1.132  1.114  1.095  1.076  1.057  1.038  1.018  0.977  0.935  0.892  0.848  0.803  0.757
  47  0.5529115 -0.0488631  1.130  1.114  1.097  1.080  1.062  1.045  1.026  0.989  0.951  0.912  0.871  0.830  0.787
  48  0.6020814 -0.0468607  1.128  1.113  1.098  1.082  1.067  1.051  1.034  1.001  0.966  0.929  0.892  0.854  0.815
  49  0.6496444 -0.0438760  1.127  1.114  1.100  1.086  1.072  1.058  1.043  1.012  0.980  0.947  0.913  0.877  0.841
  50  0.6949556 -0.0395170  1.122  1.110  1.098  1.085  1.073  1.060  1.046  1.018  0.990  0.959  0.928  0.896  0.862
  51  0.7383451 -0.0330509  1.076  1.066  1.056  1.045  1.034  1.023  1.011  0.987  0.962  0.936  0.908  0.880  0.850
  52  0.7811700 -0.0248843  1.002  0.994  0.985  0.976  0.967  0.958  0.948  0.928  0.907  0.885  0.861  0.837  0.811
  53  0.8236068 -0.0166004  0.938  0.931  0.924  0.917  0.910  0.902  0.894  0.877  0.859  0.840  0.820  0.799  0.778
  54  0.8644650 -0.0094401  0.889  0.884  0.878  0.873  0.866  0.860  0.853  0.839  0.824  0.808  0.791  0.773  0.754
  55  0.9022958 -0.0040136  0.852  0.847  0.843  0.838  0.833  0.828  0.822  0.811  0.798  0.784  0.770  0.754  0.737
  56  0.9356187 -0.0005787  0.824  0.821  0.817  0.813  0.809  0.805  0.801  0.791  0.780  0.769  0.756  0.743  0.728
1AIRFOIL    1157      13.00% THICKNESS,     0.00% FLAP   0.00DEGREES DEFLECTION
 MACH=0.000                  0.00   1.00   2.00   3.00   4.00   5.00   6.00   8.00  10.00  12.00  14.00  16.00  18.00
   N       X          Y      V-DISTRIBUTIONS FOR THE ABOVE ANGLES OF ATTACK RELATIVE TO THE ZERO-LIFT LINE 
  57  0.9630511  0.0009901  0.801  0.799  0.796  0.793  0.790  0.787  0.783  0.775  0.766  0.756  0.746  0.734  0.721
  58  0.9834346  0.0010954  0.779  0.777  0.775  0.773  0.770  0.767  0.764  0.757  0.750  0.741  0.732  0.721  0.710
  59  0.9958704  0.0004137  0.792  0.790  0.789  0.787  0.785  0.783  0.781  0.775  0.769  0.761  0.753  0.744  0.733
  60  1.0000004  0.0000000  0.835  0.835  0.834  0.833  0.832  0.831  0.830  0.826  0.821  0.815  0.808  0.801  0.792
1SUMMARY AIRFOIL    1157      ALPHA0= 2.45 DEG., ALPHA REL.  ZERO-LIFT LINE 
 MACH=0.000  * INDICATES BUBBLE U RED. BELOW 0.958
0         R =  5000000   MU= 0    R =  5000000   MU= 3    R =  5000000   MU= 1
0 ALPHA =  0.00 DEGREES
         1 S TURB S SEP    CD    2 S TURB S SEP    CD    3 S TURB S SEP    CD
  UPPER   0.2913 0.0000 0.0017    0.3141 0.0000 0.0018    1.0069 0.0000 0.0048 
  LOWER   0.2913 0.0000 0.0014    0.5342 0.0000 0.0025    1.0063 0.0000 0.0047 
  TOTAL   CL= 0.000 CD= 0.0030    CL= 0.000 CD= 0.0043    CL= 0.000 CD= 0.0095
       CM=-0.0595 AC=  0.0000  CM=-0.0595 AC=  0.0000  CM=-0.0595 AC=  0.0000
0 ALPHA =  1.00 DEGREES
         1 S TURB S SEP    CD    2 S TURB S SEP    CD    3 S TURB S SEP    CD
  UPPER   0.2940 0.0000 0.0017    0.3166 0.0000 0.0019    1.0069 0.0000 0.0051 
  LOWER   0.2876 0.0000 0.0013    0.3430 0.0000 0.0016    1.0063 0.0000 0.0043 
  TOTAL   CL= 0.110 CD= 0.0030    CL= 0.110 CD= 0.0034    CL= 0.110 CD= 0.0094
       CM=-0.0620 AC=  1.0000  CM=-0.0620 AC=  1.0000  CM=-0.0620 AC=  1.0000
0 ALPHA =  2.00 DEGREES
         1 S TURB S SEP    CD    2 S TURB S SEP    CD    3 S TURB S SEP    CD
  UPPER   0.2968 0.0000 0.0018    0.3192 0.0000 0.0020    1.0174 0.0000 0.0055 
  LOWER   0.2842 0.0000 0.0012    0.3076 0.0000 0.0013    1.0063 0.0000 0.0040 
  TOTAL   CL= 0.220 CD= 0.0031    CL= 0.220 CD= 0.0033    CL= 0.220 CD= 0.0095
       CM=-0.0645 AC=  2.0000  CM=-0.0645 AC=  2.0000  CM=-0.0645 AC=  2.0000
0 ALPHA =  3.00 DEGREES
         1 S TURB S SEP    CD    2 S TURB S SEP    CD    3 S TURB S SEP    CD
  UPPER   0.2997 0.0000 0.0019    0.3391 0.0000 0.0021    1.0174 0.0000 0.0059 
  LOWER   0.2808 0.0000 0.0012    0.3044 0.0000 0.0013    1.0063 0.0000 0.0037 
  TOTAL   CL= 0.330 CD= 0.0031    CL= 0.330 CD= 0.0034    CL= 0.330 CD= 0.0095
       CM=-0.0671 AC=  3.0000  CM=-0.0671 AC=  3.0000  CM=-0.0671 AC=  3.0000
0 ALPHA =  4.00 DEGREES
         1 S TURB S SEP    CD    2 S TURB S SEP    CD    3 S TURB S SEP    CD
  UPPER   0.3026 0.0000 0.0020    0.4673 0.0000 0.0031    1.0174 0.0000 0.0064 
  LOWER   0.2776 0.0000 0.0011    0.3014 0.0000 0.0012    1.0063 0.0000 0.0034 
  TOTAL   CL= 0.440 CD= 0.0031    CL= 0.440 CD= 0.0043    CL= 0.440 CD= 0.0098
       CM=-0.0696 AC=  4.0000  CM=-0.0696 AC=  4.0000  CM=-0.0696 AC=  4.0000
0 ALPHA =  5.00 DEGREES
         1 S TURB S SEP    CD    2 S TURB S SEP    CD    3 S TURB S SEP    CD
  UPPER   0.3060 0.0000 0.0021    0.6575 0.0000 0.0044    1.0257 0.0006 0.0070 
  LOWER   0.2743 0.0000 0.0011    0.2985 0.0000 0.0012    0.9969 0.0000 0.0031 
  TOTAL   CL= 0.550 CD= 0.0031    CL= 0.550 CD= 0.0056    CL= 0.550 CD= 0.0101
       CM=-0.0722 AC=  5.0000  CM=-0.0722 AC=  5.0000  CM=-0.0721 AC=  5.0000
0 ALPHA =  6.00 DEGREES
         1 S TURB S SEP    CD    2 S TURB S SEP    CD    3 S TURB S SEP    CD
  UPPER   0.3097 0.0000 0.0022    0.8997 0.0009 0.0066    1.0257 0.0014 0.0076 
  LOWER   0.2709 0.0000 0.0010    0.2957 0.0000 0.0011    0.9969 0.0000 0.0029 
  TOTAL   CL= 0.660 CD= 0.0032    CL= 0.659 CD= 0.0077    CL= 0.659 CD= 0.0106
       CM=-0.0748 AC=  6.0000  CM=-0.0746 AC=  6.0000  CM=-0.0745 AC=  6.0000
0 ALPHA =  8.00 DEGREES
         1 S TURB S SEP    CD    2 S TURB S SEP    CD    3 S TURB S SEP    CD
  UPPER   0.9828 0.0027 0.0086    0.9828 0.0027 0.0086    1.0257 0.0030 0.0092 
  LOWER   0.2641 0.0000 0.0009    0.2901 0.0000 0.0010    0.9814 0.0000 0.0025 
  TOTAL   CL= 0.878 CD= 0.0095    CL= 0.878 CD= 0.0096    CL= 0.877 CD= 0.0117
       CM=-0.0793 AC=  8.0000  CM=-0.0793 AC=  8.0000  CM=-0.0793 AC=  8.0000
1SUMMARY AIRFOIL    1157      ALPHA0= 2.45 DEG., ALPHA REL.  ZERO-LIFT LINE 
 MACH=0.000  * INDICATES BUBBLE U RED. BELOW 0.958
0         R =  5000000   MU= 0    R =  5000000   MU= 3    R =  5000000   MU= 1
0 ALPHA = 10.00 DEGREES
         1 S TURB S SEP    CD    2 S TURB S SEP    CD    3 S TURB S SEP    CD
  UPPER   0.9947 0.0077 0.0103    0.9947 0.0077 0.0103    1.0257 0.0093 0.0112 
  LOWER   0.2609 0.0000 0.0008    0.2840 0.0000 0.0009    0.9608 0.0000 0.0022 
  TOTAL   CL= 1.092 CD= 0.0112    CL= 1.092 CD= 0.0112    CL= 1.091 CD= 0.0133
       CM=-0.0832 AC= 10.0000  CM=-0.0832 AC= 10.0000  CM=-0.0828 AC= 10.0000
0 ALPHA = 12.00 DEGREES
         1 S TURB S SEP    CD    2 S TURB S SEP    CD    3 S TURB S SEP    CD
  UPPER   1.0020 0.0427 0.0125    1.0020 0.0427 0.0125    1.0257 0.0618 0.0136 
  LOWER   0.2575 0.0000 0.0008    0.2769 0.0000 0.0008    0.9608 0.0000 0.0019 
  TOTAL   CL= 1.273 CD= 0.0132    CL= 1.273 CD= 0.0133    CL= 1.253 CD= 0.0155
       CM=-0.0793 AC= 12.0000  CM=-0.0793 AC= 12.0000  CM=-0.0749 AC= 12.0000
0 ALPHA = 14.00 DEGREES
         1 S TURB S SEP    CD    2 S TURB S SEP    CD    3 S TURB S SEP    CD
  UPPER   1.0056 0.0923 0.0150    1.0056 0.0923 0.0150    1.0257 0.1322 0.0169 
  LOWER   0.2540 0.0000 0.0007    0.2680 0.0000 0.0007    0.9352 0.0000 0.0016 
  TOTAL   CL= 1.429 CD= 0.0157    CL= 1.429 CD= 0.0158    CL= 1.381 CD= 0.0185
       CM=-0.0714 AC= 14.0000  CM=-0.0714 AC= 14.0000  CM=-0.0632 AC= 14.0000
0 ALPHA = 16.00 DEGREES
         1 S TURB S SEP    CD    2 S TURB S SEP    CD    3 S TURB S SEP    CD
  UPPER   1.0110 0.1667 0.0187    1.0110 0.1667 0.0187    1.0257 0.2549 0.0221 
  LOWER   0.2501 0.0000 0.0006    0.2619 0.0000 0.0007    0.9050 0.0000 0.0014 
  TOTAL   CL= 1.541 CD= 0.0194    CL= 1.541 CD= 0.0194    CL= 1.426 CD= 0.0235
       CM=-0.0588 AC= 16.0000  CM=-0.0588 AC= 16.0000  CM=-0.0466 AC= 16.0000
0 ALPHA = 18.00 DEGREES
         1 S TURB S SEP    CD    2 S TURB S SEP    CD    3 S TURB S SEP    CD
  UPPER   1.0154 0.2893 0.0252    1.0154 0.2893 0.0252    1.0257 0.8889 0.0270 
  LOWER   0.2456 0.0000 0.0006    0.2577 0.0000 0.0006    0.9050 0.0000 0.0012 
  TOTAL   CL= 1.569 CD= 0.0258    CL= 1.569 CD= 0.0258    CL= 0.717 CD= 0.0282
       CM=-0.0437 AC= 18.0000  CM=-0.0437 AC= 18.0000  CM=-0.0936 AC= 18.0000
0PANEL METHOD AIRFOIL    1157      CL= 0.00017, 6.94026 ALPHA0= 0.00 DEG.
0PANEL METHOD AIRFOIL    1157      CL= 0.00017, 6.94026 ALPHA0= 0.00 DEG.
0PANEL METHOD AIRFOIL    1157      CL=-0.00004, 6.87200 ALPHA0= 0.00 DEG.
1AIRFOIL    1157      13.00% THICKNESS,     0.00% FLAP   0.00DEGREES DEFLECTION
 MACH=0.450                  0.00   1.00   2.00   3.00
+              VSON= 2.069
   N       X          Y      V-DISTRIBUTIONS FOR THE ABOVE ANGLES OF ATTACK RELATIVE TO THE ZERO-LIFT LINE 
   0  1.0000000  0.0000000  0.822  0.822  0.822  0.821
   1  0.9965761  0.0001888  0.829  0.830  0.831  0.831
   2  0.9865575  0.0008035  0.839  0.841  0.843  0.844
   3  0.9701889  0.0021305  0.847  0.850  0.852  0.854
   4  0.9477466  0.0045531  0.861  0.864  0.868  0.871
   5  0.9199134  0.0083299  0.882  0.887  0.891  0.896
   6  0.8873987  0.0135543  0.909  0.915  0.921  0.926
   7  0.8508863  0.0202172  0.942  0.950  0.957  0.964
   8  0.8111397  0.0282445  0.986  0.996  1.004  1.013
   9  0.7695342  0.0372177  1.050  1.061  1.072  1.082
  10  0.7278106  0.0459676  1.134  1.148  1.161  1.174
  11  0.6858839  0.0528178  1.182  1.198  1.214  1.230
  12  0.6422123  0.0575557  1.184  1.202  1.220  1.237
  13  0.5964448  0.0609121  1.181  1.201  1.221  1.240
  14  0.5492032  0.0632232  1.179  1.202  1.224  1.245
  15  0.5010337  0.0645621  1.177  1.202  1.226  1.250
  16  0.4524760  0.0650000  1.175  1.202  1.229  1.256
  17  0.4040604  0.0645752  1.172  1.202  1.232  1.262
  18  0.3563122  0.0633357  1.168  1.202  1.235  1.268
  19  0.3097470  0.0613306  1.165  1.202  1.239  1.276
  20  0.2648663  0.0586155  1.160  1.202  1.243  1.284
  21  0.2221538  0.0552475  1.155  1.202  1.248  1.294
  22  0.1820732  0.0512933  1.150  1.202  1.254  1.307
  23  0.1450691  0.0468230  1.143  1.202  1.262  1.322
  24  0.1115515  0.0419152  1.135  1.203  1.272  1.342
  25  0.0819108  0.0366539  1.125  1.205  1.286  1.369
  26  0.0565208  0.0311357  1.112  1.209  1.307  1.407
  27  0.0357737  0.0254464  1.096  1.216  1.339  1.464
  28  0.0199583  0.0196204  1.055  1.207  1.364  1.526
  29  0.0090031  0.0136544  0.956  1.155  1.358  1.568
  30  0.0024678  0.0074317  0.659  0.907  1.156  1.408
  31  0.0000103  0.0025011  0.275  0.590  0.905  1.218
  32  0.0000000  0.0000000  0.000  0.251  0.503  0.754
  33  0.0000103 -0.0025011  0.276  0.004  0.312  0.628
  34  0.0024678 -0.0074317  0.660  0.413  0.166  0.083
  35  0.0090031 -0.0136544  0.956  0.760  0.567  0.375
  36  0.0199583 -0.0196204  1.055  0.906  0.759  0.613
  37  0.0357737 -0.0254464  1.097  0.979  0.863  0.749
  38  0.0565208 -0.0311357  1.112  1.017  0.923  0.830
  39  0.0819108 -0.0366539  1.125  1.045  0.966  0.888
  40  0.1115515 -0.0419152  1.135  1.067  0.999  0.932
  41  0.1450691 -0.0468230  1.143  1.084  1.025  0.966
  42  0.1820732 -0.0512933  1.150  1.098  1.046  0.994
  43  0.2221538 -0.0552475  1.155  1.109  1.063  1.017
  44  0.2648663 -0.0586155  1.160  1.119  1.077  1.036
  45  0.3097470 -0.0613306  1.165  1.127  1.090  1.052
  46  0.3563122 -0.0633357  1.169  1.135  1.101  1.067
  47  0.4040604 -0.0645752  1.172  1.141  1.111  1.080
  48  0.4524760 -0.0650000  1.175  1.147  1.119  1.091
  49  0.5010337 -0.0645621  1.177  1.152  1.127  1.101
  50  0.5492032 -0.0632232  1.179  1.157  1.134  1.110
  51  0.5964448 -0.0609121  1.181  1.160  1.140  1.118
  52  0.6422123 -0.0575557  1.184  1.166  1.147  1.128
  53  0.6858839 -0.0528178  1.182  1.166  1.149  1.131
  54  0.7278106 -0.0459676  1.134  1.120  1.106  1.091
  55  0.7695342 -0.0372177  1.050  1.038  1.026  1.014
  56  0.8111397 -0.0282445  0.986  0.977  0.967  0.957
1AIRFOIL    1157      13.00% THICKNESS,     0.00% FLAP   0.00DEGREES DEFLECTION
 MACH=0.450                  0.00   1.00   2.00   3.00
+              VSON= 2.069
   N       X          Y      V-DISTRIBUTIONS FOR THE ABOVE ANGLES OF ATTACK RELATIVE TO THE ZERO-LIFT LINE 
  57  0.8508863 -0.0202172  0.942  0.934  0.926  0.917
  58  0.8873987 -0.0135543  0.909  0.903  0.896  0.889
  59  0.9199134 -0.0083299  0.882  0.877  0.871  0.865
  60  0.9477466 -0.0045531  0.861  0.857  0.852  0.847
  61  0.9701889 -0.0021305  0.847  0.844  0.840  0.837
  62  0.9865575 -0.0008035  0.839  0.837  0.834  0.831
  63  0.9965761 -0.0001888  0.829  0.828  0.826  0.824
  64  1.0000000  0.0000000  0.822  0.822  0.822  0.821
0SUMMARY AIRFOIL    1157      ALPHA0= 0.00 DEG., ALPHA REL.  ZERO-LIFT LINE 
 MACH=0.450  * INDICATES BUBBLE U RED. BELOW 0.958
0         R =  5000000   MU= 0    R =  5000000   MU= 3    R =  5000000   MU= 1
0 ALPHA =  0.00 DEGREES
         1 S TURB S SEP    CD    2 S TURB S SEP    CD    3 S TURB S SEP    CD
  UPPER   0.2960 0.0000 0.0015    0.3176 0.0000 0.0017    1.0107 0.0000 0.0048 
  LOWER   0.2960 0.0000 0.0015    0.3176 0.0000 0.0017    1.0107 0.0000 0.0048 
  TOTAL   CL= 0.000 CD= 0.0031    CL= 0.000 CD= 0.0033    CL= 0.000 CD= 0.0097
       CM= 0.0000 AC=  0.0000  CM= 0.0000 AC=  0.0000  CM= 0.0000 AC=  0.0000
0 ALPHA =  1.00 DEGREES
         1 S TURB S SEP    CD    2 S TURB S SEP    CD    3 S TURB S SEP    CD
  UPPER   0.2997 0.0000 0.0016    0.3530 0.0000 0.0019    1.0162 0.0000 0.0053 
  LOWER   0.2925 0.0000 0.0014    0.3142 0.0000 0.0016    1.0107 0.0000 0.0044 
  TOTAL   CL= 0.135 CD= 0.0031    CL= 0.135 CD= 0.0035    CL= 0.135 CD= 0.0097
       CM=-0.0035 AC=  1.0000  CM=-0.0035 AC=  1.0000  CM=-0.0035 AC=  1.0000
0 ALPHA =  2.00 DEGREES
         1 S TURB S SEP    CD    2 S TURB S SEP    CD    3 S TURB S SEP    CD
  UPPER   0.3037 0.0000 0.0017    0.5694 0.0000 0.0033    1.0162 0.0000 0.0059 
  LOWER   0.2891 0.0000 0.0014    0.3111 0.0000 0.0015    1.0016 0.0000 0.0040 
  TOTAL   CL= 0.271 CD= 0.0031    CL= 0.271 CD= 0.0048    CL= 0.271 CD= 0.0100
       CM=-0.0071 AC=  2.0000  CM=-0.0071 AC=  2.0000  CM=-0.0071 AC=  2.0000
0 ALPHA =  3.00 DEGREES
         1 S TURB S SEP    CD    2 S TURB S SEP    CD    3 S TURB S SEP    CD
  UPPER   0.3085 0.0000 0.0018    0.8616 0.0018 0.0055    1.0162 0.0084 0.0067 
  LOWER   0.2856 0.0000 0.0013    0.3081 0.0000 0.0014    1.0016 0.0000 0.0037 
  TOTAL   CL= 0.406 CD= 0.0031    CL= 0.405 CD= 0.0069    CL= 0.402 CD= 0.0104
       CM=-0.0107 AC=  3.0000  CM=-0.0105 AC=  3.0000  CM=-0.0098 AC=  3.0000
