0PANEL METHOD AIRFOIL W71L1002     CL=  .00000, 6.71487 ALPHA0=  .00 DEG.
1AIRFOIL W71L1002     10.00% THICKNESS,      .00% FLAP    .00DEGREES DEFLECTION
 MACH= .000                 -1.00   -.50    .00   1.50   1.00   1.50   2.00   2.50   3.00   3.50   4.00
   N       X          Y      V-DISTRIBUTIONS FOR THE ABOVE ANGLES OF ATTACK RELATIVE TO THE CHORD LINE     
   0  1.0000000   .0000000   .891   .891   .891   .891   .891   .891   .891   .890   .890   .890   .889
   1   .9970690   .0001660   .909   .910   .910   .911   .911   .911   .912   .912   .912   .912   .912
   2   .9883100   .0006660   .937   .938   .939   .941   .941   .941   .942   .943   .943   .944   .944
   3   .9738270   .0013810   .945   .946   .948   .951   .950   .951   .952   .953   .954   .955   .956
   4   .9537880   .0023060   .947   .949   .951   .956   .954   .956   .957   .958   .960   .961   .962
   5   .9284290   .0035320   .950   .953   .955   .961   .959   .961   .963   .965   .966   .968   .970
   6   .8980470   .0050590   .951   .954   .957   .964   .962   .964   .966   .969   .971   .973   .975
   7   .8629980   .0068930   .946   .949   .952   .961   .958   .961   .964   .966   .969   .972   .974
   8   .8236930   .0093870   .937   .941   .944   .955   .951   .955   .958   .961   .964   .967   .970
   9   .7805940   .0133410   .952   .956   .960   .972   .968   .972   .976   .979   .983   .987   .990
  10   .7342040   .0186560   .981   .986   .990  1.004  1.000  1.004  1.009  1.013  1.018  1.022  1.026
  11   .6850690   .0246130  1.008  1.014  1.020  1.036  1.031  1.036  1.041  1.046  1.051  1.056  1.061
  12   .6337640   .0307540  1.034  1.041  1.047  1.066  1.060  1.066  1.072  1.078  1.084  1.090  1.096
  13   .5808910   .0367720  1.065  1.073  1.080  1.102  1.095  1.102  1.109  1.116  1.123  1.130  1.137
  14   .5270690   .0419360  1.087  1.096  1.104  1.129  1.121  1.129  1.138  1.146  1.154  1.162  1.169
  15   .4729310   .0459370  1.104  1.114  1.123  1.152  1.143  1.152  1.161  1.171  1.180  1.189  1.198
  16   .4191090   .0485480  1.111  1.122  1.133  1.166  1.155  1.166  1.176  1.187  1.197  1.208  1.218
  17   .3662360   .0498640  1.117  1.129  1.142  1.179  1.166  1.179  1.191  1.203  1.214  1.226  1.238
  18   .3149310   .0498160  1.114  1.129  1.142  1.184  1.170  1.184  1.198  1.211  1.224  1.238  1.251
  19   .2657960   .0486130  1.110  1.126  1.141  1.188  1.173  1.188  1.204  1.219  1.234  1.249  1.264
  20   .2194060   .0464270  1.103  1.121  1.139  1.192  1.174  1.192  1.209  1.227  1.244  1.261  1.278
  21   .1763070   .0434220  1.096  1.116  1.137  1.198  1.177  1.198  1.218  1.238  1.258  1.278  1.297
  22   .1370020   .0396700  1.084  1.108  1.132  1.202  1.179  1.202  1.225  1.249  1.272  1.295  1.318
  23   .1019530   .0353330  1.073  1.101  1.129  1.212  1.184  1.212  1.239  1.267  1.294  1.321  1.348
  24   .0715710   .0304130  1.052  1.085  1.119  1.219  1.186  1.219  1.252  1.285  1.318  1.351  1.383
  25   .0462120   .0251210  1.021  1.062  1.103  1.227  1.186  1.227  1.268  1.309  1.350  1.390  1.431
  26   .0261730   .0195440   .981  1.035  1.090  1.252  1.198  1.252  1.306  1.360  1.414  1.468  1.521
  27   .0116900   .0138080   .858   .930  1.003  1.219  1.147  1.219  1.291  1.363  1.435  1.507  1.578
  28   .0029310   .0085310   .687   .812   .937  1.311  1.186  1.311  1.435  1.560  1.684  1.808  1.932
  29   .0000000   .0000000   .264   .132   .000   .396   .264   .396   .528   .660   .792   .923  1.055
  30   .0029310  -.0085310  1.186  1.061   .937   .562   .687   .562   .437   .312   .187   .061   .064
  31   .0116900  -.0138080  1.147  1.075  1.003   .786   .858   .786   .713   .640   .568   .495   .422
  32   .0261730  -.0195440  1.198  1.144  1.090   .926   .981   .926   .872   .817   .762   .708   .653
  33   .0462120  -.0251210  1.186  1.145  1.103   .979  1.021   .979   .937   .896   .854   .812   .770
  34   .0715710  -.0304130  1.186  1.152  1.119  1.018  1.052  1.018   .985   .951   .917   .883   .849
  35   .1019530  -.0353330  1.184  1.156  1.129  1.045  1.073  1.045  1.017   .988   .960   .932   .903
  36   .1370020  -.0396700  1.179  1.155  1.132  1.060  1.084  1.060  1.036  1.013   .988   .964   .940
  37   .1763070  -.0434220  1.177  1.157  1.137  1.075  1.096  1.075  1.054  1.033  1.013   .992   .971
  38   .2194060  -.0464270  1.174  1.156  1.139  1.085  1.103  1.085  1.067  1.048  1.030  1.012   .993
  39   .2657960  -.0486130  1.173  1.157  1.141  1.094  1.110  1.094  1.078  1.062  1.046  1.029  1.013
  40   .3149310  -.0498160  1.170  1.156  1.142  1.100  1.114  1.100  1.086  1.072  1.057  1.043  1.028
  41   .3662360  -.0498640  1.166  1.154  1.142  1.104  1.117  1.104  1.092  1.079  1.066  1.053  1.040
  42   .4191090  -.0485480  1.155  1.144  1.133  1.100  1.111  1.100  1.089  1.077  1.066  1.054  1.043
  43   .4729310  -.0459370  1.143  1.133  1.123  1.094  1.104  1.094  1.084  1.074  1.064  1.054  1.043
  44   .5270690  -.0419360  1.121  1.113  1.104  1.078  1.087  1.078  1.070  1.061  1.052  1.043  1.034
  45   .5808910  -.0367720  1.095  1.088  1.080  1.058  1.065  1.058  1.050  1.042  1.034  1.026  1.018
  46   .6337640  -.0307540  1.060  1.053  1.047  1.028  1.034  1.028  1.021  1.014  1.007  1.000   .993
  47   .6850690  -.0246130  1.031  1.025  1.020  1.003  1.008  1.003   .997   .991   .985   .979   .973
  48   .7342040  -.0186560  1.000   .995   .990   .976   .981   .976   .971   .966   .960   .955   .950
  49   .7805940  -.0133410   .968   .964   .960   .947   .952   .947   .943   .939   .934   .930   .925
  50   .8236930  -.0093870   .951   .948   .944   .933   .937   .933   .930   .926   .922   .918   .914
  51   .8629980  -.0068930   .958   .955   .952   .942   .946   .942   .939   .936   .932   .929   .925
  52   .8980470  -.0050590   .962   .959   .957   .948   .951   .948   .946   .943   .940   .937   .933
  53   .9284290  -.0035320   .959   .957   .955   .948   .950   .948   .946   .943   .941   .938   .935
  54   .9537880  -.0023060   .954   .953   .951   .945   .947   .945   .943   .941   .939   .937   .935
  55   .9738270  -.0013810   .950   .949   .948   .943   .945   .943   .942   .940   .939   .937   .935
  56   .9883100  -.0006660   .941   .940   .939   .936   .937   .936   .934   .933   .932   .930   .929
1AIRFOIL W71L1002     10.00% THICKNESS,      .00% FLAP    .00DEGREES DEFLECTION
 MACH= .000                 -1.00   -.50    .00   1.50   1.00   1.50   2.00   2.50   3.00   3.50   4.00
   N       X          Y      V-DISTRIBUTIONS FOR THE ABOVE ANGLES OF ATTACK RELATIVE TO THE CHORD LINE     
  57   .9970690  -.0001660   .911   .911   .910   .908   .909   .908   .907   .907   .906   .905   .904
  58  1.0000000   .0000000   .891   .891   .891   .891   .891   .891   .891   .890   .890   .890   .889
0SUMMARY AIRFOIL W71L1002     ALPHA0=  .00 DEG., ALPHA REL.  CHORD LINE     
 MACH= .000  * INDICATES BUBBLE U RED. BELOW  .958
0         R =  1500000   MU= 0    R =  3000000   MU= 0    R =  6000000   MU= 0    R =  9000000   MU= 0
0 ALPHA = -1.00 DEGREES
         1 S TURB S SEP    CD    2 S TURB S SEP    CD    3 S TURB S SEP    CD    4 S TURB S SEP    CD
  UPPER    .4335  .0000  .0025     .4335  .0000  .0021     .4335  .0000  .0018     .4335  .0000  .0017 
  LOWER    .4726  .0000  .0029     .4726  .0000  .0025     .4726  .0000  .0021     .4726  .0000  .0020 
  TOTAL   CL= -.110 CD=  .0054    CL= -.110 CD=  .0046    CL= -.110 CD=  .0040    CL= -.110 CD=  .0037
       CM=  .0010 AC= -1.0000  CM=  .0010 AC= -1.0000  CM=  .0010 AC= -1.0000  CM=  .0010 AC= -1.0000
0 ALPHA =  -.50 DEGREES
         1 S TURB S SEP    CD    2 S TURB S SEP    CD    3 S TURB S SEP    CD    4 S TURB S SEP    CD
  UPPER    .4444  .0000  .0026     .4444  .0000  .0022     .4444  .0000  .0019     .4444  .0000  .0018 
  LOWER    .4638  .0000  .0028     .4638  .0000  .0024     .4638  .0000  .0021     .4638  .0000  .0019 
  TOTAL   CL= -.055 CD=  .0054    CL= -.055 CD=  .0046    CL= -.055 CD=  .0040    CL= -.055 CD=  .0037
       CM=  .0005 AC=  -.5000  CM=  .0005 AC=  -.5000  CM=  .0005 AC=  -.5000  CM=  .0005 AC=  -.5000
0 ALPHA =   .00 DEGREES
         1 S TURB S SEP    CD    2 S TURB S SEP    CD    3 S TURB S SEP    CD    4 S TURB S SEP    CD
  UPPER    .4544  .0000  .0027     .4544  .0000  .0023     .4544  .0000  .0020     .4544  .0000  .0018 
  LOWER    .4544  .0000  .0027     .4544  .0000  .0023     .4544  .0000  .0020     .4544  .0000  .0018 
  TOTAL   CL=  .000 CD=  .0054    CL=  .000 CD=  .0046    CL=  .000 CD=  .0040    CL=  .000 CD=  .0037
       CM=  .0000 AC=   .0000  CM=  .0000 AC=   .0000  CM=  .0000 AC=   .0000  CM=  .0000 AC=   .0000
0 ALPHA =  1.50 DEGREES
         1 S TURB S SEP    CD    2 S TURB S SEP    CD    3 S TURB S SEP    CD    4 S TURB S SEP    CD
  UPPER    .4850  .0000  .0030     .4850  .0000  .0026     .4850  .0000  .0022     .4850  .0000  .0021 
  LOWER    .4215  .0000  .0024     .4215  .0000  .0020     .4215  .0000  .0018     .4215  .0000  .0016 
  TOTAL   CL=  .165 CD=  .0054    CL=  .165 CD=  .0046    CL=  .165 CD=  .0040    CL=  .165 CD=  .0037
       CM= -.0015 AC=  1.5000  CM= -.0015 AC=  1.5000  CM= -.0015 AC=  1.5000  CM= -.0015 AC=  1.5000
0 ALPHA =  1.00 DEGREES
         1 S TURB S SEP    CD    2 S TURB S SEP    CD    3 S TURB S SEP    CD    4 S TURB S SEP    CD
  UPPER    .4726  .0000  .0029     .4726  .0000  .0025     .4726  .0000  .0021     .4726  .0000  .0020 
  LOWER    .4335  .0000  .0025     .4335  .0000  .0021     .4335  .0000  .0018     .4335  .0000  .0017 
  TOTAL   CL=  .110 CD=  .0054    CL=  .110 CD=  .0046    CL=  .110 CD=  .0040    CL=  .110 CD=  .0037
       CM= -.0010 AC=  1.0000  CM= -.0010 AC=  1.0000  CM= -.0010 AC=  1.0000  CM= -.0010 AC=  1.0000
0 ALPHA =  1.50 DEGREES
         1 S TURB S SEP    CD    2 S TURB S SEP    CD    3 S TURB S SEP    CD    4 S TURB S SEP    CD
  UPPER    .4850  .0000  .0030     .4850  .0000  .0026     .4850  .0000  .0022     .4850  .0000  .0021 
  LOWER    .4215  .0000  .0024     .4215  .0000  .0020     .4215  .0000  .0018     .4215  .0000  .0016 
  TOTAL   CL=  .165 CD=  .0054    CL=  .165 CD=  .0046    CL=  .165 CD=  .0040    CL=  .165 CD=  .0037
       CM= -.0015 AC=  1.5000  CM= -.0015 AC=  1.5000  CM= -.0015 AC=  1.5000  CM= -.0015 AC=  1.5000
0 ALPHA =  2.00 DEGREES
         1 S TURB S SEP    CD    2 S TURB S SEP    CD    3 S TURB S SEP    CD    4 S TURB S SEP    CD
  UPPER    .9945  .0000  .0059     .9945  .0000  .0053     .9945  .0000  .0048     .9945  .0000  .0046 
  LOWER    .4157  .0000  .0023     .4157  .0000  .0020     .4157  .0000  .0017     .4157  .0000  .0016 
  TOTAL   CL=  .220 CD=  .0082    CL=  .220 CD=  .0073    CL=  .220 CD=  .0065    CL=  .220 CD=  .0061
       CM= -.0020 AC=  2.0000  CM= -.0020 AC=  2.0000  CM= -.0020 AC=  2.0000  CM= -.0020 AC=  2.0000
1SUMMARY AIRFOIL W71L1002     ALPHA0=  .00 DEG., ALPHA REL.  CHORD LINE     
 MACH= .000  * INDICATES BUBBLE U RED. BELOW  .958
0         R =  1500000   MU= 0    R =  3000000   MU= 0    R =  6000000   MU= 0    R =  9000000   MU= 0
0 ALPHA =  2.50 DEGREES
         1 S TURB S SEP    CD    2 S TURB S SEP    CD    3 S TURB S SEP    CD    4 S TURB S SEP    CD
  UPPER    .9972  .0000  .0062*    .9972  .0000  .0056     .9972  .0000  .0050     .9972  .0000  .0048 
  LOWER    .4101  .0000  .0023     .4101  .0000  .0019     .4101  .0000  .0017     .4101  .0000  .0015 
  TOTAL   CL=  .275 CD=  .0084    CL=  .275 CD=  .0075    CL=  .275 CD=  .0067    CL=  .275 CD=  .0063
       CM= -.0025 AC=  2.5000  CM= -.0025 AC=  2.5000  CM= -.0025 AC=  2.5000  CM= -.0025 AC=  2.5000
0 ALPHA =  3.00 DEGREES
         1 S TURB S SEP    CD    2 S TURB S SEP    CD    3 S TURB S SEP    CD    4 S TURB S SEP    CD
  UPPER    .9988  .0000  .0065*    .9988  .0000  .0058     .9988  .0000  .0053     .9988  .0000  .0050 
  LOWER    .4042  .0000  .0022     .4042  .0000  .0019     .4042  .0000  .0016     .4042  .0000  .0015 
  TOTAL   CL=  .330 CD=  .0086    CL=  .330 CD=  .0077    CL=  .330 CD=  .0069    CL=  .330 CD=  .0065
       CM= -.0030 AC=  3.0000  CM= -.0030 AC=  3.0000  CM= -.0030 AC=  3.0000  CM= -.0030 AC=  3.0000
0 ALPHA =  3.50 DEGREES
         1 S TURB S SEP    CD    2 S TURB S SEP    CD    3 S TURB S SEP    CD    4 S TURB S SEP    CD
  UPPER    .9998  .0000  .0068*    .9998  .0000  .0061     .9998  .0000  .0055     .9998  .0000  .0052 
  LOWER    .3982  .0000  .0021     .3982  .0000  .0018     .3982  .0000  .0016     .3982  .0000  .0014 
  TOTAL   CL=  .385 CD=  .0089    CL=  .385 CD=  .0079    CL=  .385 CD=  .0071    CL=  .385 CD=  .0066
       CM= -.0034 AC=  3.5000  CM= -.0034 AC=  3.5000  CM= -.0034 AC=  3.5000  CM= -.0034 AC=  3.5000
0 ALPHA =  4.00 DEGREES
         1 S TURB S SEP    CD    2 S TURB S SEP    CD    3 S TURB S SEP    CD    4 S TURB S SEP    CD
  UPPER   1.0006  .0000  .0071*   1.0006  .0000  .0064*   1.0006  .0000  .0058    1.0006  .0000  .0054 
  LOWER    .3918  .0000  .0021     .3918  .0000  .0017     .3918  .0000  .0015     .3918  .0000  .0014 
  TOTAL   CL=  .440 CD=  .0091    CL=  .440 CD=  .0081    CL=  .440 CD=  .0073    CL=  .440 CD=  .0068
       CM= -.0039 AC=  4.0000  CM= -.0039 AC=  4.0000  CM= -.0039 AC=  4.0000  CM= -.0039 AC=  4.0000
