0PANEL METHOD AIRFOIL W71L1502     CL= -.00017, 6.97995 ALPHA0=  .00 DEG.
1AIRFOIL W71L1502     15.02% THICKNESS,      .00% FLAP    .00DEGREES DEFLECTION
 MACH= .000                 -1.00   -.50    .00   1.50   1.00   1.50   2.00   2.50   3.00   3.50   4.00
   N       X          Y      V-DISTRIBUTIONS FOR THE ABOVE ANGLES OF ATTACK RELATIVE TO THE CHORD LINE     
   0  1.0000000   .0000000   .838   .839   .839   .838   .838   .838   .838   .838   .837   .837   .837
   1   .9970690   .0002500   .865   .866   .866   .867   .867   .867   .867   .868   .868   .868   .868
   2   .9883100   .0010010   .906   .907   .907   .910   .909   .910   .910   .911   .911   .912   .912
   3   .9738270   .0020750   .918   .919   .921   .924   .923   .924   .925   .926   .926   .927   .928
   4   .9537880   .0034640   .922   .923   .925   .929   .928   .929   .931   .932   .933   .934   .936
   5   .9284290   .0053050   .926   .929   .931   .936   .935   .936   .938   .940   .942   .943   .945
   6   .8980470   .0075990   .928   .931   .933   .940   .938   .940   .943   .945   .947   .949   .951
   7   .8629980   .0103530   .920   .923   .926   .935   .932   .935   .937   .940   .942   .945   .947
   8   .8236930   .0141000   .908   .912   .915   .925   .922   .925   .928   .931   .934   .937   .939
   9   .7805940   .0200380   .930   .934   .938   .949   .945   .949   .953   .956   .960   .963   .966
  10   .7342040   .0280220   .973   .977   .982   .996   .991   .996  1.000  1.004  1.008  1.012  1.016
  11   .6850690   .0369680  1.014  1.020  1.025  1.041  1.036  1.041  1.046  1.052  1.056  1.061  1.066
  12   .6337640   .0461930  1.054  1.061  1.067  1.086  1.079  1.086  1.092  1.098  1.104  1.109  1.115
  13   .5808910   .0552310  1.102  1.110  1.117  1.139  1.132  1.139  1.147  1.154  1.161  1.168  1.174
  14   .5270690   .0629880  1.137  1.146  1.155  1.180  1.172  1.180  1.189  1.197  1.205  1.213  1.221
  15   .4729310   .0689970  1.165  1.175  1.185  1.215  1.205  1.215  1.224  1.234  1.243  1.253  1.262
  16   .4191090   .0729190  1.178  1.189  1.201  1.234  1.223  1.234  1.245  1.256  1.267  1.278  1.288
  17   .3662360   .0748960  1.188  1.201  1.214  1.253  1.240  1.253  1.265  1.278  1.290  1.302  1.315
  18   .3149310   .0748230  1.186  1.200  1.215  1.258  1.244  1.258  1.272  1.287  1.301  1.315  1.328
  19   .2657960   .0730160  1.179  1.196  1.213  1.262  1.245  1.262  1.278  1.294  1.310  1.326  1.341
  20   .2194060   .0697330  1.169  1.188  1.207  1.263  1.244  1.263  1.281  1.299  1.317  1.335  1.353
  21   .1763070   .0652200  1.159  1.181  1.202  1.266  1.245  1.266  1.287  1.308  1.329  1.350  1.370
  22   .1370020   .0595850  1.143  1.168  1.192  1.266  1.241  1.266  1.290  1.314  1.338  1.362  1.386
  23   .1019530   .0530700  1.126  1.155  1.184  1.271  1.242  1.271  1.299  1.328  1.356  1.384  1.413
  24   .0715710   .0456810  1.094  1.129  1.163  1.266  1.232  1.266  1.300  1.334  1.368  1.402  1.436
  25   .0462120   .0377310  1.049  1.091  1.133  1.259  1.217  1.259  1.301  1.342  1.384  1.425  1.466
  26   .0261730   .0293550   .982  1.036  1.090  1.251  1.197  1.251  1.304  1.357  1.411  1.464  1.517
  27   .0116900   .0207390   .824   .892   .961  1.166  1.097  1.166  1.234  1.302  1.370  1.438  1.505
  28   .0029310   .0128130   .601   .704   .806  1.111  1.009  1.111  1.213  1.315  1.416  1.518  1.619
  29   .0000000   .0000000   .190   .095   .000   .284   .190   .284   .379   .474   .569   .663   .758
  30   .0029310  -.0128130  1.010   .908   .806   .500   .602   .500   .398   .295   .193   .091   .011
  31   .0116900  -.0207390  1.098  1.029   .961   .755   .824   .755   .687   .618   .549   .480   .411
  32   .0261730  -.0293550  1.197  1.144  1.090   .928   .982   .928   .874   .820   .766   .712   .658
  33   .0462120  -.0377310  1.217  1.175  1.133  1.007  1.049  1.007   .964   .922   .879   .837   .794
  34   .0715710  -.0456810  1.232  1.198  1.163  1.060  1.094  1.060  1.025   .990   .955   .920   .885
  35   .1019530  -.0530700  1.242  1.213  1.184  1.097  1.126  1.097  1.068  1.039  1.009   .980   .950
  36   .1370020  -.0595850  1.241  1.217  1.192  1.118  1.143  1.118  1.093  1.068  1.043  1.018   .992
  37   .1763070  -.0652200  1.245  1.224  1.203  1.138  1.160  1.138  1.116  1.095  1.073  1.051  1.029
  38   .2194060  -.0697330  1.244  1.226  1.207  1.151  1.170  1.151  1.132  1.113  1.093  1.074  1.055
  39   .2657960  -.0730160  1.245  1.229  1.213  1.163  1.179  1.163  1.146  1.129  1.112  1.095  1.078
  40   .3149310  -.0748230  1.244  1.229  1.215  1.171  1.186  1.171  1.156  1.141  1.126  1.111  1.095
  41   .3662360  -.0748960  1.240  1.227  1.214  1.175  1.188  1.175  1.162  1.148  1.135  1.122  1.108
  42   .4191090  -.0729190  1.223  1.212  1.201  1.166  1.178  1.166  1.154  1.143  1.131  1.119  1.107
  43   .4729310  -.0689970  1.205  1.195  1.185  1.155  1.165  1.155  1.145  1.134  1.124  1.113  1.102
  44   .5270690  -.0629880  1.172  1.164  1.155  1.129  1.137  1.129  1.120  1.111  1.101  1.092  1.083
  45   .5808910  -.0552310  1.132  1.125  1.117  1.095  1.102  1.095  1.087  1.079  1.071  1.063  1.055
  46   .6337640  -.0461930  1.080  1.073  1.067  1.048  1.054  1.048  1.041  1.034  1.028  1.021  1.014
  47   .6850690  -.0369680  1.036  1.031  1.026  1.009  1.015  1.009  1.003   .998   .992   .986   .980
  48   .7342040  -.0280220   .991   .987   .982   .968   .973   .968   .963   .958   .953   .948   .943
  49   .7805940  -.0200380   .945   .942   .938   .926   .930   .926   .922   .918   .913   .909   .905
  50   .8236930  -.0141000   .922   .919   .915   .905   .909   .905   .902   .898   .894   .890   .887
  51   .8629980  -.0103530   .932   .929   .926   .917   .920   .917   .914   .911   .908   .904   .901
  52   .8980470  -.0075990   .938   .936   .933   .926   .928   .926   .923   .920   .917   .914   .911
  53   .9284290  -.0053050   .935   .933   .931   .924   .927   .924   .922   .920   .917   .915   .912
  54   .9537880  -.0034640   .928   .927   .925   .920   .922   .920   .918   .916   .914   .912   .910
  55   .9738270  -.0020750   .923   .922   .921   .917   .918   .917   .915   .914   .912   .910   .909
  56   .9883100  -.0010010   .909   .908   .907   .905   .906   .905   .904   .902   .901   .900   .898
1AIRFOIL W71L1502     15.02% THICKNESS,      .00% FLAP    .00DEGREES DEFLECTION
 MACH= .000                 -1.00   -.50    .00   1.50   1.00   1.50   2.00   2.50   3.00   3.50   4.00
   N       X          Y      V-DISTRIBUTIONS FOR THE ABOVE ANGLES OF ATTACK RELATIVE TO THE CHORD LINE     
  57   .9970690  -.0002500   .867   .866   .866   .864   .865   .864   .864   .863   .862   .861   .860
  58  1.0000000   .0000000   .838   .839   .839   .838   .838   .838   .838   .838   .837   .837   .837
0SUMMARY AIRFOIL W71L1502     ALPHA0=  .00 DEG., ALPHA REL.  CHORD LINE     
 MACH= .000  * INDICATES BUBBLE U RED. BELOW  .958
0         R =  1500000   MU= 0    R =  3000000   MU= 0    R =  6000000   MU= 0    R =  9000000   MU= 0
0 ALPHA = -1.00 DEGREES
         1 S TURB S SEP    CD    2 S TURB S SEP    CD    3 S TURB S SEP    CD    4 S TURB S SEP    CD
  UPPER    .4836  .0000  .0028     .4836  .0000  .0024     .4836  .0000  .0021     .4836  .0000  .0019 
  LOWER    .5131  .0000  .0032     .5131  .0000  .0027     .5131  .0000  .0024     .5131  .0000  .0022 
  TOTAL   CL= -.110 CD=  .0060    CL= -.110 CD=  .0051    CL= -.110 CD=  .0044    CL= -.110 CD=  .0041
       CM=  .0016 AC= -1.0014  CM=  .0016 AC= -1.0014  CM=  .0016 AC= -1.0014  CM=  .0016 AC= -1.0014
0 ALPHA =  -.50 DEGREES
         1 S TURB S SEP    CD    2 S TURB S SEP    CD    3 S TURB S SEP    CD    4 S TURB S SEP    CD
  UPPER    .4917  .0000  .0029     .4917  .0000  .0025     .4917  .0000  .0021     .4917  .0000  .0020 
  LOWER    .5063  .0000  .0031     .5063  .0000  .0026     .5063  .0000  .0023     .5063  .0000  .0021 
  TOTAL   CL= -.055 CD=  .0060    CL= -.055 CD=  .0051    CL= -.055 CD=  .0044    CL= -.055 CD=  .0041
       CM=  .0008 AC=  -.5014  CM=  .0008 AC=  -.5014  CM=  .0008 AC=  -.5014  CM=  .0008 AC=  -.5014
0 ALPHA =   .00 DEGREES
         1 S TURB S SEP    CD    2 S TURB S SEP    CD    3 S TURB S SEP    CD    4 S TURB S SEP    CD
  UPPER    .4992  .0000  .0030     .4992  .0000  .0026     .4992  .0000  .0022     .4992  .0000  .0020 
  LOWER    .4992  .0000  .0030     .4992  .0000  .0026     .4992  .0000  .0022     .4992  .0000  .0020 
  TOTAL   CL=  .000 CD=  .0060    CL=  .000 CD=  .0051    CL=  .000 CD=  .0044    CL=  .000 CD=  .0041
       CM=  .0000 AC=  -.0014  CM=  .0000 AC=  -.0014  CM=  .0000 AC=  -.0014  CM=  .0000 AC=  -.0014
0 ALPHA =  1.50 DEGREES
         1 S TURB S SEP    CD    2 S TURB S SEP    CD    3 S TURB S SEP    CD    4 S TURB S SEP    CD
  UPPER    .5195  .0000  .0033     .5195  .0000  .0028     .5195  .0000  .0024     .5195  .0000  .0023 
  LOWER    .4759  .0000  .0027     .4759  .0000  .0023     .4759  .0000  .0020     .4759  .0000  .0018 
  TOTAL   CL=  .165 CD=  .0060    CL=  .165 CD=  .0051    CL=  .165 CD=  .0044    CL=  .165 CD=  .0041
       CM= -.0024 AC=  1.4986  CM= -.0024 AC=  1.4986  CM= -.0024 AC=  1.4986  CM= -.0024 AC=  1.4986
0 ALPHA =  1.00 DEGREES
         1 S TURB S SEP    CD    2 S TURB S SEP    CD    3 S TURB S SEP    CD    4 S TURB S SEP    CD
  UPPER    .5131  .0000  .0032     .5131  .0000  .0027     .5131  .0000  .0024     .5131  .0000  .0022 
  LOWER    .4835  .0000  .0028     .4835  .0000  .0024     .4835  .0000  .0021     .4835  .0000  .0019 
  TOTAL   CL=  .110 CD=  .0060    CL=  .110 CD=  .0051    CL=  .110 CD=  .0044    CL=  .110 CD=  .0041
       CM= -.0016 AC=   .9986  CM= -.0016 AC=   .9986  CM= -.0016 AC=   .9986  CM= -.0016 AC=   .9986
0 ALPHA =  1.50 DEGREES
         1 S TURB S SEP    CD    2 S TURB S SEP    CD    3 S TURB S SEP    CD    4 S TURB S SEP    CD
  UPPER    .5195  .0000  .0033     .5195  .0000  .0028     .5195  .0000  .0024     .5195  .0000  .0023 
  LOWER    .4759  .0000  .0027     .4759  .0000  .0023     .4759  .0000  .0020     .4759  .0000  .0018 
  TOTAL   CL=  .165 CD=  .0060    CL=  .165 CD=  .0051    CL=  .165 CD=  .0044    CL=  .165 CD=  .0041
       CM= -.0024 AC=  1.4986  CM= -.0024 AC=  1.4986  CM= -.0024 AC=  1.4986  CM= -.0024 AC=  1.4986
0 ALPHA =  2.00 DEGREES
         1 S TURB S SEP    CD    2 S TURB S SEP    CD    3 S TURB S SEP    CD    4 S TURB S SEP    CD
  UPPER    .5257  .0000  .0034     .5257  .0000  .0029     .5257  .0000  .0025     .5257  .0000  .0023 
  LOWER    .4703  .0000  .0026     .4703  .0000  .0022     .4703  .0000  .0019     .4703  .0000  .0018 
  TOTAL   CL=  .220 CD=  .0060    CL=  .220 CD=  .0051    CL=  .220 CD=  .0044    CL=  .220 CD=  .0041
       CM= -.0032 AC=  1.9986  CM= -.0032 AC=  1.9986  CM= -.0032 AC=  1.9986  CM= -.0032 AC=  1.9986
1SUMMARY AIRFOIL W71L1502     ALPHA0=  .00 DEG., ALPHA REL.  CHORD LINE     
 MACH= .000  * INDICATES BUBBLE U RED. BELOW  .958
0         R =  1500000   MU= 0    R =  3000000   MU= 0    R =  6000000   MU= 0    R =  9000000   MU= 0
0 ALPHA =  2.50 DEGREES
         1 S TURB S SEP    CD    2 S TURB S SEP    CD    3 S TURB S SEP    CD    4 S TURB S SEP    CD
  UPPER    .5327  .0000  .0036     .5327  .0000  .0030     .5327  .0000  .0026     .5327  .0000  .0024 
  LOWER    .4647  .0000  .0025     .4647  .0000  .0022     .4647  .0000  .0019     .4647  .0000  .0017 
  TOTAL   CL=  .275 CD=  .0061    CL=  .275 CD=  .0052    CL=  .275 CD=  .0045    CL=  .275 CD=  .0041
       CM= -.0040 AC=  2.4986  CM= -.0040 AC=  2.4986  CM= -.0040 AC=  2.4986  CM= -.0040 AC=  2.4986
0 ALPHA =  3.00 DEGREES
         1 S TURB S SEP    CD    2 S TURB S SEP    CD    3 S TURB S SEP    CD    4 S TURB S SEP    CD
  UPPER    .5526  .0000  .0038     .5526  .0000  .0032     .5526  .0000  .0028     .5526  .0000  .0026 
  LOWER    .4587  .0000  .0024     .4587  .0000  .0021     .4587  .0000  .0018     .4587  .0000  .0017 
  TOTAL   CL=  .330 CD=  .0062    CL=  .330 CD=  .0053    CL=  .330 CD=  .0046    CL=  .330 CD=  .0042
       CM= -.0047 AC=  2.9986  CM= -.0047 AC=  2.9986  CM= -.0047 AC=  2.9986  CM= -.0047 AC=  2.9986
0 ALPHA =  3.50 DEGREES
         1 S TURB S SEP    CD    2 S TURB S SEP    CD    3 S TURB S SEP    CD    4 S TURB S SEP    CD
  UPPER    .5703  .0000  .0040     .5703  .0000  .0034     .5703  .0000  .0030     .5703  .0000  .0027 
  LOWER    .4525  .0000  .0024     .4525  .0000  .0020     .4525  .0000  .0017     .4525  .0000  .0016 
  TOTAL   CL=  .385 CD=  .0064    CL=  .385 CD=  .0054    CL=  .385 CD=  .0047    CL=  .385 CD=  .0043
       CM= -.0055 AC=  3.4986  CM= -.0055 AC=  3.4986  CM= -.0055 AC=  3.4986  CM= -.0055 AC=  3.4986
0 ALPHA =  4.00 DEGREES
         1 S TURB S SEP    CD    2 S TURB S SEP    CD    3 S TURB S SEP    CD    4 S TURB S SEP    CD
  UPPER    .5867  .0000  .0042     .5867  .0000  .0036     .5867  .0000  .0031     .5867  .0000  .0029 
  LOWER    .4457  .0000  .0023     .4457  .0000  .0019     .4457  .0000  .0017     .4457  .0000  .0016 
  TOTAL   CL=  .440 CD=  .0065    CL=  .440 CD=  .0056    CL=  .440 CD=  .0048    CL=  .440 CD=  .0044
       CM= -.0063 AC=  3.9986  CM= -.0063 AC=  3.9986  CM= -.0063 AC=  3.9986  CM= -.0063 AC=  3.9986
