     IERR IS   0
  INTERPOLATED VALUES

    XR    R
     2.500    12.303
     6.500    15.120
     7.100    16.840
     9.700    23.067
    11.300    25.938
    15.700    30.788
    19.030    32.306
    22.735    32.841
    30.123    33.808
    40.800    36.383
    48.365    37.289
    52.100    37.102
    60.930    36.213
    67.800    33.174
    70.140    27.246
    71.800    21.643
    73.310    17.338
    75.120    14.916
    76.000    14.553
    83.999    15.520


  FINAL TENSION VALUES
  10.0   0.0   0.0   0.0   0.0   7.0   0.0   3.0

   CORRELATION MATRIX

   0.744  -0.006  -0.015  -0.029   0.004   0.008
  -0.003  -0.003   0.000   0.002   0.001  -0.001
  -0.000   0.000   0.000  -0.000   0.000   0.000
  -0.006  38.794  -0.379  -0.730   0.082   0.177
  -0.060  -0.078   0.004   0.038   0.012  -0.025
  -0.006   0.006   0.001  -0.004   0.000   0.001
  -0.015  -0.379   0.417  -1.864   0.102   0.324
  -0.112  -0.152   0.009   0.078   0.024  -0.053
  -0.012   0.011   0.003  -0.007   0.001   0.002
  -0.029  -0.730  -1.864   0.433  -1.088  -0.540
   0.499   0.435   0.013  -0.065  -0.057   0.013
   0.021  -0.033  -0.005   0.021  -0.001  -0.005
   0.004   0.082   0.102  -1.088   0.320  -2.911
   0.000   0.165  -0.037  -0.175  -0.049   0.117
   0.024  -0.024  -0.006   0.015  -0.001  -0.004
   0.008   0.177   0.324  -0.540  -2.911   0.125
  -1.839  -1.347  -0.131  -0.063   0.125   0.144
  -0.037   0.079   0.008  -0.050   0.003   0.010
  -0.003  -0.060  -0.112   0.499   0.000  -1.839
   0.241  -1.826  -0.251   0.273   0.010  -0.400
  -0.040  -0.051   0.014   0.031   0.001   0.002
  -0.003  -0.078  -0.152   0.435   0.165  -1.347
  -1.826   0.023  -0.151   1.609  -0.620  -2.467
   0.028  -0.632   0.015   0.396  -0.012  -0.044
   0.000   0.004   0.009   0.013  -0.037  -0.131
  -0.251  -0.151   0.194  -4.316   0.170   3.772
   0.116   0.188  -0.040  -0.114  -0.002  -0.002
   0.002   0.038   0.078  -0.065  -0.175  -0.063
   0.273   1.609  -4.316   0.007   2.259  13.843
   0.059   2.263  -0.100  -1.413   0.037   0.137
   0.001   0.012   0.024  -0.057  -0.049   0.125
   0.010  -0.620   0.170   2.259   0.188  -3.527
  -0.411  -3.064   0.239   1.935  -0.036  -0.145
  -0.001  -0.025  -0.053   0.013   0.117   0.144
  -0.400  -2.467   3.772  13.843  -3.527   0.006
  -0.149  -4.437   0.210   2.786  -0.071  -0.265
  -0.000  -0.006  -0.012   0.021   0.024  -0.037
  -0.040   0.028   0.116   0.059  -0.411  -0.149
   0.228 -11.343   0.370   4.176  -0.093  -0.364
   0.000   0.006   0.011  -0.033  -0.024   0.079
  -0.051  -0.632   0.188   2.263  -3.064  -4.437
 -11.343   0.040   2.477  20.216  -0.365  -1.496
   0.000   0.001   0.003  -0.005  -0.006   0.008
   0.014   0.015  -0.040  -0.100   0.239   0.210
   0.370   2.477   0.323  -4.543   0.001   0.092
  -0.000  -0.004  -0.007   0.021   0.015  -0.050
   0.031   0.396  -0.114  -1.413   1.935   2.786
   4.176  20.216  -4.543   0.059   0.107   0.724
   0.000   0.000   0.001  -0.001  -0.001   0.003
   0.001  -0.012  -0.002   0.037  -0.036  -0.071
  -0.093  -0.365   0.001   0.107   0.669  -0.013
   0.000   0.001   0.002  -0.005  -0.004   0.010
   0.002  -0.044  -0.002   0.137  -0.145  -0.265
  -0.364  -1.496   0.092   0.724  -0.013   0.529
