
 THERMODYNAMIC AND TRANSPORT PROPERTIES FOR METHANE PC=45.66 ATM,TC=190.77 K,ROC=.162 G/CC
tin  200.000000
pin  100.000000
din  0.267998934
hin  643.072754
sin  7.07012320
cpin  5.31877136
cvin  1.89866269
sonin  56429.0312
visin  3.14674282E-04
conin  8.06385302E-04
akrin  3.00000000
  190.8    IS OUT OF RANGE FOR T  IN SUB.-ENT   
  190.8    IS OUT OF RANGE FOR T  IN SUB.-DENS  
tout  188.436646
p  45.6599998
dout  0.242674306
hout  621.652405
sout  7.07005548
cpout  11.8477926
cvout  1.95617998
sonout  40584.3594
visout  2.69502110E-04
conout  6.94441551E-04
akrout  2.00000000
