0 THERMODYNAMIC AND TRANSPORT PROPERTIES FOR METHANE PC=45.66 ATM,TC=190.77 K,ROC=.162 G/CC
 THERMODYNAMIC PROPERTY TABLE --- CH4
           1.00 ATMOSPHERE ISOBAR
   T     density  entropy  enthalpy    Cp     Cv       c    gamma
    K    gm/cc     J/G-K     J/gm    J/gm-K  J/gm-K  cm/sec
  95.0  4.4692E-01   4.40   231.00   2.6948  1.2464 1819.014 2.162
 105.0  4.3266E-01   4.71   261.80   3.3877  1.9142 1492.410 1.770
 115.0  1.7608E-03   9.57   803.93   2.2001  1.6037  275.931 1.372
 125.0  1.6068E-03   9.75   825.76   2.1688  1.5916  289.118 1.363
 135.0  1.4793E-03   9.91   847.33   2.1465  1.5824  301.541 1.356
 145.0  1.3715E-03  10.07   868.71   2.1304  1.5757  313.333 1.352
 155.0  1.2790E-03  10.21   889.95   2.1190  1.5712  324.590 1.349
 165.0  1.1986E-03  10.34   911.10   2.1112  1.5686  335.377 1.346
 175.0  1.1279E-03  10.47   932.19   2.1065  1.5678  345.744 1.344
 185.0  1.0654E-03  10.58   953.24   2.1044  1.5689  355.730 1.341
 195.0  1.0095E-03  10.69   974.28   2.1048  1.5717  365.364 1.339
 205.0  9.5932E-04  10.80   995.34   2.1074  1.5763  374.671 1.337
 215.0  9.1396E-04  10.90  1016.44   2.1123  1.5828  383.669 1.335
 225.0  8.7275E-04  11.00  1037.60   2.1192  1.5911  392.377 1.332
 235.0  8.3514E-04  11.09  1058.83   2.1283  1.6013  400.808 1.329
 245.0  8.0066E-04  11.18  1080.17   2.1394  1.6133  408.977 1.326
 255.0  7.6895E-04  11.26  1101.63   2.1526  1.6273  416.895 1.323
 265.0  7.3967E-04  11.35  1123.23   2.1678  1.6431  424.574 1.319
 275.0  7.1256E-04  11.43  1144.99   2.1849  1.6609  432.026 1.316
 285.0  6.8737E-04  11.50  1166.93   2.2040  1.6805  439.262 1.312
 295.0  6.6392E-04  11.58  1189.08   2.2250  1.7019  446.293 1.307
 315.0  6.2152E-04  11.73  1234.04   2.2724  1.7501  459.782 1.298
 335.0  5.8424E-04  11.87  1280.02   2.3267  1.8049  472.580 1.289
 355.0  5.5119E-04  12.01  1327.15   2.3869  1.8655  484.775 1.279
 375.0  5.2170E-04  12.14  1375.53   2.4521  1.9311  496.449 1.270
 395.0  4.9520E-04  12.27  1425.25   2.5211  2.0005  507.684 1.260
 400.0  4.8900E-04  12.30  1437.90   2.5388  2.0182  510.434 1.258
 500.0  3.9103E-04  12.90  1709.48   2.8815  2.3618  562.263 1.220
 600.0  3.2580E-04  13.45  2006.84   2.9988  2.4796  613.351 1.209
 THERMODYNAMIC PROPERTY TABLE --- CH4
          45.66 ATMOSPHERE ISOBAR
   T     density  entropy  enthalpy    Cp     Cv       c    gamma
    K    gm/cc     J/G-K     J/gm    J/gm-K  J/gm-K  cm/sec
  95.0  4.4980E-01   4.37   238.13   2.6720  1.2798 1833.287 2.088
 105.0  4.3614E-01   4.67   268.66   3.3553  1.9487 1520.254 1.722
 115.0  4.2219E-01   4.99   303.49   3.5610  2.1228 1365.531 1.678
 125.0  4.0773E-01   5.29   339.14   3.5581  2.0586 1253.943 1.728
 135.0  3.9246E-01   5.56   374.75   3.5479  1.9487 1153.556 1.821
 145.0  3.7597E-01   5.82   411.33   3.6880  1.9375 1042.145 1.903
 155.0  3.5761E-01   6.08   450.32   3.8992  1.9204  929.711 2.030
 165.0  3.3631E-01   6.34   492.27   4.2502  1.9033  810.353 2.233
 175.0  3.0962E-01   6.61   536.93   4.9550  1.8949  674.458 2.615
 185.0  2.6884E-01   6.91   590.85   7.4219  1.9184  496.425 3.869
 195.0  8.7437E-02   8.08   815.08   8.7809  1.9995  280.250 4.392
 205.0  6.6761E-02   8.38   875.12   4.6272  1.8822  310.713 2.458
 215.0  5.7402E-02   8.58   915.99   3.6903  1.8188  332.752 2.029
 225.0  5.1360E-02   8.74   950.50   3.2567  1.7792  350.797 1.830
 235.0  4.6937E-02   8.87   981.72   3.0065  1.7542  366.374 1.714
 245.0  4.3473E-02   8.99  1010.93   2.8461  1.7395  380.231 1.636
 255.0  4.0643E-02   9.10  1038.81   2.7376  1.7325  392.800 1.580
 265.0  3.8262E-02   9.21  1065.79   2.6623  1.7318  404.356 1.537
 275.0  3.6215E-02   9.31  1092.13   2.6097  1.7361  415.089 1.503
 285.0  3.4428E-02   9.40  1118.04   2.5736  1.7448  425.134 1.475
 295.0  3.2846E-02   9.49  1143.65   2.5501  1.7573  434.594 1.451
 315.0  3.0156E-02   9.65  1194.40   2.5305  1.7917  452.061 1.412
 335.0  2.7938E-02   9.81  1245.04   2.5372  1.8367  467.965 1.381
 355.0  2.6065E-02   9.96  1296.01   2.5624  1.8903  482.637 1.356
 375.0  2.4455E-02  10.10  1347.63   2.6009  1.9507  496.324 1.333
 395.0  2.3052E-02  10.23  1400.11   2.6492  2.0161  509.221 1.314
 400.0  2.2729E-02  10.27  1413.39   2.6624  2.0330  512.341 1.310
 500.0  1.7837E-02  10.89  1694.14   2.9500  2.3673  569.243 1.246
 600.0  1.4747E-02  11.44  1997.00   3.0430  2.4820  623.234 1.226
 THERMODYNAMIC PROPERTY TABLE --- CH4
         100.00 ATMOSPHERE ISOBAR
   T     density  entropy  enthalpy    Cp     Cv       c    gamma
    K    gm/cc     J/G-K     J/gm    J/gm-K  J/gm-K  cm/sec
  95.0  4.5313E-01   4.33   246.92   2.6492  1.3177 1850.807 2.010
 105.0  4.4010E-01   4.63   277.19   3.3246  1.9881 1552.241 1.672
 115.0  4.2692E-01   4.95   311.64   3.5158  2.1611 1405.803 1.627
 125.0  4.1345E-01   5.24   346.74   3.4914  2.0954 1302.305 1.666
 135.0  3.9946E-01   5.51   381.54   3.4483  1.9834 1211.586 1.739
 145.0  3.8471E-01   5.76   416.87   3.5350  1.9695 1112.874 1.795
 155.0  3.6891E-01   6.01   453.91   3.6528  1.9489 1017.315 1.874
 165.0  3.5164E-01   6.25   492.58   3.8172  1.9260  922.138 1.982
 175.0  3.3233E-01   6.47   530.98   4.0537  1.9057  824.856 2.127
 185.0  3.1010E-01   6.68   568.63   4.4057  1.8927  723.524 2.328
 195.0  2.8354E-01   6.94   617.44   4.9480  1.8924  617.720 2.615
 205.0  2.5060E-01   7.21   670.73   5.7519  1.9098  512.613 3.012
 215.0  2.1084E-01   7.50   732.38   6.4879  1.9401  428.300 3.344
 225.0  1.7185E-01   7.79   797.08   6.2693  1.9493  387.554 3.216
 235.0  1.4246E-01   8.05   855.56   5.3951  1.9245  379.415 2.803
 245.0  1.2244E-01   8.26   905.30   4.5932  1.8895  384.721 2.431
 255.0  1.0849E-01   8.43   948.24   4.0309  1.8597  394.494 2.167
 265.0  9.8227E-02   8.58   986.53   3.6519  1.8387  405.485 1.986
 275.0  9.0299E-02   8.71  1021.67   3.3919  1.8262  416.547 1.857
 285.0  8.3934E-02   8.82  1054.62   3.2092  1.8210  427.275 1.762
 295.0  7.8669E-02   8.93  1086.02   3.0782  1.8221  437.539 1.689
 315.0  7.0369E-02   9.13  1145.78   2.9146  1.8395  456.618 1.585
 335.0  6.4029E-02   9.30  1203.14   2.8315  1.8726  473.952 1.512
 355.0  5.8963E-02   9.47  1259.35   2.7964  1.9178  489.834 1.458
 375.0  5.4785E-02   9.62  1315.20   2.7925  1.9720  504.539 1.416
 395.0  5.1256E-02   9.77  1371.20   2.8096  2.0329  518.297 1.382
 400.0  5.0456E-02   9.80  1385.26   2.8163  2.0489  521.611 1.375
 500.0  3.8853E-02  10.45  1677.03   3.0296  2.3730  581.320 1.277
 600.0  3.1888E-02  11.01  1986.20   3.0933  2.4844  637.229 1.245
0 THERMODYNAMIC AND TRANSPORT PROPERTIES FOR NITROGEN PC=33.72ATM,TC=126.3 K,ROC=.3105 G/CC
 THERMODYNAMIC PROPERTY TABLE --- N2 
           1.00 ATMOSPHERE ISOBAR
   T     density  entropy  enthalpy    Cp     Cv       c    gamma
    K    gm/cc     J/G-K     J/gm    J/gm-K  J/gm-K  cm/sec
  65.0  8.5695E-01   0.06     4.20   2.0200  1.2105  964.679 1.669
  75.0  8.1439E-01   0.36    24.78   2.0622  1.1167  881.904 1.847
  85.0  4.1583E-03   3.09   236.49   1.1050  0.7632  184.504 1.448
  95.0  3.6821E-03   3.21   247.43   1.0852  0.7572  196.145 1.433
 105.0  3.3094E-03   3.32   258.21   1.0725  0.7530  206.956 1.424
 115.0  3.0083E-03   3.42   268.89   1.0639  0.7501  217.119 1.418
 125.0  2.7591E-03   3.51   279.50   1.0580  0.7480  226.754 1.414
 135.0  2.5490E-03   3.59   290.06   1.0538  0.7465  235.947 1.412
 145.0  2.3693E-03   3.66   300.58   1.0507  0.7453  244.759 1.410
 155.0  2.2137E-03   3.73   311.08   1.0483  0.7445  253.240 1.408
 165.0  2.0775E-03   3.80   321.55   1.0465  0.7438  261.427 1.407
 175.0  1.9573E-03   3.86   332.01   1.0451  0.7433  269.351 1.406
 185.0  1.8504E-03   3.92   342.45   1.0440  0.7429  277.037 1.405
 195.0  1.7546E-03   3.97   352.89   1.0431  0.7426  284.505 1.405
 200.0  1.7104E-03   4.00   358.10   1.0428  0.7424  288.163 1.405
 220.0  1.5539E-03   4.10   378.95   1.0416  0.7421  302.338 1.404
 240.0  1.4237E-03   4.19   399.77   1.0409  0.7419  315.854 1.403
 260.0  1.3138E-03   4.27   420.59   1.0406  0.7420  328.793 1.402
 280.0  1.2197E-03   4.35   441.40   1.0406  0.7422  341.221 1.402
 300.0  1.1381E-03   4.42   462.21   1.0408  0.7427  353.191 1.401
 320.0  1.0669E-03   4.49   483.03   1.0413  0.7433  364.746 1.401
 340.0  1.0040E-03   4.55   503.86   1.0420  0.7442  375.921 1.400
 360.0  9.4815E-04   4.61   524.71   1.0430  0.7453  386.747 1.399
 380.0  8.9819E-04   4.67   545.58   1.0442  0.7466  397.251 1.399
 400.0  8.5324E-04   4.72   566.48   1.0457  0.7482  407.453 1.398
 500.0  6.8251E-04   4.96   671.56   1.0570  0.7597  454.560 1.391
 600.0  5.6874E-04   5.15   778.08   1.0745  0.7774  496.339 1.382
 700.0  4.8749E-04   5.32   886.62   1.0970  0.8000  533.987 1.371
 800.0  4.2656E-04   5.47   997.57   1.1222  0.8253  568.460 1.360
 900.0  3.7918E-04   5.60  1111.04   1.1467  0.8498  600.616 1.349
1000.0  3.4126E-04   5.72  1226.73   1.1657  0.8688  631.289 1.342
 THERMODYNAMIC PROPERTY TABLE --- N2 
          33.72 ATMOSPHERE ISOBAR
   T     density  entropy  enthalpy    Cp     Cv       c    gamma
    K    gm/cc     J/G-K     J/gm    J/gm-K  J/gm-K  cm/sec
  65.0  8.6274E-01   0.05     6.90   1.9970  1.2148  983.025 1.644
  75.0  8.2197E-01   0.34    27.21   2.0319  1.1278  904.048 1.802
  85.0  7.7792E-01   0.59    47.25   1.9779  0.9770  827.118 2.025
  95.0  7.2949E-01   0.81    67.17   2.0344  0.9096  730.034 2.237
 105.0  6.7356E-01   1.02    88.52   2.2923  0.9582  602.658 2.392
 115.0  6.0170E-01   1.25   113.11   2.7691  0.9490  471.636 2.918
 125.0  4.5708E-01   1.57   152.24   7.7254  0.9661  272.159 7.996
 135.0  1.3187E-01   2.28   243.23   2.6072  0.9285  200.401 2.808
 145.0  1.0587E-01   2.44   264.69   1.8476  0.8738  220.269 2.115
 155.0  9.1488E-02   2.55   281.62   1.5738  0.8402  235.726 1.873
 165.0  8.1690E-02   2.64   296.57   1.4292  0.8174  248.833 1.748
 175.0  7.4345E-02   2.73   310.39   1.3396  0.8011  260.437 1.672
 185.0  6.8527E-02   2.80   323.46   1.2790  0.7890  270.981 1.621
 195.0  6.3745E-02   2.86   336.02   1.2356  0.7799  280.730 1.584
 200.0  6.1649E-02   2.89   342.16   1.2183  0.7761  285.362 1.570
 220.0  5.4684E-02   3.01   365.98   1.1681  0.7650  302.622 1.527
 240.0  4.9322E-02   3.11   389.00   1.1367  0.7581  318.320 1.499
 260.0  4.5022E-02   3.20   411.52   1.1158  0.7537  332.860 1.480
 280.0  4.1474E-02   3.28   433.68   1.1012  0.7509  346.493 1.467
 300.0  3.8485E-02   3.36   455.59   1.0908  0.7492  359.386 1.456
 320.0  3.5924E-02   3.43   477.33   1.0833  0.7484  371.659 1.448
 340.0  3.3700E-02   3.49   498.94   1.0779  0.7481  383.399 1.441
 360.0  3.1749E-02   3.55   520.45   1.0740  0.7484  394.672 1.435
 380.0  3.0020E-02   3.61   541.91   1.0713  0.7491  405.531 1.430
 400.0  2.8477E-02   3.67   563.31   1.0696  0.7502  416.017 1.426
 500.0  2.2699E-02   3.91   670.23   1.0712  0.7605  463.863 1.409
 600.0  1.8902E-02   4.10   777.91   1.0840  0.7777  505.800 1.394
 700.0  1.6206E-02   4.27   887.26   1.1038  0.8001  543.367 1.380
 800.0  1.4188E-02   4.42   998.80   1.1274  0.8254  577.656 1.366
 900.0  1.2621E-02   4.55  1112.73   1.1508  0.8498  609.593 1.354
1000.0  1.1367E-02   4.68  1228.79   1.1690  0.8688  640.045 1.345
 THERMODYNAMIC PROPERTY TABLE --- N2 
         100.00 ATMOSPHERE ISOBAR
   T     density  entropy  enthalpy    Cp     Cv       c    gamma
    K    gm/cc     J/G-K     J/gm    J/gm-K  J/gm-K  cm/sec
  65.0  8.7363E-01   0.01    12.44   1.9576  1.2224 1017.673 1.602
  75.0  8.3583E-01   0.30    32.34   1.9848  1.1480  944.753 1.729
  85.0  7.9602E-01   0.54    51.80   1.9059  1.0023  877.434 1.902
  95.0  7.5404E-01   0.75    70.78   1.9100  0.9367  795.541 2.039
 105.0  7.0899E-01   0.95    90.37   2.0194  0.9557  697.612 2.113
 115.0  6.5940E-01   1.14   111.11   2.1625  0.9726  602.130 2.223
 125.0  6.0306E-01   1.33   134.04   2.3264  0.9565  513.282 2.432
 135.0  5.3710E-01   1.52   158.55   2.5564  0.9431  427.127 2.711
 145.0  4.6077E-01   1.71   185.27   2.7651  0.9354  354.059 2.956
 155.0  3.8349E-01   1.89   212.97   2.7249  0.9271  309.805 2.939
 165.0  3.1954E-01   2.06   239.02   2.4651  0.9091  292.741 2.712
 175.0  2.7243E-01   2.19   262.16   2.1676  0.8848  290.297 2.450
 185.0  2.3844E-01   2.30   282.55   1.9203  0.8610  294.359 2.230
 195.0  2.1330E-01   2.40   300.78   1.7361  0.8404  301.116 2.066
 200.0  2.0306E-01   2.44   309.28   1.6636  0.8314  304.937 2.001
 220.0  1.7211E-01   2.59   340.34   1.4625  0.8039  321.006 1.819
 240.0  1.5097E-01   2.71   368.33   1.3460  0.7858  336.781 1.713
 260.0  1.3533E-01   2.82   394.46   1.2728  0.7739  351.695 1.645
 280.0  1.2314E-01   2.91   419.40   1.2239  0.7660  365.730 1.598
 300.0  1.1328E-01   2.99   443.52   1.1897  0.7606  378.976 1.564
 320.0  1.0509E-01   3.07   467.05   1.1650  0.7571  391.536 1.539
 340.0  9.8136E-02   3.14   490.16   1.1466  0.7549  403.497 1.519
 360.0  9.2141E-02   3.21   512.95   1.1328  0.7538  414.934 1.503
 380.0  8.6906E-02   3.27   535.50   1.1223  0.7534  425.907 1.490
 400.0  8.2284E-02   3.32   557.86   1.1143  0.7536  436.466 1.479
 500.0  6.5324E-02   3.57   668.20   1.0974  0.7618  484.262 1.441
 600.0  5.4386E-02   3.77   778.03   1.1015  0.7783  525.780 1.415
 700.0  4.6678E-02   3.94   888.87   1.1166  0.8004  562.786 1.395
 800.0  4.0927E-02   4.09  1001.52   1.1371  0.8255  596.479 1.378
 900.0  3.6461E-02   4.23  1116.32   1.1585  0.8499  627.839 1.363
1000.0  3.2886E-02   4.35  1233.06   1.1752  0.8689  657.761 1.353
0 THERMODYNAMIC AND TRANSPORT PROPERTIES FOR OXYGEN PC=50.16ATM, TC=154.78 K,ROC=.4325 G/CC
 THERMODYNAMIC PROPERTY TABLE --- O2 
           1.00 ATMOSPHERE ISOBAR
   T     density  entropy  enthalpy    Cp     Cv       c    gamma
    K    gm/cc     J/G-K     J/gm    J/gm-K  J/gm-K  cm/sec
  60.0  1.2823E+00   2.31    94.02   1.1303  0.5437 1311.858 2.079
  70.0  1.2371E+00   2.52   107.40   1.5188  0.8609 1093.526 1.764
  80.0  1.1903E+00   2.73   123.67   1.7112  1.0092  964.358 1.696
  90.0  1.1416E+00   2.94   141.11   1.7612  1.0094  872.598 1.745
 100.0  3.9996E-03   5.40   363.60   0.9504  0.6636  188.027 1.432
 110.0  3.6129E-03   5.49   373.04   0.9392  0.6596  197.918 1.424
 120.0  3.2974E-03   5.57   382.40   0.9319  0.6570  207.237 1.418
 130.0  3.0343E-03   5.65   391.69   0.9268  0.6552  216.086 1.415
 140.0  2.8111E-03   5.72   400.94   0.9233  0.6540  224.540 1.412
 150.0  2.6192E-03   5.78   410.16   0.9207  0.6531  232.654 1.410
 160.0  2.4523E-03   5.84   419.36   0.9188  0.6525  240.468 1.408
 170.0  2.3056E-03   5.90   428.54   0.9174  0.6521  248.016 1.407
 180.0  2.1757E-03   5.95   437.71   0.9164  0.6518  255.324 1.406
 190.0  2.0599E-03   6.00   446.87   0.9156  0.6517  262.414 1.405
 200.0  1.9558E-03   6.04   456.02   0.9151  0.6517  269.305 1.404
 210.0  1.8618E-03   6.09   465.17   0.9148  0.6518  276.012 1.403
 220.0  1.7765E-03   6.13   474.31   0.9147  0.6520  282.547 1.403
 225.0  1.7367E-03   6.15   478.89   0.9147  0.6522  285.754 1.402
 245.0  1.5941E-03   6.23   497.18   0.9151  0.6531  298.203 1.401
 265.0  1.4732E-03   6.30   515.50   0.9163  0.6546  310.094 1.400
 285.0  1.3694E-03   6.37   533.84   0.9182  0.6569  321.475 1.398
 305.0  1.2793E-03   6.43   552.23   0.9211  0.6599  332.381 1.396
 325.0  1.2004E-03   6.49   570.69   0.9250  0.6640  342.836 1.393
 345.0  1.1306E-03   6.54   589.24   0.9301  0.6693  352.858 1.390
 365.0  1.0686E-03   6.60   607.90   0.9366  0.6759  362.458 1.386
 385.0  1.0130E-03   6.65   626.71   0.9448  0.6842  371.644 1.381
 400.0  9.7492E-04   6.68   640.94   0.9522  0.6916  378.263 1.377
 500.0  7.7977E-04   6.90   739.79   1.0362  0.7760  416.611 1.335
 THERMODYNAMIC PROPERTY TABLE --- O2 
          50.17 ATMOSPHERE ISOBAR
   T     density  entropy  enthalpy    Cp     Cv       c    gamma
    K    gm/cc     J/G-K     J/gm    J/gm-K  J/gm-K  cm/sec
  60.0  1.2882E+00   2.30    97.11   1.1196  0.5453 1329.584 2.053
  70.0  1.2443E+00   2.50   110.39   1.5085  0.8668 1113.320 1.740
  80.0  1.1991E+00   2.72   126.54   1.6967  1.0157  988.141 1.670
  90.0  1.1526E+00   2.92   143.80   1.7386  1.0150  901.375 1.713
 100.0  1.1039E+00   3.10   161.10   1.7178  0.9383  831.665 1.831
 110.0  1.0518E+00   3.27   178.26   1.7221  0.8668  761.747 1.987
 120.0  9.9456E-01   3.42   195.81   1.7965  0.8344  680.655 2.153
 130.0  9.2892E-01   3.57   214.57   1.9515  0.8229  588.174 2.371
 140.0  8.4748E-01   3.73   235.44   2.2776  0.8237  480.075 2.765
 150.0  7.2097E-01   3.91   262.53   3.5754  0.8503  335.442 4.205
 160.0  2.1620E-01   4.54   359.75   3.3345  0.8569  195.329 3.891
 170.0  1.6678E-01   4.69   383.79   1.9027  0.7834  216.065 2.429
 180.0  1.4308E-01   4.78   400.69   1.5323  0.7457  231.310 2.055
 190.0  1.2756E-01   4.86   415.04   1.3559  0.7222  243.992 1.877
 200.0  1.1614E-01   4.93   428.04   1.2522  0.7063  255.109 1.773
 210.0  1.0717E-01   4.99   440.20   1.1842  0.6950  265.148 1.704
 220.0  9.9839E-02   5.04   451.79   1.1364  0.6869  274.386 1.654
 225.0  9.6631E-02   5.07   457.43   1.1176  0.6836  278.762 1.635
 245.0  8.5993E-02   5.16   479.19   1.0636  0.6746  294.996 1.577
 265.0  7.7809E-02   5.24   500.11   1.0307  0.6698  309.657 1.539
 285.0  7.1242E-02   5.31   520.50   1.0095  0.6679  323.135 1.512
 305.0  6.5817E-02   5.38   540.54   0.9960  0.6681  335.666 1.491
 325.0  6.1236E-02   5.45   560.37   0.9877  0.6702  347.403 1.474
 345.0  5.7303E-02   5.50   580.08   0.9836  0.6741  358.447 1.459
 365.0  5.3881E-02   5.56   599.74   0.9829  0.6797  368.867 1.446
 385.0  5.0871E-02   5.61   619.41   0.9852  0.6872  378.713 1.434
 400.0  4.8838E-02   5.65   634.22   0.9890  0.6941  385.742 1.425
 500.0  3.8691E-02   5.88   735.90   1.0581  0.7769  425.568 1.362
 THERMODYNAMIC PROPERTY TABLE --- O2 
         100.00 ATMOSPHERE ISOBAR
   T     density  entropy  enthalpy    Cp     Cv       c    gamma
    K    gm/cc     J/G-K     J/gm    J/gm-K  J/gm-K  cm/sec
  60.0  1.2940E+00   2.29   100.25   1.1096  0.5470 1346.651 2.029
  70.0  1.2512E+00   2.49   113.43   1.4993  0.8727 1132.315 1.718
  80.0  1.2075E+00   2.70   129.48   1.6843  1.0221 1010.729 1.648
  90.0  1.1628E+00   2.90   146.59   1.7197  1.0205  928.279 1.685
 100.0  1.1166E+00   3.08   163.65   1.6889  0.9425  864.019 1.792
 110.0  1.0680E+00   3.24   180.44   1.6761  0.8691  801.365 1.929
 120.0  1.0159E+00   3.39   197.40   1.7194  0.8342  730.193 2.061
 130.0  9.5886E-01   3.53   215.10   1.8079  0.8188  652.302 2.208
 140.0  8.9435E-01   3.67   233.79   1.9487  0.8113  568.630 2.402
 150.0  8.1784E-01   3.81   254.21   2.1863  0.8112  478.031 2.695
 160.0  7.1975E-01   3.97   278.17   2.6408  0.8212  380.524 3.216
 170.0  5.8305E-01   4.15   308.34   3.4103  0.8425  289.722 4.048
 180.0  4.3294E-01   4.35   343.12   3.2820  0.8399  249.659 3.908
 190.0  3.3720E-01   4.50   371.73   2.4651  0.8028  249.071 3.070
 200.0  2.8270E-01   4.62   393.53   1.9463  0.7682  257.686 2.534
 210.0  2.4781E-01   4.70   411.41   1.6564  0.7426  267.681 2.231
 220.0  2.2306E-01   4.78   427.03   1.4809  0.7240  277.496 2.045
 225.0  2.1307E-01   4.81   434.27   1.4178  0.7167  282.224 1.978
 245.0  1.8276E-01   4.92   460.81   1.2540  0.6962  299.849 1.801
 265.0  1.6173E-01   5.02   484.91   1.1645  0.6846  315.671 1.701
 285.0  1.4593E-01   5.10   507.61   1.1100  0.6785  330.068 1.636
 305.0  1.3345E-01   5.17   529.44   1.0748  0.6759  343.324 1.590
 325.0  1.2325E-01   5.24   550.68   1.0517  0.6760  355.631 1.556
 345.0  1.1470E-01   5.30   571.56   1.0368  0.6785  367.125 1.528
 365.0  1.0740E-01   5.36   592.20   1.0281  0.6831  377.900 1.505
 385.0  1.0107E-01   5.42   612.71   1.0242  0.6898  388.023 1.485
 400.0  9.6835E-02   5.45   628.07   1.0242  0.6964  395.217 1.471
 500.0  7.6155E-02   5.69   732.42   1.0785  0.7776  435.488 1.387
0 THERMODYNAMIC AND TRANSPORT PROPERTIES FOR ARGON PC= 48.014ATM,  TC=150.7 K,ROC=.531 G/CC
 THERMODYNAMIC PROPERTY TABLE --- AR 
           1.00 ATMOSPHERE ISOBAR
   T     density  entropy  enthalpy    Cp     Cv       c    gamma
    K    gm/cc     J/G-K     J/gm    J/gm-K  J/gm-K  cm/sec
  85.0  1.4059E+00   1.33    71.59   1.2398  0.7560  739.021 1.640
  95.0  5.2623E-03   3.27   240.53   0.5442  0.3160  179.627 1.722
 105.0  4.7299E-03   3.32   245.95   0.5396  0.3162  189.280 1.707
 115.0  4.2988E-03   3.37   251.33   0.5358  0.3158  198.447 1.697
 125.0  3.9419E-03   3.42   256.67   0.5328  0.3152  207.183 1.690
 135.0  3.6411E-03   3.46   261.99   0.5305  0.3147  215.543 1.686
 145.0  3.3838E-03   3.49   267.28   0.5287  0.3143  223.569 1.682
 155.0  3.1611E-03   3.53   272.56   0.5273  0.3139  231.301 1.680
 165.0  2.9662E-03   3.56   277.83   0.5262  0.3136  238.769 1.678
 175.0  2.7943E-03   3.59   283.09   0.5253  0.3134  246.000 1.676
 185.0  2.6414E-03   3.62   288.34   0.5246  0.3132  253.015 1.675
 195.0  2.5045E-03   3.65   293.58   0.5240  0.3130  259.833 1.674
 205.0  2.3812E-03   3.68   298.82   0.5236  0.3129  266.472 1.673
 215.0  2.2696E-03   3.70   304.05   0.5232  0.3128  272.944 1.673
 225.0  2.1680E-03   3.73   309.28   0.5229  0.3127  279.261 1.672
 245.0  1.9900E-03   3.77   319.73   0.5223  0.3126  291.477 1.671
 265.0  1.8391E-03   3.81   330.18   0.5220  0.3125  303.191 1.670
 285.0  1.7096E-03   3.85   340.61   0.5217  0.3124  314.461 1.670
 305.0  1.5971E-03   3.88   351.05   0.5215  0.3124  325.336 1.669
 325.0  1.4986E-03   3.92   361.47   0.5213  0.3124  335.855 1.669
 345.0  1.4115E-03   3.95   371.90   0.5212  0.3123  346.051 1.669
 365.0  1.3340E-03   3.98   382.32   0.5211  0.3123  355.952 1.668
 385.0  1.2646E-03   4.01   392.74   0.5210  0.3123  365.583 1.668
 400.0  1.2171E-03   4.03   400.56   0.5210  0.3123  372.642 1.668
 500.0  9.7352E-04   4.14   452.64   0.5207  0.3123  416.640 1.668
 600.0  8.1120E-04   4.24   504.71   0.5206  0.3123  456.401 1.667
 700.0  6.9529E-04   4.32   556.76   0.5205  0.3123  492.956 1.667
 800.0  6.0838E-04   4.39   608.82   0.5205  0.3123  526.978 1.667
 900.0  5.4078E-04   4.45   660.86   0.5205  0.3123  558.929 1.667
1000.0  4.8671E-04   4.50   712.91   0.5205  0.3123  589.149 1.667
 DENSITY SOLUTION IS BEYOND THE GRASP OF GASP.
 ANSWER IS ON SOLID SIDE OF MELTING LOCUS FOR T =      85. P =      4.865 MN.
 THERMODYNAMIC PROPERTY TABLE --- AR 
          48.01 ATMOSPHERE ISOBAR
   T     density  entropy  enthalpy    Cp     Cv       c    gamma
    K    gm/cc     J/G-K     J/gm    J/gm-K  J/gm-K  cm/sec
  85.0  1.4197E+00   1.32    73.81   1.2149  0.7533  758.509 1.613
  95.0  1.3611E+00   1.45    85.73   1.1711  0.6070  749.180 1.929
 105.0  1.2968E+00   1.57    97.35   1.1540  0.5091  720.674 2.267
 115.0  1.2262E+00   1.67   108.91   1.1775  0.4456  674.417 2.642
 125.0  1.1462E+00   1.77   120.83   1.2892  0.4339  596.400 2.971
 135.0  1.0489E+00   1.88   134.20   1.5159  0.4287  502.302 3.536
 145.0  9.0525E-01   2.01   152.74   2.3185  0.4332  374.532 5.352
 155.0  2.7170E-01   2.50   226.13   2.6253  0.4521  199.688 5.807
 165.0  2.0559E-01   2.61   243.56   1.3047  0.4073  217.114 3.204
 175.0  1.7556E-01   2.67   254.89   1.0057  0.3834  230.389 2.623
 185.0  1.5617E-01   2.72   264.18   0.8667  0.3678  241.689 2.357
 195.0  1.4198E-01   2.77   272.41   0.7855  0.3566  251.756 2.203
 205.0  1.3088E-01   2.81   279.98   0.7321  0.3482  260.956 2.102
 215.0  1.2182E-01   2.84   287.10   0.6945  0.3418  269.501 2.032
 225.0  1.1422E-01   2.87   293.90   0.6667  0.3369  277.529 1.979
 245.0  1.0203E-01   2.93   306.82   0.6286  0.3297  292.390 1.907
 265.0  9.2543E-02   2.97   319.14   0.6042  0.3250  306.037 1.859
 285.0  8.4879E-02   3.02   331.04   0.5874  0.3217  318.764 1.826
 305.0  7.8513E-02   3.06   342.66   0.5754  0.3194  330.762 1.801
 325.0  7.3118E-02   3.09   354.08   0.5664  0.3178  342.161 1.782
 345.0  6.8471E-02   3.13   365.33   0.5595  0.3166  353.056 1.768
 365.0  6.4419E-02   3.16   376.47   0.5542  0.3157  363.520 1.756
 385.0  6.0847E-02   3.19   387.51   0.5499  0.3150  373.606 1.746
 400.0  5.8432E-02   3.21   395.73   0.5472  0.3146  380.950 1.739
 500.0  4.6338E-02   3.33   449.83   0.5362  0.3131  426.063 1.712
 600.0  3.8488E-02   3.43   503.15   0.5309  0.3126  466.220 1.698
 700.0  3.2951E-02   3.51   556.08   0.5280  0.3124  502.863 1.690
 800.0  2.8825E-02   3.58   608.78   0.5261  0.3123  536.826 1.684
 900.0  2.5627E-02   3.64   661.33   0.5249  0.3123  568.647 1.681
1000.0  2.3073E-02   3.70   713.78   0.5240  0.3123  598.701 1.678
 DENSITY SOLUTION IS BEYOND THE GRASP OF GASP.
 ANSWER IS ON SOLID SIDE OF MELTING LOCUS FOR T =      85. P =     10.132 MN.
 THERMODYNAMIC PROPERTY TABLE --- AR 
         100.00 ATMOSPHERE ISOBAR
   T     density  entropy  enthalpy    Cp     Cv       c    gamma
    K    gm/cc     J/G-K     J/gm    J/gm-K  J/gm-K  cm/sec
  85.0  1.4339E+00   1.31    76.31   1.1911  0.7505  778.415 1.587
  95.0  1.3784E+00   1.44    87.98   1.1445  0.6116  771.258 1.871
 105.0  1.3184E+00   1.55    99.29   1.1171  0.5177  746.666 2.158
 115.0  1.2542E+00   1.65   110.39   1.1185  0.4562  707.389 2.452
 125.0  1.1846E+00   1.74   121.51   1.1823  0.4453  641.826 2.655
 135.0  1.1071E+00   1.83   133.28   1.2795  0.4386  569.849 2.917
 145.0  1.0169E+00   1.93   147.30   1.4381  0.4340  491.503 3.314
 155.0  9.0441E-01   2.04   162.88   1.7300  0.4339  404.878 3.987
 165.0  7.5231E-01   2.16   182.58   2.2324  0.4437  316.372 5.031
 175.0  5.7467E-01   2.30   206.14   2.3289  0.4517  264.288 5.155
 185.0  4.4557E-01   2.42   227.07   1.8293  0.4352  255.348 4.203
 195.0  3.6914E-01   2.50   243.08   1.4056  0.4121  260.279 3.411
 205.0  3.2092E-01   2.56   255.76   1.1524  0.3927  268.277 2.935
 215.0  2.8734E-01   2.61   266.45   0.9982  0.3776  276.751 2.644
 225.0  2.6217E-01   2.66   275.90   0.8977  0.3660  285.057 2.453
 245.0  2.2608E-01   2.73   292.52   0.7772  0.3496  300.673 2.223
 265.0  2.0074E-01   2.79   307.32   0.7091  0.3391  314.999 2.091
 285.0  1.8154E-01   2.84   321.05   0.6661  0.3321  328.265 2.006
 305.0  1.6630E-01   2.88   334.06   0.6371  0.3272  340.678 1.947
 325.0  1.5378E-01   2.92   346.58   0.6163  0.3237  352.397 1.904
 345.0  1.4325E-01   2.96   358.75   0.6010  0.3212  363.539 1.871
 365.0  1.3423E-01   2.99   370.65   0.5892  0.3193  374.192 1.845
 385.0  1.2639E-01   3.02   382.33   0.5800  0.3178  384.423 1.825
 400.0  1.2115E-01   3.04   390.99   0.5743  0.3170  391.853 1.812
 500.0  9.5408E-02   3.17   447.13   0.5517  0.3140  437.221 1.757
 600.0  7.9058E-02   3.27   501.72   0.5412  0.3130  477.348 1.729
 700.0  6.7637E-02   3.35   555.53   0.5354  0.3126  513.846 1.713
 800.0  5.9168E-02   3.42   608.88   0.5318  0.3124  547.613 1.702
 900.0  5.2621E-02   3.48   661.93   0.5294  0.3123  579.218 1.695
1000.0  4.7399E-02   3.54   714.79   0.5277  0.3123  609.050 1.690
0 THERMODYNAMIC AND TRANSPORT PROPERTIES FOR CO2 PC=72.869ATM,  TC=304.21 K,  ROC=.464 G/CC
 THERMODYNAMIC PROPERTY TABLE --- CO2
           1.00 ATMOSPHERE ISOBAR
   T     density  entropy  enthalpy    Cp     Cv       c    gamma
    K    gm/cc     J/G-K     J/gm    J/gm-K  J/gm-K  cm/sec
 220.0  2.4723E-03   4.60   743.79   0.7866  0.5854  233.023 1.344
 230.0  2.3602E-03   4.64   751.69   0.7941  0.5946  237.982 1.335
 240.0  2.2583E-03   4.67   759.67   0.8020  0.6040  242.797 1.328
 250.0  2.1651E-03   4.71   767.73   0.8103  0.6135  247.481 1.321
 260.0  2.0795E-03   4.74   775.88   0.8188  0.6230  252.048 1.314
 270.0  2.0006E-03   4.77   784.11   0.8275  0.6324  256.506 1.308
 280.0  1.9276E-03   4.80   792.43   0.8362  0.6418  260.865 1.303
 290.0  1.8599E-03   4.83   800.84   0.8450  0.6512  265.132 1.298
 300.0  1.7968E-03   4.86   809.33   0.8538  0.6605  269.313 1.293
 310.0  1.7380E-03   4.89   817.91   0.8625  0.6697  273.415 1.288
 320.0  1.6829E-03   4.91   826.58   0.8713  0.6788  277.441 1.284
 330.0  1.6312E-03   4.94   835.34   0.8799  0.6877  281.397 1.279
 340.0  1.5827E-03   4.97   844.18   0.8885  0.6966  285.287 1.276
 350.0  1.5370E-03   4.99   853.11   0.8970  0.7054  289.114 1.272
 360.0  1.4939E-03   5.02   862.12   0.9054  0.7140  292.882 1.268
 370.0  1.4532E-03   5.04   871.22   0.9138  0.7225  296.594 1.265
 380.0  1.4146E-03   5.07   880.39   0.9220  0.7309  300.252 1.261
 390.0  1.3781E-03   5.09   889.65   0.9301  0.7392  303.859 1.258
 400.0  1.3434E-03   5.11   899.00   0.9381  0.7473  307.417 1.255
 410.0  1.3104E-03   5.14   908.42   0.9460  0.7554  310.929 1.252
 420.0  1.2790E-03   5.16   917.92   0.9538  0.7633  314.397 1.250
 440.0  1.2206E-03   5.21   937.15   0.9691  0.7787  321.207 1.244
 460.0  1.1672E-03   5.25   956.68   0.9839  0.7937  327.859 1.240
 480.0  1.1184E-03   5.29   976.50   0.9983  0.8082  334.366 1.235
 500.0  1.0735E-03   5.33   996.61   1.0122  0.8222  340.738 1.231
 600.0  8.9416E-04   5.52  1101.06   1.0751  0.8856  370.859 1.214
 700.0  7.6624E-04   5.69  1211.29   1.1279  0.9385  398.636 1.202
 800.0  6.7037E-04   5.85  1326.33   1.1716  0.9823  424.594 1.193
 900.0  5.9584E-04   5.99  1445.34   1.2075  1.0183  449.082 1.186
1000.0  5.3624E-04   6.11  1567.61   1.2368  1.0477  472.340 1.180
 DENSITY SOLUTION IS BEYOND THE GRASP OF GASP.
 ANSWER IS ON SOLID SIDE OF MELTING LOCUS FOR T =     220. P =      7.384 MN.
 THERMODYNAMIC PROPERTY TABLE --- CO2
          72.87 ATMOSPHERE ISOBAR
   T     density  entropy  enthalpy    Cp     Cv       c    gamma
    K    gm/cc     J/G-K     J/gm    J/gm-K  J/gm-K  cm/sec
 220.0  1.1820E+00   2.65   390.31   2.0249  1.0448  978.672 1.938
 230.0  1.1459E+00   2.74   410.30   1.9779  0.9797  919.415 2.019
 240.0  1.1080E+00   2.82   430.00   2.0144  0.9817  846.277 2.052
 250.0  1.0678E+00   2.90   449.86   2.0337  0.9470  781.560 2.148
 260.0  1.0241E+00   2.98   470.36   2.0920  0.9242  712.583 2.264
 270.0  9.7544E-01   3.06   491.91   2.2040  0.9111  638.035 2.419
 280.0  9.1867E-01   3.15   514.99   2.4123  0.9067  555.333 2.660
 290.0  8.4658E-01   3.24   540.93   2.8706  0.9135  458.546 3.142
 300.0  7.2859E-01   3.36   576.86   4.9156  0.9485  326.298 5.182
 310.0  2.4339E-01   3.81   712.43   4.1119  0.9597  208.786 4.284
 320.0  1.9717E-01   3.90   742.10   2.3273  0.8912  225.796 2.611
 330.0  1.7390E-01   3.96   762.56   1.8357  0.8558  238.117 2.145
 340.0  1.5835E-01   4.01   779.61   1.5980  0.8344  248.231 1.915
 350.0  1.4672E-01   4.06   794.84   1.4577  0.8210  256.992 1.775
 360.0  1.3748E-01   4.10   808.93   1.3659  0.8127  264.819 1.681
 370.0  1.2984E-01   4.13   822.25   1.3020  0.8078  271.955 1.612
 380.0  1.2336E-01   4.17   835.03   1.2556  0.8054  278.554 1.559
 390.0  1.1773E-01   4.20   847.40   1.2212  0.8048  284.723 1.517
 400.0  1.1278E-01   4.23   859.48   1.1950  0.8056  290.537 1.483
 410.0  1.0836E-01   4.26   871.32   1.1749  0.8073  296.052 1.455
 420.0  1.0439E-01   4.29   882.99   1.1595  0.8099  301.312 1.432
 440.0  9.7480E-02   4.34   905.95   1.1383  0.8169  311.198 1.394
 460.0  9.1639E-02   4.39   928.58   1.1261  0.8253  320.394 1.364
 480.0  8.6605E-02   4.44   951.03   1.1196  0.8348  329.038 1.341
 500.0  8.2198E-02   4.48   973.39   1.1172  0.8448  337.227 1.322
 600.0  6.6178E-02   4.69  1085.66   1.1334  0.8969  373.400 1.264
 700.0  5.5825E-02   4.87  1200.55   1.1652  0.9449  404.470 1.233
 800.0  4.8447E-02   5.02  1318.70   1.1975  0.9863  432.389 1.214
 900.0  4.2872E-02   5.17  1439.94   1.2266  1.0209  458.108 1.201
1000.0  3.8490E-02   5.30  1563.89   1.2516  1.0496  482.160 1.192
 DENSITY SOLUTION IS BEYOND THE GRASP OF GASP.
 ANSWER IS ON SOLID SIDE OF MELTING LOCUS FOR T =     220. P =     10.132 MN.
 THERMODYNAMIC PROPERTY TABLE --- CO2
         100.00 ATMOSPHERE ISOBAR
   T     density  entropy  enthalpy    Cp     Cv       c    gamma
    K    gm/cc     J/G-K     J/gm    J/gm-K  J/gm-K  cm/sec
 220.0  1.1875E+00   2.64   391.12   2.0114  1.0500  991.880 1.916
 230.0  1.1523E+00   2.73   410.95   1.9595  0.9842  934.792 1.991
 240.0  1.1157E+00   2.81   430.44   1.9441  0.9408  874.620 2.066
 250.0  1.0771E+00   2.89   449.99   1.9972  0.9502  802.894 2.102
 260.0  1.0358E+00   2.97   470.04   2.0372  0.9265  738.288 2.199
 270.0  9.9065E-01   3.05   490.89   2.1152  0.9120  669.836 2.319
 280.0  9.3993E-01   3.13   512.76   2.2486  0.9051  596.408 2.484
 290.0  8.8033E-01   3.21   536.18   2.4838  0.9060  516.006 2.742
 300.0  8.0445E-01   3.30   563.57   2.9673  0.9173  424.892 3.235
 310.0  6.8884E-01   3.42   598.72   4.4038  0.9507  316.699 4.632
 320.0  4.6915E-01   3.61   659.07   6.8823  1.0104  227.362 6.812
 330.0  3.2297E-01   3.77   711.76   3.7941  0.9603  226.804 3.951
 340.0  2.6552E-01   3.86   742.28   2.5285  0.9112  238.082 2.775
 350.0  2.3349E-01   3.93   764.69   2.0150  0.8799  248.571 2.290
 360.0  2.1188E-01   3.98   783.37   1.7453  0.8596  257.872 2.030
 370.0  1.9578E-01   4.03   799.94   1.5810  0.8463  266.216 1.868
 380.0  1.8306E-01   4.07   815.17   1.4718  0.8376  273.813 1.757
 390.0  1.7261E-01   4.10   829.48   1.3948  0.8322  280.818 1.676
 400.0  1.6378E-01   4.14   843.13   1.3384  0.8292  287.344 1.614
 410.0  1.5616E-01   4.17   856.29   1.2960  0.8280  293.474 1.565
 420.0  1.4948E-01   4.20   869.08   1.2633  0.8281  299.270 1.526
 440.0  1.3822E-01   4.26   893.86   1.2178  0.8313  310.046 1.465
 460.0  1.2900E-01   4.31   917.91   1.1894  0.8371  319.954 1.421
 480.0  1.2125E-01   4.36   941.51   1.1716  0.8445  329.180 1.387
 500.0  1.1458E-01   4.41   964.82   1.1607  0.8530  337.856 1.361
 600.0  9.1142E-02   4.62  1080.18   1.1555  0.9009  375.591 1.283
 700.0  7.6490E-02   4.80  1196.80   1.1788  0.9472  407.481 1.244
 800.0  6.6214E-02   4.96  1316.08   1.2068  0.9878  435.879 1.222
 900.0  5.8518E-02   5.10  1438.11   1.2334  1.0219  461.891 1.207
1000.0  5.2501E-02   5.24  1562.65   1.2568  1.0502  486.128 1.197
0 THERMODYNAMIC AND TRANSPORT PROPERTIES FOR NEON PC= 26.19ATM , TC=44.4 K,  RHOC=.483 G/CC
 THERMODYNAMIC PROPERTY TABLE --- NE 
           1.00 ATMOSPHERE ISOBAR
   T     density  entropy  enthalpy    Cp     Cv       c    gamma
    K    gm/cc     J/G-K     J/gm    J/gm-K  J/gm-K  cm/sec
  25.0  1.2406E+00   0.04     0.97   1.8944  1.3053  445.374 1.451
  35.0  7.2194E-03   3.64    99.56   1.0614  0.6154  153.467 1.725
  45.0  5.5424E-03   3.91   110.11   1.0502  0.6187  174.957 1.697
  55.0  4.5076E-03   4.12   120.58   1.0435  0.6191  193.906 1.686
  65.0  3.8022E-03   4.29   130.99   1.0395  0.6190  211.068 1.679
  75.0  3.2893E-03   4.44   141.37   1.0369  0.6188  226.882 1.676
  80.0  3.0819E-03   4.51   146.55   1.0359  0.6187  234.376 1.674
 100.0  2.4620E-03   4.74   167.24   1.0335  0.6184  262.168 1.671
 120.0  2.0503E-03   4.93   187.90   1.0323  0.6183  287.238 1.670
 140.0  1.7568E-03   5.09   208.54   1.0316  0.6182  310.266 1.669
 160.0  1.5370E-03   5.23   229.17   1.0311  0.6181  331.685 1.668
 180.0  1.3661E-03   5.35   249.78   1.0308  0.6181  351.795 1.668
 200.0  1.2294E-03   5.46   270.40   1.0306  0.6181  370.811 1.667
 220.0  1.1176E-03   5.55   291.01   1.0305  0.6181  388.894 1.667
 240.0  1.0245E-03   5.64   311.62   1.0304  0.6181  406.170 1.667
 260.0  9.4570E-04   5.73   332.22   1.0303  0.6180  422.740 1.667
 280.0  8.7816E-04   5.80   352.83   1.0302  0.6180  438.682 1.667
 300.0  8.1963E-04   5.87   373.43   1.0302  0.6180  454.064 1.667
 320.0  7.6841E-04   5.94   394.04   1.0301  0.6180  468.941 1.667
 340.0  7.2322E-04   6.00   414.64   1.0301  0.6180  483.359 1.667
 360.0  6.8305E-04   6.06   435.24   1.0301  0.6180  497.360 1.667
 380.0  6.4711E-04   6.12   455.84   1.0300  0.6180  510.976 1.667
 400.0  6.1476E-04   6.17   476.44   1.0300  0.6180  524.239 1.667
 500.0  4.9184E-04   6.40   579.44   1.0300  0.6180  586.063 1.667
 600.0  4.0989E-04   6.59   682.43   1.0299  0.6180  641.958 1.667
 DENSITY SOLUTION IS BEYOND THE GRASP OF GASP.
 ANSWER IS ON SOLID SIDE OF MELTING LOCUS FOR T =      25. P =      2.654 MN.
 THERMODYNAMIC PROPERTY TABLE --- NE 
          26.19 ATMOSPHERE ISOBAR
   T     density  entropy  enthalpy    Cp     Cv       c    gamma
    K    gm/cc     J/G-K     J/gm    J/gm-K  J/gm-K  cm/sec
  25.0  1.2581E+00   0.01     2.36   1.8500  1.2408  482.283 1.491
  35.0  1.0712E+00   0.71    23.18   2.2454  1.0108  421.515 2.221
  45.0  2.8622E-01   2.06    80.25   7.4539  0.8882  148.545 8.393
  55.0  1.4490E-01   2.60   106.45   1.6447  0.6861  188.884 2.397
  65.0  1.1068E-01   2.84   121.02   1.3330  0.6518  211.184 2.045
  75.0  9.1456E-02   3.02   133.73   1.2227  0.6398  229.618 1.911
  80.0  8.4457E-02   3.10   139.77   1.1907  0.6363  238.003 1.871
 100.0  6.5318E-02   3.36   162.79   1.1206  0.6286  267.974 1.783
 120.0  5.3643E-02   3.56   184.85   1.0886  0.6248  294.089 1.742
 140.0  4.5657E-02   3.72   206.44   1.0709  0.6226  317.641 1.720
 160.0  3.9807E-02   3.87   227.75   1.0601  0.6213  339.315 1.706
 180.0  3.5320E-02   3.99   248.89   1.0531  0.6204  359.527 1.697
 200.0  3.1761E-02   4.10   269.90   1.0482  0.6198  378.557 1.691
 220.0  2.8864E-02   4.20   290.83   1.0446  0.6194  396.602 1.686
 240.0  2.6458E-02   4.29   311.70   1.0420  0.6191  413.809 1.683
 260.0  2.4427E-02   4.38   332.53   1.0401  0.6189  430.289 1.680
 280.0  2.2689E-02   4.45   353.31   1.0385  0.6187  446.131 1.678
 300.0  2.1184E-02   4.52   374.08   1.0373  0.6186  461.407 1.677
 320.0  1.9867E-02   4.59   394.81   1.0363  0.6185  476.175 1.675
 340.0  1.8705E-02   4.65   415.54   1.0355  0.6184  490.485 1.674
 360.0  1.7673E-02   4.71   436.24   1.0348  0.6184  504.377 1.674
 380.0  1.6749E-02   4.77   456.94   1.0343  0.6183  517.886 1.673
 400.0  1.5918E-02   4.82   477.62   1.0338  0.6183  531.045 1.672
 500.0  1.2755E-02   5.05   580.93   1.0323  0.6181  592.392 1.670
 600.0  1.0643E-02   5.24   684.12   1.0315  0.6181  647.883 1.669
 DENSITY SOLUTION IS BEYOND THE GRASP OF GASP.
 ANSWER IS ON SOLID SIDE OF MELTING LOCUS FOR T =      25. P =     10.132 MN.
   23.73    IS OUT OF RANGE FOR P  IN SUB.-ENTH  
 THERMODYNAMIC PROPERTY TABLE --- NE 
         100.00 ATMOSPHERE ISOBAR
   T     density  entropy  enthalpy    Cp     Cv       c    gamma
    K    gm/cc     J/G-K     J/gm    J/gm-K  J/gm-K  cm/sec
  25.0  1.2993E+00  -0.06     6.47   1.7612  1.0986  577.963 1.603
  35.0  1.1415E+00   0.59    25.82   1.9771  0.9284  538.824 2.130
  45.0  9.5328E-01   1.08    45.20   2.0238  0.5498  490.555 3.681
  55.0  7.0849E-01   1.56    69.69   2.6797  0.7010  319.107 3.823
  65.0  4.9658E-01   1.99    94.92   2.2294  0.7168  269.037 3.110
  75.0  3.7825E-01   2.28   115.07   1.7965  0.6913  266.973 2.599
  80.0  3.3970E-01   2.39   123.72   1.6441  0.6793  270.949 2.420
 100.0  2.4814E-01   2.72   153.05   1.3280  0.6510  294.395 2.040
 120.0  1.9971E-01   2.95   178.41   1.2111  0.6388  318.380 1.896
 140.0  1.6856E-01   3.13   202.12   1.1543  0.6323  340.687 1.826
 160.0  1.4643E-01   3.28   224.94   1.1214  0.6283  361.460 1.785
 180.0  1.2974E-01   3.41   247.23   1.1003  0.6258  380.954 1.758
 200.0  1.1664E-01   3.53   269.15   1.0858  0.6240  399.376 1.740
 220.0  1.0605E-01   3.63   290.82   1.0754  0.6227  416.888 1.727
 240.0  9.7282E-02   3.73   312.31   1.0676  0.6218  433.615 1.717
 260.0  8.9898E-02   3.81   333.65   1.0616  0.6210  449.656 1.709
 280.0  8.3586E-02   3.89   354.89   1.0569  0.6205  465.093 1.703
 300.0  7.8122E-02   3.96   376.03   1.0532  0.6201  479.992 1.698
 320.0  7.3345E-02   4.03   397.11   1.0501  0.6198  494.406 1.694
 340.0  6.9129E-02   4.10   418.13   1.0476  0.6195  508.382 1.691
 360.0  6.5379E-02   4.16   439.10   1.0456  0.6193  521.959 1.688
 380.0  6.2022E-02   4.21   460.03   1.0438  0.6191  535.170 1.686
 400.0  5.8998E-02   4.27   480.93   1.0423  0.6190  548.045 1.684
 500.0  4.7469E-02   4.50   585.05   1.0375  0.6185  608.158 1.677
 600.0  3.9735E-02   4.69   688.79   1.0349  0.6183  662.648 1.674
0 THERMODYNAMIC AND TRANSPORT PROPERTIES FOR CO  PC=34.529ATM, TC=132.91 K, RHOC=.2997 G/CC
 THERMODYNAMIC PROPERTY TABLE --- CO 
           1.00 ATMOSPHERE ISOBAR
   T     density  entropy  enthalpy    Cp     Cv       c    gamma
    K    gm/cc     J/G-K     J/gm    J/gm-K  J/gm-K  cm/sec
  70.0  8.3594E-01   2.66   124.42   2.2569  1.3055 1054.315 1.729
  80.0  7.9552E-01   2.96   146.68   2.2083  1.1414  954.068 1.935
  90.0  3.9104E-03   5.75   374.36   1.0775  0.7469  190.289 1.443
 100.0  3.4910E-03   5.86   385.10   1.0696  0.7472  201.478 1.431
 110.0  3.1561E-03   5.96   395.76   1.0634  0.7467  211.962 1.424
 120.0  2.8817E-03   6.05   406.37   1.0588  0.7462  221.868 1.419
 130.0  2.6525E-03   6.14   416.94   1.0552  0.7456  231.292 1.415
 140.0  2.4578E-03   6.22   427.48   1.0524  0.7451  240.305 1.412
 150.0  2.2902E-03   6.29   437.99   1.0503  0.7447  248.959 1.410
 160.0  2.1444E-03   6.36   448.48   1.0486  0.7443  257.299 1.409
 170.0  2.0162E-03   6.42   458.96   1.0472  0.7441  265.357 1.407
 180.0  1.9027E-03   6.48   469.43   1.0461  0.7439  273.163 1.406
 190.0  1.8015E-03   6.54   479.88   1.0452  0.7437  280.741 1.405
 200.0  1.7105E-03   6.59   490.33   1.0445  0.7436  288.109 1.405
 220.0  1.5538E-03   6.69   511.21   1.0435  0.7434  302.286 1.404
 240.0  1.4235E-03   6.78   532.08   1.0428  0.7433  315.805 1.403
 260.0  1.3135E-03   6.86   552.93   1.0423  0.7434  328.752 1.402
 280.0  1.2194E-03   6.94   573.77   1.0421  0.7434  341.195 1.402
 300.0  1.1378E-03   7.01   594.61   1.0419  0.7435  353.189 1.401
 320.0  1.0666E-03   7.08   615.45   1.0418  0.7437  364.781 1.401
 340.0  1.0037E-03   7.14   636.28   1.0419  0.7439  376.008 1.401
 360.0  9.4785E-04   7.20   657.12   1.0419  0.7441  386.902 1.400
 380.0  8.9790E-04   7.26   677.96   1.0421  0.7444  397.492 1.400
 400.0  8.5296E-04   7.31   698.80   1.0423  0.7447  407.800 1.400
 500.0  6.8227E-04   7.54   803.10   1.0437  0.7464  455.781 1.398
 600.0  5.6854E-04   7.74   907.58   1.0459  0.7487  499.047 1.397
 DENSITY SOLUTION IS BEYOND THE GRASP OF GASP.
 ANSWER IS ON SOLID SIDE OF MELTING LOCUS FOR T =      70. P =      3.499 MN.
 THERMODYNAMIC PROPERTY TABLE --- CO 
          34.53 ATMOSPHERE ISOBAR
   T     density  entropy  enthalpy    Cp     Cv       c    gamma
    K    gm/cc     J/G-K     J/gm    J/gm-K  J/gm-K  cm/sec
  70.0  8.4110E-01   2.65   127.20   2.2318  1.3224 1066.329 1.688
  80.0  8.0249E-01   2.94   149.17   2.1753  1.1619  972.607 1.872
  90.0  7.6070E-01   3.19   170.88   2.1725  1.0834  861.034 2.005
 100.0  7.1493E-01   3.42   192.71   2.1996  1.0157  747.882 2.166
 110.0  6.6266E-01   3.64   215.15   2.3153  0.9647  629.912 2.400
 120.0  5.9724E-01   3.85   239.98   2.7415  1.0030  487.931 2.733
 130.0  4.8702E-01   4.13   274.60   4.8342  0.9067  332.401 5.332
 140.0  1.3583E-01   4.89   375.70   2.8359  0.9064  204.314 3.129
 150.0  1.0773E-01   5.04   398.27   1.9051  0.8537  223.709 2.232
 160.0  9.2745E-02   5.16   415.63   1.6071  0.8272  238.834 1.943
 170.0  8.2652E-02   5.25   430.88   1.4562  0.8105  251.724 1.797
 180.0  7.5134E-02   5.33   444.95   1.3642  0.7988  263.176 1.708
 190.0  6.9203E-02   5.40   458.26   1.3022  0.7901  273.606 1.648
 200.0  6.4346E-02   5.47   471.05   1.2575  0.7833  283.262 1.606
 220.0  5.6756E-02   5.58   495.55   1.1979  0.7734  300.852 1.549
 240.0  5.1009E-02   5.69   519.11   1.1603  0.7667  316.761 1.513
 260.0  4.6453E-02   5.78   542.05   1.1348  0.7619  331.441 1.489
 280.0  4.2725E-02   5.86   564.55   1.1166  0.7585  345.172 1.472
 300.0  3.9600E-02   5.94   586.74   1.1033  0.7559  358.141 1.460
 320.0  3.6935E-02   6.01   608.70   1.0932  0.7540  370.481 1.450
 340.0  3.4629E-02   6.07   630.48   1.0853  0.7525  382.288 1.442
 360.0  3.2610E-02   6.14   652.13   1.0792  0.7514  393.635 1.436
 380.0  3.0824E-02   6.19   673.66   1.0744  0.7506  404.580 1.431
 400.0  2.9233E-02   6.25   695.11   1.0704  0.7501  415.167 1.427
 500.0  2.3288E-02   6.49   801.52   1.0595  0.7492  463.849 1.414
 600.0  1.9389E-02   6.68   907.25   1.0559  0.7504  507.248 1.407
 DENSITY SOLUTION IS BEYOND THE GRASP OF GASP.
 ANSWER IS ON SOLID SIDE OF MELTING LOCUS FOR T =      70. P =     10.132 MN.
 THERMODYNAMIC PROPERTY TABLE --- CO 
         100.00 ATMOSPHERE ISOBAR
   T     density  entropy  enthalpy    Cp     Cv       c    gamma
    K    gm/cc     J/G-K     J/gm    J/gm-K  J/gm-K  cm/sec
  70.0  8.5054E-01   2.61   132.73   2.1899  1.3496 1090.038 1.623
  80.0  8.1483E-01   2.90   154.26   2.1257  1.1951 1007.204 1.779
  90.0  7.7710E-01   3.15   175.38   2.1001  1.1183  909.599 1.878
 100.0  7.3738E-01   3.37   196.27   2.0795  1.0501  814.282 1.980
 110.0  6.9503E-01   3.57   217.06   2.0898  0.9966  720.982 2.097
 120.0  6.4887E-01   3.75   238.45   2.2185  1.0291  616.956 2.156
 130.0  5.9704E-01   3.94   261.85   2.2539  0.9154  541.536 2.462
 140.0  5.3680E-01   4.11   285.42   2.5932  1.0265  435.953 2.526
 150.0  4.6570E-01   4.30   312.33   2.8008  0.9468  369.600 2.958
 160.0  3.8837E-01   4.49   341.02   2.8808  0.9151  321.031 3.148
 170.0  3.2092E-01   4.65   368.72   2.6180  0.8949  299.812 2.926
 180.0  2.7169E-01   4.79   393.10   2.2640  0.8753  295.823 2.586
 190.0  2.3694E-01   4.91   414.27   1.9844  0.8577  299.145 2.313
 200.0  2.1160E-01   5.00   433.06   1.7860  0.8428  305.327 2.119
 220.0  1.7699E-01   5.16   466.09   1.5420  0.8201  320.219 1.880
 240.0  1.5407E-01   5.29   495.43   1.4042  0.8039  335.429 1.747
 260.0  1.3746E-01   5.40   522.59   1.3180  0.7921  350.007 1.664
 280.0  1.2469E-01   5.49   548.34   1.2598  0.7833  363.814 1.608
 300.0  1.1446E-01   5.58   573.10   1.2186  0.7766  376.894 1.569
 320.0  1.0603E-01   5.66   597.15   1.1881  0.7714  389.329 1.540
 340.0  9.8909E-02   5.73   620.67   1.1649  0.7673  401.201 1.518
 360.0  9.2801E-02   5.79   643.78   1.1469  0.7641  412.578 1.501
 380.0  8.7483E-02   5.86   666.57   1.1326  0.7615  423.522 1.487
 400.0  8.2800E-02   5.91   689.10   1.1210  0.7595  434.082 1.476
 500.0  6.5689E-02   6.16   799.29   1.0877  0.7543  482.353 1.442
 600.0  5.4686E-02   6.36   907.26   1.0737  0.7534  525.127 1.425
0 THERMODYNAMIC AND TRANSPORT PROPERTIES FOR HELIUM   PC = 2ATM,  TC=5 K,     RHOC=1/25G/CC
 THERMODYNAMIC PROPERTY TABLE --- HE 
           1.00 ATMOSPHERE ISOBAR
   T     density  entropy  enthalpy    Cp     Cv       c    gamma
    K    gm/cc     J/G-K     J/gm    J/gm-K  J/gm-K  cm/sec
   3.0  1.4303E-01   2.38     5.76   2.7207  2.2247  218.058 1.223
   3.5  1.3758E-01   2.77     7.04   2.5503  1.6519  215.836 1.544
   4.0  1.2991E-01   3.18     8.57   3.8433  2.1456  190.716 1.791
   4.5  1.4465E-02   8.94    32.89   6.7033  2.8267  109.294 2.371
   5.0  1.2065E-02   9.63    36.16   6.4023  2.9943  119.260 2.138
   5.5  1.0441E-02  10.23    39.30   6.1488  3.0578  128.074 2.011
   6.0  9.2512E-03  10.76    42.32   5.9612  3.0852  136.010 1.932
   6.5  8.3327E-03  11.23    45.27   5.8229  3.0982  143.283 1.879
   7.0  7.5969E-03  11.66    48.15   5.7191  3.1048  150.043 1.842
   7.5  6.9911E-03  12.05    50.99   5.6394  3.1085  156.390 1.814
   8.0  6.4818E-03  12.41    53.79   5.5770  3.1106  162.400 1.793
   8.5  6.0465E-03  12.75    56.57   5.5271  3.1119  168.124 1.776
   9.0  5.6694E-03  13.06    59.32   5.4867  3.1127  173.605 1.763
   9.5  5.3391E-03  13.36    62.06   5.4534  3.1133  178.874 1.752
  10.0  5.0470E-03  13.64    64.78   5.4256  3.1137  183.956 1.743
  20.0  2.4474E-03  17.32   117.83   5.2482  3.1155  263.666 1.685
  30.0  1.6249E-03  19.44   170.13   5.2176  3.1157  323.260 1.675
  40.0  1.2176E-03  20.94   222.24   5.2069  3.1158  373.226 1.671
  50.0  9.7383E-04  22.10   274.29   5.2020  3.1158  417.166 1.670
  60.0  8.1153E-04  23.05   326.29   5.1993  3.1158  456.860 1.669
  70.0  6.9565E-04  23.85   378.28   5.1976  3.1158  493.350 1.668
  80.0  6.0875E-04  24.55   430.25   5.1966  3.1158  527.309 1.668
  90.0  5.4116E-04  25.16   482.21   5.1958  3.1158  559.201 1.668
 100.0  4.8709E-04  25.70   534.16   5.1953  3.1158  589.365 1.667
 200.0  2.4369E-04  29.30  1053.58   5.1936  3.1158  832.867 1.667
 300.0  1.6250E-04  31.41  1572.93   5.1933  3.1158 1019.759 1.667
 400.0  1.2189E-04  32.90  2092.25   5.1932  3.1158 1177.340 1.667
 500.0  9.7522E-05  34.06  2611.57   5.1932  3.1158 1316.186 1.667
 600.0  8.1273E-05  35.01  3130.88   5.1931  3.1158 1441.720 1.667
 THERMODYNAMIC PROPERTY TABLE --- HE 
           2.24 ATMOSPHERE ISOBAR
   T     density  entropy  enthalpy    Cp     Cv       c    gamma
    K    gm/cc     J/G-K     J/gm    J/gm-K  J/gm-K  cm/sec
   3.0  1.4602E-01   2.33     6.47   2.6099  2.1799  233.495 1.197
   3.5  1.4132E-01   2.70     7.68   2.3482  1.5981  234.293 1.469
   4.0  1.3512E-01   3.06     9.05   3.3528  2.0621  214.578 1.626
   4.5  1.2637E-01   3.57    11.19   5.3903  3.0050  181.497 1.794
   5.0  1.1114E-01   4.29    14.64  48.0526 41.6361   90.147 1.154
   5.5  3.2183E-02   7.80    32.88   9.3522  2.6123  117.815 3.580
   6.0  2.5716E-02   8.53    37.10   7.8010  2.8959  127.432 2.694
   6.5  2.1902E-02   9.12    40.81   7.0939  3.0042  136.327 2.361
   7.0  1.9272E-02   9.63    44.24   6.6698  3.0533  144.372 2.184
   7.5  1.7308E-02  10.08    47.50   6.3855  3.0780  151.732 2.075
   8.0  1.5765E-02  10.49    50.64   6.1823  3.0914  158.551 2.000
   8.5  1.4511E-02  10.86    53.69   6.0306  3.0992  164.935 1.946
   9.0  1.3465E-02  11.20    56.68   5.9136  3.1039  170.960 1.905
   9.5  1.2576E-02  11.52    59.61   5.8210  3.1069  176.686 1.874
  10.0  1.1809E-02  11.81    62.50   5.7463  3.1089  182.155 1.848
  20.0  5.5141E-03  15.61   116.99   5.3149  3.1150  264.529 1.706
  30.0  3.6441E-03  17.75   169.73   5.2471  3.1156  324.564 1.684
  40.0  2.7277E-03  19.25   222.07   5.2236  3.1157  374.628 1.677
  50.0  2.1812E-03  20.42   274.25   5.2128  3.1158  418.570 1.673
  60.0  1.8177E-03  21.37   326.34   5.2068  3.1158  458.236 1.671
  70.0  1.5583E-03  22.17   378.39   5.2032  3.1158  494.687 1.670
  80.0  1.3638E-03  22.86   430.41   5.2009  3.1158  528.604 1.669
  90.0  1.2125E-03  23.48   482.41   5.1992  3.1158  560.455 1.669
 100.0  1.0915E-03  24.02   534.40   5.1981  3.1158  590.580 1.668
 200.0  5.4647E-04  27.62  1053.95   5.1943  3.1158  833.808 1.667
 300.0  3.6452E-04  29.73  1573.35   5.1936  3.1158 1020.551 1.667
 400.0  2.7348E-04  31.22  2092.69   5.1934  3.1158 1178.036 1.667
 500.0  2.1882E-04  32.38  2612.03   5.1933  3.1158 1316.814 1.667
 600.0  1.8238E-04  33.33  3131.35   5.1932  3.1158 1442.296 1.667
 SOLUTION OUT OF RANGE
 SOLUTION OUT OF RANGE
   10.18    IS OUT OF RANGE FOR P  IN SUB.-ENTH  
   10.25    IS OUT OF RANGE FOR P  IN SUB.-ENTH  
   10.33    IS OUT OF RANGE FOR P  IN SUB.-ENTH  
   10.13    IS OUT OF RANGE FOR P  IN SUB.-ENTH  
   10.20    IS OUT OF RANGE FOR P  IN SUB.-ENTH  
   10.28    IS OUT OF RANGE FOR P  IN SUB.-ENTH  
   10.35    IS OUT OF RANGE FOR P  IN SUB.-ENTH  
   10.42    IS OUT OF RANGE FOR P  IN SUB.-ENTH  
   10.21    IS OUT OF RANGE FOR P  IN SUB.-ENTH  
   10.28    IS OUT OF RANGE FOR P  IN SUB.-ENTH  
   10.35    IS OUT OF RANGE FOR P  IN SUB.-ENTH  
   10.43    IS OUT OF RANGE FOR P  IN SUB.-ENTH  
   10.21    IS OUT OF RANGE FOR P  IN SUB.-ENTH  
   10.28    IS OUT OF RANGE FOR P  IN SUB.-ENTH  
   10.36    IS OUT OF RANGE FOR P  IN SUB.-ENTH  
   10.44    IS OUT OF RANGE FOR P  IN SUB.-ENTH  
   10.21    IS OUT OF RANGE FOR P  IN SUB.-ENTH  
   10.29    IS OUT OF RANGE FOR P  IN SUB.-ENTH  
   10.21    IS OUT OF RANGE FOR P  IN SUB.-ENTH  
   10.29    IS OUT OF RANGE FOR P  IN SUB.-ENTH  
   10.21    IS OUT OF RANGE FOR P  IN SUB.-ENTH  
   10.30    IS OUT OF RANGE FOR P  IN SUB.-ENTH  
   10.22    IS OUT OF RANGE FOR P  IN SUB.-ENTH  
   10.30    IS OUT OF RANGE FOR P  IN SUB.-ENTH  
   10.22    IS OUT OF RANGE FOR P  IN SUB.-ENTH  
   10.30    IS OUT OF RANGE FOR P  IN SUB.-ENTH  
   10.22    IS OUT OF RANGE FOR P  IN SUB.-ENTH  
   10.31    IS OUT OF RANGE FOR P  IN SUB.-ENTH  
   10.22    IS OUT OF RANGE FOR P  IN SUB.-ENTH  
   10.31    IS OUT OF RANGE FOR P  IN SUB.-ENTH  
   10.22    IS OUT OF RANGE FOR P  IN SUB.-ENTH  
   10.31    IS OUT OF RANGE FOR P  IN SUB.-ENTH  
   10.22    IS OUT OF RANGE FOR P  IN SUB.-ENTH  
   10.31    IS OUT OF RANGE FOR P  IN SUB.-ENTH  
   10.22    IS OUT OF RANGE FOR P  IN SUB.-ENTH  
   10.30    IS OUT OF RANGE FOR P  IN SUB.-ENTH  
 THERMODYNAMIC PROPERTY TABLE --- HE 
         100.00 ATMOSPHERE ISOBAR
   T     density  entropy  enthalpy    Cp     Cv       c    gamma
    K    gm/cc     J/G-K     J/gm    J/gm-K  J/gm-K  cm/sec
   3.0  2.1000E-01   1.33    56.76   1.6102  1.4870  553.991 1.083
   3.5  2.1000E-01   1.52    57.38   1.1654  1.0200  574.037 1.142
   4.0  2.0908E-01   1.68    57.99   1.5211  1.3544  568.310 1.123
   4.5  2.0781E-01   1.91    58.95   2.3310  2.1354  556.816 1.092
   5.0  2.0650E-01   2.16    60.13  40.8153 40.5811  530.365 1.006
   5.5  2.0513E-01   2.61    62.60  -0.0807 -0.3630  247.081 0.222
   6.0  2.0369E-01   2.65    62.85   0.9817  0.6424  641.191 1.528
   6.5  2.0218E-01   2.76    63.54   1.7413  1.3378  585.189 1.302
   7.0  2.0059E-01   2.91    64.55   2.3079  1.8345  568.500 1.258
   7.5  1.9893E-01   3.08    65.82   2.7449  2.1976  559.461 1.249
   8.0  1.9720E-01   3.27    67.28   3.0907  2.4670  553.187 1.253
   8.5  1.9541E-01   3.47    68.90   3.3700  2.6689  548.212 1.263
   9.0  1.9356E-01   3.67    70.64   3.5994  2.8209  543.954 1.276
   9.5  1.9167E-01   3.87    72.49   3.7903  2.9353  540.143 1.291
  10.0  1.8974E-01   4.07    74.43   3.9513  3.0212  536.636 1.308
  20.0  1.4938E-01   7.29   121.57   5.1616  3.1730  496.379 1.627
  30.0  1.1618E-01   9.47   175.39   5.5256  3.1237  497.497 1.769
  40.0  9.3195E-02  11.07   231.00   5.5671  3.1157  519.512 1.787
  50.0  7.7515E-02  12.30   286.45   5.5180  3.1148  547.860 1.772
  60.0  6.6362E-02  13.30   341.35   5.4621  3.1149  577.274 1.754
  70.0  5.8059E-02  14.14   395.73   5.4155  3.1151  606.182 1.738
  80.0  5.1640E-02  14.86   449.69   5.3789  3.1153  634.146 1.727
  90.0  4.6526E-02  15.49   503.33   5.3503  3.1154  661.086 1.717
 100.0  4.2352E-02  16.06   556.72   5.3278  3.1155  687.036 1.710
 200.0  2.2475E-02  19.71  1083.76   5.2376  3.1158  906.472 1.681
 300.0  1.5347E-02  21.83  1606.21   5.2152  3.1158 1081.618 1.674
 400.0  1.1662E-02  23.33  2127.23   5.2063  3.1158 1231.796 1.671
 500.0  9.4067E-03  24.49  2647.61   5.2019  3.1158 1365.408 1.669
 600.0  7.8834E-03  25.44  3167.66   5.1993  3.1158 1486.984 1.669
 THE REGION 125-145K FOR T AND P GREATER THAN 10 ATM
 YIELDS POOR RESULTS FOR THE DERIVED PROEPRTIES--BEWARE. 
0 THERMODYNAMIC AND TRANSPORT PROPERTIES FOR FLUORINE  PC=54ATM, TC=144.31K, RHOC=.3974G/CC
 THERMODYNAMIC PROPERTY TABLE --- F2 
           1.00 ATMOSPHERE ISOBAR
   T     density  entropy  enthalpy    Cp     Cv       c    gamma
    K    gm/cc     J/G-K     J/gm    J/gm-K  J/gm-K  cm/sec
  70.0  1.6023E+00   2.00  -134.25   1.4997  0.8924  948.313 1.681
  75.0  1.5696E+00   2.10  -126.75   1.4977  0.8674  905.737 1.727
  80.0  1.5362E+00   2.20  -119.29   1.4866  0.8305  866.816 1.790
  85.0  5.6319E-03   4.33    61.38   0.8169  0.5654  158.470 1.445
  90.0  5.2892E-03   4.37    65.44   0.8072  0.5618  163.563 1.437
  95.0  4.9888E-03   4.42    69.46   0.8000  0.5592  168.444 1.431
 100.0  4.7229E-03   4.46    73.44   0.7945  0.5572  173.142 1.426
 105.0  4.4854E-03   4.50    77.40   0.7903  0.5558  177.680 1.422
 110.0  4.2718E-03   4.53    81.35   0.7871  0.5548  182.075 1.419
 115.0  4.0783E-03   4.57    85.27   0.7847  0.5542  186.340 1.416
 120.0  3.9023E-03   4.60    89.19   0.7829  0.5539  190.489 1.413
 125.0  3.7412E-03   4.63    93.10   0.7816  0.5538  194.530 1.411
 130.0  3.5933E-03   4.66    97.01   0.7807  0.5539  198.471 1.409
 135.0  3.4569E-03   4.69   100.91   0.7801  0.5542  202.320 1.408
 140.0  3.3307E-03   4.72   104.81   0.7798  0.5547  206.083 1.406
 145.0  3.2136E-03   4.75   108.71   0.7798  0.5553  209.765 1.404
 150.0  3.1045E-03   4.78   112.61   0.7800  0.5560  213.372 1.403
 155.0  3.0027E-03   4.80   116.51   0.7804  0.5568  216.907 1.401
 160.0  2.9075E-03   4.83   120.41   0.7809  0.5578  220.374 1.400
 165.0  2.8182E-03   4.85   124.32   0.7816  0.5588  223.776 1.399
 170.0  2.7343E-03   4.87   128.23   0.7824  0.5599  227.118 1.397
 175.0  2.6553E-03   4.90   132.14   0.7833  0.5611  230.401 1.396
 180.0  2.5807E-03   4.92   136.06   0.7843  0.5624  233.629 1.395
 185.0  2.5103E-03   4.94   139.99   0.7854  0.5637  236.803 1.393
 190.0  2.4436E-03   4.96   143.92   0.7866  0.5651  239.927 1.392
 195.0  2.3805E-03   4.98   147.85   0.7879  0.5665  243.002 1.391
 200.0  2.3205E-03   5.00   151.79   0.7892  0.5681  246.030 1.389
 220.0  2.1082E-03   5.08   167.64   0.7952  0.5746  257.709 1.384
 240.0  1.9316E-03   5.15   183.61   0.8021  0.5818  268.769 1.379
 260.0  1.7825E-03   5.21   199.72   0.8095  0.5894  279.289 1.373
 280.0  1.6548E-03   5.27   215.99   0.8173  0.5975  289.337 1.368
 300.0  1.5442E-03   5.33   232.42   0.8255  0.6058  298.967 1.363
 320.0  1.4474E-03   5.38   249.01   0.8338  0.6142  308.228 1.357
 340.0  1.3621E-03   5.43   265.77   0.8422  0.6227  317.160 1.352
 360.0  1.2864E-03   5.48   282.70   0.8506  0.6312  325.797 1.348
 380.0  1.2186E-03   5.53   299.79   0.8589  0.6395  334.170 1.343
 400.0  1.1576E-03   5.57   317.05   0.8670  0.6477  342.306 1.339
 500.0  9.2591E-04   5.77   405.64   0.9034  0.6843  380.140 1.320
 THERMODYNAMIC PROPERTY TABLE --- F2 
          51.47 ATMOSPHERE ISOBAR
   T     density  entropy  enthalpy    Cp     Cv       c    gamma
    K    gm/cc     J/G-K     J/gm    J/gm-K  J/gm-K  cm/sec
  70.0  1.6116E+00   1.99  -131.95   1.4894  0.8963  968.955 1.662
  75.0  1.5801E+00   2.09  -124.51   1.4848  0.8706  928.716 1.705
  80.0  1.5479E+00   2.18  -117.11   1.4703  0.8329  892.436 1.765
  85.0  1.5150E+00   2.27  -109.80   1.4554  0.7920  858.057 1.838
  90.0  1.4810E+00   2.36  -102.54   1.4490  0.7564  823.061 1.916
  95.0  1.4458E+00   2.43   -95.27   1.4582  0.7328  785.044 1.990
 100.0  1.4091E+00   2.51   -87.92   1.4870  0.7244  742.510 2.053
 105.0  1.3706E+00   2.58   -80.37   1.5350  0.7298  695.565 2.103
 110.0  1.3298E+00   2.66   -72.54   1.5980  0.7427  645.813 2.152
 115.0  1.2861E+00   2.73   -64.38   1.6689  0.7527  595.459 2.217
 120.0  1.2386E+00   2.80   -55.85   1.7176  0.7234  551.524 2.374
 125.0  1.1859E+00   2.87   -46.94   1.8216  0.7207  498.713 2.528
 130.0  1.1253E+00   2.95   -37.56   1.9862  0.7222  440.863 2.750
 135.0  1.0512E+00   3.03   -27.25   2.2937  0.7302  375.315 3.141
 140.0  9.4657E-01   3.12   -14.22   3.1523  0.7523  294.962 4.190
 145.0  3.8834E-01   3.53    44.82  10.3767  0.8307  160.53712.491
 150.0  2.7279E-01   3.68    66.91   2.6655  0.7432  175.081 3.587
 155.0  2.3440E-01   3.75    77.95   1.8898  0.7025  185.247 2.690
 160.0  2.1081E-01   3.81    86.50   1.5682  0.6760  193.582 2.320
 165.0  1.9385E-01   3.85    93.86   1.3883  0.6570  200.819 2.113
 170.0  1.8067E-01   3.89   100.49   1.2725  0.6429  207.300 1.979
 175.0  1.6993E-01   3.93   106.64   1.1917  0.6320  213.221 1.886
 180.0  1.6091E-01   3.96   112.44   1.1321  0.6235  218.706 1.816
 185.0  1.5315E-01   3.99   117.98   1.0866  0.6168  223.838 1.762
 190.0  1.4636E-01   4.02   123.32   1.0508  0.6116  228.679 1.718
 195.0  1.4034E-01   4.05   128.50   1.0222  0.6074  233.273 1.683
 200.0  1.3494E-01   4.07   133.55   0.9988  0.6042  237.656 1.653
 220.0  1.1775E-01   4.17   152.86   0.9384  0.5975  253.545 1.571
 240.0  1.0514E-01   4.25   171.28   0.9072  0.5970  267.525 1.520
 260.0  9.5319E-02   4.32   189.24   0.8905  0.5999  280.170 1.484
 280.0  8.7384E-02   4.38   206.95   0.8820  0.6049  291.815 1.458
 300.0  8.0794E-02   4.44   224.55   0.8784  0.6111  302.676 1.437
 320.0  7.5210E-02   4.50   242.11   0.8781  0.6182  312.901 1.421
 340.0  7.0403E-02   4.55   259.69   0.8799  0.6257  322.601 1.406
 360.0  6.6212E-02   4.60   277.32   0.8832  0.6334  331.856 1.394
 380.0  6.2520E-02   4.65   295.02   0.8874  0.6413  340.731 1.384
 400.0  5.9239E-02   4.70   312.82   0.8921  0.6491  349.278 1.375
 500.0  4.7057E-02   4.90   403.34   0.9184  0.6846  388.323 1.341
   20.85    IS OUT OF RANGE FOR P  IN SUB.-ENTH  
   24.39    IS OUT OF RANGE FOR P  IN SUB.-ENTH  
   23.21    IS OUT OF RANGE FOR P  IN SUB.-ENTH  
   22.14    IS OUT OF RANGE FOR P  IN SUB.-ENTH  
   21.15    IS OUT OF RANGE FOR P  IN SUB.-ENTH  
 THERMODYNAMIC PROPERTY TABLE --- F2 
         100.00 ATMOSPHERE ISOBAR
   T     density  entropy  enthalpy    Cp     Cv       c    gamma
    K    gm/cc     J/G-K     J/gm    J/gm-K  J/gm-K  cm/sec
  70.0  1.6200E+00   1.97  -129.72   1.4808  0.8999  987.855 1.646
  75.0  1.5895E+00   2.08  -122.32   1.4741  0.8736  949.611 1.687
  80.0  1.5585E+00   2.17  -114.99   1.4570  0.8351  915.574 1.745
  85.0  1.5268E+00   2.26  -107.75   1.4388  0.7934  883.722 1.814
  90.0  1.4943E+00   2.34  -100.58   1.4282  0.7569  851.600 1.887
  95.0  1.4609E+00   2.42   -93.43   1.4320  0.7323  816.806 1.956
 100.0  1.4264E+00   2.49   -86.22   1.4537  0.7229  777.851 2.011
 105.0  1.3905E+00   2.56   -78.87   1.4920  0.7270  734.962 2.052
 110.0  1.3531E+00   2.63   -71.29   1.5414  0.7384  689.905 2.087
 115.0  1.3139E+00   2.70   -63.45   1.5923  0.7466  645.234 2.133
 120.0  1.2723E+00   2.77   -55.38   1.6347  0.7395  603.297 2.211
 125.0  1.2280E+00   2.84   -47.12   1.6626  0.7087  565.601 2.346
 130.0  1.1802E+00   2.91   -38.75   1.7311  0.7048  520.524 2.456
 135.0  1.1278E+00   2.97   -30.17   1.8231  0.7037  473.614 2.591
 140.0  1.0691E+00   3.04   -20.87   1.9520  0.7056  424.827 2.766
 145.0  1.0018E+00   3.11   -10.20   2.1417  0.7113  374.345 3.011
 150.0  9.2158E-01   3.19     1.18   2.4343  0.7214  323.076 3.374
 155.0  8.2270E-01   3.28    14.39   2.8694  0.7360  274.383 3.899
 160.0  7.0431E-01   3.38    29.85   3.2658  0.7492  237.131 4.359
 165.0  5.8832E-01   3.48    46.09   3.1275  0.7472  219.634 4.186
 170.0  4.9979E-01   3.56    60.54   2.6396  0.7299  216.147 3.616
 175.0  4.3791E-01   3.63    72.59   2.2033  0.7085  218.260 3.110
 180.0  3.9363E-01   3.69    82.78   1.8926  0.6891  222.287 2.747
 185.0  3.6037E-01   3.74    91.68   1.6764  0.6727  226.934 2.492
 190.0  3.3428E-01   3.78    99.65   1.5222  0.6593  231.723 2.309
 195.0  3.1309E-01   3.82   106.96   1.4086  0.6485  236.471 2.172
 200.0  2.9539E-01   3.85   113.78   1.3223  0.6397  241.104 2.067
 220.0  2.4545E-01   3.97   137.95   1.1225  0.6185  258.193 1.815
 240.0  2.1333E-01   4.06   159.36   1.0286  0.6102  273.219 1.686
 260.0  1.9021E-01   4.14   179.38   0.9779  0.6087  286.680 1.607
 280.0  1.7244E-01   4.21   198.61   0.9486  0.6109  298.954 1.553
 300.0  1.5819E-01   4.28   217.40   0.9313  0.6154  310.301 1.513
 320.0  1.4643E-01   4.34   235.92   0.9214  0.6212  320.906 1.483
 340.0  1.3649E-01   4.39   254.28   0.9161  0.6279  330.902 1.459
 360.0  1.2796E-01   4.45   272.58   0.9140  0.6351  340.391 1.439
 380.0  1.2053E-01   4.49   290.86   0.9140  0.6425  349.451 1.423
 400.0  1.1399E-01   4.54   309.15   0.9155  0.6500  358.143 1.408
 500.0  9.0118E-02   4.75   401.46   0.9320  0.6849  397.544 1.361
0 THERMODYNAMIC AND TRANSPORT PROPERTIES FOR H2     PC=12.759ATM,TC=32.976K,RHOC=.03143G/CC
 THERMODYNAMIC PROPERTY TABLE --- H2 
           1.00 ATMOSPHERE ISOBAR
   T     density  entropy  enthalpy    Cp     Cv       c    gamma
    K    gm/cc     J/G-K     J/gm    J/gm-K  J/gm-K  cm/sec
  16.0  7.5191E-02   6.02  -291.95   8.2828  5.8329 1205.162 1.420
  18.0  7.3257E-02   7.02  -274.86   8.8289  5.7933 1150.035 1.524
  20.0  7.1079E-02   7.98  -256.62   9.4208  5.5424 1108.547 1.700
  22.0  1.2093E-03  31.00   210.80  11.4160  6.2346  375.320 1.831
  24.0  1.0901E-03  31.99   233.41  11.2002  6.2363  395.211 1.796
  26.0  9.9401E-04  32.88   255.64  11.0439  6.2360  413.764 1.771
  28.0  9.1454E-04  33.69   277.61  10.9260  6.2342  431.256 1.753
  30.0  8.4752E-04  34.44   299.36  10.8343  6.2316  447.879 1.739
  32.0  7.9013E-04  35.14   320.96  10.7614  6.2285  463.768 1.728
  34.0  7.4035E-04  35.79   342.42  10.7024  6.2254  479.023 1.719
  36.0  6.9670E-04  36.40   363.77  10.6540  6.2223  493.726 1.712
  38.0  6.5808E-04  36.97   385.04  10.6137  6.2193  507.937 1.707
  40.0  6.2364E-04  37.52   406.23  10.6157  6.2523  521.092 1.698
  50.0  4.9515E-04  39.86   511.39  10.4841  6.2183  585.004 1.686
  60.0  4.1113E-04  41.79   617.08  10.7029  6.4858  636.312 1.650
  70.0  3.5171E-04  43.47   726.30  11.1781  6.9884  677.981 1.600
  80.0  3.0739E-04  45.01   841.24  11.8344  7.6616  713.060 1.545
  90.0  2.7305E-04  46.45   963.37  12.6045  8.4428  744.070 1.493
 100.0  2.4563E-04  47.82  1093.50  13.4248  9.2708  772.795 1.448
 110.0  2.2323E-04  49.13  1231.83  14.2347 10.0861  800.397 1.411
 120.0  2.0459E-04  50.40  1377.96  14.9753 10.8307  827.625 1.383
 130.0  1.8883E-04  51.63  1530.91  15.5893 11.4478  855.002 1.362
 140.0  1.7532E-04  52.80  1689.14  16.0214 11.8822  882.976 1.348
 150.0  1.6362E-04  53.91  1850.55  16.2173 12.0800  912.038 1.342
 160.0  1.5339E-04  54.95  2011.32  16.2365 12.1007  941.741 1.342
 170.0  1.4436E-04  55.94  2173.63  16.2198 12.0853  970.874 1.342
 180.0  1.3634E-04  56.86  2335.62  16.1730 12.0395  999.493 1.343
 190.0  1.2916E-04  57.73  2497.01  16.1014 11.9687 1027.641 1.345
 200.0  1.2270E-04  58.56  2657.58  16.0099 11.8779 1055.353 1.348
 300.0  8.1809E-05  64.82  4198.85  14.8456 10.7171 1310.238 1.385
 400.0  6.1362E-05  69.03  5660.86  14.5910 10.4636 1517.816 1.394
 500.0  4.9094E-05  72.30  7126.88  14.5160 10.3891 1698.532 1.397
 600.0  4.0914E-05  74.94  8698.83  14.5439 10.4173 1859.810 1.396
 700.0  3.5070E-05  77.19 10158.46  14.6520 10.5256 2005.789 1.392
 800.0  3.0688E-05  79.16 11629.83  14.7780 10.6516 2140.620 1.387
 900.0  2.7279E-05  80.91 13114.57  14.9193 10.7930 2266.242 1.382
1000.0  2.4551E-05  82.49 14614.13  15.0739 10.9476 2384.099 1.377
1100.0  2.2320E-05  83.93 16129.71  15.2395 11.1133 2495.305 1.371
1200.0  2.0460E-05  85.26 17662.32  15.4141 11.2879 2600.749 1.366
1300.0  1.8887E-05  86.51 19212.77  15.5959 11.4698 2701.155 1.360
1400.0  1.7538E-05  87.67 20781.69  15.7831 11.6569 2797.124 1.354
1500.0  1.6369E-05  88.76 22369.51  15.9739 11.8478 2889.163 1.348
1600.0  1.5346E-05  89.80 23976.54  16.1669 12.0408 2977.701 1.343
1700.0  1.4443E-05  90.79 25602.91  16.3606 12.2344 3063.111 1.337
1800.0  1.3641E-05  91.73 27248.63  16.5535 12.4274 3145.711 1.332
1900.0  1.2923E-05  92.63 28913.56  16.7446 12.6185 3225.782 1.327
2000.0  1.2277E-05  93.49 30597.46  16.9327 12.8066 3303.566 1.322
 THERMODYNAMIC PROPERTY TABLE --- H2 
          12.76 ATMOSPHERE ISOBAR
   T     density  entropy  enthalpy    Cp     Cv       c    gamma
    K    gm/cc     J/G-K     J/gm    J/gm-K  J/gm-K  cm/sec
  16.0  7.6298E-02   5.83  -279.14   8.0871  5.9073 1244.129 1.369
  18.0  7.4545E-02   6.81  -262.54   8.5082  5.8105 1199.862 1.464
  20.0  7.2599E-02   7.73  -245.09   8.9403  5.5375 1168.647 1.615
  22.0  7.0411E-02   8.62  -226.44   9.7592  5.4777 1127.343 1.782
  24.0  6.7923E-02   9.52  -205.64   7.7758  2.3858 1378.894 3.259
  26.0  6.5037E-02  10.49  -181.48   9.6610  2.7785 1257.969 3.477
  28.0  6.1559E-02  11.55  -152.80  12.6491  3.4954 1089.348 3.619
  30.0  5.7022E-02  12.77  -117.46  17.7942  4.2584  916.066 4.179
  32.0  4.9542E-02  14.46   -64.77  35.3663  5.0283  707.635 7.034
  34.0  1.6841E-02  21.56   169.34  41.5407  6.6030  423.313 6.291
  36.0  1.3107E-02  23.26   228.83  23.4426  6.6478  448.937 3.526
  38.0  1.1276E-02  24.39   270.42  18.8235  6.6325  471.986 2.838
  40.0  1.0065E-02  25.29   305.63  16.6401  6.6394  491.829 2.506
  50.0  6.9834E-03  28.49   448.17  12.8879  6.4699  575.368 1.992
  60.0  5.5211E-03  30.74   571.95  12.0724  6.6508  635.070 1.815
  70.0  4.6126E-03  32.60   692.24  12.0738  7.1013  680.981 1.700
  80.0  3.9791E-03  34.23   814.71  12.4680  7.7420  718.406 1.610
  90.0  3.5070E-03  35.74   942.31  13.0766  8.5019  750.817 1.538
 100.0  3.1394E-03  37.15  1076.59  13.7902  9.3155  780.445 1.480
 110.0  2.8440E-03  38.50  1218.18  14.5257 10.1207  808.674 1.435
 120.0  2.6009E-03  39.79  1366.94  15.2123 10.8580  836.367 1.401
 130.0  2.3970E-03  41.03  1522.05  15.7861 11.4698  864.115 1.376
 140.0  2.2234E-03  42.22  1682.09  16.1873 11.9002  892.402 1.360
 150.0  2.0736E-03  43.34  1845.03  16.3590 12.0948  921.749 1.353
 160.0  1.9430E-03  44.39  2007.12  16.3589 12.1131  951.700 1.351
 170.0  1.8281E-03  45.38  2170.57  16.3266 12.0957  981.020 1.350
 180.0  1.7262E-03  46.31  2333.56  16.2669 12.0484 1009.778 1.350
 190.0  1.6352E-03  47.19  2495.83  16.1846 11.9763 1038.028 1.351
 200.0  1.5534E-03  48.02  2657.19  16.0841 11.8845 1065.813 1.353
 300.0  1.0365E-03  54.30  4203.23  14.8762 10.7191 1320.621 1.388
 400.0  7.7832E-04  58.52  5667.49  14.6075 10.4645 1527.543 1.396
 500.0  6.2325E-04  61.79  7134.82  14.5263 10.3896 1707.613 1.398
 600.0  5.1975E-04  64.43  8707.62  14.5509 10.4175 1868.319 1.397
 700.0  4.4575E-04  66.69 10167.86  14.6571 10.5257 2013.802 1.393
 800.0  3.9021E-04  68.65 11639.66  14.7818 10.6517 2148.205 1.388
 900.0  3.4698E-04  70.40 13124.75  14.9224 10.7931 2273.455 1.383
1000.0  3.1237E-04  71.98 14624.58  15.0763 10.9477 2390.984 1.377
1100.0  2.8404E-04  73.42 16140.39  15.2415 11.1133 2501.901 1.371
1200.0  2.6043E-04  74.76 17673.18  15.4158 11.2880 2607.086 1.366
1300.0  2.4044E-04  76.00 19223.79  15.5974 11.4698 2707.259 1.360
1400.0  2.2330E-04  77.16 20792.83  15.7843 11.6570 2803.016 1.354
1500.0  2.0844E-04  78.26 22380.78  15.9750 11.8478 2894.862 1.348
1600.0  1.9544E-04  79.29 23987.90  16.1678 12.0408 2983.225 1.343
1700.0  1.8396E-04  80.28 25614.37  16.3614 12.2344 3068.473 1.337
1800.0  1.7376E-04  81.22 27260.16  16.5543 12.4274 3150.924 1.332
1900.0  1.6463E-04  82.12 28925.16  16.7453 12.6185 3230.857 1.327
2000.0  1.5641E-04  82.98 30609.12  16.9333 12.8067 3308.513 1.322
 THERMODYNAMIC PROPERTY TABLE --- H2 
         100.00 ATMOSPHERE ISOBAR
   T     density  entropy  enthalpy    Cp     Cv       c    gamma
    K    gm/cc     J/G-K     J/gm    J/gm-K  J/gm-K  cm/sec
  16.0  8.2358E-02   4.91  -182.83   7.2316  5.9900 1479.432 1.207
  18.0  8.1234E-02   5.76  -168.28   7.2711  5.6824 1471.076 1.280
  20.0  8.0010E-02   6.53  -153.62   7.3591  5.3685 1470.000 1.371
  22.0  7.8693E-02   7.25  -138.54   7.7460  5.3315 1459.360 1.453
  24.0  7.7289E-02   7.96  -122.35   8.5173  5.6690 1429.007 1.502
  26.0  7.5806E-02   8.67  -104.41   9.4874  6.1984 1386.769 1.531
  28.0  7.4248E-02   9.41   -84.64  10.2947  6.5569 1348.349 1.570
  30.0  7.2618E-02  10.14   -63.50  10.4259  6.2288 1334.534 1.674
  32.0  7.0918E-02  10.87   -40.72   9.0253  4.3564 1421.248 2.072
  34.0  6.9148E-02  11.47   -20.89  10.6295  5.4749 1315.383 1.941
  36.0  6.7311E-02  12.11     1.35  11.5895  5.9360 1259.808 1.952
  38.0  6.5407E-02  12.76    25.41  12.4485  6.2859 1210.970 1.980
  40.0  6.3440E-02  13.42    51.10  13.2634  6.5875 1165.156 2.013
  50.0  5.2997E-02  16.70   198.67  15.9473  7.1179  998.587 2.240
  60.0  4.3178E-02  19.69   362.66  16.5191  7.3829  909.383 2.237
  70.0  3.5659E-02  22.20   525.45  15.9941  7.7334  878.913 2.068
  80.0  3.0274E-02  24.30   683.01  15.5739  8.2433  875.272 1.889
  90.0  2.6352E-02  26.13   838.11  15.5006  8.8907  883.344 1.743
 100.0  2.3391E-02  27.77   993.95  15.7037  9.6176  897.443 1.633
 110.0  2.1075E-02  29.28  1152.71  16.0644 10.3581  915.241 1.551
 120.0  1.9209E-02  30.70  1315.40  16.4738 11.0470  935.682 1.491
 130.0  1.7670E-02  32.03  1482.03  16.8387 11.6224  958.280 1.449
 140.0  1.6375E-02  33.29  1651.76  17.0795 12.0249  982.894 1.420
 150.0  1.5269E-02  34.47  1822.98  17.1257 12.1981 1009.677 1.404
 160.0  1.4310E-02  35.56  1992.21  17.0256 12.1996 1037.767 1.396
 170.0  1.3471E-02  36.59  2161.91  16.9123 12.1687 1065.526 1.390
 180.0  1.2729E-02  37.55  2330.41  16.7861 12.1106 1092.945 1.386
 190.0  1.2068E-02  38.46  2497.60  16.6485 12.0298 1120.025 1.384
 200.0  1.1475E-02  39.31  2663.35  16.5015 11.9308 1146.773 1.383
 300.0  7.7359E-03  45.71  4237.19  15.0629 10.7338 1394.486 1.403
 400.0  5.8560E-03  49.97  5715.62  14.7153 10.4709 1595.622 1.405
 500.0  4.7173E-03  53.26  7191.67  14.5970 10.3929 1771.061 1.405
 600.0  3.9517E-03  55.91  8770.42  14.6010 10.4195 1927.917 1.401
 700.0  3.4009E-03  58.17 10234.99  14.6946 10.5270 2070.111 1.396
 800.0  2.9855E-03  60.14 11710.10  14.8109 10.6526 2201.693 1.390
 900.0  2.6607E-03  61.89 13197.79  14.9456 10.7937 2324.487 1.385
1000.0  2.3999E-03  63.47 14699.72  15.0953 10.9481 2439.851 1.379
1100.0  2.1857E-03  64.92 16217.27  15.2573 11.1136 2548.838 1.373
1200.0  2.0067E-03  66.26 17751.53  15.4292 11.2882 2652.290 1.367
1300.0  1.8548E-03  67.50 19303.38  15.6089 11.4700 2750.895 1.361
1400.0  1.7244E-03  68.66 20873.51  15.7943 11.6571 2845.227 1.355
1500.0  1.6111E-03  69.76 22462.39  15.9837 11.8479 2935.769 1.349
1600.0  1.5118E-03  70.79 24070.34  16.1756 12.0409 3022.933 1.343
1700.0  1.4240E-03  71.78 25697.54  16.3682 12.2345 3107.076 1.338
1800.0  1.3459E-03  72.72 27343.98  16.5604 12.4275 3188.505 1.333
1900.0  1.2759E-03  73.62 29009.57  16.7508 12.6186 3267.489 1.327
2000.0  1.2128E-03  74.49 30694.06  16.9384 12.8067 3344.260 1.323
 Normal termination of ShortIsobar
