0 THERMODYNAMIC AND TRANSPORT PROPERTIES FOR METHANE PC=45.66 ATM,TC=190.77 K,ROC=.162 G/CC
   -0.30279E+00 IS OUT OF RANGE OF CURVE FIT  VALUE IS EXTRAPOLATED.
   195.0    IS OUT OF RANGE FOR T  IN SUB.-SURF  
   205.0    IS OUT OF RANGE FOR T  IN SUB.-SURF  
   215.0    IS OUT OF RANGE FOR T  IN SUB.-SURF  
   225.0    IS OUT OF RANGE FOR T  IN SUB.-SURF  
   235.0    IS OUT OF RANGE FOR T  IN SUB.-SURF  
   245.0    IS OUT OF RANGE FOR T  IN SUB.-SURF  
   255.0    IS OUT OF RANGE FOR T  IN SUB.-SURF  
   265.0    IS OUT OF RANGE FOR T  IN SUB.-SURF  
   275.0    IS OUT OF RANGE FOR T  IN SUB.-SURF  
   285.0    IS OUT OF RANGE FOR T  IN SUB.-SURF  
   295.0    IS OUT OF RANGE FOR T  IN SUB.-SURF  
   315.0    IS OUT OF RANGE FOR T  IN SUB.-SURF  
   335.0    IS OUT OF RANGE FOR T  IN SUB.-SURF  
   355.0    IS OUT OF RANGE FOR T  IN SUB.-SURF  
   375.0    IS OUT OF RANGE FOR T  IN SUB.-SURF  
   395.0    IS OUT OF RANGE FOR T  IN SUB.-SURF  
   400.0    IS OUT OF RANGE FOR T  IN SUB.-SURF  
   500.0    IS OUT OF RANGE FOR T  IN SUB.-SURF  
   600.0    IS OUT OF RANGE FOR T  IN SUB.-SURF  
  ISOBARS  =     1.000
 THERMODYNAMIC PROPERTY TABLE --- CH4
           1.00 ATMOSPHERE ISOBAR
   T     viscosity conductivity surf.tension
  degK   gm/cc     g/cm-s J/cm-s-K   dyne/cm
  95.0  1.6761E-03  2.2695E-03  1.7505E+01
 105.0  1.3415E-03  2.0653E-03  1.5298E+01
 115.0  4.7422E-05  1.2376E-04  1.3147E+01
 125.0  5.1384E-05  1.3477E-04  1.1058E+01
 135.0  5.5335E-05  1.4564E-04  9.0396E+00
 145.0  5.9263E-05  1.5643E-04  7.1000E+00
 155.0  6.3158E-05  1.6719E-04  5.2530E+00
 165.0  6.7013E-05  1.7796E-04  3.5185E+00
 175.0  7.0820E-05  1.8880E-04  1.9305E+00
 185.0  7.4575E-05  1.9972E-04  5.6492E-01
 195.0  7.8274E-05  2.1078E-04  0.0000E+00
 205.0  8.1913E-05  2.2199E-04  0.0000E+00
 215.0  8.5491E-05  2.3339E-04  0.0000E+00
 225.0  8.9007E-05  2.4499E-04  0.0000E+00
 235.0  9.2461E-05  2.5682E-04  0.0000E+00
 245.0  9.5852E-05  2.6890E-04  0.0000E+00
 255.0  9.9181E-05  2.8125E-04  0.0000E+00
 265.0  1.0245E-04  2.9389E-04  0.0000E+00
 275.0  1.0566E-04  3.0683E-04  0.0000E+00
 285.0  1.0881E-04  3.2009E-04  0.0000E+00
 295.0  1.1191E-04  3.3369E-04  0.0000E+00
 315.0  1.1794E-04  3.6196E-04  0.0000E+00
 335.0  1.2378E-04  3.9149E-04  0.0000E+00
 355.0  1.2944E-04  4.2174E-04  0.0000E+00
 375.0  1.3495E-04  4.5312E-04  0.0000E+00
 395.0  1.4033E-04  4.8548E-04  0.0000E+00
 400.0  1.4165E-04  4.9372E-04  0.0000E+00
 500.0  1.6709E-04  6.6756E-04  0.0000E+00
 600.0  1.8992E-04  8.5309E-04  0.0000E+00
   -0.30279E+00 IS OUT OF RANGE OF CURVE FIT  VALUE IS EXTRAPOLATED.
   195.0    IS OUT OF RANGE FOR T  IN SUB.-SURF  
   205.0    IS OUT OF RANGE FOR T  IN SUB.-SURF  
   215.0    IS OUT OF RANGE FOR T  IN SUB.-SURF  
   225.0    IS OUT OF RANGE FOR T  IN SUB.-SURF  
   235.0    IS OUT OF RANGE FOR T  IN SUB.-SURF  
   245.0    IS OUT OF RANGE FOR T  IN SUB.-SURF  
   255.0    IS OUT OF RANGE FOR T  IN SUB.-SURF  
   265.0    IS OUT OF RANGE FOR T  IN SUB.-SURF  
   275.0    IS OUT OF RANGE FOR T  IN SUB.-SURF  
   285.0    IS OUT OF RANGE FOR T  IN SUB.-SURF  
   295.0    IS OUT OF RANGE FOR T  IN SUB.-SURF  
   315.0    IS OUT OF RANGE FOR T  IN SUB.-SURF  
   335.0    IS OUT OF RANGE FOR T  IN SUB.-SURF  
   355.0    IS OUT OF RANGE FOR T  IN SUB.-SURF  
   375.0    IS OUT OF RANGE FOR T  IN SUB.-SURF  
   395.0    IS OUT OF RANGE FOR T  IN SUB.-SURF  
   400.0    IS OUT OF RANGE FOR T  IN SUB.-SURF  
   500.0    IS OUT OF RANGE FOR T  IN SUB.-SURF  
   600.0    IS OUT OF RANGE FOR T  IN SUB.-SURF  
  ISOBARS  =    45.665
 THERMODYNAMIC PROPERTY TABLE --- CH4
          45.66 ATMOSPHERE ISOBAR
   T     viscosity conductivity surf.tension
  degK   gm/cc     g/cm-s J/cm-s-K   dyne/cm
  95.0  1.7580E-03  2.3160E-03  0.0000E+00
 105.0  1.4150E-03  2.1158E-03  0.0000E+00
 115.0  1.1538E-03  1.9322E-03  0.0000E+00
 125.0  9.5168E-04  1.7615E-03  0.0000E+00
 135.0  7.9243E-04  1.6006E-03  0.0000E+00
 145.0  6.6472E-04  1.4465E-03  0.0000E+00
 155.0  5.6023E-04  1.2960E-03  0.0000E+00
 165.0  4.7218E-04  1.1451E-03  0.0000E+00
 175.0  3.9361E-04  9.8605E-04  0.0000E+00
 185.0  3.1063E-04  7.9337E-04  0.0000E+00
 195.0  1.0913E-04  3.4153E-04  0.0000E+00
 205.0  1.0161E-04  3.1920E-04  0.0000E+00
 215.0  1.0098E-04  3.1555E-04  0.0000E+00
 225.0  1.0204E-04  3.1750E-04  0.0000E+00
 235.0  1.0383E-04  3.2231E-04  0.0000E+00
 245.0  1.0600E-04  3.2895E-04  0.0000E+00
 255.0  1.0838E-04  3.3689E-04  0.0000E+00
 265.0  1.1088E-04  3.4587E-04  0.0000E+00
 275.0  1.1345E-04  3.5571E-04  0.0000E+00
 285.0  1.1606E-04  3.6630E-04  0.0000E+00
 295.0  1.1870E-04  3.7757E-04  0.0000E+00
 315.0  1.2397E-04  4.0197E-04  0.0000E+00
 335.0  1.2922E-04  4.2843E-04  0.0000E+00
 355.0  1.3440E-04  4.5616E-04  0.0000E+00
 375.0  1.3951E-04  4.8546E-04  0.0000E+00
 395.0  1.4454E-04  5.1609E-04  0.0000E+00
 400.0  1.4579E-04  5.2394E-04  0.0000E+00
 500.0  1.7013E-04  6.9258E-04  0.0000E+00
 600.0  1.9233E-04  8.5312E-04  0.0000E+00
   -0.30279E+00 IS OUT OF RANGE OF CURVE FIT  VALUE IS EXTRAPOLATED.
   195.0    IS OUT OF RANGE FOR T  IN SUB.-SURF  
   205.0    IS OUT OF RANGE FOR T  IN SUB.-SURF  
   215.0    IS OUT OF RANGE FOR T  IN SUB.-SURF  
   225.0    IS OUT OF RANGE FOR T  IN SUB.-SURF  
   235.0    IS OUT OF RANGE FOR T  IN SUB.-SURF  
   245.0    IS OUT OF RANGE FOR T  IN SUB.-SURF  
   255.0    IS OUT OF RANGE FOR T  IN SUB.-SURF  
   265.0    IS OUT OF RANGE FOR T  IN SUB.-SURF  
   275.0    IS OUT OF RANGE FOR T  IN SUB.-SURF  
   285.0    IS OUT OF RANGE FOR T  IN SUB.-SURF  
   295.0    IS OUT OF RANGE FOR T  IN SUB.-SURF  
   315.0    IS OUT OF RANGE FOR T  IN SUB.-SURF  
   335.0    IS OUT OF RANGE FOR T  IN SUB.-SURF  
   355.0    IS OUT OF RANGE FOR T  IN SUB.-SURF  
   375.0    IS OUT OF RANGE FOR T  IN SUB.-SURF  
   395.0    IS OUT OF RANGE FOR T  IN SUB.-SURF  
   400.0    IS OUT OF RANGE FOR T  IN SUB.-SURF  
   500.0    IS OUT OF RANGE FOR T  IN SUB.-SURF  
   600.0    IS OUT OF RANGE FOR T  IN SUB.-SURF  
  ISOBARS  =   100.000
 THERMODYNAMIC PROPERTY TABLE --- CH4
         100.00 ATMOSPHERE ISOBAR
   T     viscosity conductivity surf.tension
  degK   gm/cc     g/cm-s J/cm-s-K   dyne/cm
  95.0  1.8590E-03  2.3708E-03  0.0000E+00
 105.0  1.5053E-03  2.1749E-03  0.0000E+00
 115.0  1.2354E-03  1.9960E-03  0.0000E+00
 125.0  1.0262E-03  1.8310E-03  0.0000E+00
 135.0  8.6140E-04  1.6769E-03  0.0000E+00
 145.0  7.2969E-04  1.5314E-03  0.0000E+00
 155.0  6.2297E-04  1.3927E-03  0.0000E+00
 165.0  5.3524E-04  1.2589E-03  0.0000E+00
 175.0  4.6180E-04  1.1285E-03  0.0000E+00
 185.0  3.9863E-04  9.9974E-04  0.0000E+00
 195.0  3.4187E-04  8.7101E-04  0.0000E+00
 205.0  2.8770E-04  7.4208E-04  0.0000E+00
 215.0  2.3507E-04  6.2200E-04  0.0000E+00
 225.0  1.9222E-04  5.3397E-04  0.0000E+00
 235.0  1.6583E-04  4.8428E-04  0.0000E+00
 245.0  1.5164E-04  4.5914E-04  0.0000E+00
 255.0  1.4414E-04  4.4713E-04  0.0000E+00
 265.0  1.4021E-04  4.4246E-04  0.0000E+00
 275.0  1.3830E-04  4.4228E-04  0.0000E+00
 285.0  1.3763E-04  4.4511E-04  0.0000E+00
 295.0  1.3775E-04  4.5015E-04  0.0000E+00
 315.0  1.3944E-04  4.6499E-04  0.0000E+00
 335.0  1.4224E-04  4.8431E-04  0.0000E+00
 355.0  1.4564E-04  5.0641E-04  0.0000E+00
 375.0  1.4940E-04  5.3109E-04  0.0000E+00
 395.0  1.5338E-04  5.5782E-04  0.0000E+00
 400.0  1.5439E-04  5.6478E-04  0.0000E+00
 500.0  1.7576E-04  7.2046E-04  0.0000E+00
 600.0  1.9648E-04  8.9558E-04  0.0000E+00
0 THERMODYNAMIC AND TRANSPORT PROPERTIES FOR NITROGEN PC=33.72ATM,TC=126.3 K,ROC=.3105 G/CC
    0.44090E+00 IS OUT OF RANGE OF CURVE FIT  VALUE IS EXTRAPOLATED.
    0.41877E+00 IS OUT OF RANGE OF CURVE FIT  VALUE IS EXTRAPOLATED.
   135.0    IS OUT OF RANGE FOR T  IN SUB.-SURF  
   145.0    IS OUT OF RANGE FOR T  IN SUB.-SURF  
   155.0    IS OUT OF RANGE FOR T  IN SUB.-SURF  
   165.0    IS OUT OF RANGE FOR T  IN SUB.-SURF  
   175.0    IS OUT OF RANGE FOR T  IN SUB.-SURF  
   185.0    IS OUT OF RANGE FOR T  IN SUB.-SURF  
   195.0    IS OUT OF RANGE FOR T  IN SUB.-SURF  
   200.0    IS OUT OF RANGE FOR T  IN SUB.-SURF  
   220.0    IS OUT OF RANGE FOR T  IN SUB.-SURF  
   240.0    IS OUT OF RANGE FOR T  IN SUB.-SURF  
   260.0    IS OUT OF RANGE FOR T  IN SUB.-SURF  
   280.0    IS OUT OF RANGE FOR T  IN SUB.-SURF  
   300.0    IS OUT OF RANGE FOR T  IN SUB.-SURF  
   320.0    IS OUT OF RANGE FOR T  IN SUB.-SURF  
   340.0    IS OUT OF RANGE FOR T  IN SUB.-SURF  
   360.0    IS OUT OF RANGE FOR T  IN SUB.-SURF  
   380.0    IS OUT OF RANGE FOR T  IN SUB.-SURF  
   400.0    IS OUT OF RANGE FOR T  IN SUB.-SURF  
   500.0    IS OUT OF RANGE FOR T  IN SUB.-SURF  
   600.0    IS OUT OF RANGE FOR T  IN SUB.-SURF  
   700.0    IS OUT OF RANGE FOR T  IN SUB.-SURF  
   800.0    IS OUT OF RANGE FOR T  IN SUB.-SURF  
   900.0    IS OUT OF RANGE FOR T  IN SUB.-SURF  
   1000.    IS OUT OF RANGE FOR T  IN SUB.-SURF  
  ISOBARS  =     1.000
 THERMODYNAMIC PROPERTY TABLE --- N2 
           1.00 ATMOSPHERE ISOBAR
   T     viscosity conductivity surf.tension
  degK   gm/cc     g/cm-s J/cm-s-K   dyne/cm
  65.0  1.9345E-03  1.5431E-03  1.1549E+01
  75.0  1.3785E-03  1.4079E-03  9.2903E+00
  85.0  6.0939E-05  7.8004E-05  7.1275E+00
  95.0  6.7797E-05  8.7180E-05  5.0789E+00
 105.0  7.4581E-05  9.6356E-05  3.1729E+00
 115.0  8.1256E-05  1.0553E-04  1.4621E+00
 125.0  8.7799E-05  1.1471E-04  1.0403E-01
 135.0  9.4195E-05  1.2186E-04  0.0000E+00
 145.0  1.0043E-04  1.2966E-04  0.0000E+00
 155.0  1.0651E-04  1.3772E-04  0.0000E+00
 165.0  1.1242E-04  1.4598E-04  0.0000E+00
 175.0  1.1818E-04  1.5440E-04  0.0000E+00
 185.0  1.2377E-04  1.6293E-04  0.0000E+00
 195.0  1.2922E-04  1.7156E-04  0.0000E+00
 200.0  1.3189E-04  1.7589E-04  0.0000E+00
 220.0  1.4225E-04  1.9330E-04  0.0000E+00
 240.0  1.5213E-04  2.1067E-04  0.0000E+00
 260.0  1.6162E-04  2.2784E-04  0.0000E+00
 280.0  1.7080E-04  2.4466E-04  0.0000E+00
 300.0  1.7974E-04  2.6101E-04  0.0000E+00
 320.0  1.8851E-04  2.7549E-04  0.0000E+00
 340.0  1.9717E-04  2.8794E-04  0.0000E+00
 360.0  2.0579E-04  3.0019E-04  0.0000E+00
 380.0  2.1308E-04  3.1226E-04  0.0000E+00
 400.0  2.2085E-04  3.2416E-04  0.0000E+00
 500.0  2.5764E-04  3.8142E-04  0.0000E+00
 600.0  2.9158E-04  4.3564E-04  0.0000E+00
 700.0  3.2332E-04  4.8745E-04  0.0000E+00
 800.0  3.5327E-04  5.3729E-04  0.0000E+00
 900.0  3.8176E-04  5.8546E-04  0.0000E+00
1000.0  4.0900E-04  6.3220E-04  0.0000E+00
    0.44382E+00 IS OUT OF RANGE OF CURVE FIT  VALUE IS EXTRAPOLATED.
    0.42279E+00 IS OUT OF RANGE OF CURVE FIT  VALUE IS EXTRAPOLATED.
   135.0    IS OUT OF RANGE FOR T  IN SUB.-SURF  
   145.0    IS OUT OF RANGE FOR T  IN SUB.-SURF  
   155.0    IS OUT OF RANGE FOR T  IN SUB.-SURF  
   165.0    IS OUT OF RANGE FOR T  IN SUB.-SURF  
   175.0    IS OUT OF RANGE FOR T  IN SUB.-SURF  
   185.0    IS OUT OF RANGE FOR T  IN SUB.-SURF  
   195.0    IS OUT OF RANGE FOR T  IN SUB.-SURF  
   200.0    IS OUT OF RANGE FOR T  IN SUB.-SURF  
   220.0    IS OUT OF RANGE FOR T  IN SUB.-SURF  
   240.0    IS OUT OF RANGE FOR T  IN SUB.-SURF  
   260.0    IS OUT OF RANGE FOR T  IN SUB.-SURF  
   280.0    IS OUT OF RANGE FOR T  IN SUB.-SURF  
   300.0    IS OUT OF RANGE FOR T  IN SUB.-SURF  
   320.0    IS OUT OF RANGE FOR T  IN SUB.-SURF  
   340.0    IS OUT OF RANGE FOR T  IN SUB.-SURF  
   360.0    IS OUT OF RANGE FOR T  IN SUB.-SURF  
   380.0    IS OUT OF RANGE FOR T  IN SUB.-SURF  
   400.0    IS OUT OF RANGE FOR T  IN SUB.-SURF  
   500.0    IS OUT OF RANGE FOR T  IN SUB.-SURF  
   600.0    IS OUT OF RANGE FOR T  IN SUB.-SURF  
   700.0    IS OUT OF RANGE FOR T  IN SUB.-SURF  
   800.0    IS OUT OF RANGE FOR T  IN SUB.-SURF  
   900.0    IS OUT OF RANGE FOR T  IN SUB.-SURF  
   1000.    IS OUT OF RANGE FOR T  IN SUB.-SURF  
  ISOBARS  =    33.723
 THERMODYNAMIC PROPERTY TABLE --- N2 
          33.72 ATMOSPHERE ISOBAR
   T     viscosity conductivity surf.tension
  degK   gm/cc     g/cm-s J/cm-s-K   dyne/cm
  65.0  2.0337E-03  1.5635E-03  0.0000E+00
  75.0  1.4607E-03  1.4329E-03  0.0000E+00
  85.0  1.0700E-03  1.3008E-03  0.0000E+00
  95.0  8.0192E-04  1.1659E-03  0.0000E+00
 105.0  6.1167E-04  1.0225E-03  0.0000E+00
 115.0  4.6550E-04  8.5621E-04  0.0000E+00
 125.0  3.0323E-04  5.7629E-04  0.0000E+00
 135.0  1.1791E-04  1.9373E-04  0.0000E+00
 145.0  1.1714E-04  1.8361E-04  0.0000E+00
 155.0  1.1987E-04  1.8253E-04  0.0000E+00
 165.0  1.2371E-04  1.8489E-04  0.0000E+00
 175.0  1.2801E-04  1.8905E-04  0.0000E+00
 185.0  1.3253E-04  1.9432E-04  0.0000E+00
 195.0  1.3713E-04  2.0033E-04  0.0000E+00
 200.0  1.3944E-04  2.0354E-04  0.0000E+00
 220.0  1.4865E-04  2.1730E-04  0.0000E+00
 240.0  1.5770E-04  2.3195E-04  0.0000E+00
 260.0  1.6656E-04  2.4700E-04  0.0000E+00
 280.0  1.7524E-04  2.6212E-04  0.0000E+00
 300.0  1.8377E-04  2.7707E-04  0.0000E+00
 320.0  1.9221E-04  2.9036E-04  0.0000E+00
 340.0  2.0058E-04  3.0180E-04  0.0000E+00
 360.0  2.0896E-04  3.1318E-04  0.0000E+00
 380.0  2.1604E-04  3.2448E-04  0.0000E+00
 400.0  2.2363E-04  3.3571E-04  0.0000E+00
 500.0  2.5975E-04  3.9052E-04  0.0000E+00
 600.0  2.9329E-04  4.4320E-04  0.0000E+00
 700.0  3.2475E-04  4.9396E-04  0.0000E+00
 800.0  3.5451E-04  5.4302E-04  0.0000E+00
 900.0  3.8284E-04  5.9061E-04  0.0000E+00
1000.0  4.0997E-04  6.3222E-04  0.0000E+00
    0.44927E+00 IS OUT OF RANGE OF CURVE FIT  VALUE IS EXTRAPOLATED.
    0.43006E+00 IS OUT OF RANGE OF CURVE FIT  VALUE IS EXTRAPOLATED.
    0.40886E+00 IS OUT OF RANGE OF CURVE FIT  VALUE IS EXTRAPOLATED.
   135.0    IS OUT OF RANGE FOR T  IN SUB.-SURF  
   145.0    IS OUT OF RANGE FOR T  IN SUB.-SURF  
   155.0    IS OUT OF RANGE FOR T  IN SUB.-SURF  
   165.0    IS OUT OF RANGE FOR T  IN SUB.-SURF  
   175.0    IS OUT OF RANGE FOR T  IN SUB.-SURF  
   185.0    IS OUT OF RANGE FOR T  IN SUB.-SURF  
   195.0    IS OUT OF RANGE FOR T  IN SUB.-SURF  
   200.0    IS OUT OF RANGE FOR T  IN SUB.-SURF  
   220.0    IS OUT OF RANGE FOR T  IN SUB.-SURF  
   240.0    IS OUT OF RANGE FOR T  IN SUB.-SURF  
   260.0    IS OUT OF RANGE FOR T  IN SUB.-SURF  
   280.0    IS OUT OF RANGE FOR T  IN SUB.-SURF  
   300.0    IS OUT OF RANGE FOR T  IN SUB.-SURF  
   320.0    IS OUT OF RANGE FOR T  IN SUB.-SURF  
   340.0    IS OUT OF RANGE FOR T  IN SUB.-SURF  
   360.0    IS OUT OF RANGE FOR T  IN SUB.-SURF  
   380.0    IS OUT OF RANGE FOR T  IN SUB.-SURF  
   400.0    IS OUT OF RANGE FOR T  IN SUB.-SURF  
   500.0    IS OUT OF RANGE FOR T  IN SUB.-SURF  
   600.0    IS OUT OF RANGE FOR T  IN SUB.-SURF  
   700.0    IS OUT OF RANGE FOR T  IN SUB.-SURF  
   800.0    IS OUT OF RANGE FOR T  IN SUB.-SURF  
   900.0    IS OUT OF RANGE FOR T  IN SUB.-SURF  
   1000.    IS OUT OF RANGE FOR T  IN SUB.-SURF  
  ISOBARS  =   100.000
 THERMODYNAMIC PROPERTY TABLE --- N2 
         100.00 ATMOSPHERE ISOBAR
   T     viscosity conductivity surf.tension
  degK   gm/cc     g/cm-s J/cm-s-K   dyne/cm
  65.0  2.2388E-03  1.6023E-03  0.0000E+00
  75.0  1.6293E-03  1.4794E-03  0.0000E+00
  85.0  1.2118E-03  1.3577E-03  0.0000E+00
  95.0  9.2532E-04  1.2375E-03  0.0000E+00
 105.0  7.2516E-04  1.1175E-03  0.0000E+00
 115.0  5.8149E-04  9.9531E-04  0.0000E+00
 125.0  4.7432E-04  8.6851E-04  0.0000E+00
 135.0  3.8972E-04  7.3332E-04  0.0000E+00
 145.0  3.1915E-04  5.9763E-04  0.0000E+00
 155.0  2.6284E-04  4.8191E-04  0.0000E+00
 165.0  2.2467E-04  4.0291E-04  0.0000E+00
 175.0  2.0214E-04  3.5526E-04  0.0000E+00
 185.0  1.8975E-04  3.2748E-04  0.0000E+00
 195.0  1.8327E-04  3.1139E-04  0.0000E+00
 200.0  1.8144E-04  3.0618E-04  0.0000E+00
 220.0  1.7940E-04  2.9649E-04  0.0000E+00
 240.0  1.8190E-04  2.9686E-04  0.0000E+00
 260.0  1.8647E-04  3.0223E-04  0.0000E+00
 280.0  1.9213E-04  3.1031E-04  0.0000E+00
 300.0  1.9843E-04  3.1989E-04  0.0000E+00
 320.0  2.0514E-04  3.2893E-04  0.0000E+00
 340.0  2.1214E-04  3.3691E-04  0.0000E+00
 360.0  2.1940E-04  3.4541E-04  0.0000E+00
 380.0  2.2555E-04  3.5428E-04  0.0000E+00
 400.0  2.3236E-04  3.6342E-04  0.0000E+00
 500.0  2.6591E-04  4.1105E-04  0.0000E+00
 600.0  2.9801E-04  4.5949E-04  0.0000E+00
 700.0  3.2857E-04  5.0743E-04  0.0000E+00
 800.0  3.5770E-04  5.5449E-04  0.0000E+00
 900.0  3.8558E-04  6.0058E-04  0.0000E+00
1000.0  4.1236E-04  6.4570E-04  0.0000E+00
0 THERMODYNAMIC AND TRANSPORT PROPERTIES FOR OXYGEN PC=50.16ATM, TC=154.78 K,ROC=.4325 G/CC
   160.0    IS OUT OF RANGE FOR T  IN SUB.-SURF  
   170.0    IS OUT OF RANGE FOR T  IN SUB.-SURF  
   180.0    IS OUT OF RANGE FOR T  IN SUB.-SURF  
   190.0    IS OUT OF RANGE FOR T  IN SUB.-SURF  
   200.0    IS OUT OF RANGE FOR T  IN SUB.-SURF  
   210.0    IS OUT OF RANGE FOR T  IN SUB.-SURF  
   220.0    IS OUT OF RANGE FOR T  IN SUB.-SURF  
   225.0    IS OUT OF RANGE FOR T  IN SUB.-SURF  
   245.0    IS OUT OF RANGE FOR T  IN SUB.-SURF  
   265.0    IS OUT OF RANGE FOR T  IN SUB.-SURF  
   285.0    IS OUT OF RANGE FOR T  IN SUB.-SURF  
   305.0    IS OUT OF RANGE FOR T  IN SUB.-SURF  
   325.0    IS OUT OF RANGE FOR T  IN SUB.-SURF  
   345.0    IS OUT OF RANGE FOR T  IN SUB.-SURF  
   365.0    IS OUT OF RANGE FOR T  IN SUB.-SURF  
   385.0    IS OUT OF RANGE FOR T  IN SUB.-SURF  
   400.0    IS OUT OF RANGE FOR T  IN SUB.-SURF  
   500.0    IS OUT OF RANGE FOR T  IN SUB.-SURF  
  ISOBARS  =     1.000
 THERMODYNAMIC PROPERTY TABLE --- O2 
           1.00 ATMOSPHERE ISOBAR
   T     viscosity conductivity surf.tension
  degK   gm/cc     g/cm-s J/cm-s-K   dyne/cm
  60.0  4.7163E-03  1.5036E-03  2.1141E+01
  70.0  3.4548E-03  1.4293E-03  1.8448E+01
  80.0  2.5682E-03  1.3546E-03  1.5824E+01
  90.0  1.9425E-03  1.2794E-03  1.3278E+01
 100.0  8.1071E-05  9.3170E-05  1.0817E+01
 110.0  8.8792E-05  1.0222E-04  8.4553E+00
 120.0  9.6412E-05  1.1130E-04  6.2085E+00
 130.0  1.0391E-04  1.2040E-04  4.1024E+00
 140.0  1.1126E-04  1.2951E-04  2.1814E+00
 150.0  1.1845E-04  1.3863E-04  5.4897E-01
 160.0  1.2548E-04  1.4615E-04  0.0000E+00
 170.0  1.3234E-04  1.5375E-04  0.0000E+00
 180.0  1.3903E-04  1.6159E-04  0.0000E+00
 190.0  1.4555E-04  1.6965E-04  0.0000E+00
 200.0  1.5191E-04  1.7787E-04  0.0000E+00
 210.0  1.5812E-04  1.8623E-04  0.0000E+00
 220.0  1.6418E-04  1.9470E-04  0.0000E+00
 225.0  1.6715E-04  1.9898E-04  0.0000E+00
 245.0  1.7873E-04  2.1623E-04  0.0000E+00
 265.0  1.8983E-04  2.3362E-04  0.0000E+00
 285.0  2.0054E-04  2.5101E-04  0.0000E+00
 305.0  2.1093E-04  2.6829E-04  0.0000E+00
 325.0  2.2106E-04  2.8535E-04  0.0000E+00
 345.0  2.3101E-04  3.0211E-04  0.0000E+00
 365.0  2.4084E-04  3.1848E-04  0.0000E+00
 385.0  2.5060E-04  3.3441E-04  0.0000E+00
 400.0  2.5791E-04  3.4307E-04  0.0000E+00
 500.0  2.9998E-04  4.0367E-04  0.0000E+00
   160.0    IS OUT OF RANGE FOR T  IN SUB.-SURF  
   170.0    IS OUT OF RANGE FOR T  IN SUB.-SURF  
   180.0    IS OUT OF RANGE FOR T  IN SUB.-SURF  
   190.0    IS OUT OF RANGE FOR T  IN SUB.-SURF  
   200.0    IS OUT OF RANGE FOR T  IN SUB.-SURF  
   210.0    IS OUT OF RANGE FOR T  IN SUB.-SURF  
   220.0    IS OUT OF RANGE FOR T  IN SUB.-SURF  
   225.0    IS OUT OF RANGE FOR T  IN SUB.-SURF  
   245.0    IS OUT OF RANGE FOR T  IN SUB.-SURF  
   265.0    IS OUT OF RANGE FOR T  IN SUB.-SURF  
   285.0    IS OUT OF RANGE FOR T  IN SUB.-SURF  
   305.0    IS OUT OF RANGE FOR T  IN SUB.-SURF  
   325.0    IS OUT OF RANGE FOR T  IN SUB.-SURF  
   345.0    IS OUT OF RANGE FOR T  IN SUB.-SURF  
   365.0    IS OUT OF RANGE FOR T  IN SUB.-SURF  
   385.0    IS OUT OF RANGE FOR T  IN SUB.-SURF  
   400.0    IS OUT OF RANGE FOR T  IN SUB.-SURF  
   500.0    IS OUT OF RANGE FOR T  IN SUB.-SURF  
  ISOBARS  =    50.165
 THERMODYNAMIC PROPERTY TABLE --- O2 
          50.17 ATMOSPHERE ISOBAR
   T     viscosity conductivity surf.tension
  degK   gm/cc     g/cm-s J/cm-s-K   dyne/cm
  60.0  4.9213E-03  1.5147E-03  0.0000E+00
  70.0  3.6251E-03  1.4424E-03  0.0000E+00
  80.0  2.7112E-03  1.3702E-03  0.0000E+00
  90.0  2.0646E-03  1.2981E-03  0.0000E+00
 100.0  1.5994E-03  1.2250E-03  0.0000E+00
 110.0  1.2585E-03  1.1493E-03  0.0000E+00
 120.0  1.0035E-03  1.0688E-03  0.0000E+00
 130.0  8.0720E-04  9.7992E-04  0.0000E+00
 140.0  6.4705E-04  8.7430E-04  0.0000E+00
 150.0  4.8934E-04  7.2018E-04  0.0000E+00
 160.0  1.6767E-04  2.5593E-04  0.0000E+00
 170.0  1.5991E-04  2.3305E-04  0.0000E+00
 180.0  1.6071E-04  2.2734E-04  0.0000E+00
 190.0  1.6376E-04  2.2690E-04  0.0000E+00
 200.0  1.6775E-04  2.2908E-04  0.0000E+00
 210.0  1.7220E-04  2.3281E-04  0.0000E+00
 220.0  1.7689E-04  2.3758E-04  0.0000E+00
 225.0  1.7929E-04  2.4025E-04  0.0000E+00
 245.0  1.8903E-04  2.5230E-04  0.0000E+00
 265.0  1.9881E-04  2.6580E-04  0.0000E+00
 285.0  2.0851E-04  2.8013E-04  0.0000E+00
 305.0  2.1811E-04  2.9493E-04  0.0000E+00
 325.0  2.2759E-04  3.0993E-04  0.0000E+00
 345.0  2.3701E-04  3.2493E-04  0.0000E+00
 365.0  2.4638E-04  3.3980E-04  0.0000E+00
 385.0  2.5575E-04  3.5442E-04  0.0000E+00
 400.0  2.6280E-04  3.6241E-04  0.0000E+00
 500.0  3.0366E-04  4.1867E-04  0.0000E+00
   160.0    IS OUT OF RANGE FOR T  IN SUB.-SURF  
   170.0    IS OUT OF RANGE FOR T  IN SUB.-SURF  
   180.0    IS OUT OF RANGE FOR T  IN SUB.-SURF  
   190.0    IS OUT OF RANGE FOR T  IN SUB.-SURF  
   200.0    IS OUT OF RANGE FOR T  IN SUB.-SURF  
   210.0    IS OUT OF RANGE FOR T  IN SUB.-SURF  
   220.0    IS OUT OF RANGE FOR T  IN SUB.-SURF  
   225.0    IS OUT OF RANGE FOR T  IN SUB.-SURF  
   245.0    IS OUT OF RANGE FOR T  IN SUB.-SURF  
   265.0    IS OUT OF RANGE FOR T  IN SUB.-SURF  
   285.0    IS OUT OF RANGE FOR T  IN SUB.-SURF  
   305.0    IS OUT OF RANGE FOR T  IN SUB.-SURF  
   325.0    IS OUT OF RANGE FOR T  IN SUB.-SURF  
   345.0    IS OUT OF RANGE FOR T  IN SUB.-SURF  
   365.0    IS OUT OF RANGE FOR T  IN SUB.-SURF  
   385.0    IS OUT OF RANGE FOR T  IN SUB.-SURF  
   400.0    IS OUT OF RANGE FOR T  IN SUB.-SURF  
   500.0    IS OUT OF RANGE FOR T  IN SUB.-SURF  
  ISOBARS  =   100.000
 THERMODYNAMIC PROPERTY TABLE --- O2 
         100.00 ATMOSPHERE ISOBAR
   T     viscosity conductivity surf.tension
  degK   gm/cc     g/cm-s J/cm-s-K   dyne/cm
  60.0  5.1315E-03  1.5255E-03  0.0000E+00
  70.0  3.7996E-03  1.4550E-03  0.0000E+00
  80.0  2.8574E-03  1.3851E-03  0.0000E+00
  90.0  2.1888E-03  1.3158E-03  0.0000E+00
 100.0  1.7067E-03  1.2462E-03  0.0000E+00
 110.0  1.3532E-03  1.1753E-03  0.0000E+00
 120.0  1.0899E-03  1.1018E-03  0.0000E+00
 130.0  8.9020E-04  1.0240E-03  0.0000E+00
 140.0  7.3471E-04  9.3944E-04  0.0000E+00
 150.0  6.0802E-04  8.4359E-04  0.0000E+00
 160.0  4.9512E-04  7.2627E-04  0.0000E+00
 170.0  3.8064E-04  5.7801E-04  0.0000E+00
 180.0  2.8363E-04  4.3886E-04  0.0000E+00
 190.0  2.3742E-04  3.6641E-04  0.0000E+00
 200.0  2.1899E-04  3.3346E-04  0.0000E+00
 210.0  2.1142E-04  3.1727E-04  0.0000E+00
 220.0  2.0871E-04  3.0919E-04  0.0000E+00
 225.0  2.0838E-04  3.0698E-04  0.0000E+00
 245.0  2.1074E-04  3.0532E-04  0.0000E+00
 265.0  2.1616E-04  3.1024E-04  0.0000E+00
 285.0  2.2296E-04  3.1863E-04  0.0000E+00
 305.0  2.3048E-04  3.2901E-04  0.0000E+00
 325.0  2.3842E-04  3.4058E-04  0.0000E+00
 345.0  2.4662E-04  3.5283E-04  0.0000E+00
 365.0  2.5502E-04  3.6544E-04  0.0000E+00
 385.0  2.6359E-04  3.7815E-04  0.0000E+00
 400.0  2.7014E-04  3.8491E-04  0.0000E+00
 500.0  3.0876E-04  4.3544E-04  0.0000E+00
0 THERMODYNAMIC AND TRANSPORT PROPERTIES FOR ARGON PC= 48.014ATM,  TC=150.7 K,ROC=.531 G/CC
   155.0    IS OUT OF RANGE FOR T  IN SUB.-SURF  
   165.0    IS OUT OF RANGE FOR T  IN SUB.-SURF  
   175.0    IS OUT OF RANGE FOR T  IN SUB.-SURF  
   185.0    IS OUT OF RANGE FOR T  IN SUB.-SURF  
   195.0    IS OUT OF RANGE FOR T  IN SUB.-SURF  
   205.0    IS OUT OF RANGE FOR T  IN SUB.-SURF  
   215.0    IS OUT OF RANGE FOR T  IN SUB.-SURF  
   225.0    IS OUT OF RANGE FOR T  IN SUB.-SURF  
   245.0    IS OUT OF RANGE FOR T  IN SUB.-SURF  
   265.0    IS OUT OF RANGE FOR T  IN SUB.-SURF  
   285.0    IS OUT OF RANGE FOR T  IN SUB.-SURF  
   305.0    IS OUT OF RANGE FOR T  IN SUB.-SURF  
   325.0    IS OUT OF RANGE FOR T  IN SUB.-SURF  
   345.0    IS OUT OF RANGE FOR T  IN SUB.-SURF  
   365.0    IS OUT OF RANGE FOR T  IN SUB.-SURF  
   385.0    IS OUT OF RANGE FOR T  IN SUB.-SURF  
   400.0    IS OUT OF RANGE FOR T  IN SUB.-SURF  
   500.0    IS OUT OF RANGE FOR T  IN SUB.-SURF  
   600.0    IS OUT OF RANGE FOR T  IN SUB.-SURF  
   700.0    IS OUT OF RANGE FOR T  IN SUB.-SURF  
   800.0    IS OUT OF RANGE FOR T  IN SUB.-SURF  
   900.0    IS OUT OF RANGE FOR T  IN SUB.-SURF  
   1000.    IS OUT OF RANGE FOR T  IN SUB.-SURF  
  ISOBARS  =     1.000
 THERMODYNAMIC PROPERTY TABLE --- AR 
           1.00 ATMOSPHERE ISOBAR
   T     viscosity conductivity surf.tension
  degK   gm/cc     g/cm-s J/cm-s-K   dyne/cm
  85.0  2.1524E-03  1.3692E-03  1.3450E+01
  95.0  8.2414E-05  6.0087E-05  1.0992E+01
 105.0  9.0782E-05  6.6298E-05  8.6307E+00
 115.0  9.9135E-05  7.2499E-05  6.3821E+00
 125.0  1.0744E-04  8.3111E-05  4.2708E+00
 135.0  1.1567E-04  8.8814E-05  2.3384E+00
 145.0  1.2380E-04  9.4424E-05  6.7780E-01
 155.0  1.3181E-04  9.9946E-05  0.0000E+00
 165.0  1.3969E-04  1.0538E-04  0.0000E+00
 175.0  1.4744E-04  1.1074E-04  0.0000E+00
 185.0  1.5503E-04  1.1602E-04  0.0000E+00
 195.0  1.6248E-04  1.2123E-04  0.0000E+00
 205.0  1.6977E-04  1.2637E-04  0.0000E+00
 215.0  1.7692E-04  1.3145E-04  0.0000E+00
 225.0  1.8391E-04  1.3646E-04  0.0000E+00
 245.0  1.9746E-04  1.4630E-04  0.0000E+00
 265.0  2.1047E-04  1.5591E-04  0.0000E+00
 285.0  2.2298E-04  1.6531E-04  0.0000E+00
 305.0  2.3505E-04  1.7451E-04  0.0000E+00
 325.0  2.4673E-04  1.8352E-04  0.0000E+00
 345.0  2.5809E-04  1.9236E-04  0.0000E+00
 365.0  2.6916E-04  2.0103E-04  0.0000E+00
 385.0  2.8001E-04  2.0954E-04  0.0000E+00
 400.0  2.8803E-04  2.1582E-04  0.0000E+00
 500.0  3.3810E-04  2.5578E-04  0.0000E+00
 600.0  3.8377E-04  2.9283E-04  0.0000E+00
 700.0  4.2650E-04  3.2747E-04  0.0000E+00
 800.0  4.6685E-04  3.6006E-04  0.0000E+00
 900.0  5.0521E-04  3.9090E-04  0.0000E+00
1000.0  5.4189E-04  4.2018E-04  0.0000E+00
 DENSITY SOLUTION IS BEYOND THE GRASP OF GASP.
 ANSWER IS ON SOLID SIDE OF MELTING LOCUS FOR T =      85. P =      4.865 MN.
   155.0    IS OUT OF RANGE FOR T  IN SUB.-SURF  
   165.0    IS OUT OF RANGE FOR T  IN SUB.-SURF  
   175.0    IS OUT OF RANGE FOR T  IN SUB.-SURF  
   185.0    IS OUT OF RANGE FOR T  IN SUB.-SURF  
   195.0    IS OUT OF RANGE FOR T  IN SUB.-SURF  
   205.0    IS OUT OF RANGE FOR T  IN SUB.-SURF  
   215.0    IS OUT OF RANGE FOR T  IN SUB.-SURF  
   225.0    IS OUT OF RANGE FOR T  IN SUB.-SURF  
   245.0    IS OUT OF RANGE FOR T  IN SUB.-SURF  
   265.0    IS OUT OF RANGE FOR T  IN SUB.-SURF  
   285.0    IS OUT OF RANGE FOR T  IN SUB.-SURF  
   305.0    IS OUT OF RANGE FOR T  IN SUB.-SURF  
   325.0    IS OUT OF RANGE FOR T  IN SUB.-SURF  
   345.0    IS OUT OF RANGE FOR T  IN SUB.-SURF  
   365.0    IS OUT OF RANGE FOR T  IN SUB.-SURF  
   385.0    IS OUT OF RANGE FOR T  IN SUB.-SURF  
   400.0    IS OUT OF RANGE FOR T  IN SUB.-SURF  
   500.0    IS OUT OF RANGE FOR T  IN SUB.-SURF  
   600.0    IS OUT OF RANGE FOR T  IN SUB.-SURF  
   700.0    IS OUT OF RANGE FOR T  IN SUB.-SURF  
   800.0    IS OUT OF RANGE FOR T  IN SUB.-SURF  
   900.0    IS OUT OF RANGE FOR T  IN SUB.-SURF  
   1000.    IS OUT OF RANGE FOR T  IN SUB.-SURF  
  ISOBARS  =    48.014
 THERMODYNAMIC PROPERTY TABLE --- AR 
          48.01 ATMOSPHERE ISOBAR
   T     viscosity conductivity surf.tension
  degK   gm/cc     g/cm-s J/cm-s-K   dyne/cm
  85.0  2.2931E-03  1.3998E-03  0.0000E+00
  95.0  1.7797E-03  1.2796E-03  0.0000E+00
 105.0  1.3931E-03  1.1577E-03  0.0000E+00
 115.0  1.1053E-03  1.0350E-03  0.0000E+00
 125.0  8.8708E-04  9.1354E-04  0.0000E+00
 135.0  7.1233E-04  7.7712E-04  0.0000E+00
 145.0  5.4705E-04  6.0602E-04  0.0000E+00
 155.0  1.7964E-04  1.7952E-04  0.0000E+00
 165.0  1.6994E-04  1.6294E-04  0.0000E+00
 175.0  1.7104E-04  1.5925E-04  0.0000E+00
 185.0  1.7478E-04  1.5898E-04  0.0000E+00
 195.0  1.7962E-04  1.6026E-04  0.0000E+00
 205.0  1.8499E-04  1.6240E-04  0.0000E+00
 215.0  1.9064E-04  1.6507E-04  0.0000E+00
 225.0  1.9644E-04  1.6808E-04  0.0000E+00
 245.0  2.0817E-04  1.7478E-04  0.0000E+00
 265.0  2.1984E-04  1.8198E-04  0.0000E+00
 285.0  2.3133E-04  1.8945E-04  0.0000E+00
 305.0  2.4258E-04  1.9706E-04  0.0000E+00
 325.0  2.5360E-04  2.0473E-04  0.0000E+00
 345.0  2.6439E-04  2.1241E-04  0.0000E+00
 365.0  2.7499E-04  2.2008E-04  0.0000E+00
 385.0  2.8544E-04  2.2771E-04  0.0000E+00
 400.0  2.9319E-04  2.3339E-04  0.0000E+00
 500.0  3.4199E-04  2.7033E-04  0.0000E+00
 600.0  3.8688E-04  3.0539E-04  0.0000E+00
 700.0  4.2910E-04  3.3860E-04  0.0000E+00
 800.0  4.6908E-04  3.7011E-04  0.0000E+00
 900.0  5.0716E-04  4.0008E-04  0.0000E+00
1000.0  5.4363E-04  4.2866E-04  0.0000E+00
 DENSITY SOLUTION IS BEYOND THE GRASP OF GASP.
 ANSWER IS ON SOLID SIDE OF MELTING LOCUS FOR T =      85. P =     10.132 MN.
   155.0    IS OUT OF RANGE FOR T  IN SUB.-SURF  
   165.0    IS OUT OF RANGE FOR T  IN SUB.-SURF  
   175.0    IS OUT OF RANGE FOR T  IN SUB.-SURF  
   185.0    IS OUT OF RANGE FOR T  IN SUB.-SURF  
   195.0    IS OUT OF RANGE FOR T  IN SUB.-SURF  
   205.0    IS OUT OF RANGE FOR T  IN SUB.-SURF  
   215.0    IS OUT OF RANGE FOR T  IN SUB.-SURF  
   225.0    IS OUT OF RANGE FOR T  IN SUB.-SURF  
   245.0    IS OUT OF RANGE FOR T  IN SUB.-SURF  
   265.0    IS OUT OF RANGE FOR T  IN SUB.-SURF  
   285.0    IS OUT OF RANGE FOR T  IN SUB.-SURF  
   305.0    IS OUT OF RANGE FOR T  IN SUB.-SURF  
   325.0    IS OUT OF RANGE FOR T  IN SUB.-SURF  
   345.0    IS OUT OF RANGE FOR T  IN SUB.-SURF  
   365.0    IS OUT OF RANGE FOR T  IN SUB.-SURF  
   385.0    IS OUT OF RANGE FOR T  IN SUB.-SURF  
   400.0    IS OUT OF RANGE FOR T  IN SUB.-SURF  
   500.0    IS OUT OF RANGE FOR T  IN SUB.-SURF  
   600.0    IS OUT OF RANGE FOR T  IN SUB.-SURF  
   700.0    IS OUT OF RANGE FOR T  IN SUB.-SURF  
   800.0    IS OUT OF RANGE FOR T  IN SUB.-SURF  
   900.0    IS OUT OF RANGE FOR T  IN SUB.-SURF  
   1000.    IS OUT OF RANGE FOR T  IN SUB.-SURF  
  ISOBARS  =   100.000
 THERMODYNAMIC PROPERTY TABLE --- AR 
         100.00 ATMOSPHERE ISOBAR
   T     viscosity conductivity surf.tension
  degK   gm/cc     g/cm-s J/cm-s-K   dyne/cm
  85.0  2.4520E-03  1.4320E-03  0.0000E+00
  95.0  1.9147E-03  1.3160E-03  0.0000E+00
 105.0  1.5098E-03  1.1997E-03  0.0000E+00
 115.0  1.2094E-03  1.0848E-03  0.0000E+00
 125.0  9.8471E-04  9.7519E-04  0.0000E+00
 135.0  8.1243E-04  8.5976E-04  0.0000E+00
 145.0  6.7437E-04  7.4004E-04  0.0000E+00
 155.0  5.5427E-04  6.1061E-04  0.0000E+00
 165.0  4.3610E-04  4.6670E-04  0.0000E+00
 175.0  3.2908E-04  3.3862E-04  0.0000E+00
 185.0  2.6939E-04  2.7004E-04  0.0000E+00
 195.0  2.4401E-04  2.3932E-04  0.0000E+00
 205.0  2.3349E-04  2.2444E-04  0.0000E+00
 215.0  2.2958E-04  2.1670E-04  0.0000E+00
 225.0  2.2901E-04  2.1267E-04  0.0000E+00
 245.0  2.3279E-04  2.1035E-04  0.0000E+00
 265.0  2.3966E-04  2.1196E-04  0.0000E+00
 285.0  2.4792E-04  2.1557E-04  0.0000E+00
 305.0  2.5685E-04  2.2034E-04  0.0000E+00
 325.0  2.6611E-04  2.2581E-04  0.0000E+00
 345.0  2.7553E-04  2.3173E-04  0.0000E+00
 365.0  2.8502E-04  2.3795E-04  0.0000E+00
 385.0  2.9456E-04  2.4437E-04  0.0000E+00
 400.0  3.0172E-04  2.4926E-04  0.0000E+00
 500.0  3.4793E-04  2.8258E-04  0.0000E+00
 600.0  3.9142E-04  3.1552E-04  0.0000E+00
 700.0  4.3275E-04  3.4732E-04  0.0000E+00
 800.0  4.7213E-04  3.7782E-04  0.0000E+00
 900.0  5.0978E-04  4.0702E-04  0.0000E+00
1000.0  5.4592E-04  4.3500E-04  0.0000E+00
0 THERMODYNAMIC AND TRANSPORT PROPERTIES FOR CO2 PC=72.869ATM,  TC=304.21 K,  ROC=.464 G/CC
   310.0    IS OUT OF RANGE FOR T  IN SUB.-SURF  
   320.0    IS OUT OF RANGE FOR T  IN SUB.-SURF  
   330.0    IS OUT OF RANGE FOR T  IN SUB.-SURF  
   340.0    IS OUT OF RANGE FOR T  IN SUB.-SURF  
   350.0    IS OUT OF RANGE FOR T  IN SUB.-SURF  
   360.0    IS OUT OF RANGE FOR T  IN SUB.-SURF  
   370.0    IS OUT OF RANGE FOR T  IN SUB.-SURF  
   380.0    IS OUT OF RANGE FOR T  IN SUB.-SURF  
   390.0    IS OUT OF RANGE FOR T  IN SUB.-SURF  
   400.0    IS OUT OF RANGE FOR T  IN SUB.-SURF  
   410.0    IS OUT OF RANGE FOR T  IN SUB.-SURF  
   420.0    IS OUT OF RANGE FOR T  IN SUB.-SURF  
   440.0    IS OUT OF RANGE FOR T  IN SUB.-SURF  
   460.0    IS OUT OF RANGE FOR T  IN SUB.-SURF  
   480.0    IS OUT OF RANGE FOR T  IN SUB.-SURF  
   500.0    IS OUT OF RANGE FOR T  IN SUB.-SURF  
   600.0    IS OUT OF RANGE FOR T  IN SUB.-SURF  
   700.0    IS OUT OF RANGE FOR T  IN SUB.-SURF  
   800.0    IS OUT OF RANGE FOR T  IN SUB.-SURF  
   900.0    IS OUT OF RANGE FOR T  IN SUB.-SURF  
   1000.    IS OUT OF RANGE FOR T  IN SUB.-SURF  
  ISOBARS  =     1.000
 THERMODYNAMIC PROPERTY TABLE --- CO2
           1.00 ATMOSPHERE ISOBAR
   T     viscosity conductivity surf.tension
  degK   gm/cc     g/cm-s J/cm-s-K   dyne/cm
 220.0  1.1545E-04  1.0968E-04  1.5169E+01
 230.0  1.2043E-04  1.1652E-04  1.2997E+01
 240.0  1.2537E-04  1.2344E-04  1.0890E+01
 250.0  1.3027E-04  1.3043E-04  8.8543E+00
 260.0  1.3512E-04  1.3748E-04  6.9011E+00
 270.0  1.3993E-04  1.4460E-04  5.0443E+00
 280.0  1.4469E-04  1.5177E-04  3.3058E+00
 290.0  1.4939E-04  1.5900E-04  1.7237E+00
 300.0  1.5405E-04  1.6627E-04  3.8970E-01
 310.0  1.5864E-04  1.7359E-04  0.0000E+00
 320.0  1.6319E-04  1.8094E-04  0.0000E+00
 330.0  1.6768E-04  1.8834E-04  0.0000E+00
 340.0  1.7211E-04  1.9577E-04  0.0000E+00
 350.0  1.7649E-04  2.0323E-04  0.0000E+00
 360.0  1.8081E-04  2.1072E-04  0.0000E+00
 370.0  1.8508E-04  2.1823E-04  0.0000E+00
 380.0  1.8930E-04  2.2577E-04  0.0000E+00
 390.0  1.9346E-04  2.3332E-04  0.0000E+00
 400.0  1.9758E-04  2.4090E-04  0.0000E+00
 410.0  2.0164E-04  2.4849E-04  0.0000E+00
 420.0  2.0565E-04  2.5610E-04  0.0000E+00
 440.0  2.1353E-04  2.7135E-04  0.0000E+00
 460.0  2.2122E-04  2.8664E-04  0.0000E+00
 480.0  2.2875E-04  3.0195E-04  0.0000E+00
 500.0  2.3611E-04  3.1728E-04  0.0000E+00
 600.0  2.7098E-04  3.9378E-04  0.0000E+00
 700.0  3.0365E-04  4.6943E-04  0.0000E+00
 800.0  3.3541E-04  5.4362E-04  0.0000E+00
 900.0  3.6271E-04  6.1597E-04  0.0000E+00
1000.0  3.9012E-04  6.8627E-04  0.0000E+00
 DENSITY SOLUTION IS BEYOND THE GRASP OF GASP.
 ANSWER IS ON SOLID SIDE OF MELTING LOCUS FOR T =     220. P =      7.384 MN.
   310.0    IS OUT OF RANGE FOR T  IN SUB.-SURF  
   320.0    IS OUT OF RANGE FOR T  IN SUB.-SURF  
   330.0    IS OUT OF RANGE FOR T  IN SUB.-SURF  
   340.0    IS OUT OF RANGE FOR T  IN SUB.-SURF  
   350.0    IS OUT OF RANGE FOR T  IN SUB.-SURF  
   360.0    IS OUT OF RANGE FOR T  IN SUB.-SURF  
   370.0    IS OUT OF RANGE FOR T  IN SUB.-SURF  
   380.0    IS OUT OF RANGE FOR T  IN SUB.-SURF  
   390.0    IS OUT OF RANGE FOR T  IN SUB.-SURF  
   400.0    IS OUT OF RANGE FOR T  IN SUB.-SURF  
   410.0    IS OUT OF RANGE FOR T  IN SUB.-SURF  
   420.0    IS OUT OF RANGE FOR T  IN SUB.-SURF  
   440.0    IS OUT OF RANGE FOR T  IN SUB.-SURF  
   460.0    IS OUT OF RANGE FOR T  IN SUB.-SURF  
   480.0    IS OUT OF RANGE FOR T  IN SUB.-SURF  
   500.0    IS OUT OF RANGE FOR T  IN SUB.-SURF  
   600.0    IS OUT OF RANGE FOR T  IN SUB.-SURF  
   700.0    IS OUT OF RANGE FOR T  IN SUB.-SURF  
   800.0    IS OUT OF RANGE FOR T  IN SUB.-SURF  
   900.0    IS OUT OF RANGE FOR T  IN SUB.-SURF  
   1000.    IS OUT OF RANGE FOR T  IN SUB.-SURF  
  ISOBARS  =    72.869
 THERMODYNAMIC PROPERTY TABLE --- CO2
          72.87 ATMOSPHERE ISOBAR
   T     viscosity conductivity surf.tension
  degK   gm/cc     g/cm-s J/cm-s-K   dyne/cm
 220.0  2.1339E-03  1.6028E-03  0.0000E+00
 230.0  1.8209E-03  1.5129E-03  0.0000E+00
 240.0  1.5651E-03  1.4234E-03  0.0000E+00
 250.0  1.3532E-03  1.3332E-03  0.0000E+00
 260.0  1.1750E-03  1.2407E-03  0.0000E+00
 270.0  1.0216E-03  1.1438E-03  0.0000E+00
 280.0  8.8505E-04  1.0385E-03  0.0000E+00
 290.0  7.5420E-04  9.1575E-04  0.0000E+00
 300.0  5.9728E-04  7.3898E-04  0.0000E+00
 310.0  2.2025E-04  2.8335E-04  0.0000E+00
 320.0  2.0661E-04  2.6545E-04  0.0000E+00
 330.0  2.0318E-04  2.6105E-04  0.0000E+00
 340.0  2.0277E-04  2.6091E-04  0.0000E+00
 350.0  2.0376E-04  2.6287E-04  0.0000E+00
 360.0  2.0552E-04  2.6609E-04  0.0000E+00
 370.0  2.0777E-04  2.7012E-04  0.0000E+00
 380.0  2.1033E-04  2.7475E-04  0.0000E+00
 390.0  2.1311E-04  2.7981E-04  0.0000E+00
 400.0  2.1603E-04  2.8522E-04  0.0000E+00
 410.0  2.1907E-04  2.9089E-04  0.0000E+00
 420.0  2.2217E-04  2.9678E-04  0.0000E+00
 440.0  2.2853E-04  3.0907E-04  0.0000E+00
 460.0  2.3499E-04  3.2188E-04  0.0000E+00
 480.0  2.4149E-04  3.3508E-04  0.0000E+00
 500.0  2.4798E-04  3.4857E-04  0.0000E+00
 600.0  2.7988E-04  4.1848E-04  0.0000E+00
 700.0  3.1080E-04  4.8993E-04  0.0000E+00
 800.0  3.4140E-04  5.6115E-04  0.0000E+00
 900.0  3.6787E-04  6.3127E-04  0.0000E+00
1000.0  3.9465E-04  6.9980E-04  0.0000E+00
 DENSITY SOLUTION IS BEYOND THE GRASP OF GASP.
 ANSWER IS ON SOLID SIDE OF MELTING LOCUS FOR T =     220. P =     10.132 MN.
   310.0    IS OUT OF RANGE FOR T  IN SUB.-SURF  
   320.0    IS OUT OF RANGE FOR T  IN SUB.-SURF  
   330.0    IS OUT OF RANGE FOR T  IN SUB.-SURF  
   340.0    IS OUT OF RANGE FOR T  IN SUB.-SURF  
   350.0    IS OUT OF RANGE FOR T  IN SUB.-SURF  
   360.0    IS OUT OF RANGE FOR T  IN SUB.-SURF  
   370.0    IS OUT OF RANGE FOR T  IN SUB.-SURF  
   380.0    IS OUT OF RANGE FOR T  IN SUB.-SURF  
   390.0    IS OUT OF RANGE FOR T  IN SUB.-SURF  
   400.0    IS OUT OF RANGE FOR T  IN SUB.-SURF  
   410.0    IS OUT OF RANGE FOR T  IN SUB.-SURF  
   420.0    IS OUT OF RANGE FOR T  IN SUB.-SURF  
   440.0    IS OUT OF RANGE FOR T  IN SUB.-SURF  
   460.0    IS OUT OF RANGE FOR T  IN SUB.-SURF  
   480.0    IS OUT OF RANGE FOR T  IN SUB.-SURF  
   500.0    IS OUT OF RANGE FOR T  IN SUB.-SURF  
   600.0    IS OUT OF RANGE FOR T  IN SUB.-SURF  
   700.0    IS OUT OF RANGE FOR T  IN SUB.-SURF  
   800.0    IS OUT OF RANGE FOR T  IN SUB.-SURF  
   900.0    IS OUT OF RANGE FOR T  IN SUB.-SURF  
   1000.    IS OUT OF RANGE FOR T  IN SUB.-SURF  
  ISOBARS  =   100.000
 THERMODYNAMIC PROPERTY TABLE --- CO2
         100.00 ATMOSPHERE ISOBAR
   T     viscosity conductivity surf.tension
  degK   gm/cc     g/cm-s J/cm-s-K   dyne/cm
 220.0  2.1890E-03  1.6178E-03  0.0000E+00
 230.0  1.8718E-03  1.5297E-03  0.0000E+00
 240.0  1.6128E-03  1.4425E-03  0.0000E+00
 250.0  1.3987E-03  1.3552E-03  0.0000E+00
 260.0  1.2194E-03  1.2667E-03  0.0000E+00
 270.0  1.0667E-03  1.1755E-03  0.0000E+00
 280.0  9.3359E-04  1.0795E-03  0.0000E+00
 290.0  8.1285E-04  9.7485E-04  0.0000E+00
 300.0  6.9476E-04  8.5340E-04  0.0000E+00
 310.0  5.5724E-04  6.9168E-04  0.0000E+00
 320.0  3.6118E-04  4.5560E-04  0.0000E+00
 330.0  2.6849E-04  3.4786E-04  0.0000E+00
 340.0  2.4363E-04  3.1856E-04  0.0000E+00
 350.0  2.3394E-04  3.0739E-04  0.0000E+00
 360.0  2.2968E-04  3.0301E-04  0.0000E+00
 370.0  2.2803E-04  3.0204E-04  0.0000E+00
 380.0  2.2785E-04  3.0308E-04  0.0000E+00
 390.0  2.2857E-04  3.0542E-04  0.0000E+00
 400.0  2.2991E-04  3.0868E-04  0.0000E+00
 410.0  2.3167E-04  3.1262E-04  0.0000E+00
 420.0  2.3373E-04  3.1706E-04  0.0000E+00
 440.0  2.3846E-04  3.2709E-04  0.0000E+00
 460.0  2.4372E-04  3.3818E-04  0.0000E+00
 480.0  2.4928E-04  3.5002E-04  0.0000E+00
 500.0  2.5503E-04  3.6240E-04  0.0000E+00
 600.0  2.8467E-04  4.2883E-04  0.0000E+00
 700.0  3.1444E-04  4.9837E-04  0.0000E+00
 800.0  3.4434E-04  5.6834E-04  0.0000E+00
 900.0  3.7033E-04  6.3757E-04  0.0000E+00
1000.0  3.9676E-04  7.0543E-04  0.0000E+00
0 THERMODYNAMIC AND TRANSPORT PROPERTIES FOR NEON PC= 26.19ATM , TC=44.4 K,  RHOC=.483 G/CC
   45.00    IS OUT OF RANGE FOR T  IN SUB.-SURF  
   55.00    IS OUT OF RANGE FOR T  IN SUB.-SURF  
   65.00    IS OUT OF RANGE FOR T  IN SUB.-SURF  
   75.00    IS OUT OF RANGE FOR T  IN SUB.-SURF  
   80.00    IS OUT OF RANGE FOR T  IN SUB.-SURF  
   100.0    IS OUT OF RANGE FOR T  IN SUB.-SURF  
   120.0    IS OUT OF RANGE FOR T  IN SUB.-SURF  
   140.0    IS OUT OF RANGE FOR T  IN SUB.-SURF  
   160.0    IS OUT OF RANGE FOR T  IN SUB.-SURF  
   180.0    IS OUT OF RANGE FOR T  IN SUB.-SURF  
   200.0    IS OUT OF RANGE FOR T  IN SUB.-SURF  
   220.0    IS OUT OF RANGE FOR T  IN SUB.-SURF  
   240.0    IS OUT OF RANGE FOR T  IN SUB.-SURF  
   260.0    IS OUT OF RANGE FOR T  IN SUB.-SURF  
   280.0    IS OUT OF RANGE FOR T  IN SUB.-SURF  
   300.0    IS OUT OF RANGE FOR T  IN SUB.-SURF  
   320.0    IS OUT OF RANGE FOR T  IN SUB.-SURF  
   340.0    IS OUT OF RANGE FOR T  IN SUB.-SURF  
   360.0    IS OUT OF RANGE FOR T  IN SUB.-SURF  
   380.0    IS OUT OF RANGE FOR T  IN SUB.-SURF  
   400.0    IS OUT OF RANGE FOR T  IN SUB.-SURF  
   500.0    IS OUT OF RANGE FOR T  IN SUB.-SURF  
   600.0    IS OUT OF RANGE FOR T  IN SUB.-SURF  
  ISOBARS  =     1.000
 THERMODYNAMIC PROPERTY TABLE --- NE 
           1.00 ATMOSPHERE ISOBAR
   T     viscosity conductivity surf.tension
  degK   gm/cc     g/cm-s J/cm-s-K   dyne/cm
  25.0  1.0431E-03  1.2894E-03  6.0814E+00
  35.0  6.0316E-05  8.6882E-05  2.5084E+00
  45.0  7.6358E-05  1.1457E-04  0.0000E+00
  55.0  9.1432E-05  1.3569E-04  0.0000E+00
  65.0  1.0542E-04  1.5585E-04  0.0000E+00
  75.0  1.1840E-04  1.7517E-04  0.0000E+00
  80.0  1.2456E-04  1.8455E-04  0.0000E+00
 100.0  1.4749E-04  2.2043E-04  0.0000E+00
 120.0  1.6876E-04  2.5403E-04  0.0000E+00
 140.0  1.8806E-04  2.8572E-04  0.0000E+00
 160.0  2.0633E-04  3.1578E-04  0.0000E+00
 180.0  2.2372E-04  3.4442E-04  0.0000E+00
 200.0  2.4035E-04  3.7179E-04  0.0000E+00
 220.0  2.5633E-04  3.9804E-04  0.0000E+00
 240.0  2.7174E-04  4.2328E-04  0.0000E+00
 260.0  2.8663E-04  4.4758E-04  0.0000E+00
 280.0  3.0108E-04  4.7105E-04  0.0000E+00
 300.0  3.1511E-04  4.9374E-04  0.0000E+00
 320.0  3.2877E-04  5.1571E-04  0.0000E+00
 340.0  3.4210E-04  5.3701E-04  0.0000E+00
 360.0  3.5511E-04  5.5823E-04  0.0000E+00
 380.0  3.6784E-04  5.7760E-04  0.0000E+00
 400.0  3.8031E-04  5.9661E-04  0.0000E+00
 500.0  4.3929E-04  6.8681E-04  0.0000E+00
 600.0  4.9383E-04  7.7055E-04  0.0000E+00
 DENSITY SOLUTION IS BEYOND THE GRASP OF GASP.
 ANSWER IS ON SOLID SIDE OF MELTING LOCUS FOR T =      25. P =      2.654 MN.
   45.00    IS OUT OF RANGE FOR T  IN SUB.-SURF  
   55.00    IS OUT OF RANGE FOR T  IN SUB.-SURF  
   65.00    IS OUT OF RANGE FOR T  IN SUB.-SURF  
   75.00    IS OUT OF RANGE FOR T  IN SUB.-SURF  
   80.00    IS OUT OF RANGE FOR T  IN SUB.-SURF  
   100.0    IS OUT OF RANGE FOR T  IN SUB.-SURF  
   120.0    IS OUT OF RANGE FOR T  IN SUB.-SURF  
   140.0    IS OUT OF RANGE FOR T  IN SUB.-SURF  
   160.0    IS OUT OF RANGE FOR T  IN SUB.-SURF  
   180.0    IS OUT OF RANGE FOR T  IN SUB.-SURF  
   200.0    IS OUT OF RANGE FOR T  IN SUB.-SURF  
   220.0    IS OUT OF RANGE FOR T  IN SUB.-SURF  
   240.0    IS OUT OF RANGE FOR T  IN SUB.-SURF  
   260.0    IS OUT OF RANGE FOR T  IN SUB.-SURF  
   280.0    IS OUT OF RANGE FOR T  IN SUB.-SURF  
   300.0    IS OUT OF RANGE FOR T  IN SUB.-SURF  
   320.0    IS OUT OF RANGE FOR T  IN SUB.-SURF  
   340.0    IS OUT OF RANGE FOR T  IN SUB.-SURF  
   360.0    IS OUT OF RANGE FOR T  IN SUB.-SURF  
   380.0    IS OUT OF RANGE FOR T  IN SUB.-SURF  
   400.0    IS OUT OF RANGE FOR T  IN SUB.-SURF  
   500.0    IS OUT OF RANGE FOR T  IN SUB.-SURF  
   600.0    IS OUT OF RANGE FOR T  IN SUB.-SURF  
  ISOBARS  =    26.190
 THERMODYNAMIC PROPERTY TABLE --- NE 
          26.19 ATMOSPHERE ISOBAR
   T     viscosity conductivity surf.tension
  degK   gm/cc     g/cm-s J/cm-s-K   dyne/cm
  25.0  1.1322E-03  1.3299E-03  0.0000E+00
  35.0  5.5944E-04  9.6871E-04  0.0000E+00
  45.0  1.1202E-04  2.1030E-04  0.0000E+00
  55.0  1.0318E-04  1.7958E-04  0.0000E+00
  65.0  1.1332E-04  1.8947E-04  0.0000E+00
  75.0  1.2444E-04  2.0331E-04  0.0000E+00
  80.0  1.2997E-04  2.1074E-04  0.0000E+00
 100.0  1.5134E-04  2.4134E-04  0.0000E+00
 120.0  1.7176E-04  2.7175E-04  0.0000E+00
 140.0  1.9052E-04  3.0126E-04  0.0000E+00
 160.0  2.0841E-04  3.2970E-04  0.0000E+00
 180.0  2.2552E-04  3.5708E-04  0.0000E+00
 200.0  2.4195E-04  3.8345E-04  0.0000E+00
 220.0  2.5776E-04  4.0887E-04  0.0000E+00
 240.0  2.7303E-04  4.3340E-04  0.0000E+00
 260.0  2.8781E-04  4.5711E-04  0.0000E+00
 280.0  3.0216E-04  4.8005E-04  0.0000E+00
 300.0  3.1611E-04  5.0229E-04  0.0000E+00
 320.0  3.2971E-04  5.2385E-04  0.0000E+00
 340.0  3.4297E-04  5.4479E-04  0.0000E+00
 360.0  3.5593E-04  5.6569E-04  0.0000E+00
 380.0  3.6862E-04  5.8477E-04  0.0000E+00
 400.0  3.8104E-04  6.0351E-04  0.0000E+00
 500.0  4.3987E-04  6.9267E-04  0.0000E+00
 600.0  4.9431E-04  7.7568E-04  0.0000E+00
 DENSITY SOLUTION IS BEYOND THE GRASP OF GASP.
 ANSWER IS ON SOLID SIDE OF MELTING LOCUS FOR T =      25. P =     10.132 MN.
   45.00    IS OUT OF RANGE FOR T  IN SUB.-SURF  
   55.00    IS OUT OF RANGE FOR T  IN SUB.-SURF  
   65.00    IS OUT OF RANGE FOR T  IN SUB.-SURF  
   75.00    IS OUT OF RANGE FOR T  IN SUB.-SURF  
   80.00    IS OUT OF RANGE FOR T  IN SUB.-SURF  
   100.0    IS OUT OF RANGE FOR T  IN SUB.-SURF  
   120.0    IS OUT OF RANGE FOR T  IN SUB.-SURF  
   140.0    IS OUT OF RANGE FOR T  IN SUB.-SURF  
   160.0    IS OUT OF RANGE FOR T  IN SUB.-SURF  
   180.0    IS OUT OF RANGE FOR T  IN SUB.-SURF  
   200.0    IS OUT OF RANGE FOR T  IN SUB.-SURF  
   220.0    IS OUT OF RANGE FOR T  IN SUB.-SURF  
   240.0    IS OUT OF RANGE FOR T  IN SUB.-SURF  
   260.0    IS OUT OF RANGE FOR T  IN SUB.-SURF  
   280.0    IS OUT OF RANGE FOR T  IN SUB.-SURF  
   300.0    IS OUT OF RANGE FOR T  IN SUB.-SURF  
   320.0    IS OUT OF RANGE FOR T  IN SUB.-SURF  
   340.0    IS OUT OF RANGE FOR T  IN SUB.-SURF  
   360.0    IS OUT OF RANGE FOR T  IN SUB.-SURF  
   380.0    IS OUT OF RANGE FOR T  IN SUB.-SURF  
   400.0    IS OUT OF RANGE FOR T  IN SUB.-SURF  
   500.0    IS OUT OF RANGE FOR T  IN SUB.-SURF  
   600.0    IS OUT OF RANGE FOR T  IN SUB.-SURF  
  ISOBARS  =   100.000
 THERMODYNAMIC PROPERTY TABLE --- NE 
         100.00 ATMOSPHERE ISOBAR
   T     viscosity conductivity surf.tension
  degK   gm/cc     g/cm-s J/cm-s-K   dyne/cm
  25.0  1.3901E-03  1.4298E-03  0.0000E+00
  35.0  7.0754E-04  1.1016E-03  0.0000E+00
  45.0  4.2254E-04  8.0249E-04  0.0000E+00
  55.0  2.7520E-04  5.2108E-04  0.0000E+00
  65.0  2.0162E-04  3.6600E-04  0.0000E+00
  75.0  1.7708E-04  3.1475E-04  0.0000E+00
  80.0  1.7295E-04  3.0468E-04  0.0000E+00
 100.0  1.7552E-04  3.0050E-04  0.0000E+00
 120.0  1.8835E-04  3.1606E-04  0.0000E+00
 140.0  2.0303E-04  3.3717E-04  0.0000E+00
 160.0  2.1840E-04  3.6015E-04  0.0000E+00
 180.0  2.3380E-04  3.8367E-04  0.0000E+00
 200.0  2.4899E-04  4.0715E-04  0.0000E+00
 220.0  2.6387E-04  4.3033E-04  0.0000E+00
 240.0  2.7842E-04  4.5306E-04  0.0000E+00
 260.0  2.9263E-04  4.7529E-04  0.0000E+00
 280.0  3.0651E-04  4.9699E-04  0.0000E+00
 300.0  3.2007E-04  5.1816E-04  0.0000E+00
 320.0  3.3334E-04  5.3882E-04  0.0000E+00
 340.0  3.4632E-04  5.5896E-04  0.0000E+00
 360.0  3.5904E-04  5.7916E-04  0.0000E+00
 380.0  3.7152E-04  5.9762E-04  0.0000E+00
 400.0  3.8376E-04  6.1579E-04  0.0000E+00
 500.0  4.4193E-04  7.0285E-04  0.0000E+00
 600.0  4.9596E-04  7.8445E-04  0.0000E+00
0 THERMODYNAMIC AND TRANSPORT PROPERTIES FOR CO  PC=34.529ATM, TC=132.91 K, RHOC=.2997 G/CC
    0.44549E+00 IS OUT OF RANGE OF CURVE FIT  VALUE IS EXTRAPOLATED.
    0.42397E+00 IS OUT OF RANGE OF CURVE FIT  VALUE IS EXTRAPOLATED.
   140.0    IS OUT OF RANGE FOR T  IN SUB.-SURF  
   150.0    IS OUT OF RANGE FOR T  IN SUB.-SURF  
   160.0    IS OUT OF RANGE FOR T  IN SUB.-SURF  
   170.0    IS OUT OF RANGE FOR T  IN SUB.-SURF  
   180.0    IS OUT OF RANGE FOR T  IN SUB.-SURF  
   190.0    IS OUT OF RANGE FOR T  IN SUB.-SURF  
   200.0    IS OUT OF RANGE FOR T  IN SUB.-SURF  
   220.0    IS OUT OF RANGE FOR T  IN SUB.-SURF  
   240.0    IS OUT OF RANGE FOR T  IN SUB.-SURF  
   260.0    IS OUT OF RANGE FOR T  IN SUB.-SURF  
   280.0    IS OUT OF RANGE FOR T  IN SUB.-SURF  
   300.0    IS OUT OF RANGE FOR T  IN SUB.-SURF  
   320.0    IS OUT OF RANGE FOR T  IN SUB.-SURF  
   340.0    IS OUT OF RANGE FOR T  IN SUB.-SURF  
   360.0    IS OUT OF RANGE FOR T  IN SUB.-SURF  
   380.0    IS OUT OF RANGE FOR T  IN SUB.-SURF  
   400.0    IS OUT OF RANGE FOR T  IN SUB.-SURF  
   500.0    IS OUT OF RANGE FOR T  IN SUB.-SURF  
   600.0    IS OUT OF RANGE FOR T  IN SUB.-SURF  
  ISOBARS  =     1.000
 THERMODYNAMIC PROPERTY TABLE --- CO 
           1.00 ATMOSPHERE ISOBAR
   T     viscosity conductivity surf.tension
  degK   gm/cc     g/cm-s J/cm-s-K   dyne/cm
  70.0  2.1220E-03  1.4736E-03  1.1037E+01
  80.0  1.5059E-03  1.3481E-03  8.9324E+00
  90.0  6.1658E-05  7.9052E-05  6.9147E+00
 100.0  6.8271E-05  8.7834E-05  4.9996E+00
 110.0  7.4864E-05  9.6616E-05  3.2113E+00
 120.0  8.1406E-05  1.0540E-04  1.5930E+00
 130.0  8.7873E-05  1.1418E-04  2.5787E-01
 140.0  9.4247E-05  1.2123E-04  0.0000E+00
 150.0  1.0051E-04  1.2864E-04  0.0000E+00
 160.0  1.0666E-04  1.3629E-04  0.0000E+00
 170.0  1.1269E-04  1.4414E-04  0.0000E+00
 180.0  1.1858E-04  1.5214E-04  0.0000E+00
 190.0  1.2435E-04  1.6027E-04  0.0000E+00
 200.0  1.2999E-04  1.6849E-04  0.0000E+00
 220.0  1.4088E-04  1.8510E-04  0.0000E+00
 240.0  1.5130E-04  2.0177E-04  0.0000E+00
 260.0  1.6128E-04  2.1834E-04  0.0000E+00
 280.0  1.7087E-04  2.3467E-04  0.0000E+00
 300.0  1.8013E-04  2.5066E-04  0.0000E+00
 320.0  1.8910E-04  2.6620E-04  0.0000E+00
 340.0  1.9784E-04  2.7943E-04  0.0000E+00
 360.0  2.0640E-04  2.9132E-04  0.0000E+00
 380.0  2.1481E-04  3.0304E-04  0.0000E+00
 400.0  2.2314E-04  3.1458E-04  0.0000E+00
 500.0  2.6107E-04  3.7015E-04  0.0000E+00
 600.0  2.9609E-04  4.2277E-04  0.0000E+00
 DENSITY SOLUTION IS BEYOND THE GRASP OF GASP.
 ANSWER IS ON SOLID SIDE OF MELTING LOCUS FOR T =      70. P =      3.499 MN.
    0.44816E+00 IS OUT OF RANGE OF CURVE FIT  VALUE IS EXTRAPOLATED.
    0.42775E+00 IS OUT OF RANGE OF CURVE FIT  VALUE IS EXTRAPOLATED.
    0.40453E+00 IS OUT OF RANGE OF CURVE FIT  VALUE IS EXTRAPOLATED.
   140.0    IS OUT OF RANGE FOR T  IN SUB.-SURF  
   150.0    IS OUT OF RANGE FOR T  IN SUB.-SURF  
   160.0    IS OUT OF RANGE FOR T  IN SUB.-SURF  
   170.0    IS OUT OF RANGE FOR T  IN SUB.-SURF  
   180.0    IS OUT OF RANGE FOR T  IN SUB.-SURF  
   190.0    IS OUT OF RANGE FOR T  IN SUB.-SURF  
   200.0    IS OUT OF RANGE FOR T  IN SUB.-SURF  
   220.0    IS OUT OF RANGE FOR T  IN SUB.-SURF  
   240.0    IS OUT OF RANGE FOR T  IN SUB.-SURF  
   260.0    IS OUT OF RANGE FOR T  IN SUB.-SURF  
   280.0    IS OUT OF RANGE FOR T  IN SUB.-SURF  
   300.0    IS OUT OF RANGE FOR T  IN SUB.-SURF  
   320.0    IS OUT OF RANGE FOR T  IN SUB.-SURF  
   340.0    IS OUT OF RANGE FOR T  IN SUB.-SURF  
   360.0    IS OUT OF RANGE FOR T  IN SUB.-SURF  
   380.0    IS OUT OF RANGE FOR T  IN SUB.-SURF  
   400.0    IS OUT OF RANGE FOR T  IN SUB.-SURF  
   500.0    IS OUT OF RANGE FOR T  IN SUB.-SURF  
   600.0    IS OUT OF RANGE FOR T  IN SUB.-SURF  
  ISOBARS  =    34.528
 THERMODYNAMIC PROPERTY TABLE --- CO 
          34.53 ATMOSPHERE ISOBAR
   T     viscosity conductivity surf.tension
  degK   gm/cc     g/cm-s J/cm-s-K   dyne/cm
  70.0  2.2247E-03  1.4914E-03  0.0000E+00
  80.0  1.5938E-03  1.3707E-03  0.0000E+00
  90.0  1.1617E-03  1.2481E-03  0.0000E+00
 100.0  8.6561E-04  1.1231E-03  0.0000E+00
 110.0  6.5724E-04  9.9134E-04  0.0000E+00
 120.0  5.0073E-04  8.4178E-04  0.0000E+00
 130.0  3.5151E-04  6.2443E-04  0.0000E+00
 140.0  1.2099E-04  1.9427E-04  0.0000E+00
 150.0  1.1891E-04  1.8245E-04  0.0000E+00
 160.0  1.2125E-04  1.8071E-04  0.0000E+00
 170.0  1.2495E-04  1.8257E-04  0.0000E+00
 180.0  1.2924E-04  1.8630E-04  0.0000E+00
 190.0  1.3381E-04  1.9117E-04  0.0000E+00
 200.0  1.3852E-04  1.9678E-04  0.0000E+00
 220.0  1.4805E-04  2.0945E-04  0.0000E+00
 240.0  1.5749E-04  2.2325E-04  0.0000E+00
 260.0  1.6674E-04  2.3761E-04  0.0000E+00
 280.0  1.7577E-04  2.5218E-04  0.0000E+00
 300.0  1.8457E-04  2.6673E-04  0.0000E+00
 320.0  1.9316E-04  2.8106E-04  0.0000E+00
 340.0  2.0158E-04  2.9327E-04  0.0000E+00
 360.0  2.0987E-04  3.0427E-04  0.0000E+00
 380.0  2.1805E-04  3.1521E-04  0.0000E+00
 400.0  2.2617E-04  3.2608E-04  0.0000E+00
 500.0  2.6337E-04  3.7919E-04  0.0000E+00
 600.0  2.9794E-04  4.3026E-04  0.0000E+00
 DENSITY SOLUTION IS BEYOND THE GRASP OF GASP.
 ANSWER IS ON SOLID SIDE OF MELTING LOCUS FOR T =      70. P =     10.132 MN.
    0.45301E+00 IS OUT OF RANGE OF CURVE FIT  VALUE IS EXTRAPOLATED.
    0.43438E+00 IS OUT OF RANGE OF CURVE FIT  VALUE IS EXTRAPOLATED.
    0.41379E+00 IS OUT OF RANGE OF CURVE FIT  VALUE IS EXTRAPOLATED.
   140.0    IS OUT OF RANGE FOR T  IN SUB.-SURF  
   150.0    IS OUT OF RANGE FOR T  IN SUB.-SURF  
   160.0    IS OUT OF RANGE FOR T  IN SUB.-SURF  
   170.0    IS OUT OF RANGE FOR T  IN SUB.-SURF  
   180.0    IS OUT OF RANGE FOR T  IN SUB.-SURF  
   190.0    IS OUT OF RANGE FOR T  IN SUB.-SURF  
   200.0    IS OUT OF RANGE FOR T  IN SUB.-SURF  
   220.0    IS OUT OF RANGE FOR T  IN SUB.-SURF  
   240.0    IS OUT OF RANGE FOR T  IN SUB.-SURF  
   260.0    IS OUT OF RANGE FOR T  IN SUB.-SURF  
   280.0    IS OUT OF RANGE FOR T  IN SUB.-SURF  
   300.0    IS OUT OF RANGE FOR T  IN SUB.-SURF  
   320.0    IS OUT OF RANGE FOR T  IN SUB.-SURF  
   340.0    IS OUT OF RANGE FOR T  IN SUB.-SURF  
   360.0    IS OUT OF RANGE FOR T  IN SUB.-SURF  
   380.0    IS OUT OF RANGE FOR T  IN SUB.-SURF  
   400.0    IS OUT OF RANGE FOR T  IN SUB.-SURF  
   500.0    IS OUT OF RANGE FOR T  IN SUB.-SURF  
   600.0    IS OUT OF RANGE FOR T  IN SUB.-SURF  
  ISOBARS  =   100.000
 THERMODYNAMIC PROPERTY TABLE --- CO 
         100.00 ATMOSPHERE ISOBAR
   T     viscosity conductivity surf.tension
  degK   gm/cc     g/cm-s J/cm-s-K   dyne/cm
  70.0  2.4296E-03  1.5243E-03  0.0000E+00
  80.0  1.7676E-03  1.4112E-03  0.0000E+00
  90.0  1.3104E-03  1.2986E-03  0.0000E+00
 100.0  9.9650E-04  1.1874E-03  0.0000E+00
 110.0  7.7789E-04  1.0768E-03  0.0000E+00
 120.0  6.2198E-04  9.6517E-04  0.0000E+00
 130.0  5.0683E-04  8.5011E-04  0.0000E+00
 140.0  4.1710E-04  7.2759E-04  0.0000E+00
 150.0  3.4224E-04  6.0063E-04  0.0000E+00
 160.0  2.7949E-04  4.8338E-04  0.0000E+00
 170.0  2.3494E-04  3.9900E-04  0.0000E+00
 180.0  2.0887E-04  3.4884E-04  0.0000E+00
 190.0  1.9480E-04  3.2034E-04  0.0000E+00
 200.0  1.8749E-04  3.0406E-04  0.0000E+00
 220.0  1.8288E-04  2.9014E-04  0.0000E+00
 240.0  1.8442E-04  2.8842E-04  0.0000E+00
 260.0  1.8865E-04  2.9255E-04  0.0000E+00
 280.0  1.9421E-04  2.9983E-04  0.0000E+00
 300.0  2.0048E-04  3.0888E-04  0.0000E+00
 320.0  2.0715E-04  3.1891E-04  0.0000E+00
 340.0  2.1405E-04  3.2765E-04  0.0000E+00
 360.0  2.2110E-04  3.3578E-04  0.0000E+00
 380.0  2.2827E-04  3.4431E-04  0.0000E+00
 400.0  2.3553E-04  3.5311E-04  0.0000E+00
 500.0  2.6995E-04  3.9916E-04  0.0000E+00
 600.0  3.0297E-04  4.4608E-04  0.0000E+00
0 THERMODYNAMIC AND TRANSPORT PROPERTIES FOR HELIUM   PC = 2ATM,  TC=5 K,     RHOC=1/25G/CC
   -0.53233E+00 IS OUT OF RANGE OF CURVE FIT  VALUE IS EXTRAPOLATED.
   5.500    IS OUT OF RANGE FOR T  IN SUB.-SURF  
   6.000    IS OUT OF RANGE FOR T  IN SUB.-SURF  
   6.500    IS OUT OF RANGE FOR T  IN SUB.-SURF  
   7.000    IS OUT OF RANGE FOR T  IN SUB.-SURF  
   7.500    IS OUT OF RANGE FOR T  IN SUB.-SURF  
   8.000    IS OUT OF RANGE FOR T  IN SUB.-SURF  
   8.500    IS OUT OF RANGE FOR T  IN SUB.-SURF  
   9.000    IS OUT OF RANGE FOR T  IN SUB.-SURF  
   9.500    IS OUT OF RANGE FOR T  IN SUB.-SURF  
   10.00    IS OUT OF RANGE FOR T  IN SUB.-SURF  
   20.00    IS OUT OF RANGE FOR T  IN SUB.-SURF  
   30.00    IS OUT OF RANGE FOR T  IN SUB.-SURF  
   40.00    IS OUT OF RANGE FOR T  IN SUB.-SURF  
   50.00    IS OUT OF RANGE FOR T  IN SUB.-SURF  
   60.00    IS OUT OF RANGE FOR T  IN SUB.-SURF  
   70.00    IS OUT OF RANGE FOR T  IN SUB.-SURF  
   80.00    IS OUT OF RANGE FOR T  IN SUB.-SURF  
   90.00    IS OUT OF RANGE FOR T  IN SUB.-SURF  
   100.0    IS OUT OF RANGE FOR T  IN SUB.-SURF  
   200.0    IS OUT OF RANGE FOR T  IN SUB.-SURF  
   300.0    IS OUT OF RANGE FOR T  IN SUB.-SURF  
   400.0    IS OUT OF RANGE FOR T  IN SUB.-SURF  
   500.0    IS OUT OF RANGE FOR T  IN SUB.-SURF  
   600.0    IS OUT OF RANGE FOR T  IN SUB.-SURF  
  ISOBARS  =     1.000
 THERMODYNAMIC PROPERTY TABLE --- HE 
           1.00 ATMOSPHERE ISOBAR
   T     viscosity conductivity surf.tension
  degK   gm/cc     g/cm-s J/cm-s-K   dyne/cm
   3.0  5.3906E-05  1.6847E-04  1.1121E+00
   3.5  4.9530E-05  1.8986E-04  8.1148E-01
   4.0  4.4351E-05  2.0692E-04  5.3014E-01
   4.5  8.4034E-06  1.0586E-04  2.7434E-01
   5.0  8.9846E-06  1.1467E-04  5.9336E-02
   5.5  9.6512E-06  1.2286E-04  0.0000E+00
   6.0  1.0365E-05  1.3124E-04  0.0000E+00
   6.5  1.1109E-05  1.3863E-04  0.0000E+00
   7.0  1.1873E-05  1.4607E-04  0.0000E+00
   7.5  1.2651E-05  1.5285E-04  0.0000E+00
   8.0  1.3438E-05  1.5965E-04  0.0000E+00
   8.5  1.4231E-05  1.6587E-04  0.0000E+00
   9.0  1.5028E-05  1.7211E-04  0.0000E+00
   9.5  1.5827E-05  1.7790E-04  0.0000E+00
  10.0  1.6626E-05  1.8369E-04  0.0000E+00
  20.0  3.1381E-05  2.7173E-04  0.0000E+00
  30.0  4.3230E-05  3.4896E-04  0.0000E+00
  40.0  5.3577E-05  4.1820E-04  0.0000E+00
  50.0  6.2464E-05  4.8120E-04  0.0000E+00
  60.0  7.0815E-05  5.4102E-04  0.0000E+00
  70.0  7.8626E-05  5.9767E-04  0.0000E+00
  80.0  8.5999E-05  6.5186E-04  0.0000E+00
  90.0  9.3010E-05  7.0402E-04  0.0000E+00
 100.0  9.9715E-05  7.5474E-04  0.0000E+00
 200.0  1.5628E-04  1.1948E-03  0.0000E+00
 300.0  2.0254E-04  1.5712E-03  0.0000E+00
 400.0  2.4343E-04  1.9331E-03  0.0000E+00
 500.0  2.8086E-04  2.2299E-03  0.0000E+00
 600.0  3.1580E-04  2.5061E-03  0.0000E+00
   -0.53233E+00 IS OUT OF RANGE OF CURVE FIT  VALUE IS EXTRAPOLATED.
   5.500    IS OUT OF RANGE FOR T  IN SUB.-SURF  
   6.000    IS OUT OF RANGE FOR T  IN SUB.-SURF  
   6.500    IS OUT OF RANGE FOR T  IN SUB.-SURF  
   7.000    IS OUT OF RANGE FOR T  IN SUB.-SURF  
   7.500    IS OUT OF RANGE FOR T  IN SUB.-SURF  
   8.000    IS OUT OF RANGE FOR T  IN SUB.-SURF  
   8.500    IS OUT OF RANGE FOR T  IN SUB.-SURF  
   9.000    IS OUT OF RANGE FOR T  IN SUB.-SURF  
   9.500    IS OUT OF RANGE FOR T  IN SUB.-SURF  
   10.00    IS OUT OF RANGE FOR T  IN SUB.-SURF  
   20.00    IS OUT OF RANGE FOR T  IN SUB.-SURF  
   30.00    IS OUT OF RANGE FOR T  IN SUB.-SURF  
   40.00    IS OUT OF RANGE FOR T  IN SUB.-SURF  
   50.00    IS OUT OF RANGE FOR T  IN SUB.-SURF  
   60.00    IS OUT OF RANGE FOR T  IN SUB.-SURF  
   70.00    IS OUT OF RANGE FOR T  IN SUB.-SURF  
   80.00    IS OUT OF RANGE FOR T  IN SUB.-SURF  
   90.00    IS OUT OF RANGE FOR T  IN SUB.-SURF  
   100.0    IS OUT OF RANGE FOR T  IN SUB.-SURF  
   200.0    IS OUT OF RANGE FOR T  IN SUB.-SURF  
   300.0    IS OUT OF RANGE FOR T  IN SUB.-SURF  
   400.0    IS OUT OF RANGE FOR T  IN SUB.-SURF  
   500.0    IS OUT OF RANGE FOR T  IN SUB.-SURF  
   600.0    IS OUT OF RANGE FOR T  IN SUB.-SURF  
  ISOBARS  =     2.245
 THERMODYNAMIC PROPERTY TABLE --- HE 
           2.24 ATMOSPHERE ISOBAR
   T     viscosity conductivity surf.tension
  degK   gm/cc     g/cm-s J/cm-s-K   dyne/cm
   3.0  5.7108E-05  1.7117E-04  0.0000E+00
   3.5  5.2933E-05  1.9315E-04  0.0000E+00
   4.0  4.8229E-05  2.1113E-04  0.0000E+00
   4.5  4.2763E-05  2.2491E-04  0.0000E+00
   5.0  3.5235E-05  2.3169E-04  0.0000E+00
   5.5  1.2027E-05  1.4395E-04  0.0000E+00
   6.0  1.1931E-05  1.4614E-04  0.0000E+00
   6.5  1.2285E-05  1.5044E-04  0.0000E+00
   7.0  1.2817E-05  1.5599E-04  0.0000E+00
   7.5  1.3439E-05  1.6149E-04  0.0000E+00
   8.0  1.4115E-05  1.6735E-04  0.0000E+00
   8.5  1.4825E-05  1.7285E-04  0.0000E+00
   9.0  1.5557E-05  1.7851E-04  0.0000E+00
   9.5  1.6303E-05  1.8383E-04  0.0000E+00
  10.0  1.7059E-05  1.8924E-04  0.0000E+00
  20.0  3.1534E-05  2.7440E-04  0.0000E+00
  30.0  4.3322E-05  3.5083E-04  0.0000E+00
  40.0  5.3643E-05  4.1966E-04  0.0000E+00
  50.0  6.2515E-05  4.8242E-04  0.0000E+00
  60.0  7.0857E-05  5.4207E-04  0.0000E+00
  70.0  7.8661E-05  5.9859E-04  0.0000E+00
  80.0  8.6030E-05  6.5269E-04  0.0000E+00
  90.0  9.3037E-05  7.0477E-04  0.0000E+00
 100.0  9.9739E-05  7.5543E-04  0.0000E+00
 200.0  1.5629E-04  1.1952E-03  0.0000E+00
 300.0  2.0255E-04  1.5714E-03  0.0000E+00
 400.0  2.4343E-04  1.9333E-03  0.0000E+00
 500.0  2.8086E-04  2.2301E-03  0.0000E+00
 600.0  3.1581E-04  2.5062E-03  0.0000E+00
 SOLUTION OUT OF RANGE
   -0.53233E+00 IS OUT OF RANGE OF CURVE FIT  VALUE IS EXTRAPOLATED.
 SOLUTION OUT OF RANGE
   5.500    IS OUT OF RANGE FOR T  IN SUB.-SURF  
   6.000    IS OUT OF RANGE FOR T  IN SUB.-SURF  
   6.500    IS OUT OF RANGE FOR T  IN SUB.-SURF  
   7.000    IS OUT OF RANGE FOR T  IN SUB.-SURF  
   7.500    IS OUT OF RANGE FOR T  IN SUB.-SURF  
   8.000    IS OUT OF RANGE FOR T  IN SUB.-SURF  
   8.500    IS OUT OF RANGE FOR T  IN SUB.-SURF  
   9.000    IS OUT OF RANGE FOR T  IN SUB.-SURF  
   9.500    IS OUT OF RANGE FOR T  IN SUB.-SURF  
   10.00    IS OUT OF RANGE FOR T  IN SUB.-SURF  
   20.00    IS OUT OF RANGE FOR T  IN SUB.-SURF  
   30.00    IS OUT OF RANGE FOR T  IN SUB.-SURF  
   40.00    IS OUT OF RANGE FOR T  IN SUB.-SURF  
   50.00    IS OUT OF RANGE FOR T  IN SUB.-SURF  
   60.00    IS OUT OF RANGE FOR T  IN SUB.-SURF  
   70.00    IS OUT OF RANGE FOR T  IN SUB.-SURF  
   80.00    IS OUT OF RANGE FOR T  IN SUB.-SURF  
   90.00    IS OUT OF RANGE FOR T  IN SUB.-SURF  
   100.0    IS OUT OF RANGE FOR T  IN SUB.-SURF  
   200.0    IS OUT OF RANGE FOR T  IN SUB.-SURF  
   300.0    IS OUT OF RANGE FOR T  IN SUB.-SURF  
   400.0    IS OUT OF RANGE FOR T  IN SUB.-SURF  
   500.0    IS OUT OF RANGE FOR T  IN SUB.-SURF  
   600.0    IS OUT OF RANGE FOR T  IN SUB.-SURF  
  ISOBARS  =   100.000
 THERMODYNAMIC PROPERTY TABLE --- HE 
         100.00 ATMOSPHERE ISOBAR
   T     viscosity conductivity surf.tension
  degK   gm/cc     g/cm-s J/cm-s-K   dyne/cm
   3.0  4.5614E-04  4.9843E-04  0.0000E+00
   3.5  4.5686E-04  5.7103E-04  0.0000E+00
   4.0  4.3860E-04  6.1521E-04  0.0000E+00
   4.5  4.1464E-04  6.4275E-04  0.0000E+00
   5.0  3.9166E-04  6.6220E-04  0.0000E+00
   5.5  3.6935E-04  6.7455E-04  0.0000E+00
   6.0  3.4762E-04  6.8190E-04  0.0000E+00
   6.5  3.2652E-04  6.8413E-04  0.0000E+00
   7.0  3.0616E-04  6.8322E-04  0.0000E+00
   7.5  2.8665E-04  6.7926E-04  0.0000E+00
   8.0  2.6812E-04  6.7365E-04  0.0000E+00
   8.5  2.5067E-04  6.6638E-04  0.0000E+00
   9.0  2.3435E-04  6.5853E-04  0.0000E+00
   9.5  2.1919E-04  6.5002E-04  0.0000E+00
  10.0  2.0518E-04  6.4162E-04  0.0000E+00
  20.0  8.7089E-05  5.6962E-04  0.0000E+00
  30.0  7.2583E-05  6.1641E-04  0.0000E+00
  40.0  7.2915E-05  6.6336E-04  0.0000E+00
  50.0  7.6306E-05  6.9753E-04  0.0000E+00
  60.0  8.1250E-05  7.2841E-04  0.0000E+00
  70.0  8.6810E-05  7.5967E-04  0.0000E+00
  80.0  9.2625E-05  7.9273E-04  0.0000E+00
  90.0  9.8512E-05  8.2758E-04  0.0000E+00
 100.0  1.0438E-04  8.6415E-04  0.0000E+00
 200.0  1.5793E-04  1.2427E-03  0.0000E+00
 300.0  2.0348E-04  1.6013E-03  0.0000E+00
 400.0  2.4407E-04  1.9552E-03  0.0000E+00
 500.0  2.8134E-04  2.2474E-03  0.0000E+00
 600.0  3.1619E-04  2.5206E-03  0.0000E+00
 THE REGION 125-145K FOR T AND P GREATER THAN 10 ATM
 YIELDS POOR RESULTS FOR THE DERIVED PROEPRTIES--BEWARE. 
0 THERMODYNAMIC AND TRANSPORT PROPERTIES FOR FLUORINE  PC=54ATM, TC=144.31K, RHOC=.3974G/CC
   145.0    IS OUT OF RANGE FOR T  IN SUB.-SURF  
   150.0    IS OUT OF RANGE FOR T  IN SUB.-SURF  
   155.0    IS OUT OF RANGE FOR T  IN SUB.-SURF  
   160.0    IS OUT OF RANGE FOR T  IN SUB.-SURF  
   165.0    IS OUT OF RANGE FOR T  IN SUB.-SURF  
   170.0    IS OUT OF RANGE FOR T  IN SUB.-SURF  
   175.0    IS OUT OF RANGE FOR T  IN SUB.-SURF  
   180.0    IS OUT OF RANGE FOR T  IN SUB.-SURF  
   185.0    IS OUT OF RANGE FOR T  IN SUB.-SURF  
   190.0    IS OUT OF RANGE FOR T  IN SUB.-SURF  
   195.0    IS OUT OF RANGE FOR T  IN SUB.-SURF  
   200.0    IS OUT OF RANGE FOR T  IN SUB.-SURF  
   220.0    IS OUT OF RANGE FOR T  IN SUB.-SURF  
   240.0    IS OUT OF RANGE FOR T  IN SUB.-SURF  
   260.0    IS OUT OF RANGE FOR T  IN SUB.-SURF  
   280.0    IS OUT OF RANGE FOR T  IN SUB.-SURF  
   300.0    IS OUT OF RANGE FOR T  IN SUB.-SURF  
   320.0    IS OUT OF RANGE FOR T  IN SUB.-SURF  
   340.0    IS OUT OF RANGE FOR T  IN SUB.-SURF  
   360.0    IS OUT OF RANGE FOR T  IN SUB.-SURF  
   380.0    IS OUT OF RANGE FOR T  IN SUB.-SURF  
   400.0    IS OUT OF RANGE FOR T  IN SUB.-SURF  
   500.0    IS OUT OF RANGE FOR T  IN SUB.-SURF  
  ISOBARS  =     1.000
 THERMODYNAMIC PROPERTY TABLE --- F2 
           1.00 ATMOSPHERE ISOBAR
   T     viscosity conductivity surf.tension
  degK   gm/cc     g/cm-s J/cm-s-K   dyne/cm
  70.0  2.6995E-03  1.6316E-03  1.7733E+01
  75.0  2.2997E-03  1.5494E-03  1.6285E+01
  80.0  1.9674E-03  1.4701E-03  1.4861E+01
  85.0  7.8146E-05  9.5886E-05  1.3461E+01
  90.0  8.2637E-05  1.0162E-04  1.2088E+01
  95.0  8.7151E-05  1.0733E-04  1.0742E+01
 100.0  9.1680E-05  1.1303E-04  9.4260E+00
 105.0  9.6213E-05  1.1871E-04  8.1428E+00
 110.0  1.0074E-04  1.2438E-04  6.8954E+00
 115.0  1.0526E-04  1.3002E-04  5.6880E+00
 120.0  1.0977E-04  1.3566E-04  4.5256E+00
 125.0  1.1425E-04  1.4127E-04  3.4155E+00
 130.0  1.1871E-04  1.4687E-04  2.3680E+00
 135.0  1.2313E-04  1.5245E-04  1.4003E+00
 140.0  1.2753E-04  1.5802E-04  5.4627E-01
 145.0  1.3189E-04  1.6357E-04  0.0000E+00
 150.0  1.3621E-04  1.6911E-04  0.0000E+00
 155.0  1.4048E-04  1.7463E-04  0.0000E+00
 160.0  1.4472E-04  1.8014E-04  0.0000E+00
 165.0  1.4892E-04  1.8563E-04  0.0000E+00
 170.0  1.5307E-04  1.9111E-04  0.0000E+00
 175.0  1.5717E-04  1.9658E-04  0.0000E+00
 180.0  1.6123E-04  2.0204E-04  0.0000E+00
 185.0  1.6524E-04  2.0748E-04  0.0000E+00
 190.0  1.6921E-04  2.1291E-04  0.0000E+00
 195.0  1.7313E-04  2.1832E-04  0.0000E+00
 200.0  1.7700E-04  2.2373E-04  0.0000E+00
 220.0  1.9205E-04  2.4524E-04  0.0000E+00
 240.0  2.0641E-04  2.6658E-04  0.0000E+00
 260.0  2.2013E-04  2.8776E-04  0.0000E+00
 280.0  2.3329E-04  3.0880E-04  0.0000E+00
 300.0  2.4595E-04  3.2969E-04  0.0000E+00
 320.0  2.5820E-04  3.5045E-04  0.0000E+00
 340.0  2.7009E-04  3.7106E-04  0.0000E+00
 360.0  2.8171E-04  3.9152E-04  0.0000E+00
 380.0  2.9310E-04  4.1182E-04  0.0000E+00
 400.0  3.0434E-04  4.3195E-04  0.0000E+00
 500.0  3.5587E-04  5.2918E-04  0.0000E+00
   145.0    IS OUT OF RANGE FOR T  IN SUB.-SURF  
   150.0    IS OUT OF RANGE FOR T  IN SUB.-SURF  
   155.0    IS OUT OF RANGE FOR T  IN SUB.-SURF  
   160.0    IS OUT OF RANGE FOR T  IN SUB.-SURF  
   165.0    IS OUT OF RANGE FOR T  IN SUB.-SURF  
   170.0    IS OUT OF RANGE FOR T  IN SUB.-SURF  
   175.0    IS OUT OF RANGE FOR T  IN SUB.-SURF  
   180.0    IS OUT OF RANGE FOR T  IN SUB.-SURF  
   185.0    IS OUT OF RANGE FOR T  IN SUB.-SURF  
   190.0    IS OUT OF RANGE FOR T  IN SUB.-SURF  
   195.0    IS OUT OF RANGE FOR T  IN SUB.-SURF  
   200.0    IS OUT OF RANGE FOR T  IN SUB.-SURF  
   220.0    IS OUT OF RANGE FOR T  IN SUB.-SURF  
   240.0    IS OUT OF RANGE FOR T  IN SUB.-SURF  
   260.0    IS OUT OF RANGE FOR T  IN SUB.-SURF  
   280.0    IS OUT OF RANGE FOR T  IN SUB.-SURF  
   300.0    IS OUT OF RANGE FOR T  IN SUB.-SURF  
   320.0    IS OUT OF RANGE FOR T  IN SUB.-SURF  
   340.0    IS OUT OF RANGE FOR T  IN SUB.-SURF  
   360.0    IS OUT OF RANGE FOR T  IN SUB.-SURF  
   380.0    IS OUT OF RANGE FOR T  IN SUB.-SURF  
   400.0    IS OUT OF RANGE FOR T  IN SUB.-SURF  
   500.0    IS OUT OF RANGE FOR T  IN SUB.-SURF  
  ISOBARS  =    51.468
 THERMODYNAMIC PROPERTY TABLE --- F2 
          51.47 ATMOSPHERE ISOBAR
   T     viscosity conductivity surf.tension
  degK   gm/cc     g/cm-s J/cm-s-K   dyne/cm
  70.0  2.8311E-03  1.6576E-03  0.0000E+00
  75.0  2.4199E-03  1.5770E-03  0.0000E+00
  80.0  2.0777E-03  1.4994E-03  0.0000E+00
  85.0  1.7918E-03  1.4245E-03  0.0000E+00
  90.0  1.5520E-03  1.3518E-03  0.0000E+00
  95.0  1.3502E-03  1.2812E-03  0.0000E+00
 100.0  1.1800E-03  1.2122E-03  0.0000E+00
 105.0  1.0358E-03  1.1444E-03  0.0000E+00
 110.0  9.1313E-04  1.0776E-03  0.0000E+00
 115.0  8.0835E-04  1.0112E-03  0.0000E+00
 120.0  7.1817E-04  9.4448E-04  0.0000E+00
 125.0  6.3968E-04  8.7643E-04  0.0000E+00
 130.0  5.7002E-04  8.0525E-04  0.0000E+00
 135.0  5.0569E-04  7.2719E-04  0.0000E+00
 140.0  4.3970E-04  6.3111E-04  0.0000E+00
 145.0  2.2883E-04  2.9581E-04  0.0000E+00
 150.0  1.9144E-04  2.5229E-04  0.0000E+00
 155.0  1.8246E-04  2.4226E-04  0.0000E+00
 160.0  1.7892E-04  2.3844E-04  0.0000E+00
 165.0  1.7778E-04  2.3738E-04  0.0000E+00
 170.0  1.7797E-04  2.3787E-04  0.0000E+00
 175.0  1.7898E-04  2.3936E-04  0.0000E+00
 180.0  1.8054E-04  2.4153E-04  0.0000E+00
 185.0  1.8250E-04  2.4421E-04  0.0000E+00
 190.0  1.8474E-04  2.4726E-04  0.0000E+00
 195.0  1.8718E-04  2.5060E-04  0.0000E+00
 200.0  1.8979E-04  2.5419E-04  0.0000E+00
 220.0  2.0116E-04  2.7014E-04  0.0000E+00
 240.0  2.1323E-04  2.8768E-04  0.0000E+00
 260.0  2.2545E-04  3.0609E-04  0.0000E+00
 280.0  2.3760E-04  3.2504E-04  0.0000E+00
 300.0  2.4959E-04  3.4430E-04  0.0000E+00
 320.0  2.6138E-04  3.6376E-04  0.0000E+00
 340.0  2.7297E-04  3.8332E-04  0.0000E+00
 360.0  2.8440E-04  4.0292E-04  0.0000E+00
 380.0  2.9569E-04  4.2251E-04  0.0000E+00
 400.0  3.0688E-04  4.4205E-04  0.0000E+00
 500.0  3.5864E-04  5.3749E-04  0.0000E+00
   145.0    IS OUT OF RANGE FOR T  IN SUB.-SURF  
   150.0    IS OUT OF RANGE FOR T  IN SUB.-SURF  
   155.0    IS OUT OF RANGE FOR T  IN SUB.-SURF  
   160.0    IS OUT OF RANGE FOR T  IN SUB.-SURF  
   165.0    IS OUT OF RANGE FOR T  IN SUB.-SURF  
   170.0    IS OUT OF RANGE FOR T  IN SUB.-SURF  
   175.0    IS OUT OF RANGE FOR T  IN SUB.-SURF  
   180.0    IS OUT OF RANGE FOR T  IN SUB.-SURF  
   185.0    IS OUT OF RANGE FOR T  IN SUB.-SURF  
   190.0    IS OUT OF RANGE FOR T  IN SUB.-SURF  
   195.0    IS OUT OF RANGE FOR T  IN SUB.-SURF  
   200.0    IS OUT OF RANGE FOR T  IN SUB.-SURF  
   220.0    IS OUT OF RANGE FOR T  IN SUB.-SURF  
   240.0    IS OUT OF RANGE FOR T  IN SUB.-SURF  
   260.0    IS OUT OF RANGE FOR T  IN SUB.-SURF  
   280.0    IS OUT OF RANGE FOR T  IN SUB.-SURF  
   300.0    IS OUT OF RANGE FOR T  IN SUB.-SURF  
   320.0    IS OUT OF RANGE FOR T  IN SUB.-SURF  
   340.0    IS OUT OF RANGE FOR T  IN SUB.-SURF  
   360.0    IS OUT OF RANGE FOR T  IN SUB.-SURF  
   380.0    IS OUT OF RANGE FOR T  IN SUB.-SURF  
   400.0    IS OUT OF RANGE FOR T  IN SUB.-SURF  
   500.0    IS OUT OF RANGE FOR T  IN SUB.-SURF  
  ISOBARS  =   100.000
 THERMODYNAMIC PROPERTY TABLE --- F2 
         100.00 ATMOSPHERE ISOBAR
   T     viscosity conductivity surf.tension
  degK   gm/cc     g/cm-s J/cm-s-K   dyne/cm
  70.0  2.9584E-03  1.6818E-03  0.0000E+00
  75.0  2.5361E-03  1.6024E-03  0.0000E+00
  80.0  2.1840E-03  1.5263E-03  0.0000E+00
  85.0  1.8893E-03  1.4529E-03  0.0000E+00
  90.0  1.6420E-03  1.3820E-03  0.0000E+00
  95.0  1.4337E-03  1.3134E-03  0.0000E+00
 100.0  1.2578E-03  1.2467E-03  0.0000E+00
 105.0  1.1089E-03  1.1818E-03  0.0000E+00
 110.0  9.8248E-04  1.1185E-03  0.0000E+00
 115.0  8.7491E-04  1.0563E-03  0.0000E+00
 120.0  7.8303E-04  9.9521E-04  0.0000E+00
 125.0  7.0422E-04  9.3472E-04  0.0000E+00
 130.0  6.3622E-04  8.7444E-04  0.0000E+00
 135.0  5.7706E-04  8.1383E-04  0.0000E+00
 140.0  5.2492E-04  7.5210E-04  0.0000E+00
 145.0  4.7805E-04  6.8813E-04  0.0000E+00
 150.0  4.3461E-04  6.2040E-04  0.0000E+00
 155.0  3.9267E-04  5.4776E-04  0.0000E+00
 160.0  3.5165E-04  4.7398E-04  0.0000E+00
 165.0  3.1569E-04  4.1350E-04  0.0000E+00
 170.0  2.8931E-04  3.7443E-04  0.0000E+00
 175.0  2.7155E-04  3.5098E-04  0.0000E+00
 180.0  2.5965E-04  3.3661E-04  0.0000E+00
 185.0  2.5156E-04  3.2754E-04  0.0000E+00
 190.0  2.4601E-04  3.2179E-04  0.0000E+00
 195.0  2.4221E-04  3.1825E-04  0.0000E+00
 200.0  2.3969E-04  3.1626E-04  0.0000E+00
 220.0  2.3710E-04  3.1730E-04  0.0000E+00
 240.0  2.4072E-04  3.2587E-04  0.0000E+00
 260.0  2.4721E-04  3.3812E-04  0.0000E+00
 280.0  2.5518E-04  3.5250E-04  0.0000E+00
 300.0  2.6399E-04  3.6822E-04  0.0000E+00
 320.0  2.7329E-04  3.8482E-04  0.0000E+00
 340.0  2.8289E-04  4.0204E-04  0.0000E+00
 360.0  2.9270E-04  4.1968E-04  0.0000E+00
 380.0  3.0266E-04  4.3760E-04  0.0000E+00
 400.0  3.1275E-04  4.5569E-04  0.0000E+00
 500.0  3.6109E-04  5.4612E-04  0.0000E+00
0 THERMODYNAMIC AND TRANSPORT PROPERTIES FOR H2     PC=12.759ATM,TC=32.976K,RHOC=.03143G/CC
   34.00    IS OUT OF RANGE FOR T  IN SUB.-SURF  
   36.00    IS OUT OF RANGE FOR T  IN SUB.-SURF  
   38.00    IS OUT OF RANGE FOR T  IN SUB.-SURF  
   40.00    IS OUT OF RANGE FOR T  IN SUB.-SURF  
   50.00    IS OUT OF RANGE FOR T  IN SUB.-SURF  
   60.00    IS OUT OF RANGE FOR T  IN SUB.-SURF  
   70.00    IS OUT OF RANGE FOR T  IN SUB.-SURF  
   80.00    IS OUT OF RANGE FOR T  IN SUB.-SURF  
   90.00    IS OUT OF RANGE FOR T  IN SUB.-SURF  
   100.0    IS OUT OF RANGE FOR T  IN SUB.-SURF  
   110.0    IS OUT OF RANGE FOR T  IN SUB.-SURF  
   120.0    IS OUT OF RANGE FOR T  IN SUB.-SURF  
   130.0    IS OUT OF RANGE FOR T  IN SUB.-SURF  
   140.0    IS OUT OF RANGE FOR T  IN SUB.-SURF  
   150.0    IS OUT OF RANGE FOR T  IN SUB.-SURF  
   160.0    IS OUT OF RANGE FOR T  IN SUB.-SURF  
   170.0    IS OUT OF RANGE FOR T  IN SUB.-SURF  
   180.0    IS OUT OF RANGE FOR T  IN SUB.-SURF  
   190.0    IS OUT OF RANGE FOR T  IN SUB.-SURF  
   200.0    IS OUT OF RANGE FOR T  IN SUB.-SURF  
   300.0    IS OUT OF RANGE FOR T  IN SUB.-SURF  
   400.0    IS OUT OF RANGE FOR T  IN SUB.-SURF  
   500.0    IS OUT OF RANGE FOR T  IN SUB.-SURF  
   600.0    IS OUT OF RANGE FOR T  IN SUB.-SURF  
   700.0    IS OUT OF RANGE FOR T  IN SUB.-SURF  
   800.0    IS OUT OF RANGE FOR T  IN SUB.-SURF  
   900.0    IS OUT OF RANGE FOR T  IN SUB.-SURF  
   1000.    IS OUT OF RANGE FOR T  IN SUB.-SURF  
   1100.    IS OUT OF RANGE FOR T  IN SUB.-SURF  
   1200.    IS OUT OF RANGE FOR T  IN SUB.-SURF  
   1300.    IS OUT OF RANGE FOR T  IN SUB.-SURF  
   1400.    IS OUT OF RANGE FOR T  IN SUB.-SURF  
   1500.    IS OUT OF RANGE FOR T  IN SUB.-SURF  
   1600.    IS OUT OF RANGE FOR T  IN SUB.-SURF  
   1700.    IS OUT OF RANGE FOR T  IN SUB.-SURF  
   1800.    IS OUT OF RANGE FOR T  IN SUB.-SURF  
   1900.    IS OUT OF RANGE FOR T  IN SUB.-SURF  
   2000.    IS OUT OF RANGE FOR T  IN SUB.-SURF  
  ISOBARS  =     1.000
 THERMODYNAMIC PROPERTY TABLE --- H2 
           1.00 ATMOSPHERE ISOBAR
   T     viscosity conductivity surf.tension
  degK   gm/cc     g/cm-s J/cm-s-K   dyne/cm
  16.0  1.9948E-04  8.8997E-04  2.6472E+00
  18.0  1.6274E-04  9.5553E-04  2.3164E+00
  20.0  1.3640E-04  9.8384E-04  1.9884E+00
  22.0  1.2201E-05  1.7623E-04  1.6637E+00
  24.0  1.3237E-05  1.9189E-04  1.3429E+00
  26.0  1.4252E-05  2.0751E-04  1.0267E+00
  28.0  1.5246E-05  2.2307E-04  7.1646E-01
  30.0  1.6219E-05  2.3865E-04  4.1441E-01
  32.0  1.7173E-05  2.5241E-04  1.2641E-01
  34.0  1.8107E-05  2.6625E-04  0.0000E+00
  36.0  1.9023E-05  2.8020E-04  0.0000E+00
  38.0  1.9921E-05  2.9417E-04  0.0000E+00
  40.0  2.0803E-05  3.0814E-04  0.0000E+00
  50.0  2.4985E-05  3.7763E-04  0.0000E+00
  60.0  2.8848E-05  4.4786E-04  0.0000E+00
  70.0  3.2455E-05  5.2509E-04  0.0000E+00
  80.0  3.5854E-05  6.0270E-04  0.0000E+00
  90.0  3.9081E-05  7.0169E-04  0.0000E+00
 100.0  4.2163E-05  8.0074E-04  0.0000E+00
 110.0  4.5122E-05  9.0326E-04  0.0000E+00
 120.0  4.7973E-05  1.0058E-03  0.0000E+00
 130.0  5.0732E-05  1.0922E-03  0.0000E+00
 140.0  5.3408E-05  1.1721E-03  0.0000E+00
 150.0  5.6011E-05  1.2520E-03  0.0000E+00
 160.0  5.8549E-05  1.3320E-03  0.0000E+00
 170.0  6.1028E-05  1.4119E-03  0.0000E+00
 180.0  6.3454E-05  1.4919E-03  0.0000E+00
 190.0  6.5831E-05  1.5719E-03  0.0000E+00
 200.0  6.8162E-05  1.6519E-03  0.0000E+00
 300.0  8.9613E-05  0.0000E+00  0.0000E+00
 400.0  1.0876E-04  0.0000E+00  0.0000E+00
 500.0  1.2640E-04  0.0000E+00  0.0000E+00
 600.0  1.4291E-04  0.0000E+00  0.0000E+00
 700.0  1.5854E-04  0.0000E+00  0.0000E+00
 800.0  1.7341E-04  0.0000E+00  0.0000E+00
 900.0  1.8763E-04  0.0000E+00  0.0000E+00
1000.0  2.0129E-04  0.0000E+00  0.0000E+00
1100.0  2.1444E-04  0.0000E+00  0.0000E+00
1200.0  2.2713E-04  0.0000E+00  0.0000E+00
1300.0  2.3941E-04  0.0000E+00  0.0000E+00
1400.0  2.5132E-04  0.0000E+00  0.0000E+00
1500.0  2.6287E-04  0.0000E+00  0.0000E+00
1600.0  2.7410E-04  0.0000E+00  0.0000E+00
1700.0  2.8503E-04  0.0000E+00  0.0000E+00
1800.0  2.9568E-04  0.0000E+00  0.0000E+00
1900.0  3.0608E-04  0.0000E+00  0.0000E+00
2000.0  3.1623E-04  0.0000E+00  0.0000E+00
   34.00    IS OUT OF RANGE FOR T  IN SUB.-SURF  
   36.00    IS OUT OF RANGE FOR T  IN SUB.-SURF  
   38.00    IS OUT OF RANGE FOR T  IN SUB.-SURF  
   40.00    IS OUT OF RANGE FOR T  IN SUB.-SURF  
   50.00    IS OUT OF RANGE FOR T  IN SUB.-SURF  
   60.00    IS OUT OF RANGE FOR T  IN SUB.-SURF  
   70.00    IS OUT OF RANGE FOR T  IN SUB.-SURF  
   80.00    IS OUT OF RANGE FOR T  IN SUB.-SURF  
   90.00    IS OUT OF RANGE FOR T  IN SUB.-SURF  
   100.0    IS OUT OF RANGE FOR T  IN SUB.-SURF  
   110.0    IS OUT OF RANGE FOR T  IN SUB.-SURF  
   120.0    IS OUT OF RANGE FOR T  IN SUB.-SURF  
   130.0    IS OUT OF RANGE FOR T  IN SUB.-SURF  
   140.0    IS OUT OF RANGE FOR T  IN SUB.-SURF  
   150.0    IS OUT OF RANGE FOR T  IN SUB.-SURF  
   160.0    IS OUT OF RANGE FOR T  IN SUB.-SURF  
   170.0    IS OUT OF RANGE FOR T  IN SUB.-SURF  
   180.0    IS OUT OF RANGE FOR T  IN SUB.-SURF  
   190.0    IS OUT OF RANGE FOR T  IN SUB.-SURF  
   200.0    IS OUT OF RANGE FOR T  IN SUB.-SURF  
   300.0    IS OUT OF RANGE FOR T  IN SUB.-SURF  
   400.0    IS OUT OF RANGE FOR T  IN SUB.-SURF  
   500.0    IS OUT OF RANGE FOR T  IN SUB.-SURF  
   600.0    IS OUT OF RANGE FOR T  IN SUB.-SURF  
   700.0    IS OUT OF RANGE FOR T  IN SUB.-SURF  
   800.0    IS OUT OF RANGE FOR T  IN SUB.-SURF  
   900.0    IS OUT OF RANGE FOR T  IN SUB.-SURF  
   1000.    IS OUT OF RANGE FOR T  IN SUB.-SURF  
   1100.    IS OUT OF RANGE FOR T  IN SUB.-SURF  
   1200.    IS OUT OF RANGE FOR T  IN SUB.-SURF  
   1300.    IS OUT OF RANGE FOR T  IN SUB.-SURF  
   1400.    IS OUT OF RANGE FOR T  IN SUB.-SURF  
   1500.    IS OUT OF RANGE FOR T  IN SUB.-SURF  
   1600.    IS OUT OF RANGE FOR T  IN SUB.-SURF  
   1700.    IS OUT OF RANGE FOR T  IN SUB.-SURF  
   1800.    IS OUT OF RANGE FOR T  IN SUB.-SURF  
   1900.    IS OUT OF RANGE FOR T  IN SUB.-SURF  
   2000.    IS OUT OF RANGE FOR T  IN SUB.-SURF  
  ISOBARS  =    12.759
 THERMODYNAMIC PROPERTY TABLE --- H2 
          12.76 ATMOSPHERE ISOBAR
   T     viscosity conductivity surf.tension
  degK   gm/cc     g/cm-s J/cm-s-K   dyne/cm
  16.0  2.1613E-04  9.0768E-04  0.0000E+00
  18.0  1.7652E-04  9.8148E-04  0.0000E+00
  20.0  1.4845E-04  1.0179E-03  0.0000E+00
  22.0  1.2719E-04  1.0500E-03  0.0000E+00
  24.0  1.1021E-04  1.0551E-03  0.0000E+00
  26.0  9.5950E-05  1.0373E-03  0.0000E+00
  28.0  8.3284E-05  9.9744E-04  0.0000E+00
  30.0  7.1082E-05  9.3128E-04  0.0000E+00
  32.0  5.6808E-05  8.0419E-04  0.0000E+00
  34.0  2.4392E-05  3.8790E-04  0.0000E+00
  36.0  2.3152E-05  3.7169E-04  0.0000E+00
  38.0  2.3239E-05  3.7226E-04  0.0000E+00
  40.0  2.3661E-05  3.7786E-04  0.0000E+00
  50.0  2.6874E-05  4.2733E-04  0.0000E+00
  60.0  3.0340E-05  4.8838E-04  0.0000E+00
  70.0  3.3710E-05  5.6017E-04  0.0000E+00
  80.0  3.6944E-05  6.3374E-04  0.0000E+00
  90.0  4.0047E-05  7.3042E-04  0.0000E+00
 100.0  4.3033E-05  8.2743E-04  0.0000E+00
 110.0  4.5913E-05  9.2829E-04  0.0000E+00
 120.0  4.8700E-05  1.0294E-03  0.0000E+00
 130.0  5.1404E-05  1.1144E-03  0.0000E+00
 140.0  5.4034E-05  1.1930E-03  0.0000E+00
 150.0  5.6597E-05  1.2721E-03  0.0000E+00
 160.0  5.9099E-05  1.3515E-03  0.0000E+00
 170.0  6.1547E-05  1.4312E-03  0.0000E+00
 180.0  6.3945E-05  1.5113E-03  0.0000E+00
 190.0  6.6296E-05  1.5917E-03  0.0000E+00
 200.0  6.8605E-05  1.6725E-03  0.0000E+00
 300.0  8.9912E-05  0.0000E+00  0.0000E+00
 400.0  1.0898E-04  0.0000E+00  0.0000E+00
 500.0  1.2658E-04  0.0000E+00  0.0000E+00
 600.0  1.4307E-04  0.0000E+00  0.0000E+00
 700.0  1.5867E-04  0.0000E+00  0.0000E+00
 800.0  1.7352E-04  0.0000E+00  0.0000E+00
 900.0  1.8773E-04  0.0000E+00  0.0000E+00
1000.0  2.0138E-04  0.0000E+00  0.0000E+00
1100.0  2.1452E-04  0.0000E+00  0.0000E+00
1200.0  2.2721E-04  0.0000E+00  0.0000E+00
1300.0  2.3948E-04  0.0000E+00  0.0000E+00
1400.0  2.5138E-04  0.0000E+00  0.0000E+00
1500.0  2.6293E-04  0.0000E+00  0.0000E+00
1600.0  2.7416E-04  0.0000E+00  0.0000E+00
1700.0  2.8509E-04  0.0000E+00  0.0000E+00
1800.0  2.9574E-04  0.0000E+00  0.0000E+00
1900.0  3.0613E-04  0.0000E+00  0.0000E+00
2000.0  3.1627E-04  0.0000E+00  0.0000E+00
   34.00    IS OUT OF RANGE FOR T  IN SUB.-SURF  
   36.00    IS OUT OF RANGE FOR T  IN SUB.-SURF  
   38.00    IS OUT OF RANGE FOR T  IN SUB.-SURF  
   40.00    IS OUT OF RANGE FOR T  IN SUB.-SURF  
   50.00    IS OUT OF RANGE FOR T  IN SUB.-SURF  
   60.00    IS OUT OF RANGE FOR T  IN SUB.-SURF  
   70.00    IS OUT OF RANGE FOR T  IN SUB.-SURF  
   80.00    IS OUT OF RANGE FOR T  IN SUB.-SURF  
   90.00    IS OUT OF RANGE FOR T  IN SUB.-SURF  
   100.0    IS OUT OF RANGE FOR T  IN SUB.-SURF  
   110.0    IS OUT OF RANGE FOR T  IN SUB.-SURF  
   120.0    IS OUT OF RANGE FOR T  IN SUB.-SURF  
   130.0    IS OUT OF RANGE FOR T  IN SUB.-SURF  
   140.0    IS OUT OF RANGE FOR T  IN SUB.-SURF  
   150.0    IS OUT OF RANGE FOR T  IN SUB.-SURF  
   160.0    IS OUT OF RANGE FOR T  IN SUB.-SURF  
   170.0    IS OUT OF RANGE FOR T  IN SUB.-SURF  
   180.0    IS OUT OF RANGE FOR T  IN SUB.-SURF  
   190.0    IS OUT OF RANGE FOR T  IN SUB.-SURF  
   200.0    IS OUT OF RANGE FOR T  IN SUB.-SURF  
   300.0    IS OUT OF RANGE FOR T  IN SUB.-SURF  
   400.0    IS OUT OF RANGE FOR T  IN SUB.-SURF  
   500.0    IS OUT OF RANGE FOR T  IN SUB.-SURF  
   600.0    IS OUT OF RANGE FOR T  IN SUB.-SURF  
   700.0    IS OUT OF RANGE FOR T  IN SUB.-SURF  
   800.0    IS OUT OF RANGE FOR T  IN SUB.-SURF  
   900.0    IS OUT OF RANGE FOR T  IN SUB.-SURF  
   1000.    IS OUT OF RANGE FOR T  IN SUB.-SURF  
   1100.    IS OUT OF RANGE FOR T  IN SUB.-SURF  
   1200.    IS OUT OF RANGE FOR T  IN SUB.-SURF  
   1300.    IS OUT OF RANGE FOR T  IN SUB.-SURF  
   1400.    IS OUT OF RANGE FOR T  IN SUB.-SURF  
   1500.    IS OUT OF RANGE FOR T  IN SUB.-SURF  
   1600.    IS OUT OF RANGE FOR T  IN SUB.-SURF  
   1700.    IS OUT OF RANGE FOR T  IN SUB.-SURF  
   1800.    IS OUT OF RANGE FOR T  IN SUB.-SURF  
   1900.    IS OUT OF RANGE FOR T  IN SUB.-SURF  
   2000.    IS OUT OF RANGE FOR T  IN SUB.-SURF  
  ISOBARS  =   100.000
 THERMODYNAMIC PROPERTY TABLE --- H2 
         100.00 ATMOSPHERE ISOBAR
   T     viscosity conductivity surf.tension
  degK   gm/cc     g/cm-s J/cm-s-K   dyne/cm
  16.0  3.5261E-04  1.0068E-03  0.0000E+00
  18.0  2.8344E-04  1.1238E-03  0.0000E+00
  20.0  2.3671E-04  1.1976E-03  0.0000E+00
  22.0  2.0320E-04  1.2687E-03  0.0000E+00
  24.0  1.7806E-04  1.3127E-03  0.0000E+00
  26.0  1.5851E-04  1.3363E-03  0.0000E+00
  28.0  1.4285E-04  1.3446E-03  0.0000E+00
  30.0  1.3000E-04  1.3421E-03  0.0000E+00
  32.0  1.1923E-04  1.3218E-03  0.0000E+00
  34.0  1.1004E-04  1.2971E-03  0.0000E+00
  36.0  1.0211E-04  1.2694E-03  0.0000E+00
  38.0  9.5168E-05  1.2394E-03  0.0000E+00
  40.0  8.9056E-05  1.2080E-03  0.0000E+00
  50.0  6.7458E-05  1.0519E-03  0.0000E+00
  60.0  5.6498E-05  9.4606E-04  0.0000E+00
  70.0  5.2040E-05  9.1445E-04  0.0000E+00
  80.0  5.0826E-05  9.2198E-04  0.0000E+00
  90.0  5.1128E-05  9.8188E-04  0.0000E+00
 100.0  5.2194E-05  1.0517E-03  0.0000E+00
 110.0  5.3695E-05  1.1326E-03  0.0000E+00
 120.0  5.5459E-05  1.2183E-03  0.0000E+00
 130.0  5.7383E-05  1.2889E-03  0.0000E+00
 140.0  5.9404E-05  1.3560E-03  0.0000E+00
 150.0  6.1479E-05  1.4270E-03  0.0000E+00
 160.0  6.3583E-05  1.5012E-03  0.0000E+00
 170.0  6.5699E-05  1.5785E-03  0.0000E+00
 180.0  6.7816E-05  1.6587E-03  0.0000E+00
 190.0  6.9926E-05  1.7417E-03  0.0000E+00
 200.0  7.2026E-05  1.8275E-03  0.0000E+00
 300.0  9.2122E-05  0.0000E+00  0.0000E+00
 400.0  1.1064E-04  0.0000E+00  0.0000E+00
 500.0  1.2790E-04  0.0000E+00  0.0000E+00
 600.0  1.4417E-04  0.0000E+00  0.0000E+00
 700.0  1.5962E-04  0.0000E+00  0.0000E+00
 800.0  1.7435E-04  0.0000E+00  0.0000E+00
 900.0  1.8847E-04  0.0000E+00  0.0000E+00
1000.0  2.0205E-04  0.0000E+00  0.0000E+00
1100.0  2.1513E-04  0.0000E+00  0.0000E+00
1200.0  2.2777E-04  0.0000E+00  0.0000E+00
1300.0  2.4000E-04  0.0000E+00  0.0000E+00
1400.0  2.5186E-04  0.0000E+00  0.0000E+00
1500.0  2.6338E-04  0.0000E+00  0.0000E+00
1600.0  2.7458E-04  0.0000E+00  0.0000E+00
1700.0  2.8548E-04  0.0000E+00  0.0000E+00
1800.0  2.9611E-04  0.0000E+00  0.0000E+00
1900.0  3.0648E-04  0.0000E+00  0.0000E+00
2000.0  3.1661E-04  0.0000E+00  0.0000E+00
 Normal termination of ShortTransport
