1
0 THERMODYNAMIC AND TRANSPORT PROPERTIES FOR METHANE PC=45.66 ATM,TC=190.77 K,ROC=.162 G/CC
 SATURATION PROPERTIES
   T     density  entropy  enthalpy    Cp     Cv       c    gamma
  degK   gm/cc     J/G-K     J/gm    J/gm-K  J/gm-K  cm/sec
  92.0  1.380E-02  4.511E-01  2.233E+02  4.318E+00  9.180E-01  2.360E+00  2.571E+00  2.040E+05
  92.0  1.380E-02  2.921E-04  7.608E+02  1.016E+01  1.582E+00  2.120E+00  1.340E+00  2.505E+04
  97.0  2.482E-02  4.440E-01  2.364E+02  4.457E+00  1.430E+00  2.883E+00  2.017E+00  1.723E+05
  97.0  2.482E-02  5.006E-04  7.705E+02  9.962E+00  1.586E+00  2.135E+00  1.346E+00  2.565E+04
 102.0  4.207E-02  4.369E-01  2.518E+02  4.610E+00  1.776E+00  3.242E+00  1.825E+00  1.561E+05
 102.0  4.207E-02  8.123E-04  7.798E+02  9.787E+00  1.592E+00  2.155E+00  1.354E+00  2.620E+04
 107.0  6.771E-02  4.297E-01  2.686E+02  4.771E+00  1.980E+00  3.461E+00  1.748E+00  1.453E+05
 107.0  6.771E-02  1.257E-03  7.887E+02  9.631E+00  1.600E+00  2.182E+00  1.364E+00  2.671E+04
 112.0  1.042E-01  4.224E-01  2.862E+02  4.931E+00  2.073E+00  3.576E+00  1.725E+00  1.372E+05
 112.0  1.042E-01  1.867E-03  7.971E+02  9.492E+00  1.609E+00  2.216E+00  1.377E+00  2.716E+04
 117.0  1.542E-01  4.150E-01  3.043E+02  5.088E+00  2.087E+00  3.620E+00  1.735E+00  1.304E+05
 117.0  1.542E-01  2.678E-03  8.050E+02  9.368E+00  1.621E+00  2.258E+00  1.393E+00  2.756E+04
 122.0  2.205E-01  4.074E-01  3.225E+02  5.239E+00  2.055E+00  3.628E+00  1.766E+00  1.245E+05
 122.0  2.205E-01  3.729E-03  8.124E+02  9.254E+00  1.634E+00  2.309E+00  1.413E+00  2.790E+04
 127.0  3.063E-01  3.995E-01  3.408E+02  5.384E+00  1.920E+00  3.545E+00  1.846E+00  1.201E+05
 127.0  3.063E-01  5.062E-03  8.191E+02  9.150E+00  1.650E+00  2.371E+00  1.437E+00  2.819E+04
 132.0  4.147E-01  3.914E-01  3.591E+02  5.523E+00  1.920E+00  3.609E+00  1.880E+00  1.140E+05
 132.0  4.147E-01  6.726E-03  8.251E+02  9.054E+00  1.667E+00  2.446E+00  1.467E+00  2.841E+04
 137.0  5.490E-01  3.830E-01  3.777E+02  5.659E+00  1.918E+00  3.688E+00  1.922E+00  1.080E+05
 137.0  5.490E-01  8.778E-03  8.303E+02  8.963E+00  1.687E+00  2.537E+00  1.504E+00  2.856E+04
 142.0  7.127E-01  3.742E-01  3.967E+02  5.792E+00  1.915E+00  3.783E+00  1.976E+00  1.020E+05
 142.0  7.127E-01  1.128E-02  8.347E+02  8.877E+00  1.708E+00  2.647E+00  1.550E+00  2.865E+04
 147.0  9.090E-01  3.650E-01  4.164E+02  5.924E+00  1.910E+00  3.902E+00  2.043E+00  9.601E+04
 147.0  9.090E-01  1.432E-02  8.381E+02  8.794E+00  1.731E+00  2.783E+00  1.608E+00  2.867E+04
 152.0  1.141E+00  3.551E-01  4.369E+02  6.057E+00  1.904E+00  4.051E+00  2.127E+00  8.997E+04
 152.0  1.141E+00  1.799E-02  8.404E+02  8.712E+00  1.757E+00  2.955E+00  1.682E+00  2.862E+04
 157.0  1.413E+00  3.446E-01  4.583E+02  6.191E+00  1.899E+00  4.244E+00  2.235E+00  8.382E+04
 157.0  1.413E+00  2.241E-02  8.415E+02  8.632E+00  1.785E+00  3.176E+00  1.779E+00  2.849E+04
 162.0  1.728E+00  3.332E-01  4.807E+02  6.326E+00  1.894E+00  4.504E+00  2.378E+00  7.748E+04
 162.0  1.728E+00  2.776E-02  8.411E+02  8.550E+00  1.816E+00  3.472E+00  1.912E+00  2.828E+04
 167.0  2.088E+00  3.205E-01  5.040E+02  6.461E+00  1.892E+00  4.871E+00  2.575E+00  7.086E+04
 167.0  2.088E+00  3.427E-02  8.389E+02  8.466E+00  1.850E+00  3.889E+00  2.103E+00  2.800E+04
 172.0  2.499E+00  3.062E-01  5.283E+02  6.596E+00  1.893E+00  5.431E+00  2.868E+00  6.384E+04
 172.0  2.499E+00  4.237E-02  8.343E+02  8.376E+00  1.888E+00  4.522E+00  2.395E+00  2.763E+04
 177.0  2.965E+00  2.895E-01  5.540E+02  6.734E+00  1.901E+00  6.392E+00  3.362E+00  5.626E+04
 177.0  2.965E+00  5.277E-02  8.264E+02  8.274E+00  1.932E+00  5.604E+00  2.900E+00  2.717E+04
 182.0  3.496E+00  2.684E-01  5.827E+02  6.884E+00  1.922E+00  8.467E+00  4.405E+00  4.785E+04
 182.0  3.496E+00  6.717E-02  8.130E+02  8.149E+00  1.986E+00  7.924E+00  3.990E+00  2.662E+04
 187.0  4.104E+00  2.374E-01  6.214E+02  7.080E+00  1.970E+00  1.645E+01  8.349E+00  3.804E+04
 187.0  4.104E+00  9.100E-02  7.869E+02  7.965E+00  2.057E+00  1.664E+01  8.092E+00  2.604E+04
1
0 THERMODYNAMIC AND TRANSPORT PROPERTIES FOR NITROGEN PC=33.72ATM,TC=126.3 K,ROC=.3105 G/CC
 SATURATION PROPERTIES
   T     density  entropy  enthalpy    Cp     Cv       c    gamma
  degK   gm/cc     J/G-K     J/gm    J/gm-K  J/gm-K  cm/sec
  65.0  1.739E-02  8.568E-01  4.130E+00  6.498E-02  1.210E+00  2.021E+00  1.669E+00  9.642E+04
  65.0  1.739E-02  9.135E-04  2.176E+02  3.349E+00  7.488E-01  1.062E+00  1.418E+00  1.632E+04
  70.0  3.853E-02  8.360E-01  1.439E+01  2.167E-01  1.181E+00  2.066E+00  1.749E+00  9.226E+04
  70.0  3.853E-02  1.899E-03  2.221E+02  3.184E+00  7.550E-01  1.081E+00  1.432E+00  1.684E+04
  75.0  7.599E-02  8.143E-01  2.476E+01  3.591E-01  1.117E+00  2.063E+00  1.847E+00  8.817E+04
  75.0  7.599E-02  3.547E-03  2.262E+02  3.045E+00  7.641E-01  1.111E+00  1.453E+00  1.730E+04
  80.0  1.367E-01  7.917E-01  3.506E+01  4.911E-01  1.037E+00  2.040E+00  1.967E+00  8.417E+04
  80.0  1.367E-01  6.102E-03  2.298E+02  2.926E+00  7.762E-01  1.151E+00  1.483E+00  1.768E+04
  85.0  2.284E-01  7.680E-01  4.528E+01  6.136E-01  9.634E-01  2.028E+00  2.105E+00  7.997E+04
  85.0  2.284E-01  9.844E-03  2.329E+02  2.821E+00  7.913E-01  1.206E+00  1.525E+00  1.798E+04
  90.0  3.597E-01  7.430E-01  5.553E+01  7.288E-01  9.140E-01  2.050E+00  2.243E+00  7.518E+04
  90.0  3.597E-01  1.511E-02  2.354E+02  2.727E+00  8.092E-01  1.279E+00  1.581E+00  1.820E+04
  95.0  5.397E-01  7.165E-01  6.602E+01  8.395E-01  8.959E-01  2.124E+00  2.371E+00  6.956E+04
  95.0  5.397E-01  2.232E-02  2.371E+02  2.640E+00  8.299E-01  1.377E+00  1.659E+00  1.834E+04
 100.0  7.778E-01  6.878E-01  7.699E+01  9.486E-01  9.028E-01  2.254E+00  2.496E+00  6.324E+04
 100.0  7.778E-01  3.203E-02  2.379E+02  2.558E+00  8.533E-01  1.510E+00  1.769E+00  1.838E+04
 105.0  1.084E+00  6.564E-01  8.869E+01  1.058E+00  9.470E-01  2.475E+00  2.614E+00  5.602E+04
 105.0  1.084E+00  4.503E-02  2.377E+02  2.477E+00  8.793E-01  1.702E+00  1.935E+00  1.832E+04
 110.0  1.467E+00  6.207E-01  1.014E+02  1.171E+00  9.449E-01  2.753E+00  2.913E+00  4.941E+04
 110.0  1.467E+00  6.255E-02  2.360E+02  2.395E+00  9.084E-01  2.003E+00  2.205E+00  1.815E+04
 115.0  1.939E+00  5.784E-01  1.154E+02  1.288E+00  9.443E-01  3.270E+00  3.463E+00  4.227E+04
 115.0  1.939E+00  8.697E-02  2.324E+02  2.306E+00  9.412E-01  2.559E+00  2.719E+00  1.787E+04
 120.0  2.514E+00  5.230E-01  1.321E+02  1.422E+00  9.497E-01  4.607E+00  4.851E+00  3.417E+04
 120.0  2.514E+00  1.242E-01  2.251E+02  2.197E+00  9.800E-01  3.991E+00  4.073E+00  1.747E+04
 125.0  3.211E+00  4.222E-01  1.585E+02  1.624E+00  9.814E-01  1.705E+01  1.737E+01  2.373E+04
 125.0  3.211E+00  2.052E-01  2.066E+02  2.009E+00  1.030E+00  1.741E+01  1.691E+01  1.717E+04
1
0 THERMODYNAMIC AND TRANSPORT PROPERTIES FOR OXYGEN PC=50.16ATM, TC=154.78 K,ROC=.4325 G/CC
 SATURATION PROPERTIES
   T     density  entropy  enthalpy    Cp     Cv       c    gamma
  degK   gm/cc     J/G-K     J/gm    J/gm-K  J/gm-K  cm/sec
  0.6224E-02IS OUT OF RANGE FOR P  IN SUB.-ENTH  
  0.6224E-02IS OUT OF RANGE FOR P  IN SUB.-ENT   
  0.6224E-02IS OUT OF RANGE FOR P  IN SUB.-DENS  
  0.6224E-02IS OUT OF RANGE FOR P  IN SUB.-ENTH  
  0.6224E-02IS OUT OF RANGE FOR P  IN SUB.-SONIC 
  70.0  6.224E-03  1.237E+00  1.073E+02  2.518E+00  8.608E-01  1.519E+00  1.765E+00  1.093E+05
  70.0  6.224E-03  3.437E-04  3.380E+02  5.813E+00  6.528E-01  9.173E-01  1.405E+00  1.592E+04
  75.0  1.449E-02  1.214E+00  1.152E+02  2.627E+00  9.564E-01  1.637E+00  1.712E+00  1.022E+05
  75.0  1.449E-02  7.495E-04  3.423E+02  5.654E+00  6.551E-01  9.237E-01  1.410E+00  1.644E+04
  80.0  3.007E-02  1.190E+00  1.236E+02  2.735E+00  1.009E+00  1.711E+00  1.696E+00  9.640E+04
  80.0  3.007E-02  1.467E-03  3.464E+02  5.520E+00  6.585E-01  9.336E-01  1.418E+00  1.692E+04
  85.0  5.684E-02  1.166E+00  1.323E+02  2.840E+00  1.024E+00  1.749E+00  1.708E+00  9.152E+04
  85.0  5.684E-02  2.633E-03  3.504E+02  5.406E+00  6.632E-01  9.478E-01  1.429E+00  1.736E+04
  90.0  9.946E-02  1.142E+00  1.411E+02  2.940E+00  1.009E+00  1.761E+00  1.745E+00  8.726E+04
  90.0  9.946E-02  4.402E-03  3.541E+02  5.306E+00  6.694E-01  9.671E-01  1.445E+00  1.775E+04
  95.0  1.633E-01  1.116E+00  1.499E+02  3.035E+00  9.759E-01  1.759E+00  1.802E+00  8.340E+04
  95.0  1.633E-01  6.949E-03  3.574E+02  5.219E+00  6.770E-01  9.923E-01  1.466E+00  1.808E+04
 100.0  2.542E-01  1.090E+00  1.588E+02  3.125E+00  9.344E-01  1.753E+00  1.876E+00  7.974E+04
 100.0  2.542E-01  1.047E-02  3.605E+02  5.142E+00  6.862E-01  1.025E+00  1.493E+00  1.837E+04
 105.0  3.787E-01  1.063E+00  1.676E+02  3.210E+00  8.952E-01  1.757E+00  1.963E+00  7.603E+04
 105.0  3.787E-01  1.518E-02  3.631E+02  5.072E+00  6.970E-01  1.066E+00  1.529E+00  1.859E+04
 110.0  5.434E-01  1.035E+00  1.765E+02  3.291E+00  8.602E-01  1.774E+00  2.062E+00  7.221E+04
 110.0  5.434E-01  2.136E-02  3.653E+02  5.008E+00  7.093E-01  1.118E+00  1.576E+00  1.876E+04
 115.0  7.553E-01  1.005E+00  1.856E+02  3.370E+00  8.451E-01  1.822E+00  2.156E+00  6.788E+04
 115.0  7.553E-01  2.930E-02  3.669E+02  4.947E+00  7.233E-01  1.184E+00  1.637E+00  1.887E+04
 120.0  1.022E+00  9.738E-01  1.949E+02  3.447E+00  8.358E-01  1.892E+00  2.264E+00  6.330E+04
 120.0  1.022E+00  3.942E-02  3.680E+02  4.890E+00  7.390E-01  1.271E+00  1.720E+00  1.891E+04
 125.0  1.350E+00  9.399E-01  2.047E+02  3.524E+00  8.305E-01  1.989E+00  2.395E+00  5.848E+04
 125.0  1.350E+00  5.224E-02  3.683E+02  4.833E+00  7.569E-01  1.388E+00  1.833E+00  1.889E+04
 130.0  1.749E+00  9.029E-01  2.150E+02  3.601E+00  8.286E-01  2.127E+00  2.567E+00  5.338E+04
 130.0  1.749E+00  6.850E-02  3.678E+02  4.777E+00  7.771E-01  1.552E+00  1.997E+00  1.881E+04
 135.0  2.224E+00  8.616E-01  2.259E+02  3.680E+00  8.302E-01  2.333E+00  2.811E+00  4.796E+04
 135.0  2.224E+00  8.932E-02  3.661E+02  4.719E+00  8.005E-01  1.799E+00  2.248E+00  1.866E+04
 140.0  2.787E+00  8.141E-01  2.377E+02  3.761E+00  8.361E-01  2.677E+00  3.202E+00  4.211E+04
 140.0  2.787E+00  1.167E-01  3.630E+02  4.656E+00  8.281E-01  2.215E+00  2.675E+00  1.844E+04
 145.0  3.447E+00  7.562E-01  2.510E+02  3.848E+00  8.487E-01  3.370E+00  3.971E+00  3.569E+04
 145.0  3.447E+00  1.546E-01  3.575E+02  4.583E+00  8.622E-01  3.065E+00  3.555E+00  1.814E+04
 150.0  4.220E+00  6.759E-01  2.677E+02  3.954E+00  8.750E-01  5.558E+00  6.351E+00  2.835E+04
 150.0  4.220E+00  2.147E-01  3.474E+02  4.485E+00  9.081E-01  5.798E+00  6.385E+00  1.778E+04
1
0 THERMODYNAMIC AND TRANSPORT PROPERTIES FOR ARGON PC= 48.014ATM,  TC=150.7 K,ROC=.531 G/CC
 SATURATION PROPERTIES
   T     density  entropy  enthalpy    Cp     Cv       c    gamma
  degK   gm/cc     J/G-K     J/gm    J/gm-K  J/gm-K  cm/sec
  84.0  7.065E-02  1.412E+00  7.033E+01  1.319E+00  7.763E-01  1.246E+00  1.606E+00  7.386E+04
  84.0  7.065E-02  4.147E-03  2.350E+02  3.280E+00  3.132E-01  5.397E-01  1.723E+00  1.691E+04
  89.0  1.214E-01  1.382E+00  7.652E+01  1.390E+00  6.854E-01  1.219E+00  1.779E+00  7.374E+04
  89.0  1.214E-01  6.813E-03  2.369E+02  3.193E+00  3.159E-01  5.531E-01  1.751E+00  1.731E+04
  94.0  1.960E-01  1.351E+00  8.261E+01  1.456E+00  6.150E-01  1.203E+00  1.955E+00  7.297E+04
  94.0  1.960E-01  1.059E-02  2.386E+02  3.115E+00  3.198E-01  5.715E-01  1.787E+00  1.767E+04
  99.0  3.005E-01  1.318E+00  8.865E+01  1.518E+00  5.584E-01  1.195E+00  2.140E+00  7.166E+04
  99.0  3.005E-01  1.572E-02  2.399E+02  3.046E+00  3.250E-01  5.961E-01  1.834E+00  1.798E+04
 104.0  4.413E-01  1.284E+00  9.467E+01  1.576E+00  5.104E-01  1.195E+00  2.341E+00  6.995E+04
 104.0  4.413E-01  2.252E-02  2.409E+02  2.982E+00  3.315E-01  6.281E-01  1.895E+00  1.825E+04
 109.0  6.251E-01  1.247E+00  1.007E+02  1.632E+00  4.524E-01  1.188E+00  2.627E+00  6.863E+04
 109.0  6.251E-01  3.132E-02  2.415E+02  2.923E+00  3.394E-01  6.698E-01  1.973E+00  1.846E+04
 114.0  8.586E-01  1.209E+00  1.068E+02  1.685E+00  4.389E-01  1.234E+00  2.811E+00  6.518E+04
 114.0  8.586E-01  4.255E-02  2.417E+02  2.868E+00  3.487E-01  7.243E-01  2.077E+00  1.863E+04
 119.0  1.149E+00  1.169E+00  1.131E+02  1.737E+00  4.314E-01  1.298E+00  3.010E+00  6.121E+04
 119.0  1.149E+00  5.677E-02  2.414E+02  2.814E+00  3.595E-01  7.971E-01  2.217E+00  1.876E+04
 124.0  1.504E+00  1.125E+00  1.196E+02  1.787E+00  4.271E-01  1.388E+00  3.250E+00  5.683E+04
 124.0  1.504E+00  7.474E-02  2.404E+02  2.762E+00  3.721E-01  8.979E-01  2.413E+00  1.884E+04
 129.0  1.932E+00  1.077E+00  1.265E+02  1.839E+00  4.250E-01  1.518E+00  3.572E+00  5.206E+04
 129.0  1.932E+00  9.760E-02  2.387E+02  2.709E+00  3.868E-01  1.046E+00  2.703E+00  1.887E+04
 134.0  2.442E+00  1.022E+00  1.340E+02  1.892E+00  4.249E-01  1.723E+00  4.055E+00  4.686E+04
 134.0  2.442E+00  1.272E-01  2.360E+02  2.654E+00  4.041E-01  1.283E+00  3.174E+00  1.886E+04
 139.0  3.042E+00  9.587E-01  1.427E+02  1.952E+00  4.277E-01  2.096E+00  4.901E+00  4.107E+04
 139.0  3.042E+00  1.672E-01  2.319E+02  2.593E+00  4.253E-01  1.727E+00  4.062E+00  1.881E+04
 144.0  3.744E+00  8.767E-01  1.535E+02  2.023E+00  4.360E-01  3.012E+00  6.909E+00  3.437E+04
 144.0  3.744E+00  2.260E-01  2.251E+02  2.520E+00  4.526E-01  2.874E+00  6.351E+00  1.871E+04
 149.0  4.560E+00  7.370E-01  1.703E+02  2.130E+00  4.617E-01  9.426E+00  2.042E+01  2.564E+04
 149.0  4.560E+00  3.440E-01  2.108E+02  2.402E+00  4.923E-01  1.204E+01  2.446E+01  1.869E+04
1
0 THERMODYNAMIC AND TRANSPORT PROPERTIES FOR CO2 PC=72.869ATM,  TC=304.21 K,  ROC=.464 G/CC
 SATURATION PROPERTIES
   T     density  entropy  enthalpy    Cp     Cv       c    gamma
  degK   gm/cc     J/G-K     J/gm    J/gm-K  J/gm-K  cm/sec
 217.0  5.280E-01  1.179E+00  3.823E+02  2.638E+00  1.051E+00  2.080E+00  1.979E+00  9.631E+04
 217.0  5.280E-01  1.401E-02  7.324E+02  4.251E+00  6.259E-01  9.023E-01  1.441E+00  2.226E+04
 222.0  6.520E-01  1.160E+00  3.926E+02  2.684E+00  1.018E+00  2.056E+00  2.020E+00  9.309E+04
 222.0  6.520E-01  1.716E-02  7.342E+02  4.223E+00  6.391E-01  9.330E-01  1.460E+00  2.231E+04
 227.0  7.966E-01  1.141E+00  4.029E+02  2.730E+00  9.858E-01  2.038E+00  2.068E+00  8.991E+04
 227.0  7.966E-01  2.082E-02  7.358E+02  4.196E+00  6.529E-01  9.675E-01  1.482E+00  2.234E+04
 232.0  9.637E-01  1.122E+00  4.131E+02  2.773E+00  9.580E-01  2.030E+00  2.119E+00  8.668E+04
 232.0  9.637E-01  2.508E-02  7.371E+02  4.170E+00  6.673E-01  1.007E+00  1.508E+00  2.234E+04
 237.0  1.156E+00  1.102E+00  4.233E+02  2.816E+00  9.853E-01  2.082E+00  2.114E+00  8.221E+04
 237.0  1.156E+00  3.001E-02  7.381E+02  4.144E+00  6.826E-01  1.051E+00  1.540E+00  2.232E+04
 242.0  1.374E+00  1.081E+00  4.335E+02  2.858E+00  9.650E-01  2.093E+00  2.169E+00  7.883E+04
 242.0  1.374E+00  3.569E-02  7.388E+02  4.119E+00  6.986E-01  1.102E+00  1.577E+00  2.228E+04
 247.0  1.622E+00  1.059E+00  4.438E+02  2.899E+00  9.486E-01  2.116E+00  2.230E+00  7.536E+04
 247.0  1.622E+00  4.225E-02  7.392E+02  4.095E+00  7.156E-01  1.161E+00  1.623E+00  2.220E+04
 252.0  1.901E+00  1.037E+00  4.543E+02  2.940E+00  9.355E-01  2.150E+00  2.298E+00  7.179E+04
 252.0  1.901E+00  4.980E-02  7.391E+02  4.070E+00  7.336E-01  1.231E+00  1.678E+00  2.210E+04
 257.0  2.214E+00  1.014E+00  4.651E+02  2.981E+00  9.254E-01  2.199E+00  2.376E+00  6.811E+04
 257.0  2.214E+00  5.851E-02  7.387E+02  4.046E+00  7.526E-01  1.315E+00  1.747E+00  2.198E+04
 262.0  2.563E+00  9.895E-01  4.761E+02  3.022E+00  9.180E-01  2.266E+00  2.468E+00  6.430E+04
 262.0  2.563E+00  6.859E-02  7.377E+02  4.021E+00  7.729E-01  1.417E+00  1.833E+00  2.182E+04
 267.0  2.951E+00  9.634E-01  4.875E+02  3.064E+00  9.131E-01  2.355E+00  2.579E+00  6.037E+04
 267.0  2.951E+00  8.028E-02  7.362E+02  3.995E+00  7.948E-01  1.545E+00  1.944E+00  2.163E+04
 272.0  3.380E+00  9.355E-01  4.993E+02  3.106E+00  9.106E-01  2.476E+00  2.719E+00  5.627E+04
 272.0  3.380E+00  9.395E-02  7.340E+02  3.969E+00  8.183E-01  1.711E+00  2.090E+00  2.141E+04
 277.0  3.853E+00  9.052E-01  5.116E+02  3.149E+00  9.107E-01  2.645E+00  2.904E+00  5.199E+04
 277.0  3.853E+00  1.101E-01  7.309E+02  3.941E+00  8.439E-01  1.934E+00  2.292E+00  2.115E+04
 282.0  4.373E+00  8.716E-01  5.245E+02  3.193E+00  9.138E-01  2.892E+00  3.165E+00  4.749E+04
 282.0  4.373E+00  1.295E-01  7.268E+02  3.910E+00  8.722E-01  2.256E+00  2.586E+00  2.085E+04
 287.0  4.945E+00  8.334E-01  5.383E+02  3.239E+00  9.204E-01  3.283E+00  3.567E+00  4.269E+04
 287.0  4.945E+00  1.534E-01  7.211E+02  3.876E+00  9.041E-01  2.761E+00  3.054E+00  2.051E+04
 292.0  5.573E+00  7.881E-01  5.536E+02  3.289E+00  9.324E-01  3.996E+00  4.286E+00  3.749E+04
 292.0  5.573E+00  1.843E-01  7.133E+02  3.836E+00  9.410E-01  3.680E+00  3.911E+00  2.012E+04
 297.0  6.263E+00  7.295E-01  5.719E+02  3.348E+00  9.534E-01  5.714E+00  5.993E+00  3.170E+04
 297.0  6.263E+00  2.280E-01  7.015E+02  3.785E+00  9.859E-01  5.919E+00  6.003E+00  1.966E+04
 302.0  7.023E+00  6.329E-01  5.988E+02  3.435E+00  9.988E-01  1.574E+01  1.576E+01  2.470E+04
 302.0  7.023E+00  3.091E-01  6.787E+02  3.699E+00  1.047E+00  1.955E+01  1.868E+01  1.915E+04
1
0 THERMODYNAMIC AND TRANSPORT PROPERTIES FOR NEON PC= 26.19ATM , TC=44.4 K,  RHOC=.483 G/CC
 SATURATION PROPERTIES
   T     density  entropy  enthalpy    Cp     Cv       c    gamma
  degK   gm/cc     J/G-K     J/gm    J/gm-K  J/gm-K  cm/sec
  25.0  5.103E-02  1.240E+00  9.400E-01  3.823E-02  1.307E+00  1.895E+00  1.450E+00  4.446E+04
  25.0  5.103E-02  5.105E-03  8.957E+01  3.583E+00  6.039E-01  1.045E+00  1.731E+00  1.295E+04
  30.0  2.238E-01  1.151E+00  1.121E+01  4.068E-01  1.223E+00  2.161E+00  1.767E+00  4.267E+04
  30.0  2.238E-01  1.994E-02  9.266E+01  3.122E+00  6.097E-01  1.160E+00  1.903E+00  1.385E+04
  35.0  6.462E-01  1.043E+00  2.279E+01  7.516E-01  1.048E+00  2.411E+00  2.302E+00  3.792E+04
  35.0  6.462E-01  5.601E-02  9.293E+01  2.756E+00  6.606E-01  1.562E+00  2.365E+00  1.438E+04
  40.0  1.462E+00  8.985E-01  3.574E+01  1.075E+00  6.094E-01  3.070E+00  5.039E+00  3.537E+04
  40.0  1.462E+00  1.377E-01  8.837E+01  2.390E+00  7.947E-01  3.012E+00  3.790E+00  1.459E+04
1
0 THERMODYNAMIC AND TRANSPORT PROPERTIES FOR CO  PC=34.529ATM, TC=132.91 K, RHOC=.2997 G/CC
 SATURATION PROPERTIES
   T     density  entropy  enthalpy    Cp     Cv       c    gamma
  degK   gm/cc     J/G-K     J/gm    J/gm-K  J/gm-K  cm/sec
  70.0  2.105E-02  8.358E-01  1.244E+02  2.664E+00  1.305E+00  2.258E+00  1.730E+00  1.054E+05
  70.0  2.105E-02  1.025E-03  3.552E+02  5.962E+00  7.398E-01  1.048E+00  1.416E+00  1.695E+04
  75.0  4.428E-02  8.161E-01  1.356E+02  2.819E+00  1.205E+00  2.222E+00  1.843E+00  1.008E+05
  75.0  4.428E-02  2.032E-03  3.598E+02  5.808E+00  7.410E-01  1.059E+00  1.429E+00  1.745E+04
  80.0  8.394E-02  7.955E-01  1.467E+02  2.961E+00  1.141E+00  2.208E+00  1.935E+00  9.540E+04
  80.0  8.394E-02  3.661E-03  3.640E+02  5.678E+00  7.438E-01  1.078E+00  1.449E+00  1.789E+04
  85.0  1.465E-01  7.739E-01  1.577E+02  3.095E+00  1.097E+00  2.211E+00  2.014E+00  8.952E+04
  85.0  1.465E-01  6.125E-03  3.678E+02  5.566E+00  7.489E-01  1.106E+00  1.477E+00  1.827E+04
  90.0  2.390E-01  7.514E-01  1.689E+02  3.221E+00  1.062E+00  2.224E+00  2.094E+00  8.345E+04
  90.0  2.390E-01  9.668E-03  3.711E+02  5.467E+00  7.567E-01  1.148E+00  1.517E+00  1.856E+04
  95.0  3.691E-01  7.277E-01  1.801E+02  3.340E+00  1.029E+00  2.248E+00  2.185E+00  7.736E+04
  95.0  3.691E-01  1.458E-02  3.737E+02  5.378E+00  7.674E-01  1.206E+00  1.571E+00  1.878E+04
 100.0  5.448E-01  7.026E-01  1.915E+02  3.455E+00  9.960E-01  2.289E+00  2.299E+00  7.126E+04
 100.0  5.448E-01  2.121E-02  3.756E+02  5.295E+00  7.814E-01  1.287E+00  1.647E+00  1.893E+04
 105.0  7.744E-01  6.756E-01  2.032E+02  3.565E+00  9.667E-01  2.361E+00  2.443E+00  6.507E+04
 105.0  7.744E-01  3.003E-02  3.766E+02  5.216E+00  7.992E-01  1.402E+00  1.754E+00  1.898E+04
 110.0  1.067E+00  6.462E-01  2.153E+02  3.674E+00  9.488E-01  2.491E+00  2.625E+00  5.859E+04
 110.0  1.067E+00  4.171E-02  3.765E+02  5.139E+00  8.211E-01  1.570E+00  1.912E+00  1.896E+04
 115.0  1.431E+00  6.133E-01  2.281E+02  3.782E+00  9.537E-01  2.728E+00  2.860E+00  5.157E+04
 115.0  1.431E+00  5.729E-02  3.750E+02  5.060E+00  8.477E-01  1.834E+00  2.163E+00  1.884E+04
 120.0  1.877E+00  5.751E-01  2.421E+02  3.896E+00  9.940E-01  3.178E+00  3.197E+00  4.383E+04
 120.0  1.877E+00  7.860E-02  3.716E+02  4.975E+00  8.810E-01  2.299E+00  2.609E+00  1.865E+04
 125.0  2.417E+00  5.276E-01  2.585E+02  4.021E+00  1.070E+00  4.158E+00  3.885E+00  3.544E+04
 125.0  2.417E+00  1.095E-01  3.653E+02  4.876E+00  9.242E-01  3.325E+00  3.598E+00  1.838E+04
 130.0  3.063E+00  4.586E-01  2.796E+02  4.176E+00  9.068E-01  7.486E+00  8.256E+00  2.959E+04
 130.0  3.063E+00  1.614E-01  3.530E+02  4.741E+00  9.865E-01  7.240E+00  7.339E+00  1.815E+04
1
0 THERMODYNAMIC AND TRANSPORT PROPERTIES FOR HELIUM   PC = 2ATM,  TC=5 K,     RHOC=1/25G/CC
 SATURATION PROPERTIES
   T     density  entropy  enthalpy    Cp     Cv       c    gamma
  degK   gm/cc     J/G-K     J/gm    J/gm-K  J/gm-K  cm/sec
   3.0  2.437E-02  1.409E-01  5.329E+00  2.417E+00  2.256E+00  2.807E+00  1.244E+00  2.070E+04
   3.0  2.437E-02  4.501E-03  2.860E+01  1.017E+01  2.885E+00  5.515E+00  1.912E+00  9.466E+03
1
 THE REGION 125-145K FOR T AND P GREATER THAN 10 ATM
 YIELDS POOR RESULTS FOR THE DERIVED PROEPRTIES--BEWARE. 
0 THERMODYNAMIC AND TRANSPORT PROPERTIES FOR FLUORINE  PC=54ATM, TC=144.31K, RHOC=.3974G/CC
 SATURATION PROPERTIES
   T     density  entropy  enthalpy    Cp     Cv       c    gamma
  degK   gm/cc     J/G-K     J/gm    J/gm-K  J/gm-K  cm/sec
  70.0  1.230E-02  1.602E+00 -1.343E+02  1.999E+00  8.923E-01  1.500E+00  1.681E+00  9.479E+04
  70.0  1.230E-02  8.088E-04  5.144E+01  4.652E+00  5.512E-01  7.768E-01  1.409E+00  1.459E+04
  75.0  2.761E-02  1.569E+00 -1.268E+02  2.103E+00  8.673E-01  1.498E+00  1.727E+00  9.054E+04
  75.0  2.761E-02  1.704E-03  5.495E+01  4.526E+00  5.543E-01  7.856E-01  1.417E+00  1.505E+04
  80.0  5.544E-02  1.536E+00 -1.193E+02  2.199E+00  8.305E-01  1.487E+00  1.790E+00  8.666E+04
  80.0  5.544E-02  3.236E-03  5.827E+01  4.419E+00  5.591E-01  7.988E-01  1.429E+00  1.547E+04
  85.0  1.018E-01  1.502E+00 -1.119E+02  2.289E+00  7.905E-01  1.476E+00  1.867E+00  8.294E+04
  85.0  1.018E-01  5.658E-03  6.137E+01  4.327E+00  5.655E-01  8.171E-01  1.445E+00  1.585E+04
  90.0  1.737E-01  1.466E+00 -1.045E+02  2.373E+00  7.560E-01  1.475E+00  1.951E+00  7.913E+04
  90.0  1.737E-01  9.264E-03  6.419E+01  4.247E+00  5.736E-01  8.416E-01  1.467E+00  1.617E+04
  95.0  2.793E-01  1.429E+00 -9.702E+01  2.452E+00  7.335E-01  1.492E+00  2.033E+00  7.500E+04
  95.0  2.793E-01  1.439E-02  6.668E+01  4.176E+00  5.835E-01  8.735E-01  1.497E+00  1.643E+04
 100.0  4.272E-01  1.390E+00 -8.943E+01  2.529E+00  7.264E-01  1.530E+00  2.106E+00  7.041E+04
 100.0  4.272E-01  2.142E-02  6.880E+01  4.111E+00  5.952E-01  9.146E-01  1.537E+00  1.663E+04
 105.0  6.267E-01  1.349E+00 -8.159E+01  2.604E+00  7.332E-01  1.590E+00  2.169E+00  6.538E+04
 105.0  6.267E-01  3.082E-02  7.047E+01  4.053E+00  6.087E-01  9.678E-01  1.590E+00  1.677E+04
 110.0  8.873E-01  1.305E+00 -7.339E+01  2.679E+00  7.477E-01  1.671E+00  2.234E+00  6.008E+04
 110.0  8.873E-01  4.316E-02  7.164E+01  3.997E+00  6.241E-01  1.038E+00  1.663E+00  1.685E+04
 115.0  1.218E+00  1.258E+00 -6.477E+01  2.753E+00  7.362E-01  1.743E+00  2.368E+00  5.521E+04
 115.0  1.218E+00  5.918E-02  7.219E+01  3.944E+00  6.417E-01  1.132E+00  1.765E+00  1.685E+04
 120.0  1.630E+00  1.207E+00 -5.568E+01  2.828E+00  7.326E-01  1.854E+00  2.531E+00  4.996E+04
 120.0  1.630E+00  7.990E-02  7.200E+01  3.892E+00  6.618E-01  1.266E+00  1.914E+00  1.678E+04
 125.0  2.132E+00  1.149E+00 -4.609E+01  2.902E+00  7.327E-01  2.022E+00  2.760E+00  4.440E+04
 125.0  2.132E+00  1.069E-01  7.086E+01  3.838E+00  6.852E-01  1.471E+00  2.147E+00  1.663E+04
 130.0  2.738E+00  1.083E+00 -3.585E+01  2.978E+00  7.378E-01  2.308E+00  3.129E+00  3.844E+04
 130.0  2.738E+00  1.432E-01  6.838E+01  3.780E+00  7.131E-01  1.822E+00  2.554E+00  1.641E+04
 135.0  3.461E+00  1.001E+00 -2.446E+01  3.059E+00  7.508E-01  2.906E+00  3.871E+00  3.196E+04
 135.0  3.461E+00  1.947E-01  6.376E+01  3.713E+00  7.486E-01  2.567E+00  3.429E+00  1.611E+04
 140.0  4.327E+00  8.862E-01 -9.981E+00  3.158E+00  7.794E-01  4.958E+00  6.362E+00  2.467E+04
 140.0  4.327E+00  2.806E-01  5.463E+01  3.619E+00  7.988E-01  5.208E+00  6.520E+00  1.577E+04
1
0 THERMODYNAMIC AND TRANSPORT PROPERTIES FOR H2     PC=12.759ATM,TC=32.976K,RHOC=.03143G/CC
 SATURATION PROPERTIES
   T     density  entropy  enthalpy    Cp     Cv       c    gamma
  degK   gm/cc     J/G-K     J/gm    J/gm-K  J/gm-K  cm/sec
  15.0  1.346E-02  7.601E-02 -3.009E+02  5.513E+00  5.596E+00  7.897E+00  1.411E+00  1.246E+05
  15.0  1.346E-02  2.228E-04  1.522E+02  3.572E+01  6.212E+00  1.061E+01  1.708E+00  3.172E+04
  20.0  9.347E-02  7.107E-02 -2.567E+02  7.984E+00  5.542E+00  9.425E+00  1.700E+00  1.108E+05
  20.0  9.347E-02  1.245E-03  1.893E+02  3.028E+01  6.229E+00  1.159E+01  1.861E+00  3.551E+04
  25.0  3.289E-01  6.443E-02 -1.999E+02  1.035E+01  2.526E+00  9.888E+00  3.914E+00  1.251E+05
  25.0  3.289E-01  4.006E-03  2.059E+02  2.658E+01  6.304E+00  1.448E+01  2.296E+00  3.778E+04
  30.0  8.225E-01  5.405E-02 -1.111E+02  1.326E+01  4.309E+00  2.433E+01  5.646E+00  8.233E+04
  30.0  8.225E-01  1.081E-02  1.825E+02  2.305E+01  6.447E+00  2.821E+01  4.375E+00  3.898E+04
 Sample 3
