 INPUT DATA
 CYLINDER-TEST
 2  32.0 24 0 0 0 0
 0 0 0   0 28.8 21.8   0 0 0
           1  objects read from input file
    COMPONENT  DATA  LISTED  BELOW
 Component            1    CYLINDER-TEST
Weight, lbs.        3.20000E+01
IxxCO,IyyCO,IzzCO=  1.74593E+00  1.90086E+00  1.83470E+00
xcg,ycg,zcg=        0.00000E+00  1.44000E+01  1.09000E+01
IxyCO,IyzCO,IxzCO=  0.00000E+00  1.17277E-01  0.00000E+00
  
  SYSTEM DATA LISTED BELOW
  WT=LBS, INERTIAS=SLUGS FT SQUARED
  C.G.=INS, SECOND MOMENT=SLUG FT SQUARED)
  
 System weight     3.20000E+01
 Ixx0,Iyy0,Izz0    3.99926E+00  2.72166E+00  3.26724E+00
 xbap,ybar,zbar    0.00000E+00  1.44000E+01  1.09000E+01
  
 Ixx,Iyy,Izz   1.74593E+00  1.90086E+00  1.83470E+00
 Ixy,Ixz,Iyz   0.00000E+00  0.00000E+00  1.17277E-01
  
  inertias (eigenvalues) about system principal axes with axis
  direction cosines (eigenvectors) relating the principal axes
  to the x, y, and z system axes in that sequence
  
  
 eigenvalue    1    1.74593E+00
 eigenvector   1    1.00000E+00    0.00000E+00    0.00000E+00
 eigenvalue    2    1.74593E+00
 eigenvector   2    0.00000E+00   -6.03538E-01    7.97334E-01
 eigenvalue    3    1.98964E+00
 eigenvector   3    0.00000E+00    7.97334E-01    6.03538E-01
